2016-11-09 04:50:29.314834399 +0000 UTC: wfdns for 1000x100+100000 with a10000 w60 r600 s1.00

k1-ctw attack
pct,recall,precision,f1score,fpr,accuracy
33,0.042,0.393,0.074,0.135,0.490
	tp400,fpp255,fnp185,fn9345,tn9815
	tp437,fpp294,fnp232,fn9269,tn9768
	tp457,fpp190,fnp187,fn9353,tn9813
	tp374,fpp900,fnp835,fn8726,tn9165
	tp511,fpp259,fnp202,fn9230,tn9798
	tp419,fpp3798,fnp3175,fn5783,tn6825
	tp418,fpp174,fnp140,fn9408,tn9860
	tp406,fpp813,fnp906,fn8781,tn9094
	tp395,fpp236,fnp188,fn9369,tn9812
	tp423,fpp300,fnp227,fn9277,tn9773

k1-hp attack
pct,recall,precision,f1score,fpr,accuracy
33,0.035,0.538,0.063,0.092,0.495
	tp328,fpp97,fnp73,fn9575,tn9927
	tp348,fpp92,fnp86,fn9560,tn9914
	tp375,fpp46,fnp60,fn9579,tn9940
	tp323,fpp517,fnp549,fn9160,tn9451
	tp416,fpp93,fnp74,fn9491,tn9926
	tp371,fpp2908,fnp2664,fn6721,tn7336
	tp332,fpp43,fnp39,fn9625,tn9961
	tp325,fpp688,fnp808,fn8987,tn9192
	tp315,fpp77,fnp69,fn9608,tn9931
	tp367,fpp129,fnp105,fn9504,tn9895

k1-wf attack
pct,recall,precision,f1score,fpr,accuracy
33,0.097,0.141,0.114,0.615,0.390
	tp985,fpp2607,fnp2933,fn6408,tn7067
	tp972,fpp3108,fnp3287,fn5920,tn6713
	tp1018,fpp2349,fnp2572,fn6633,tn7428
	tp928,fpp2791,fnp2980,fn6281,tn7020
	tp1102,fpp2681,fnp2851,fn6217,tn7149
	tp964,fpp5298,fnp5250,fn3738,tn4750
	tp906,fpp2960,fnp3166,fn6134,tn6834
	tp918,fpp2585,fnp2816,fn6497,tn7184
	tp931,fpp2813,fnp3052,fn6256,tn6948
	tp984,fpp2556,fnp2820,fn6460,tn7180

k2-ctw attack
pct,recall,precision,f1score,fpr,accuracy
33,0.028,0.719,0.054,0.016,0.510
	tp276,fpp22,fnp10,fn9702,tn9990
	tp301,fpp86,fnp82,fn9613,tn9918
	tp294,fpp26,fnp11,fn9680,tn9989
	tp245,fpp12,fnp12,fn9743,tn9988
	tp336,fpp88,fnp70,fn9576,tn9930
	tp268,fpp365,fnp340,fn9367,tn9660
	tp272,fpp18,fnp10,fn9710,tn9990
	tp268,fpp102,fnp171,fn9630,tn9829
	tp255,fpp27,fnp7,fn9718,tn9993
	tp278,fpp95,fnp77,fn9627,tn9923

k2-hp attack
pct,recall,precision,f1score,fpr,accuracy
33,0.022,0.857,0.043,0.006,0.509
	tp208,fpp5,fnp3,fn9787,tn9997
	tp234,fpp4,fnp3,fn9762,tn9997
	tp232,fpp6,fnp0,fn9762,tn10000
	tp194,fpp2,fnp6,fn9804,tn9994
	tp254,fpp7,fnp4,fn9739,tn9996
	tp228,fpp127,fnp138,fn9645,tn9862
	tp214,fpp3,fnp4,fn9783,tn9996
	tp203,fpp85,fnp163,fn9712,tn9837
	tp199,fpp9,fnp3,fn9792,tn9997
	tp223,fpp10,fnp9,fn9767,tn9991

k2-wf attack
pct,recall,precision,f1score,fpr,accuracy
33,0.061,0.403,0.105,0.095,0.505
	tp624,fpp208,fnp264,fn9168,tn9736
	tp626,fpp551,fnp624,fn8823,tn9376
	tp622,fpp330,fnp353,fn9048,tn9647
	tp570,fpp404,fnp462,fn9026,tn9538
	tp676,fpp375,fnp339,fn8949,tn9661
	tp579,fpp689,fnp807,fn8732,tn9193
	tp577,fpp529,fnp634,fn8894,tn9366
	tp589,fpp388,fnp487,fn9023,tn9513
	tp591,fpp431,fnp526,fn8978,tn9474
	tp628,fpp457,fnp681,fn8915,tn9319

