2016-08-14 20:13:05.670785714 +0000 UTC: wfdns for 1000x100+100000 with a10000 w60 r2500 s10.00

k1-ctw attack
pct,recall,precision,f1score,fpr,accuracy
33,0.402,0.500,0.445,0.403,0.605
	tp4027,fpp2184,fnp1923,fn3789,tn8077
	tp4131,fpp2148,fnp1991,fn3721,tn8009
	tp4019,fpp2060,fnp1722,fn3921,tn8278
	tp4042,fpp2222,fnp2177,fn3736,tn7823
	tp4001,fpp2118,fnp1902,fn3881,tn8098
	tp3918,fpp2002,fnp1769,fn4080,tn8231
	tp3991,fpp2109,fnp1901,fn3900,tn8099
	tp4065,fpp2192,fnp2216,fn3743,tn7784
	tp3948,fpp2065,fnp1874,fn3987,tn8126
	tp4039,fpp2007,fnp1680,fn3954,tn8320

k1-hp attack
pct,recall,precision,f1score,fpr,accuracy
33,0.387,0.616,0.475,0.242,0.620
	tp3897,fpp987,fnp1475,fn5116,tn8525
	tp3958,fpp977,fnp1548,fn5065,tn8452
	tp3858,fpp881,fnp1261,fn5261,tn8739
	tp3908,fpp1011,fnp1735,fn5081,tn8265
	tp3861,fpp1062,fnp1429,fn5077,tn8571
	tp3750,fpp964,fnp1333,fn5286,tn8667
	tp3827,fpp949,fnp1384,fn5224,tn8616
	tp3927,fpp930,fnp1739,fn5143,tn8261
	tp3785,fpp972,fnp1427,fn5243,tn8573
	tp3902,fpp846,fnp1257,fn5252,tn8743

k1-hp+ctw attack
pct,recall,precision,f1score,fpr,accuracy
33,0.402,0.500,0.445,0.403,0.605
	tp4027,fpp2184,fnp1923,fn3789,tn8077
	tp4131,fpp2148,fnp1991,fn3721,tn8009
	tp4019,fpp2060,fnp1722,fn3921,tn8278
	tp4042,fpp2222,fnp2177,fn3736,tn7823
	tp4001,fpp2118,fnp1902,fn3881,tn8098
	tp3918,fpp2002,fnp1769,fn4080,tn8231
	tp3991,fpp2109,fnp1901,fn3900,tn8099
	tp4065,fpp2192,fnp2216,fn3743,tn7784
	tp3948,fpp2065,fnp1874,fn3987,tn8126
	tp4039,fpp2007,fnp1680,fn3954,tn8320

k1-wf attack
pct,recall,precision,f1score,fpr,accuracy
33,0.629,0.534,0.577,0.550,0.647
	tp6369,fpp2089,fnp3284,fn1542,tn6716
	tp6275,fpp2189,fnp3322,fn1536,tn6678
	tp6321,fpp2147,fnp3240,fn1532,tn6760
	tp6278,fpp2135,fnp3421,fn1587,tn6579
	tp6264,fpp2182,fnp3290,fn1554,tn6710
	tp6211,fpp2255,fnp3809,fn1534,tn6191
	tp6269,fpp2124,fnp3331,fn1607,tn6669
	tp6334,fpp2075,fnp3392,fn1591,tn6608
	tp6264,fpp2114,fnp3356,fn1622,tn6644
	tp6303,fpp2111,fnp3107,fn1586,tn6893

k2-ctw attack
pct,recall,precision,f1score,fpr,accuracy
33,0.349,0.808,0.487,0.083,0.655
	tp3482,fpp444,fnp347,fn6074,tn9653
	tp3577,fpp454,fnp402,fn5969,tn9598
	tp3521,fpp434,fnp338,fn6045,tn9662
	tp3485,fpp511,fnp454,fn6004,tn9546
	tp3448,fpp454,fnp433,fn6098,tn9567
	tp3390,fpp385,fnp367,fn6225,tn9633
	tp3494,fpp477,fnp358,fn6029,tn9642
	tp3566,fpp455,fnp405,fn5979,tn9595
	tp3409,fpp431,fnp365,fn6160,tn9635
	tp3517,fpp487,fnp321,fn5996,tn9679

k2-hp attack
pct,recall,precision,f1score,fpr,accuracy
33,0.334,0.896,0.487,0.039,0.653
	tp3341,fpp118,fnp257,fn6541,tn9743
	tp3404,fpp107,fnp312,fn6489,tn9688
	tp3358,fpp93,fnp254,fn6549,tn9746
	tp3355,fpp129,fnp297,fn6516,tn9703
	tp3325,fpp121,fnp279,fn6554,tn9721
	tp3228,fpp114,fnp270,fn6658,tn9730
	tp3349,fpp122,fnp265,fn6529,tn9735
	tp3427,fpp103,fnp324,fn6470,tn9676
	tp3272,fpp110,fnp262,fn6618,tn9738
	tp3381,fpp119,fnp248,fn6500,tn9752

k2-hp+ctw attack
pct,recall,precision,f1score,fpr,accuracy
33,0.349,0.808,0.487,0.083,0.655
	tp3482,fpp444,fnp347,fn6074,tn9653
	tp3577,fpp454,fnp402,fn5969,tn9598
	tp3521,fpp434,fnp338,fn6045,tn9662
	tp3485,fpp511,fnp454,fn6004,tn9546
	tp3448,fpp454,fnp433,fn6098,tn9567
	tp3390,fpp385,fnp367,fn6225,tn9633
	tp3494,fpp477,fnp358,fn6029,tn9642
	tp3566,fpp455,fnp405,fn5979,tn9595
	tp3409,fpp431,fnp365,fn6160,tn9635
	tp3517,fpp487,fnp321,fn5996,tn9679

k2-wf attack
pct,recall,precision,f1score,fpr,accuracy
33,0.544,0.859,0.666,0.089,0.740
	tp5497,fpp249,fnp611,fn4254,tn9389
	tp5416,fpp247,fnp628,fn4337,tn9372
	tp5480,fpp256,fnp617,fn4264,tn9383
	tp5389,fpp318,fnp738,fn4293,tn9262
	tp5413,fpp243,fnp642,fn4344,tn9358
	tp5338,fpp265,fnp686,fn4397,tn9314
	tp5498,fpp260,fnp579,fn4242,tn9421
	tp5515,fpp225,fnp614,fn4260,tn9386
	tp5405,fpp252,fnp626,fn4343,tn9374
	tp5463,fpp258,fnp593,fn4279,tn9407

