2016-09-19 22:21:48.640568472 +0200 CEST: wfdns for 1000x100+100000 with a10000 w60 r2500 s2.00

k1-ctw attack
pct,recall,precision,f1score,fpr,accuracy
33,0.276,0.598,0.378,0.186,0.603
	tp2728,fpp1034,fnp697,fn6238,tn9303
	tp2755,fpp1208,fnp821,fn6037,tn9179
	tp2672,fpp1180,fnp629,fn6148,tn9371
	tp2726,fpp1079,fnp619,fn6195,tn9381
	tp2762,fpp1285,fnp788,fn5953,tn9212
	tp2788,fpp1212,fnp754,fn6000,tn9246
	tp2818,fpp1135,fnp673,fn6047,tn9327
	tp2778,fpp1054,fnp627,fn6168,tn9373
	tp2826,fpp1185,fnp696,fn5989,tn9304
	tp2744,fpp1186,fnp716,fn6070,tn9284

k1-hp attack
pct,recall,precision,f1score,fpr,accuracy
33,0.256,0.787,0.386,0.070,0.607
	tp2547,fpp223,fnp418,fn7230,tn9582
	tp2553,fpp255,fnp544,fn7192,tn9456
	tp2486,fpp296,fnp344,fn7218,tn9656
	tp2489,fpp230,fnp339,fn7281,tn9661
	tp2568,fpp289,fnp428,fn7143,tn9572
	tp2573,fpp269,fnp422,fn7158,tn9578
	tp2630,fpp294,fnp486,fn7076,tn9514
	tp2573,fpp228,fnp381,fn7199,tn9619
	tp2609,fpp312,fnp483,fn7079,tn9517
	tp2550,fpp283,fnp433,fn7167,tn9567

k1-wf attack
pct,recall,precision,f1score,fpr,accuracy
33,0.630,0.536,0.579,0.547,0.648
	tp6315,fpp2110,fnp3244,fn1575,tn6756
	tp6308,fpp2148,fnp3237,fn1544,tn6763
	tp6350,fpp2124,fnp3315,fn1526,tn6685
	tp6289,fpp2118,fnp3421,fn1593,tn6579
	tp6296,fpp2167,fnp3343,fn1537,tn6657
	tp6253,fpp2206,fnp3722,fn1541,tn6278
	tp6325,fpp2094,fnp3327,fn1581,tn6673
	tp6329,fpp2100,fnp3372,fn1571,tn6628
	tp6265,fpp2104,fnp3329,fn1631,tn6671
	tp6285,fpp2087,fnp3102,fn1628,tn6898

k2-ctw attack
pct,recall,precision,f1score,fpr,accuracy
33,0.241,0.828,0.373,0.050,0.613
	tp2397,fpp360,fnp176,fn7243,tn9824
	tp2408,fpp279,fnp131,fn7313,tn9869
	tp2323,fpp328,fnp127,fn7349,tn9873
	tp2359,fpp407,fnp190,fn7234,tn9810
	tp2404,fpp359,fnp149,fn7237,tn9851
	tp2430,fpp325,fnp163,fn7245,tn9837
	tp2486,fpp324,fnp127,fn7190,tn9873
	tp2430,fpp315,fnp133,fn7255,tn9867
	tp2449,fpp379,fnp131,fn7172,tn9869
	tp2399,fpp419,fnp201,fn7182,tn9799

k2-hp attack
pct,recall,precision,f1score,fpr,accuracy
33,0.222,0.950,0.359,0.012,0.607
	tp2184,fpp29,fnp63,fn7787,tn9937
	tp2229,fpp23,fnp85,fn7748,tn9915
	tp2140,fpp39,fnp74,fn7821,tn9926
	tp2138,fpp29,fnp76,fn7833,tn9924
	tp2221,fpp40,fnp100,fn7739,tn9900
	tp2225,fpp39,fnp98,fn7736,tn9902
	tp2309,fpp36,fnp90,fn7655,tn9910
	tp2247,fpp24,fnp85,fn7729,tn9915
	tp2255,fpp28,fnp85,fn7717,tn9915
	tp2211,fpp34,fnp99,fn7755,tn9901

k2-wf attack
pct,recall,precision,f1score,fpr,accuracy
33,0.545,0.860,0.668,0.089,0.741
	tp5414,fpp264,fnp608,fn4322,tn9392
	tp5451,fpp257,fnp614,fn4292,tn9386
	tp5522,fpp260,fnp621,fn4218,tn9379
	tp5434,fpp319,fnp699,fn4247,tn9301
	tp5451,fpp243,fnp634,fn4306,tn9366
	tp5416,fpp272,fnp709,fn4312,tn9291
	tp5540,fpp252,fnp601,fn4208,tn9399
	tp5482,fpp230,fnp605,fn4288,tn9395
	tp5398,fpp270,fnp597,fn4332,tn9403
	tp5438,fpp234,fnp592,fn4328,tn9408

