2016-09-22 18:48:12.603739851 +0000 UTC: wfdns for 1000x100+100000 with a10000 w60 r2500 s8.00

k1-ctw attack
pct,recall,precision,f1score,fpr,accuracy
33,0.403,0.495,0.444,0.413,0.602
	tp3985,fpp2028,fnp1880,fn3987,tn8120
	tp4077,fpp2151,fnp1932,fn3772,tn8068
	tp3969,fpp1984,fnp1819,fn4047,tn8181
	tp3959,fpp2181,fnp2141,fn3860,tn7859
	tp4063,fpp2165,fnp1958,fn3772,tn8042
	tp4051,fpp2243,fnp2298,fn3706,tn7702
	tp4026,fpp2151,fnp1995,fn3823,tn8005
	tp4115,fpp2210,fnp2175,fn3675,tn7825
	tp4134,fpp2102,fnp2044,fn3764,tn7956
	tp3936,fpp2071,fnp1741,fn3993,tn8259

k1-hp attack
pct,recall,precision,f1score,fpr,accuracy
33,0.388,0.607,0.474,0.252,0.617
	tp3829,fpp838,fnp1440,fn5333,tn8560
	tp3922,fpp1062,fnp1530,fn5016,tn8470
	tp3824,fpp948,fnp1416,fn5228,tn8584
	tp3803,fpp998,fnp1625,fn5199,tn8375
	tp3906,fpp1039,fnp1569,fn5055,tn8431
	tp3925,fpp988,fnp1666,fn5087,tn8334
	tp3859,fpp940,fnp1549,fn5201,tn8451
	tp3971,fpp1005,fnp1728,fn5024,tn8272
	tp3985,fpp922,fnp1683,fn5093,tn8317
	tp3813,fpp932,fnp1308,fn5255,tn8692

k1-wf attack
pct,recall,precision,f1score,fpr,accuracy
33,0.630,0.536,0.579,0.547,0.648
	tp6342,fpp2101,fnp3298,fn1557,tn6702
	tp6315,fpp2169,fnp3249,fn1516,tn6751
	tp6290,fpp2148,fnp3306,fn1562,tn6694
	tp6286,fpp2134,fnp3441,fn1580,tn6559
	tp6263,fpp2188,fnp3302,fn1549,tn6698
	tp6328,fpp2154,fnp3703,fn1518,tn6297
	tp6282,fpp2109,fnp3387,fn1609,tn6613
	tp6343,fpp2065,fnp3411,fn1592,tn6589
	tp6327,fpp2084,fnp3286,fn1589,tn6714
	tp6254,fpp2089,fnp3056,fn1657,tn6944

k2-ctw attack
pct,recall,precision,f1score,fpr,accuracy
33,0.351,0.808,0.490,0.083,0.656
	tp3467,fpp460,fnp406,fn6073,tn9594
	tp3513,fpp456,fnp412,fn6031,tn9588
	tp3458,fpp413,fnp351,fn6129,tn9649
	tp3416,fpp506,fnp424,fn6078,tn9576
	tp3541,fpp429,fnp338,fn6030,tn9662
	tp3517,fpp420,fnp373,fn6063,tn9627
	tp3538,fpp422,fnp334,fn6040,tn9666
	tp3591,fpp499,fnp425,fn5910,tn9575
	tp3610,fpp418,fnp391,fn5972,tn9609
	tp3463,fpp492,fnp362,fn6045,tn9638

k2-hp attack
pct,recall,precision,f1score,fpr,accuracy
33,0.337,0.899,0.490,0.038,0.655
	tp3314,fpp111,fnp245,fn6575,tn9755
	tp3381,fpp114,fnp271,fn6505,tn9729
	tp3312,fpp114,fnp254,fn6574,tn9746
	tp3270,fpp118,fnp276,fn6612,tn9724
	tp3393,fpp114,fnp254,fn6493,tn9746
	tp3387,fpp110,fnp289,fn6503,tn9711
	tp3369,fpp98,fnp259,fn6533,tn9741
	tp3450,fpp112,fnp294,fn6438,tn9706
	tp3474,fpp102,fnp313,fn6424,tn9687
	tp3324,fpp101,fnp226,fn6575,tn9774

k2-wf attack
pct,recall,precision,f1score,fpr,accuracy
33,0.546,0.859,0.668,0.090,0.741
	tp5476,fpp264,fnp633,fn4260,tn9367
	tp5471,fpp262,fnp624,fn4267,tn9376
	tp5460,fpp265,fnp630,fn4275,tn9370
	tp5396,fpp331,fnp705,fn4273,tn9295
	tp5443,fpp247,fnp650,fn4310,tn9350
	tp5457,fpp259,fnp686,fn4284,tn9314
	tp5491,fpp255,fnp612,fn4254,tn9388
	tp5485,fpp230,fnp578,fn4285,tn9422
	tp5489,fpp256,fnp627,fn4255,tn9373
	tp5428,fpp243,fnp596,fn4329,tn9404

