2016-09-19 10:44:01.949098257 +0200 CEST: wfdns for 1000x100+100000 with a100000 w60 r2500 s1.00

k1-ctw attack
pct,recall,precision,f1score,fpr,accuracy
33,0.225,0.923,0.362,0.019,0.609
	tp2235,fpp55,fnp48,fn7710,tn9952
	tp2222,fpp100,fnp77,fn7678,tn9923
	tp2282,fpp111,fnp98,fn7607,tn9902
	tp2214,fpp27,fnp13,fn7759,tn9987
	tp2225,fpp67,fnp74,fn7708,tn9926
	tp2303,fpp112,fnp108,fn7585,tn9892
	tp2292,fpp108,fnp88,fn7600,tn9912
	tp2278,fpp237,fnp86,fn7485,tn9914
	tp2183,fpp248,fnp91,fn7569,tn9909
	tp2268,fpp77,fnp86,fn7655,tn9914

k1-hp attack
pct,recall,precision,f1score,fpr,accuracy
33,0.199,0.988,0.331,0.002,0.599
	tp1983,fpp20,fnp28,fn7997,tn9972
	tp1963,fpp8,fnp10,fn8029,tn9990
	tp2013,fpp5,fnp18,fn7982,tn9982
	tp1933,fpp3,fnp8,fn8064,tn9992
	tp1963,fpp0,fnp11,fn8037,tn9989
	tp2038,fpp8,fnp15,fn7954,tn9985
	tp2037,fpp15,fnp22,fn7948,tn9978
	tp2029,fpp14,fnp16,fn7957,tn9984
	tp1936,fpp12,fnp12,fn8052,tn9988
	tp2004,fpp5,fnp13,fn7991,tn9987

k1-wf attack
pct,recall,precision,f1score,fpr,accuracy
33,0.632,0.536,0.580,0.546,0.649
	tp6370,fpp2091,fnp3320,fn1539,tn6680
	tp6330,fpp2171,fnp3216,fn1499,tn6784
	tp6352,fpp2115,fnp3211,fn1533,tn6789
	tp6288,fpp2138,fnp3412,fn1574,tn6588
	tp6262,fpp2186,fnp3330,fn1552,tn6670
	tp6301,fpp2174,fnp3690,fn1525,tn6310
	tp6289,fpp2123,fnp3356,fn1588,tn6644
	tp6370,fpp2074,fnp3367,fn1556,tn6633
	tp6299,fpp2095,fnp3312,fn1606,tn6688
	tp6314,fpp2117,fnp3132,fn1569,tn6868

k2-ctw attack
pct,recall,precision,f1score,fpr,accuracy
33,0.199,0.966,0.330,0.007,0.598
	tp1963,fpp14,fnp3,fn8023,tn9997
	tp1958,fpp17,fnp5,fn8025,tn9995
	tp2043,fpp21,fnp9,fn7936,tn9991
	tp1931,fpp13,fnp2,fn8056,tn9998
	tp1968,fpp61,fnp67,fn7971,tn9933
	tp2035,fpp88,fnp83,fn7877,tn9917
	tp2022,fpp20,fnp6,fn7958,tn9994
	tp2015,fpp162,fnp65,fn7823,tn9935
	tp1919,fpp84,fnp4,fn7997,tn9996
	tp2017,fpp3,fnp4,fn7980,tn9996

k2-hp attack
pct,recall,precision,f1score,fpr,accuracy
33,0.172,0.998,0.293,0.000,0.586
	tp1691,fpp0,fnp0,fn8309,tn10000
	tp1703,fpp1,fnp3,fn8296,tn9997
	tp1747,fpp1,fnp6,fn8252,tn9994
	tp1649,fpp1,fnp0,fn8350,tn10000
	tp1699,fpp0,fnp2,fn8301,tn9998
	tp1751,fpp1,fnp2,fn8248,tn9998
	tp1754,fpp2,fnp3,fn8244,tn9997
	tp1757,fpp1,fnp6,fn8242,tn9994
	tp1672,fpp2,fnp3,fn8326,tn9997
	tp1750,fpp0,fnp3,fn8250,tn9997

k2-wf attack
pct,recall,precision,f1score,fpr,accuracy
33,0.547,0.860,0.668,0.089,0.742
	tp5462,fpp252,fnp610,fn4286,tn9390
	tp5499,fpp232,fnp617,fn4269,tn9383
	tp5497,fpp258,fnp584,fn4245,tn9416
	tp5428,fpp323,fnp729,fn4249,tn9271
	tp5419,fpp247,fnp660,fn4334,tn9340
	tp5416,fpp271,fnp685,fn4313,tn9315
	tp5511,fpp264,fnp582,fn4225,tn9418
	tp5501,fpp239,fnp595,fn4260,tn9405
	tp5438,fpp260,fnp648,fn4302,tn9352
	tp5487,fpp254,fnp574,fn4259,tn9426

