2016-09-22 16:17:11.534910596 +0000 UTC: wfdns for 1000x100+100000 with a10000 w60 r2500 s10.00

k1-ctw attack
pct,recall,precision,f1score,fpr,accuracy
33,0.430,0.502,0.463,0.427,0.610
	tp4466,fpp2130,fnp2015,fn3404,tn7985
	tp4235,fpp2194,fnp2196,fn3571,tn7804
	tp4291,fpp2197,fnp2122,fn3512,tn7878
	tp4333,fpp2166,fnp2145,fn3501,tn7855
	tp4318,fpp2210,fnp2108,fn3472,tn7892
	tp4205,fpp2298,fnp2326,fn3497,tn7674
	tp4426,fpp2214,fnp2243,fn3360,tn7757
	tp4211,fpp2111,fnp2153,fn3678,tn7847
	tp4266,fpp2045,fnp1935,fn3689,tn8065
	tp4281,fpp2079,fnp1791,fn3640,tn8209

k1-hp attack
pct,recall,precision,f1score,fpr,accuracy
33,0.416,0.604,0.493,0.273,0.626
	tp4342,fpp1193,fnp1620,fn4465,tn8380
	tp4094,fpp1109,fnp1754,fn4797,tn8246
	tp4147,fpp1065,fnp1665,fn4788,tn8335
	tp4186,fpp1130,fnp1642,fn4684,tn8358
	tp4172,fpp1059,fnp1605,fn4769,tn8395
	tp4063,fpp1116,fnp1721,fn4821,tn8279
	tp4308,fpp1126,fnp1859,fn4566,tn8141
	tp4076,fpp1047,fnp1746,fn4877,tn8254
	tp4113,fpp915,fnp1495,fn4972,tn8505
	tp4148,fpp1019,fnp1428,fn4833,tn8572

k1-wf attack
pct,recall,precision,f1score,fpr,accuracy
33,0.631,0.536,0.580,0.546,0.648
	tp6352,fpp2101,fnp3318,fn1547,tn6682
	tp6299,fpp2165,fnp3294,fn1536,tn6706
	tp6361,fpp2124,fnp3269,fn1515,tn6731
	tp6254,fpp2127,fnp3425,fn1619,tn6575
	tp6262,fpp2203,fnp3311,fn1535,tn6689
	tp6286,fpp2165,fnp3697,fn1549,tn6303
	tp6333,fpp2075,fnp3326,fn1592,tn6674
	tp6363,fpp2052,fnp3380,fn1585,tn6620
	tp6279,fpp2107,fnp3302,fn1614,tn6698
	tp6303,fpp2102,fnp3086,fn1595,tn6914

k2-ctw attack
pct,recall,precision,f1score,fpr,accuracy
33,0.374,0.808,0.511,0.089,0.665
	tp3877,fpp428,fnp432,fn5695,tn9568
	tp3638,fpp444,fnp418,fn5918,tn9582
	tp3765,fpp487,fnp442,fn5748,tn9558
	tp3776,fpp504,fnp551,fn5720,tn9449
	tp3736,fpp502,fnp476,fn5762,tn9524
	tp3684,fpp458,fnp437,fn5858,tn9563
	tp3884,fpp462,fnp387,fn5654,tn9613
	tp3623,fpp391,fnp388,fn5986,tn9612
	tp3706,fpp432,fnp367,fn5862,tn9633
	tp3727,fpp485,fnp429,fn5788,tn9571

k2-hp attack
pct,recall,precision,f1score,fpr,accuracy
33,0.360,0.887,0.512,0.046,0.664
	tp3741,fpp162,fnp343,fn6097,tn9657
	tp3513,fpp140,fnp331,fn6347,tn9669
	tp3607,fpp119,fnp309,fn6274,tn9691
	tp3628,fpp195,fnp389,fn6177,tn9611
	tp3598,fpp135,fnp331,fn6267,tn9669
	tp3521,fpp125,fnp337,fn6354,tn9663
	tp3785,fpp131,fnp303,fn6084,tn9697
	tp3498,fpp114,fnp296,fn6388,tn9704
	tp3565,fpp128,fnp279,fn6307,tn9721
	tp3578,fpp119,fnp294,fn6303,tn9706

k2-wf attack
pct,recall,precision,f1score,fpr,accuracy
33,0.546,0.860,0.668,0.089,0.741
	tp5483,fpp267,fnp639,fn4250,tn9361
	tp5415,fpp251,fnp608,fn4334,tn9392
	tp5515,fpp267,fnp632,fn4218,tn9368
	tp5401,fpp312,fnp715,fn4287,tn9285
	tp5400,fpp251,fnp626,fn4349,tn9374
	tp5426,fpp262,fnp708,fn4312,tn9292
	tp5563,fpp248,fnp607,fn4189,tn9393
	tp5492,fpp229,fnp593,fn4279,tn9407
	tp5443,fpp264,fnp600,fn4293,tn9400
	tp5471,fpp243,fnp587,fn4286,tn9413

