2016-09-22 13:14:42.643650031 +0000 UTC: wfdns for 1000x100+100000 with a100000 w60 r2500 s10.00

k1-ctw attack
pct,recall,precision,f1score,fpr,accuracy
33,0.241,0.701,0.359,0.103,0.605
	tp2452,fpp626,fnp364,fn6922,tn9636
	tp2368,fpp739,fnp282,fn6893,tn9718
	tp2364,fpp710,fnp273,fn6926,tn9727
	tp2522,fpp739,fnp404,fn6739,tn9596
	tp2396,fpp775,fnp340,fn6829,tn9660
	tp2364,fpp527,fnp288,fn7109,tn9712
	tp2513,fpp743,fnp372,fn6744,tn9628
	tp2345,fpp814,fnp307,fn6841,tn9693
	tp2376,fpp730,fnp309,fn6894,tn9691
	tp2437,fpp667,fnp289,fn6896,tn9711

k1-hp attack
pct,recall,precision,f1score,fpr,accuracy
33,0.219,0.890,0.352,0.027,0.602
	tp2223,fpp103,fnp175,fn7674,tn9825
	tp2153,fpp137,fnp122,fn7710,tn9878
	tp2163,fpp92,fnp123,fn7745,tn9877
	tp2283,fpp133,fnp223,fn7584,tn9777
	tp2190,fpp147,fnp167,fn7663,tn9833
	tp2110,fpp80,fnp129,fn7810,tn9871
	tp2277,fpp119,fnp195,fn7604,tn9805
	tp2154,fpp126,fnp135,fn7720,tn9865
	tp2147,fpp111,fnp136,fn7742,tn9864
	tp2233,fpp129,fnp143,fn7638,tn9857

k1-wf attack
pct,recall,precision,f1score,fpr,accuracy
33,0.630,0.535,0.578,0.548,0.648
	tp6346,fpp2102,fnp3327,fn1552,tn6673
	tp6307,fpp2174,fnp3284,fn1519,tn6716
	tp6345,fpp2118,fnp3213,fn1537,tn6787
	tp6292,fpp2138,fnp3386,fn1570,tn6614
	tp6258,fpp2187,fnp3321,fn1555,tn6679
	tp6256,fpp2180,fnp3778,fn1564,tn6222
	tp6291,fpp2102,fnp3338,fn1607,tn6662
	tp6303,fpp2070,fnp3382,fn1627,tn6618
	tp6287,fpp2109,fnp3320,fn1604,tn6680
	tp6289,fpp2120,fnp3110,fn1591,tn6890

k2-ctw attack
pct,recall,precision,f1score,fpr,accuracy
33,0.212,0.835,0.338,0.042,0.601
	tp2166,fpp155,fnp56,fn7679,tn9944
	tp2073,fpp267,fnp52,fn7660,tn9948
	tp2117,fpp372,fnp115,fn7511,tn9885
	tp2218,fpp313,fnp136,fn7469,tn9864
	tp2099,fpp326,fnp117,fn7575,tn9883
	tp2085,fpp249,fnp123,fn7666,tn9877
	tp2212,fpp358,fnp138,fn7430,tn9862
	tp2063,fpp412,fnp125,fn7525,tn9875
	tp2065,fpp339,fnp112,fn7596,tn9888
	tp2131,fpp350,fnp101,fn7519,tn9899

k2-hp attack
pct,recall,precision,f1score,fpr,accuracy
33,0.190,0.977,0.318,0.005,0.594
	tp1920,fpp15,fnp34,fn8065,tn9966
	tp1854,fpp20,fnp22,fn8126,tn9978
	tp1908,fpp11,fnp25,fn8081,tn9975
	tp1974,fpp19,fnp43,fn8007,tn9957
	tp1900,fpp20,fnp37,fn8080,tn9963
	tp1825,fpp12,fnp29,fn8163,tn9971
	tp2003,fpp15,fnp45,fn7982,tn9955
	tp1852,fpp14,fnp29,fn8134,tn9971
	tp1854,fpp10,fnp16,fn8136,tn9984
	tp1921,fpp20,fnp19,fn8059,tn9981

k2-wf attack
pct,recall,precision,f1score,fpr,accuracy
33,0.545,0.860,0.667,0.089,0.741
	tp5469,fpp258,fnp618,fn4273,tn9382
	tp5447,fpp239,fnp629,fn4314,tn9371
	tp5530,fpp276,fnp607,fn4194,tn9393
	tp5425,fpp304,fnp704,fn4271,tn9296
	tp5416,fpp255,fnp649,fn4329,tn9351
	tp5370,fpp266,fnp695,fn4364,tn9305
	tp5533,fpp259,fnp609,fn4208,tn9391
	tp5438,fpp216,fnp581,fn4346,tn9419
	tp5435,fpp263,fnp618,fn4302,tn9382
	tp5463,fpp255,fnp577,fn4282,tn9423

