2016-09-22 19:00:10.726271857 +0000 UTC: wfdns for 1000x100+100000 with a100000 w60 r2500 s8.00

k1-ctw attack
pct,recall,precision,f1score,fpr,accuracy
33,0.239,0.763,0.364,0.076,0.606
	tp2395,fpp571,fnp264,fn7034,tn9736
	tp2415,fpp445,fnp292,fn7140,tn9708
	tp2491,fpp515,fnp315,fn6994,tn9685
	tp2470,fpp423,fnp278,fn7107,tn9722
	tp2332,fpp250,fnp182,fn7418,tn9818
	tp2397,fpp711,fnp345,fn6892,tn9655
	tp2320,fpp257,fnp209,fn7423,tn9791
	tp2470,fpp635,fnp310,fn6895,tn9690
	tp2362,fpp527,fnp247,fn7111,tn9753
	tp2260,fpp549,fnp229,fn7191,tn9771

k1-hp attack
pct,recall,precision,f1score,fpr,accuracy
33,0.215,0.917,0.348,0.020,0.601
	tp2153,fpp83,fnp128,fn7764,tn9872
	tp2175,fpp78,fnp153,fn7747,tn9847
	tp2244,fpp74,fnp151,fn7682,tn9849
	tp2204,fpp61,fnp130,fn7735,tn9870
	tp2092,fpp37,fnp74,fn7871,tn9926
	tp2151,fpp108,fnp152,fn7741,tn9848
	tp2085,fpp37,fnp94,fn7878,tn9906
	tp2235,fpp86,fnp151,fn7679,tn9849
	tp2112,fpp84,fnp113,fn7804,tn9887
	tp2045,fpp73,fnp105,fn7882,tn9895

k1-wf attack
pct,recall,precision,f1score,fpr,accuracy
33,0.632,0.536,0.580,0.547,0.649
	tp6395,fpp2100,fnp3310,fn1505,tn6690
	tp6344,fpp2154,fnp3281,fn1502,tn6719
	tp6342,fpp2139,fnp3263,fn1519,tn6737
	tp6331,fpp2126,fnp3401,fn1543,tn6599
	tp6269,fpp2166,fnp3342,fn1565,tn6658
	tp6274,fpp2180,fnp3714,fn1546,tn6286
	tp6314,fpp2127,fnp3334,fn1559,tn6666
	tp6349,fpp2050,fnp3359,fn1601,tn6641
	tp6310,fpp2088,fnp3305,fn1602,tn6695
	tp6272,fpp2117,fnp3172,fn1611,tn6828

k2-ctw attack
pct,recall,precision,f1score,fpr,accuracy
33,0.210,0.882,0.339,0.029,0.601
	tp2110,fpp249,fnp60,fn7641,tn9940
	tp2128,fpp131,fnp40,fn7741,tn9960
	tp2199,fpp217,fnp123,fn7584,tn9877
	tp2156,fpp209,fnp121,fn7635,tn9879
	tp2059,fpp55,fnp35,fn7886,tn9965
	tp2082,fpp354,fnp133,fn7564,tn9867
	tp2063,fpp131,fnp90,fn7806,tn9910
	tp2157,fpp283,fnp45,fn7560,tn9955
	tp2065,fpp229,fnp98,fn7706,tn9902
	tp1983,fpp230,fnp28,fn7787,tn9972

k2-hp attack
pct,recall,precision,f1score,fpr,accuracy
33,0.186,0.983,0.313,0.003,0.592
	tp1871,fpp11,fnp34,fn8118,tn9966
	tp1887,fpp7,fnp23,fn8106,tn9977
	tp1941,fpp15,fnp34,fn8044,tn9966
	tp1882,fpp7,fnp32,fn8111,tn9968
	tp1823,fpp4,fnp18,fn8173,tn9982
	tp1840,fpp14,fnp24,fn8146,tn9976
	tp1832,fpp3,fnp18,fn8165,tn9982
	tp1939,fpp8,fnp22,fn8053,tn9978
	tp1825,fpp12,fnp19,fn8163,tn9981
	tp1774,fpp6,fnp18,fn8220,tn9982

k2-wf attack
pct,recall,precision,f1score,fpr,accuracy
33,0.547,0.860,0.669,0.089,0.742
	tp5525,fpp259,fnp640,fn4216,tn9360
	tp5477,fpp243,fnp622,fn4280,tn9378
	tp5517,fpp267,fnp627,fn4216,tn9373
	tp5450,fpp311,fnp710,fn4239,tn9290
	tp5407,fpp249,fnp618,fn4344,tn9382
	tp5399,fpp254,fnp703,fn4347,tn9297
	tp5530,fpp265,fnp600,fn4205,tn9400
	tp5491,fpp226,fnp602,fn4283,tn9398
	tp5460,fpp251,fnp609,fn4289,tn9391
	tp5438,fpp248,fnp583,fn4314,tn9417

