2016-09-21 20:38:24.082270059 +0200 CEST: wfdns for 1000x100+100000 with a10000 w60 r2500 s4.00

k1-ctw attack
pct,recall,precision,f1score,fpr,accuracy
33,0.324,0.518,0.399,0.303,0.597
	tp3181,fpp1758,fnp1216,fn5061,tn8784
	tp3339,fpp1768,fnp1295,fn4893,tn8705
	tp3160,fpp1654,fnp1076,fn5186,tn8924
	tp3277,fpp1655,fnp1278,fn5068,tn8722
	tp3260,fpp1847,fnp1427,fn4893,tn8573
	tp3289,fpp1973,fnp1721,fn4738,tn8279
	tp3196,fpp1715,fnp1251,fn5089,tn8749
	tp3149,fpp1682,fnp1258,fn5169,tn8742
	tp3344,fpp1678,fnp1322,fn4978,tn8678
	tp3237,fpp1596,fnp1114,fn5167,tn8886

k1-hp attack
pct,recall,precision,f1score,fpr,accuracy
33,0.306,0.688,0.424,0.139,0.611
	tp3015,fpp598,fnp849,fn6387,tn9151
	tp3131,fpp609,fnp902,fn6260,tn9098
	tp2997,fpp550,fnp692,fn6453,tn9308
	tp3079,fpp419,fnp776,fn6502,tn9224
	tp3086,fpp616,fnp994,fn6298,tn9006
	tp3114,fpp576,fnp984,fn6310,tn9016
	tp3018,fpp506,fnp758,fn6476,tn9242
	tp2992,fpp668,fnp881,fn6340,tn9119
	tp3150,fpp545,fnp816,fn6305,tn9184
	tp3038,fpp453,fnp743,fn6509,tn9257

k1-wf attack
pct,recall,precision,f1score,fpr,accuracy
33,0.631,0.535,0.579,0.549,0.647
	tp6388,fpp2085,fnp3311,fn1527,tn6689
	tp6313,fpp2190,fnp3308,fn1497,tn6692
	tp6330,fpp2137,fnp3313,fn1533,tn6687
	tp6328,fpp2117,fnp3426,fn1555,tn6574
	tp6292,fpp2185,fnp3306,fn1523,tn6694
	tp6247,fpp2211,fnp3782,fn1542,tn6218
	tp6308,fpp2113,fnp3378,fn1579,tn6622
	tp6293,fpp2081,fnp3396,fn1626,tn6604
	tp6323,fpp2088,fnp3252,fn1589,tn6748
	tp6249,fpp2122,fnp3140,fn1629,tn6860

k2-ctw attack
pct,recall,precision,f1score,fpr,accuracy
33,0.283,0.813,0.420,0.065,0.630
	tp2779,fpp430,fnp213,fn6791,tn9787
	tp2912,fpp414,fnp224,fn6674,tn9776
	tp2764,fpp434,fnp214,fn6802,tn9786
	tp2844,fpp393,fnp253,fn6763,tn9747
	tp2845,fpp425,fnp264,fn6730,tn9736
	tp2909,fpp363,fnp269,fn6728,tn9731
	tp2809,fpp415,fnp211,fn6776,tn9789
	tp2728,fpp315,fnp203,fn6957,tn9797
	tp2905,fpp391,fnp251,fn6704,tn9749
	tp2801,fpp557,fnp265,fn6642,tn9735

k2-hp attack
pct,recall,precision,f1score,fpr,accuracy
33,0.266,0.927,0.413,0.021,0.625
	tp2603,fpp62,fnp136,fn7335,tn9864
	tp2727,fpp67,fnp155,fn7206,tn9845
	tp2609,fpp76,fnp130,fn7315,tn9870
	tp2666,fpp53,fnp157,fn7281,tn9843
	tp2684,fpp74,fnp166,fn7242,tn9834
	tp2723,fpp45,fnp174,fn7232,tn9826
	tp2630,fpp68,fnp142,fn7302,tn9858
	tp2578,fpp56,fnp117,fn7366,tn9883
	tp2744,fpp59,fnp171,fn7197,tn9829
	tp2610,fpp53,fnp135,fn7337,tn9865

k2-wf attack
pct,recall,precision,f1score,fpr,accuracy
33,0.546,0.860,0.668,0.089,0.742
	tp5514,fpp245,fnp622,fn4241,tn9378
	tp5480,fpp230,fnp631,fn4290,tn9369
	tp5495,fpp260,fnp620,fn4245,tn9380
	tp5452,fpp318,fnp715,fn4230,tn9285
	tp5472,fpp256,fnp638,fn4272,tn9362
	tp5383,fpp272,fnp686,fn4345,tn9314
	tp5527,fpp270,fnp594,fn4203,tn9406
	tp5411,fpp233,fnp614,fn4356,tn9386
	tp5466,fpp259,fnp600,fn4275,tn9400
	tp5432,fpp239,fnp600,fn4329,tn9400

