2016-09-18 23:32:17.198501262 +0200 CEST: wfdns for 1000x100+100000 with a10000 w60 r2500 s1.00

k1-ctw attack
pct,recall,precision,f1score,fpr,accuracy
33,0.249,0.672,0.363,0.122,0.603
	tp2511,fpp987,fnp494,fn6502,tn9506
	tp2559,fpp473,fnp389,fn6968,tn9611
	tp2417,fpp765,fnp411,fn6818,tn9589
	tp2502,fpp758,fnp458,fn6740,tn9542
	tp2465,fpp841,fnp443,fn6694,tn9557
	tp2455,fpp807,fnp436,fn6738,tn9564
	tp2543,fpp808,fnp400,fn6649,tn9600
	tp2424,fpp756,fnp314,fn6820,tn9686
	tp2532,fpp915,fnp442,fn6553,tn9558
	tp2489,fpp905,fnp417,fn6606,tn9583

k1-hp attack
pct,recall,precision,f1score,fpr,accuracy
33,0.227,0.862,0.359,0.036,0.603
	tp2310,fpp180,fnp254,fn7510,tn9746
	tp2319,fpp116,fnp200,fn7565,tn9800
	tp2207,fpp142,fnp231,fn7651,tn9769
	tp2282,fpp134,fnp186,fn7584,tn9814
	tp2238,fpp159,fnp254,fn7603,tn9746
	tp2216,fpp132,fnp220,fn7652,tn9780
	tp2330,fpp128,fnp228,fn7542,tn9772
	tp2211,fpp106,fnp156,fn7683,tn9844
	tp2309,fpp173,fnp227,fn7518,tn9773
	tp2275,fpp177,fnp229,fn7548,tn9771

k1-wf attack
pct,recall,precision,f1score,fpr,accuracy
33,0.632,0.537,0.581,0.545,0.649
	tp6358,fpp2098,fnp3330,fn1544,tn6670
	tp6325,fpp2149,fnp3261,fn1526,tn6739
	tp6344,fpp2133,fnp3241,fn1523,tn6759
	tp6309,fpp2113,fnp3431,fn1578,tn6569
	tp6283,fpp2182,fnp3338,fn1535,tn6662
	tp6335,fpp2132,fnp3679,fn1533,tn6321
	tp6315,fpp2101,fnp3321,fn1584,tn6679
	tp6355,fpp2052,fnp3346,fn1593,tn6654
	tp6292,fpp2087,fnp3275,fn1621,tn6725
	tp6308,fpp2101,fnp3121,fn1591,tn6879

k2-ctw attack
pct,recall,precision,f1score,fpr,accuracy
33,0.218,0.852,0.347,0.038,0.604
	tp2177,fpp378,fnp153,fn7445,tn9847
	tp2264,fpp125,fnp61,fn7611,tn9939
	tp2128,fpp340,fnp150,fn7532,tn9850
	tp2187,fpp243,fnp87,fn7570,tn9913
	tp2125,fpp271,fnp95,fn7604,tn9905
	tp2164,fpp266,fnp71,fn7570,tn9929
	tp2223,fpp267,fnp79,fn7510,tn9921
	tp2119,fpp319,fnp58,fn7562,tn9942
	tp2206,fpp359,fnp81,fn7435,tn9919
	tp2180,fpp338,fnp68,fn7482,tn9932

k2-hp attack
pct,recall,precision,f1score,fpr,accuracy
33,0.196,0.969,0.326,0.006,0.596
	tp1980,fpp25,fnp56,fn7995,tn9944
	tp2009,fpp16,fnp36,fn7975,tn9964
	tp1904,fpp15,fnp44,fn8081,tn9956
	tp1989,fpp12,fnp41,fn7999,tn9959
	tp1905,fpp20,fnp67,fn8075,tn9933
	tp1911,fpp13,fnp42,fn8076,tn9958
	tp2030,fpp19,fnp46,fn7951,tn9954
	tp1906,fpp10,fnp30,fn8084,tn9970
	tp2005,fpp25,fnp42,fn7970,tn9958
	tp1971,fpp17,fnp45,fn8012,tn9955

k2-wf attack
pct,recall,precision,f1score,fpr,accuracy
33,0.547,0.860,0.669,0.089,0.742
	tp5490,fpp242,fnp607,fn4268,tn9393
	tp5444,fpp241,fnp614,fn4315,tn9386
	tp5489,fpp247,fnp621,fn4264,tn9379
	tp5421,fpp321,fnp719,fn4258,tn9281
	tp5459,fpp249,fnp685,fn4292,tn9315
	tp5470,fpp250,fnp724,fn4280,tn9276
	tp5521,fpp272,fnp579,fn4207,tn9421
	tp5503,fpp228,fnp607,fn4269,tn9393
	tp5451,fpp264,fnp599,fn4285,tn9401
	tp5482,fpp249,fnp570,fn4269,tn9430

