2016-09-22 15:44:31.490281859 +0000 UTC: wfdns for 1000x100+100000 with a100000 w60 r2500 s6.00

k1-ctw attack
pct,recall,precision,f1score,fpr,accuracy
33,0.236,0.779,0.362,0.071,0.604
	tp2360,fpp216,fnp248,fn7424,tn9752
	tp2460,fpp333,fnp250,fn7207,tn9750
	tp2381,fpp354,fnp200,fn7265,tn9800
	tp2311,fpp423,fnp246,fn7266,tn9754
	tp2300,fpp181,fnp168,fn7519,tn9832
	tp2339,fpp1047,fnp823,fn6614,tn9177
	tp2322,fpp611,fnp192,fn7067,tn9808
	tp2349,fpp350,fnp205,fn7301,tn9795
	tp2383,fpp362,fnp245,fn7255,tn9755
	tp2431,fpp411,fnp250,fn7158,tn9750

k1-hp attack
pct,recall,precision,f1score,fpr,accuracy
33,0.212,0.913,0.343,0.021,0.599
	tp2128,fpp43,fnp122,fn7829,tn9878
	tp2194,fpp59,fnp117,fn7747,tn9883
	tp2157,fpp44,fnp82,fn7799,tn9918
	tp2055,fpp60,fnp114,fn7885,tn9886
	tp2016,fpp30,fnp77,fn7954,tn9923
	tp2100,fpp146,fnp412,fn7754,tn9588
	tp2103,fpp79,fnp82,fn7818,tn9918
	tp2129,fpp42,fnp83,fn7829,tn9917
	tp2100,fpp117,fnp174,fn7783,tn9826
	tp2172,fpp72,fnp121,fn7756,tn9879

k1-wf attack
pct,recall,precision,f1score,fpr,accuracy
33,0.632,0.536,0.580,0.547,0.648
	tp6332,fpp2091,fnp3297,fn1577,tn6703
	tp6313,fpp2165,fnp3300,fn1522,tn6700
	tp6355,fpp2127,fnp3305,fn1518,tn6695
	tp6277,fpp2131,fnp3370,fn1592,tn6630
	tp6299,fpp2169,fnp3379,fn1532,tn6621
	tp6278,fpp2182,fnp3709,fn1540,tn6291
	tp6350,fpp2093,fnp3293,fn1557,tn6707
	tp6344,fpp2081,fnp3401,fn1575,tn6599
	tp6308,fpp2097,fnp3270,fn1595,tn6730
	tp6300,fpp2130,fnp3154,fn1570,tn6846

k2-ctw attack
pct,recall,precision,f1score,fpr,accuracy
33,0.208,0.925,0.340,0.017,0.602
	tp2080,fpp45,fnp32,fn7875,tn9968
	tp2152,fpp72,fnp45,fn7776,tn9955
	tp2111,fpp111,fnp33,fn7778,tn9967
	tp2015,fpp125,fnp43,fn7860,tn9957
	tp2029,fpp38,fnp32,fn7933,tn9968
	tp2049,fpp262,fnp85,fn7689,tn9915
	tp2055,fpp244,fnp35,fn7701,tn9965
	tp2084,fpp128,fnp30,fn7788,tn9970
	tp2100,fpp158,fnp39,fn7742,tn9961
	tp2161,fpp127,fnp42,fn7712,tn9958

k2-hp attack
pct,recall,precision,f1score,fpr,accuracy
33,0.183,0.984,0.309,0.003,0.591
	tp1816,fpp4,fnp18,fn8180,tn9982
	tp1875,fpp11,fnp21,fn8114,tn9979
	tp1897,fpp5,fnp17,fn8098,tn9983
	tp1771,fpp5,fnp23,fn8224,tn9977
	tp1745,fpp6,fnp21,fn8249,tn9979
	tp1823,fpp17,fnp28,fn8160,tn9972
	tp1847,fpp7,fnp21,fn8146,tn9979
	tp1837,fpp7,fnp18,fn8156,tn9982
	tp1824,fpp8,fnp26,fn8168,tn9974
	tp1887,fpp9,fnp23,fn8104,tn9977

k2-wf attack
pct,recall,precision,f1score,fpr,accuracy
33,0.547,0.860,0.669,0.089,0.742
	tp5472,fpp267,fnp584,fn4261,tn9416
	tp5444,fpp236,fnp623,fn4320,tn9377
	tp5507,fpp257,fnp632,fn4236,tn9368
	tp5425,fpp327,fnp705,fn4248,tn9295
	tp5484,fpp246,fnp628,fn4270,tn9372
	tp5421,fpp273,fnp731,fn4306,tn9269
	tp5577,fpp252,fnp589,fn4171,tn9411
	tp5484,fpp246,fnp598,fn4270,tn9402
	tp5463,fpp259,fnp631,fn4278,tn9369
	tp5454,fpp247,fnp588,fn4299,tn9412

