wfdns run at 2016-07-23 00:43:47.182631313 +0200 CEST for 1000x100+100000 at alexa10000

k2-ctw attack
pct,recall,precision,f1score,fpr,accuracy
100,0.570,0.960,0.715,0.024,0.778
	tp5761,fpp103,fnp94,fn4136,tn9906
	tp5652,fpp86,fnp121,fn4262,tn9879
	tp5746,fpp113,fnp99,fn4141,tn9901
	tp5705,fpp84,fnp140,fn4211,tn9860
	tp5627,fpp191,fnp174,fn4182,tn9826
	tp5607,fpp129,fnp120,fn4264,tn9880
	tp5825,fpp58,fnp104,fn4117,tn9896
	tp5691,fpp80,fnp132,fn4229,tn9868
	tp5666,fpp158,fnp201,fn4176,tn9799
	tp5695,fpp78,fnp100,fn4227,tn9900

k2-hp attack
pct,recall,precision,f1score,fpr,accuracy
100,0.524,0.983,0.684,0.009,0.759
	tp5299,fpp25,fnp56,fn4676,tn9944
	tp5179,fpp14,fnp64,fn4807,tn9936
	tp5291,fpp34,fnp57,fn4675,tn9943
	tp5237,fpp22,fnp84,fn4741,tn9916
	tp5217,fpp28,fnp69,fn4755,tn9931
	tp5196,fpp32,fnp65,fn4772,tn9935
	tp5261,fpp19,fnp63,fn4720,tn9937
	tp5229,fpp25,fnp73,fn4746,tn9927
	tp5248,fpp33,fnp72,fn4719,tn9928
	tp5275,fpp19,fnp64,fn4706,tn9936

k2-wf attack
pct,recall,precision,f1score,fpr,accuracy
100,0.542,0.866,0.667,0.084,0.741
	tp5481,fpp209,fnp593,fn4310,tn9407
	tp5358,fpp242,fnp574,fn4400,tn9426
	tp5468,fpp248,fnp645,fn4284,tn9355
	tp5396,fpp236,fnp606,fn4368,tn9394
	tp5388,fpp220,fnp646,fn4392,tn9354
	tp5372,fpp226,fnp639,fn4402,tn9361
	tp5446,fpp239,fnp560,fn4315,tn9440
	tp5398,fpp211,fnp633,fn4391,tn9367
	tp5415,fpp236,fnp615,fn4349,tn9385
	tp5463,fpp233,fnp573,fn4304,tn9427

k4-ctw attack
pct,recall,precision,f1score,fpr,accuracy
100,0.479,0.987,0.645,0.006,0.738
	tp4792,fpp16,fnp21,fn5192,tn9979
	tp4740,fpp16,fnp36,fn5244,tn9964
	tp4839,fpp23,fnp28,fn5138,tn9972
	tp4805,fpp16,fnp50,fn5179,tn9950
	tp4750,fpp86,fnp99,fn5164,tn9901
	tp4736,fpp18,fnp36,fn5246,tn9964
	tp4878,fpp18,fnp34,fn5104,tn9966
	tp4785,fpp10,fnp38,fn5205,tn9962
	tp4791,fpp13,fnp36,fn5196,tn9964
	tp4820,fpp17,fnp31,fn5163,tn9969

k4-hp attack
pct,recall,precision,f1score,fpr,accuracy
100,0.437,0.995,0.607,0.002,0.718
	tp4398,fpp4,fnp11,fn5598,tn9989
	tp4311,fpp2,fnp16,fn5687,tn9984
	tp4430,fpp5,fnp21,fn5565,tn9979
	tp4382,fpp3,fnp30,fn5615,tn9970
	tp4358,fpp5,fnp22,fn5637,tn9978
	tp4293,fpp7,fnp21,fn5700,tn9979
	tp4368,fpp4,fnp17,fn5628,tn9983
	tp4369,fpp3,fnp22,fn5628,tn9978
	tp4409,fpp5,fnp19,fn5586,tn9981
	tp4405,fpp3,fnp18,fn5592,tn9982

k4-wf attack
pct,recall,precision,f1score,fpr,accuracy
100,0.452,0.954,0.613,0.022,0.717
	tp4546,fpp39,fnp181,fn5415,tn9819
	tp4455,fpp37,fnp161,fn5508,tn9839
	tp4582,fpp46,fnp193,fn5372,tn9807
	tp4520,fpp28,fnp196,fn5452,tn9804
	tp4497,fpp32,fnp205,fn5471,tn9795
	tp4434,fpp39,fnp185,fn5527,tn9815
	tp4522,fpp39,fnp166,fn5439,tn9834
	tp4511,fpp33,fnp179,fn5456,tn9821
	tp4547,fpp46,fnp178,fn5407,tn9822
	tp4560,fpp33,fnp170,fn5407,tn9830

