2016-08-14 20:23:20.030470594 +0200 CEST: wfdns for 1000x100+100000 with a1000 w60 r2500 s1.00

k1-ctw attack
pct,recall,precision,f1score,fpr,accuracy
100,0.633,0.567,0.598,0.484,0.672
	tp6400,fpp1910,fnp2801,fn1690,tn7199
	tp6302,fpp1987,fnp2909,fn1711,tn7091
	tp6327,fpp1973,fnp2900,fn1700,tn7100
	tp6340,fpp1926,fnp2940,fn1734,tn7060
	tp6251,fpp2042,fnp2842,fn1707,tn7158
	tp6342,fpp1963,fnp3224,fn1695,tn6776
	tp6303,fpp1920,fnp2900,fn1777,tn7100
	tp6327,fpp1929,fnp2993,fn1744,tn7007
	tp6382,fpp1862,fnp2704,fn1756,tn7296
	tp6326,fpp1937,fnp2714,fn1737,tn7286

k1-hp attack
pct,recall,precision,f1score,fpr,accuracy
100,0.626,0.589,0.607,0.437,0.681
	tp6322,fpp1686,fnp2538,fn1992,tn7462
	tp6247,fpp1734,fnp2643,fn2019,tn7357
	tp6241,fpp1755,fnp2722,fn2004,tn7278
	tp6271,fpp1738,fnp2702,fn1991,tn7298
	tp6181,fpp1806,fnp2575,fn2013,tn7425
	tp6252,fpp1768,fnp2966,fn1980,tn7034
	tp6250,fpp1745,fnp2687,fn2005,tn7313
	tp6270,fpp1731,fnp2783,fn1999,tn7217
	tp6315,fpp1613,fnp2343,fn2072,tn7657
	tp6262,fpp1720,fnp2481,fn2018,tn7519

k1-hp+ctw attack
pct,recall,precision,f1score,fpr,accuracy
100,0.633,0.567,0.598,0.484,0.672
	tp6400,fpp1910,fnp2801,fn1690,tn7199
	tp6302,fpp1987,fnp2909,fn1711,tn7091
	tp6327,fpp1973,fnp2900,fn1700,tn7100
	tp6340,fpp1926,fnp2940,fn1734,tn7060
	tp6251,fpp2042,fnp2842,fn1707,tn7158
	tp6342,fpp1963,fnp3224,fn1695,tn6776
	tp6303,fpp1920,fnp2900,fn1777,tn7100
	tp6327,fpp1929,fnp2993,fn1744,tn7007
	tp6382,fpp1862,fnp2704,fn1756,tn7296
	tp6326,fpp1937,fnp2714,fn1737,tn7286

k1-wf attack
pct,recall,precision,f1score,fpr,accuracy
100,0.631,0.535,0.579,0.547,0.648
	tp6366,fpp2099,fnp3263,fn1535,tn6737
	tp6297,fpp2162,fnp3289,fn1541,tn6711
	tp6278,fpp2151,fnp3303,fn1571,tn6697
	tp6319,fpp2139,fnp3424,fn1542,tn6576
	tp6220,fpp2223,fnp3325,fn1557,tn6675
	tp6290,fpp2168,fnp3672,fn1542,tn6328
	tp6306,fpp2096,fnp3369,fn1598,tn6631
	tp6321,fpp2081,fnp3388,fn1598,tn6612
	tp6365,fpp2063,fnp3242,fn1572,tn6758
	tp6299,fpp2126,fnp3139,fn1575,tn6861

k2-ctw attack
pct,recall,precision,f1score,fpr,accuracy
100,0.549,0.875,0.674,0.079,0.747
	tp5549,fpp247,fnp548,fn4204,tn9452
	tp5461,fpp201,fnp526,fn4338,tn9474
	tp5479,fpp223,fnp543,fn4298,tn9457
	tp5464,fpp301,fnp575,fn4235,tn9425
	tp5404,fpp251,fnp563,fn4345,tn9437
	tp5460,fpp248,fnp601,fn4292,tn9399
	tp5513,fpp258,fnp496,fn4229,tn9504
	tp5474,fpp225,fnp491,fn4301,tn9509
	tp5557,fpp250,fnp530,fn4193,tn9470
	tp5528,fpp239,fnp552,fn4233,tn9448

k2-hp attack
pct,recall,precision,f1score,fpr,accuracy
100,0.542,0.885,0.672,0.071,0.746
	tp5459,fpp202,fnp490,fn4339,tn9510
	tp5400,fpp168,fnp491,fn4432,tn9509
	tp5389,fpp178,fnp502,fn4433,tn9498
	tp5389,fpp279,fnp537,fn4332,tn9463
	tp5341,fpp211,fnp518,fn4448,tn9482
	tp5385,fpp206,fnp560,fn4409,tn9440
	tp5455,fpp216,fnp451,fn4329,tn9549
	tp5413,fpp181,fnp455,fn4406,tn9545
	tp5489,fpp216,fnp490,fn4295,tn9510
	tp5448,fpp208,fnp508,fn4344,tn9492

k2-hp+ctw attack
pct,recall,precision,f1score,fpr,accuracy
100,0.549,0.875,0.674,0.079,0.747
	tp5549,fpp247,fnp548,fn4204,tn9452
	tp5461,fpp201,fnp526,fn4338,tn9474
	tp5479,fpp223,fnp543,fn4298,tn9457
	tp5464,fpp301,fnp575,fn4235,tn9425
	tp5404,fpp251,fnp563,fn4345,tn9437
	tp5460,fpp248,fnp601,fn4292,tn9399
	tp5513,fpp258,fnp496,fn4229,tn9504
	tp5474,fpp225,fnp491,fn4301,tn9509
	tp5557,fpp250,fnp530,fn4193,tn9470
	tp5528,fpp239,fnp552,fn4233,tn9448

k2-wf attack
pct,recall,precision,f1score,fpr,accuracy
100,0.546,0.860,0.667,0.089,0.741
	tp5498,fpp264,fnp649,fn4238,tn9351
	tp5439,fpp213,fnp608,fn4348,tn9392
	tp5422,fpp236,fnp612,fn4342,tn9388
	tp5428,fpp319,fnp692,fn4253,tn9308
	tp5378,fpp256,fnp665,fn4366,tn9335
	tp5419,fpp271,fnp718,fn4310,tn9282
	tp5505,fpp268,fnp608,fn4227,tn9392
	tp5457,fpp228,fnp565,fn4315,tn9435
	tp5533,fpp251,fnp614,fn4216,tn9386
	tp5480,fpp254,fnp631,fn4266,tn9369

