2016-08-14 13:38:58.830331283 +0200 CEST: wfdns for 1000x100+100000 with a100 w60 r2500 s1.00

k1-ctw attack
pct,recall,precision,f1score,fpr,accuracy
100,0.631,0.539,0.582,0.539,0.652
	tp6366,fpp2069,fnp3228,fn1565,tn6772
	tp6346,fpp2158,fnp3154,fn1496,tn6846
	tp6371,fpp2112,fnp3170,fn1517,tn6830
	tp6276,fpp2135,fnp3384,fn1589,tn6616
	tp6213,fpp2191,fnp3324,fn1596,tn6676
	tp6260,fpp2153,fnp3597,fn1587,tn6403
	tp6312,fpp2076,fnp3276,fn1612,tn6724
	tp6365,fpp2042,fnp3327,fn1593,tn6673
	tp6283,fpp2097,fnp3289,fn1620,tn6711
	tp6321,fpp2092,fnp3052,fn1587,tn6948

k1-hp attack
pct,recall,precision,f1score,fpr,accuracy
100,0.630,0.542,0.583,0.534,0.653
	tp6364,fpp2048,fnp3193,fn1588,tn6807
	tp6340,fpp2140,fnp3130,fn1520,tn6870
	tp6367,fpp2100,fnp3139,fn1533,tn6861
	tp6263,fpp2123,fnp3362,fn1614,tn6638
	tp6208,fpp2158,fnp3295,fn1634,tn6705
	tp6248,fpp2109,fnp3567,fn1643,tn6433
	tp6301,fpp2035,fnp3231,fn1664,tn6769
	tp6365,fpp2023,fnp3293,fn1612,tn6707
	tp6277,fpp2074,fnp3269,fn1649,tn6731
	tp6316,fpp2079,fnp3025,fn1605,tn6975

k1-hp+ctw attack
pct,recall,precision,f1score,fpr,accuracy
100,0.631,0.539,0.582,0.539,0.652
	tp6366,fpp2069,fnp3228,fn1565,tn6772
	tp6346,fpp2158,fnp3154,fn1496,tn6846
	tp6371,fpp2112,fnp3170,fn1517,tn6830
	tp6276,fpp2135,fnp3384,fn1589,tn6616
	tp6213,fpp2191,fnp3324,fn1596,tn6676
	tp6260,fpp2153,fnp3597,fn1587,tn6403
	tp6312,fpp2076,fnp3276,fn1612,tn6724
	tp6365,fpp2042,fnp3327,fn1593,tn6673
	tp6283,fpp2097,fnp3289,fn1620,tn6711
	tp6321,fpp2092,fnp3052,fn1587,tn6948

k1-wf attack
pct,recall,precision,f1score,fpr,accuracy
100,0.631,0.536,0.580,0.547,0.649
	tp6372,fpp2095,fnp3275,fn1533,tn6725
	tp6346,fpp2175,fnp3208,fn1479,tn6792
	tp6371,fpp2131,fnp3208,fn1498,tn6792
	tp6268,fpp2160,fnp3436,fn1572,tn6564
	tp6213,fpp2210,fnp3378,fn1577,tn6622
	tp6258,fpp2190,fnp3659,fn1552,tn6341
	tp6309,fpp2103,fnp3374,fn1588,tn6626
	tp6370,fpp2056,fnp3378,fn1574,tn6622
	tp6285,fpp2110,fnp3327,fn1605,tn6673
	tp6323,fpp2115,fnp3102,fn1562,tn6898

k2-ctw attack
pct,recall,precision,f1score,fpr,accuracy
100,0.546,0.861,0.669,0.088,0.742
	tp5503,fpp256,fnp618,fn4241,tn9382
	tp5519,fpp239,fnp604,fn4242,tn9396
	tp5530,fpp253,fnp582,fn4217,tn9418
	tp5410,fpp316,fnp672,fn4274,tn9328
	tp5353,fpp270,fnp644,fn4377,tn9356
	tp5360,fpp279,fnp686,fn4361,tn9314
	tp5518,fpp262,fnp593,fn4220,tn9407
	tp5515,fpp236,fnp578,fn4249,tn9422
	tp5450,fpp265,fnp641,fn4285,tn9359
	tp5468,fpp234,fnp560,fn4298,tn9440

k2-hp attack
pct,recall,precision,f1score,fpr,accuracy
100,0.546,0.863,0.668,0.087,0.742
	tp5499,fpp254,fnp611,fn4247,tn9389
	tp5517,fpp237,fnp600,fn4246,tn9400
	tp5525,fpp250,fnp577,fn4225,tn9423
	tp5392,fpp313,fnp666,fn4295,tn9334
	tp5348,fpp258,fnp632,fn4394,tn9368
	tp5351,fpp269,fnp677,fn4380,tn9323
	tp5506,fpp256,fnp575,fn4238,tn9425
	tp5512,fpp236,fnp570,fn4252,tn9430
	tp5441,fpp255,fnp637,fn4304,tn9363
	tp5462,fpp234,fnp558,fn4304,tn9442

k2-hp+ctw attack
pct,recall,precision,f1score,fpr,accuracy
100,0.546,0.861,0.669,0.088,0.742
	tp5503,fpp256,fnp618,fn4241,tn9382
	tp5519,fpp239,fnp604,fn4242,tn9396
	tp5530,fpp253,fnp582,fn4217,tn9418
	tp5410,fpp316,fnp672,fn4274,tn9328
	tp5353,fpp270,fnp644,fn4377,tn9356
	tp5360,fpp279,fnp686,fn4361,tn9314
	tp5518,fpp262,fnp593,fn4220,tn9407
	tp5515,fpp236,fnp578,fn4249,tn9422
	tp5450,fpp265,fnp641,fn4285,tn9359
	tp5468,fpp234,fnp560,fn4298,tn9440

k2-wf attack
pct,recall,precision,f1score,fpr,accuracy
100,0.546,0.860,0.668,0.089,0.742
	tp5505,fpp259,fnp622,fn4236,tn9378
	tp5523,fpp240,fnp618,fn4237,tn9382
	tp5528,fpp255,fnp594,fn4217,tn9406
	tp5396,fpp321,fnp685,fn4283,tn9315
	tp5353,fpp265,fnp644,fn4382,tn9356
	tp5358,fpp276,fnp697,fn4366,tn9303
	tp5512,fpp265,fnp608,fn4223,tn9392
	tp5515,fpp237,fnp586,fn4248,tn9414
	tp5445,fpp262,fnp644,fn4293,tn9356
	tp5469,fpp237,fnp573,fn4294,tn9427

