wfdns run at 2016-07-23 11:13:52.032391111 +0200 CEST for 1000x100+100000 at alexa1000000

k2-ctw attack
pct,recall,precision,f1score,fpr,accuracy
100,0.589,0.998,0.741,0.001,0.794
	tp5866,fpp17,fnp3,fn4117,tn9997
	tp5911,fpp0,fnp1,fn4089,tn9999
	tp5920,fpp0,fnp0,fn4080,tn10000
	tp5911,fpp0,fnp0,fn4089,tn10000
	tp5828,fpp0,fnp0,fn4172,tn10000
	tp5940,fpp1,fnp0,fn4059,tn10000
	tp5872,fpp1,fnp4,fn4127,tn9996
	tp5920,fpp43,fnp59,fn4037,tn9941
	tp5881,fpp0,fnp0,fn4119,tn10000
	tp5897,fpp0,fnp0,fn4103,tn10000

k2-hp attack
pct,recall,precision,f1score,fpr,accuracy
100,0.522,1.000,0.686,0.000,0.761
	tp5201,fpp1,fnp0,fn4798,tn10000
	tp5226,fpp0,fnp0,fn4774,tn10000
	tp5227,fpp0,fnp0,fn4773,tn10000
	tp5224,fpp0,fnp0,fn4776,tn10000
	tp5167,fpp0,fnp0,fn4833,tn10000
	tp5229,fpp1,fnp0,fn4770,tn10000
	tp5214,fpp1,fnp2,fn4785,tn9998
	tp5246,fpp0,fnp0,fn4754,tn10000
	tp5203,fpp0,fnp0,fn4797,tn10000
	tp5262,fpp0,fnp0,fn4738,tn10000

k2-wf attack
pct,recall,precision,f1score,fpr,accuracy
100,0.541,0.865,0.666,0.084,0.740
	tp5388,fpp245,fnp572,fn4367,tn9428
	tp5420,fpp243,fnp581,fn4337,tn9419
	tp5433,fpp242,fnp605,fn4325,tn9395
	tp5400,fpp238,fnp621,fn4362,tn9379
	tp5360,fpp219,fnp623,fn4421,tn9377
	tp5405,fpp233,fnp654,fn4362,tn9346
	tp5400,fpp243,fnp577,fn4357,tn9423
	tp5441,fpp224,fnp597,fn4335,tn9403
	tp5382,fpp244,fnp609,fn4374,tn9391
	tp5464,fpp246,fnp605,fn4290,tn9395

k4-ctw attack
pct,recall,precision,f1score,fpr,accuracy
100,0.498,1.000,0.665,0.000,0.749
	tp4929,fpp2,fnp1,fn5069,tn9999
	tp4981,fpp0,fnp0,fn5019,tn10000
	tp4980,fpp0,fnp0,fn5020,tn10000
	tp5017,fpp0,fnp0,fn4983,tn10000
	tp4926,fpp0,fnp0,fn5074,tn10000
	tp5009,fpp0,fnp0,fn4991,tn10000
	tp4945,fpp0,fnp2,fn5055,tn9998
	tp5043,fpp0,fnp0,fn4957,tn10000
	tp4993,fpp0,fnp0,fn5007,tn10000
	tp5008,fpp0,fnp0,fn4992,tn10000

k4-hp attack
pct,recall,precision,f1score,fpr,accuracy
100,0.435,1.000,0.607,0.000,0.718
	tp4317,fpp0,fnp0,fn5683,tn10000
	tp4343,fpp0,fnp0,fn5657,tn10000
	tp4355,fpp0,fnp0,fn5645,tn10000
	tp4409,fpp0,fnp0,fn5591,tn10000
	tp4296,fpp0,fnp0,fn5704,tn10000
	tp4341,fpp0,fnp0,fn5659,tn10000
	tp4331,fpp0,fnp2,fn5669,tn9998
	tp4377,fpp0,fnp0,fn5623,tn10000
	tp4374,fpp0,fnp0,fn5626,tn10000
	tp4406,fpp0,fnp0,fn5594,tn10000

k4-wf attack
pct,recall,precision,f1score,fpr,accuracy
100,0.451,0.953,0.613,0.022,0.716
	tp4473,fpp43,fnp195,fn5484,tn9805
	tp4505,fpp40,fnp171,fn5455,tn9829
	tp4515,fpp43,fnp191,fn5442,tn9809
	tp4561,fpp37,fnp197,fn5402,tn9803
	tp4452,fpp35,fnp204,fn5513,tn9796
	tp4493,fpp38,fnp194,fn5469,tn9806
	tp4493,fpp41,fnp155,fn5466,tn9845
	tp4547,fpp41,fnp186,fn5412,tn9814
	tp4521,fpp45,fnp177,fn5434,tn9823
	tp4580,fpp40,fnp171,fn5380,tn9829

