wfdns run at 2016-07-23 16:28:04.524544148 +0200 CEST for 1000x100+100000 at alexa10000000

k2-ctw attack
pct,recall,precision,f1score,fpr,accuracy
100,0.595,1.000,0.746,0.000,0.797
	tp6009,fpp0,fnp0,fn3991,tn10000
	tp5917,fpp0,fnp0,fn4083,tn10000
	tp6009,fpp0,fnp0,fn3991,tn10000
	tp5897,fpp0,fnp0,fn4103,tn10000
	tp5914,fpp0,fnp0,fn4086,tn10000
	tp5920,fpp0,fnp0,fn4080,tn10000
	tp5949,fpp0,fnp0,fn4051,tn10000
	tp5959,fpp0,fnp0,fn4041,tn10000
	tp5898,fpp0,fnp0,fn4102,tn10000
	tp5980,fpp0,fnp0,fn4020,tn10000

k2-hp attack
pct,recall,precision,f1score,fpr,accuracy
100,0.525,1.000,0.689,0.000,0.763
	tp5299,fpp0,fnp0,fn4701,tn10000
	tp5217,fpp0,fnp0,fn4783,tn10000
	tp5313,fpp0,fnp0,fn4687,tn10000
	tp5203,fpp0,fnp0,fn4797,tn10000
	tp5209,fpp0,fnp0,fn4791,tn10000
	tp5216,fpp0,fnp0,fn4784,tn10000
	tp5264,fpp0,fnp0,fn4736,tn10000
	tp5279,fpp0,fnp0,fn4721,tn10000
	tp5230,fpp0,fnp0,fn4770,tn10000
	tp5298,fpp0,fnp0,fn4702,tn10000

k2-wf attack
pct,recall,precision,f1score,fpr,accuracy
100,0.543,0.865,0.668,0.085,0.741
	tp5499,fpp223,fnp615,fn4278,tn9385
	tp5397,fpp232,fnp575,fn4371,tn9425
	tp5488,fpp247,fnp588,fn4265,tn9412
	tp5375,fpp242,fnp627,fn4383,tn9373
	tp5388,fpp224,fnp653,fn4388,tn9347
	tp5387,fpp230,fnp686,fn4383,tn9314
	tp5451,fpp240,fnp579,fn4309,tn9421
	tp5454,fpp214,fnp609,fn4332,tn9391
	tp5424,fpp245,fnp606,fn4331,tn9394
	tp5478,fpp240,fnp592,fn4282,tn9408

k4-ctw attack
pct,recall,precision,f1score,fpr,accuracy
100,0.503,1.000,0.670,0.000,0.752
	tp5065,fpp0,fnp0,fn4935,tn10000
	tp5005,fpp0,fnp0,fn4995,tn10000
	tp5032,fpp0,fnp0,fn4968,tn10000
	tp5021,fpp0,fnp0,fn4979,tn10000
	tp4994,fpp0,fnp0,fn5006,tn10000
	tp5009,fpp0,fnp0,fn4991,tn10000
	tp5024,fpp0,fnp0,fn4976,tn10000
	tp5079,fpp0,fnp0,fn4921,tn10000
	tp5009,fpp0,fnp0,fn4991,tn10000
	tp5098,fpp0,fnp0,fn4902,tn10000

k4-hp attack
pct,recall,precision,f1score,fpr,accuracy
100,0.439,1.000,0.610,0.000,0.719
	tp4405,fpp0,fnp0,fn5595,tn10000
	tp4360,fpp0,fnp0,fn5640,tn10000
	tp4399,fpp0,fnp0,fn5601,tn10000
	tp4399,fpp0,fnp0,fn5601,tn10000
	tp4349,fpp0,fnp0,fn5651,tn10000
	tp4330,fpp0,fnp0,fn5670,tn10000
	tp4378,fpp0,fnp0,fn5622,tn10000
	tp4408,fpp0,fnp0,fn5592,tn10000
	tp4396,fpp0,fnp0,fn5604,tn10000
	tp4443,fpp0,fnp0,fn5557,tn10000

k4-wf attack
pct,recall,precision,f1score,fpr,accuracy
100,0.454,0.951,0.614,0.023,0.717
	tp4573,fpp33,fnp189,fn5394,tn9811
	tp4504,fpp37,fnp182,fn5459,tn9818
	tp4546,fpp45,fnp177,fn5409,tn9823
	tp4543,fpp39,fnp212,fn5418,tn9788
	tp4494,fpp41,fnp220,fn5465,tn9780
	tp4478,fpp43,fnp188,fn5479,tn9812
	tp4536,fpp43,fnp171,fn5421,tn9829
	tp4559,fpp38,fnp184,fn5403,tn9816
	tp4553,fpp46,fnp189,fn5401,tn9811
	tp4592,fpp44,fnp198,fn5364,tn9802

