2016-08-14 06:59:29.514535986 +0200 CEST: wfdns for 1000x100+100000 with a10 w60 r2500 s1.00

k1-ctw attack
pct,recall,precision,f1score,fpr,accuracy
100,0.632,0.540,0.582,0.539,0.652
	tp6384,fpp2075,fnp3262,fn1541,tn6738
	tp6266,fpp2140,fnp3167,fn1594,tn6833
	tp6372,fpp2072,fnp3160,fn1556,tn6840
	tp6313,fpp2113,fnp3368,fn1574,tn6632
	tp6250,fpp2177,fnp3319,fn1573,tn6681
	tp6332,fpp2121,fnp3623,fn1547,tn6377
	tp6315,fpp2098,fnp3288,fn1587,tn6712
	tp6317,fpp2059,fnp3317,fn1624,tn6683
	tp6320,fpp2116,fnp3256,fn1564,tn6744
	tp6323,fpp2095,fnp3081,fn1582,tn6919

k1-hp attack
pct,recall,precision,f1score,fpr,accuracy
100,0.631,0.541,0.583,0.535,0.653
	tp6378,fpp2067,fnp3249,fn1555,tn6751
	tp6260,fpp2128,fnp3147,fn1612,tn6853
	tp6370,fpp2046,fnp3137,fn1584,tn6863
	tp6305,fpp2097,fnp3347,fn1598,tn6653
	tp6248,fpp2173,fnp3309,fn1579,tn6691
	tp6329,fpp2096,fnp3589,fn1575,tn6411
	tp6308,fpp2071,fnp3258,fn1621,tn6742
	tp6313,fpp2043,fnp3310,fn1644,tn6690
	tp6318,fpp2107,fnp3233,fn1575,tn6767
	tp6319,fpp2075,fnp3064,fn1606,tn6936

k1-hp+ctw attack
pct,recall,precision,f1score,fpr,accuracy
100,0.632,0.540,0.582,0.539,0.652
	tp6384,fpp2075,fnp3262,fn1541,tn6738
	tp6266,fpp2140,fnp3167,fn1594,tn6833
	tp6372,fpp2072,fnp3160,fn1556,tn6840
	tp6313,fpp2113,fnp3368,fn1574,tn6632
	tp6250,fpp2177,fnp3319,fn1573,tn6681
	tp6332,fpp2121,fnp3623,fn1547,tn6377
	tp6315,fpp2098,fnp3288,fn1587,tn6712
	tp6317,fpp2059,fnp3317,fn1624,tn6683
	tp6320,fpp2116,fnp3256,fn1564,tn6744
	tp6323,fpp2095,fnp3081,fn1582,tn6919

k1-wf attack
pct,recall,precision,f1score,fpr,accuracy
100,0.632,0.537,0.581,0.544,0.650
	tp6382,fpp2091,fnp3297,fn1527,tn6703
	tp6269,fpp2155,fnp3209,fn1576,tn6791
	tp6376,fpp2094,fnp3222,fn1530,tn6778
	tp6311,fpp2123,fnp3411,fn1566,tn6589
	tp6250,fpp2186,fnp3347,fn1564,tn6653
	tp6330,fpp2134,fnp3661,fn1536,tn6339
	tp6311,fpp2111,fnp3321,fn1578,tn6679
	tp6317,fpp2072,fnp3334,fn1611,tn6666
	tp6321,fpp2124,fnp3287,fn1555,tn6713
	tp6321,fpp2118,fnp3106,fn1561,tn6894

k2-ctw attack
pct,recall,precision,f1score,fpr,accuracy
100,0.547,0.861,0.669,0.088,0.742
	tp5533,fpp256,fnp605,fn4211,tn9395
	tp5400,fpp230,fnp611,fn4370,tn9389
	tp5533,fpp252,fnp619,fn4215,tn9381
	tp5458,fpp327,fnp705,fn4215,tn9295
	tp5392,fpp252,fnp665,fn4356,tn9335
	tp5442,fpp256,fnp689,fn4302,tn9311
	tp5504,fpp267,fnp582,fn4229,tn9418
	tp5443,fpp229,fnp568,fn4328,tn9432
	tp5480,fpp269,fnp595,fn4251,tn9405
	tp5512,fpp236,fnp591,fn4252,tn9409

k2-hp attack
pct,recall,precision,f1score,fpr,accuracy
100,0.546,0.862,0.669,0.087,0.742
	tp5522,fpp251,fnp601,fn4227,tn9399
	tp5393,fpp228,fnp607,fn4379,tn9393
	tp5526,fpp249,fnp617,fn4225,tn9383
	tp5445,fpp325,fnp698,fn4230,tn9302
	tp5389,fpp251,fnp660,fn4360,tn9340
	tp5440,fpp250,fnp682,fn4310,tn9318
	tp5502,fpp262,fnp576,fn4236,tn9424
	tp5439,fpp224,fnp566,fn4337,tn9434
	tp5476,fpp268,fnp587,fn4256,tn9413
	tp5510,fpp233,fnp587,fn4257,tn9413

k2-hp+ctw attack
pct,recall,precision,f1score,fpr,accuracy
100,0.547,0.861,0.669,0.088,0.742
	tp5533,fpp256,fnp605,fn4211,tn9395
	tp5400,fpp230,fnp611,fn4370,tn9389
	tp5533,fpp252,fnp619,fn4215,tn9381
	tp5458,fpp327,fnp705,fn4215,tn9295
	tp5392,fpp252,fnp665,fn4356,tn9335
	tp5442,fpp256,fnp689,fn4302,tn9311
	tp5504,fpp267,fnp582,fn4229,tn9418
	tp5443,fpp229,fnp568,fn4328,tn9432
	tp5480,fpp269,fnp595,fn4251,tn9405
	tp5512,fpp236,fnp591,fn4252,tn9409

k2-wf attack
pct,recall,precision,f1score,fpr,accuracy
100,0.547,0.860,0.669,0.089,0.742
	tp5526,fpp257,fnp610,fn4217,tn9390
	tp5402,fpp233,fnp620,fn4365,tn9380
	tp5531,fpp254,fnp632,fn4215,tn9368
	tp5451,fpp330,fnp717,fn4219,tn9283
	tp5391,fpp255,fnp663,fn4354,tn9337
	tp5441,fpp255,fnp700,fn4304,tn9300
	tp5505,fpp269,fnp585,fn4226,tn9415
	tp5442,fpp230,fnp571,fn4328,tn9429
	tp5479,fpp273,fnp606,fn4248,tn9394
	tp5511,fpp236,fnp598,fn4253,tn9402

