NOTE: log in two parts since we did split runs and I'm too lazy to combine this part

2016-08-14 04:12:13.43009458 -0400 EDT: wfdns for 1000x100+100000 with a10000 w60 r2500 s1.00

k1-ctw attack
pct,recall,precision,f1score,fpr,accuracy
0,0.000,0.000,0.000,0.000,0.500
	tp0,fpp0,fnp0,fn10000,tn10000
	tp0,fpp0,fnp0,fn10000,tn10000
	tp0,fpp0,fnp0,fn10000,tn10000
	tp0,fpp0,fnp0,fn10000,tn10000
	tp0,fpp0,fnp0,fn10000,tn10000
	tp0,fpp0,fnp0,fn10000,tn10000
	tp0,fpp0,fnp0,fn10000,tn10000
	tp0,fpp0,fnp0,fn10000,tn10000
	tp0,fpp0,fnp0,fn10000,tn10000
	tp0,fpp0,fnp0,fn10000,tn10000
20,0.152,0.697,0.250,0.067,0.566
	tp1475,fpp515,fnp195,fn8010,tn9805
	tp1599,fpp574,fnp250,fn7827,tn9750
	tp1595,fpp255,fnp210,fn8150,tn9790
	tp1583,fpp361,fnp229,fn8056,tn9771
	tp1466,fpp675,fnp199,fn7859,tn9801
	tp1498,fpp540,fnp248,fn7962,tn9752
	tp1495,fpp474,fnp191,fn8031,tn9809
	tp1530,fpp434,fnp190,fn8036,tn9810
	tp1489,fpp221,fnp208,fn8290,tn9792
	tp1515,fpp547,fnp188,fn7938,tn9812
40,0.295,0.741,0.422,0.103,0.629
	tp3060,fpp612,fnp455,fn6328,tn9545
	tp2947,fpp767,fnp328,fn6286,tn9672
	tp2918,fpp502,fnp315,fn6580,tn9685
	tp2882,fpp855,fnp424,fn6263,tn9576
	tp2922,fpp500,fnp371,fn6578,tn9629
	tp2986,fpp800,fnp452,fn6214,tn9548
	tp2929,fpp705,fnp391,fn6366,tn9609
	tp2889,fpp722,fnp327,fn6389,tn9673
	tp3029,fpp481,fnp372,fn6490,tn9628
	tp2902,fpp641,fnp327,fn6457,tn9673
60,0.428,0.753,0.546,0.141,0.685
	tp4233,fpp740,fnp484,fn5027,tn9516
	tp4287,fpp763,fnp514,fn4950,tn9486
	tp4340,fpp890,fnp623,fn4770,tn9377
	tp4318,fpp879,fnp667,fn4803,tn9333
	tp4220,fpp1027,fnp840,fn4753,tn9160
	tp4244,fpp921,fnp665,fn4835,tn9335
	tp4283,fpp798,fnp519,fn4919,tn9481
	tp4297,fpp617,fnp443,fn5086,tn9557
	tp4372,fpp866,fnp561,fn4762,tn9439
	tp4256,fpp810,fnp476,fn4934,tn9524
80,0.547,0.775,0.641,0.159,0.737
	tp5450,fpp964,fnp673,fn3586,tn9327
	tp5464,fpp881,fnp744,fn3655,tn9256
	tp5455,fpp785,fnp572,fn3760,tn9428
	tp5447,fpp825,fnp539,fn3728,tn9461
	tp5374,fpp1062,fnp1007,fn3564,tn8993
	tp5486,fpp810,fnp657,fn3704,tn9343
	tp5408,fpp1022,fnp944,fn3570,tn9056
	tp5504,fpp656,fnp602,fn3840,tn9398
	tp5592,fpp837,fnp892,fn3571,tn9108
	tp5485,fpp809,fnp639,fn3706,tn9361
100,0.661,0.810,0.728,0.155,0.791
	tp6643,fpp736,fnp744,fn2621,tn9256
	tp6557,fpp799,fnp751,fn2644,tn9249
	tp6604,fpp789,fnp735,fn2607,tn9265
	tp6673,fpp736,fnp798,fn2591,tn9202
	tp6542,fpp774,fnp787,fn2684,tn9213
	tp6611,fpp816,fnp885,fn2573,tn9115
	tp6632,fpp673,fnp658,fn2695,tn9342
	tp6646,fpp725,fnp962,fn2629,tn9038
	tp6605,fpp850,fnp875,fn2545,tn9125
	tp6576,fpp718,fnp700,fn2706,tn9300

k1-hp attack
pct,recall,precision,f1score,fpr,accuracy
0,0.000,0.000,0.000,0.000,0.500
	tp0,fpp0,fnp0,fn10000,tn10000
	tp0,fpp0,fnp0,fn10000,tn10000
	tp0,fpp0,fnp0,fn10000,tn10000
	tp0,fpp0,fnp0,fn10000,tn10000
	tp0,fpp0,fnp0,fn10000,tn10000
	tp0,fpp0,fnp0,fn10000,tn10000
	tp0,fpp0,fnp0,fn10000,tn10000
	tp0,fpp0,fnp0,fn10000,tn10000
	tp0,fpp0,fnp0,fn10000,tn10000
	tp0,fpp0,fnp0,fn10000,tn10000
20,0.137,0.900,0.237,0.015,0.564
	tp1329,fpp76,fnp75,fn8595,tn9925
	tp1439,fpp77,fnp123,fn8484,tn9877
	tp1431,fpp49,fnp90,fn8520,tn9910
	tp1409,fpp50,fnp105,fn8541,tn9895
	tp1315,fpp89,fnp83,fn8596,tn9917
	tp1323,fpp69,fnp90,fn8608,tn9910
	tp1338,fpp79,fnp69,fn8583,tn9931
	tp1403,fpp45,fnp78,fn8552,tn9922
	tp1327,fpp39,fnp81,fn8634,tn9919
	tp1350,fpp69,fnp77,fn8581,tn9923
40,0.268,0.895,0.412,0.031,0.624
	tp2756,fpp131,fnp243,fn7113,tn9757
	tp2683,fpp138,fnp160,fn7179,tn9840
	tp2641,fpp113,fnp159,fn7246,tn9841
	tp2676,fpp195,fnp223,fn7129,tn9777
	tp2653,fpp63,fnp192,fn7284,tn9808
	tp2724,fpp135,fnp226,fn7141,tn9774
	tp2663,fpp116,fnp211,fn7221,tn9789
	tp2651,fpp133,fnp151,fn7216,tn9849
	tp2729,fpp99,fnp181,fn7172,tn9819
	tp2611,fpp98,fnp177,fn7291,tn9823
60,0.392,0.884,0.543,0.052,0.680
	tp3867,fpp172,fnp270,fn5961,tn9730
	tp3937,fpp178,fnp273,fn5885,tn9727
	tp3981,fpp225,fnp307,fn5794,tn9693
	tp3958,fpp234,fnp341,fn5808,tn9659
	tp3877,fpp282,fnp520,fn5841,tn9480
	tp3894,fpp218,fnp383,fn5888,tn9617
	tp3913,fpp143,fnp281,fn5944,tn9719
	tp3913,fpp121,fnp231,fn5966,tn9769
	tp4007,fpp216,fnp302,fn5777,tn9698
	tp3881,fpp219,fnp258,fn5900,tn9742
80,0.505,0.872,0.640,0.075,0.730
	tp5072,fpp307,fnp386,fn4621,tn9614
	tp5046,fpp282,fnp446,fn4672,tn9554
	tp5065,fpp303,fnp376,fn4632,tn9624
	tp5032,fpp236,fnp287,fn4732,tn9713
	tp5006,fpp348,fnp660,fn4646,tn9340
	tp5057,fpp318,fnp442,fn4625,tn9558
	tp5033,fpp338,fnp601,fn4629,tn9399
	tp5031,fpp194,fnp353,fn4775,tn9647
	tp5126,fpp311,fnp643,fn4563,tn9357
	tp5046,fpp263,fnp377,fn4691,tn9623
100,0.613,0.881,0.723,0.083,0.781
	tp6172,fpp287,fnp442,fn3541,tn9558
	tp6104,fpp383,fnp502,fn3513,tn9498
	tp6163,fpp305,fnp451,fn3532,tn9549
	tp6153,fpp284,fnp470,fn3563,tn9530
	tp6039,fpp357,fnp480,fn3604,tn9520
	tp6111,fpp420,fnp602,fn3469,tn9398
	tp6114,fpp262,fnp394,fn3624,tn9606
	tp6160,fpp279,fnp586,fn3561,tn9414
	tp6164,fpp371,fnp568,fn3465,tn9432
	tp6084,fpp346,fnp492,fn3570,tn9508

k1-hp+ctw attack
pct,recall,precision,f1score,fpr,accuracy
0,0.000,0.000,0.000,0.000,0.500
	tp0,fpp0,fnp0,fn10000,tn10000
	tp0,fpp0,fnp0,fn10000,tn10000
	tp0,fpp0,fnp0,fn10000,tn10000
	tp0,fpp0,fnp0,fn10000,tn10000
	tp0,fpp0,fnp0,fn10000,tn10000
	tp0,fpp0,fnp0,fn10000,tn10000
	tp0,fpp0,fnp0,fn10000,tn10000
	tp0,fpp0,fnp0,fn10000,tn10000
	tp0,fpp0,fnp0,fn10000,tn10000
	tp0,fpp0,fnp0,fn10000,tn10000
20,0.152,0.697,0.250,0.067,0.566
	tp1475,fpp515,fnp195,fn8010,tn9805
	tp1599,fpp574,fnp250,fn7827,tn9750
	tp1595,fpp255,fnp210,fn8150,tn9790
	tp1583,fpp361,fnp229,fn8056,tn9771
	tp1466,fpp675,fnp199,fn7859,tn9801
	tp1498,fpp540,fnp248,fn7962,tn9752
	tp1495,fpp474,fnp191,fn8031,tn9809
	tp1530,fpp434,fnp190,fn8036,tn9810
	tp1489,fpp221,fnp208,fn8290,tn9792
	tp1515,fpp547,fnp188,fn7938,tn9812
40,0.295,0.741,0.422,0.103,0.629
	tp3060,fpp612,fnp455,fn6328,tn9545
	tp2947,fpp767,fnp328,fn6286,tn9672
	tp2918,fpp502,fnp315,fn6580,tn9685
	tp2882,fpp855,fnp424,fn6263,tn9576
	tp2922,fpp500,fnp371,fn6578,tn9629
	tp2986,fpp800,fnp452,fn6214,tn9548
	tp2929,fpp705,fnp391,fn6366,tn9609
	tp2889,fpp722,fnp327,fn6389,tn9673
	tp3029,fpp481,fnp372,fn6490,tn9628
	tp2902,fpp641,fnp327,fn6457,tn9673
60,0.428,0.753,0.546,0.141,0.685
	tp4233,fpp740,fnp484,fn5027,tn9516
	tp4287,fpp763,fnp514,fn4950,tn9486
	tp4340,fpp890,fnp623,fn4770,tn9377
	tp4318,fpp879,fnp667,fn4803,tn9333
	tp4220,fpp1027,fnp840,fn4753,tn9160
	tp4244,fpp921,fnp665,fn4835,tn9335
	tp4283,fpp798,fnp519,fn4919,tn9481
	tp4297,fpp617,fnp443,fn5086,tn9557
	tp4372,fpp866,fnp561,fn4762,tn9439
	tp4256,fpp810,fnp476,fn4934,tn9524
80,0.547,0.775,0.641,0.159,0.737
	tp5450,fpp964,fnp673,fn3586,tn9327
	tp5464,fpp881,fnp744,fn3655,tn9256
	tp5455,fpp785,fnp572,fn3760,tn9428
	tp5447,fpp825,fnp539,fn3728,tn9461
	tp5374,fpp1062,fnp1007,fn3564,tn8993
	tp5486,fpp810,fnp657,fn3704,tn9343
	tp5408,fpp1022,fnp944,fn3570,tn9056
	tp5504,fpp656,fnp602,fn3840,tn9398
	tp5592,fpp837,fnp892,fn3571,tn9108
	tp5485,fpp809,fnp639,fn3706,tn9361
100,0.661,0.810,0.728,0.155,0.791
	tp6643,fpp736,fnp744,fn2621,tn9256
	tp6557,fpp799,fnp751,fn2644,tn9249
	tp6604,fpp789,fnp735,fn2607,tn9265
	tp6673,fpp736,fnp798,fn2591,tn9202
	tp6542,fpp774,fnp787,fn2684,tn9213
	tp6611,fpp816,fnp885,fn2573,tn9115
	tp6632,fpp673,fnp658,fn2695,tn9342
	tp6646,fpp725,fnp962,fn2629,tn9038
	tp6605,fpp850,fnp875,fn2545,tn9125
	tp6576,fpp718,fnp700,fn2706,tn9300

k1-wf attack
pct,recall,precision,f1score,fpr,accuracy
0,0.631,0.536,0.579,0.548,0.648
	tp6351,fpp2091,fnp3277,fn1558,tn6723
	tp6310,fpp2159,fnp3237,fn1531,tn6763
	tp6339,fpp2147,fnp3238,fn1514,tn6762
	tp6339,fpp2134,fnp3369,fn1527,tn6631
	tp6232,fpp2190,fnp3354,fn1578,tn6646
	tp6290,fpp2201,fnp3770,fn1509,tn6230
	tp6293,fpp2091,fnp3369,fn1616,tn6631
	tp6344,fpp2083,fnp3394,fn1573,tn6606
	tp6356,fpp2123,fnp3281,fn1521,tn6719
	tp6253,fpp2129,fnp3123,fn1618,tn6877
20,0.631,0.536,0.579,0.548,0.648
	tp6351,fpp2091,fnp3277,fn1558,tn6723
	tp6310,fpp2159,fnp3237,fn1531,tn6763
	tp6339,fpp2147,fnp3238,fn1514,tn6762
	tp6339,fpp2134,fnp3369,fn1527,tn6631
	tp6232,fpp2190,fnp3354,fn1578,tn6646
	tp6290,fpp2201,fnp3770,fn1509,tn6230
	tp6293,fpp2091,fnp3369,fn1616,tn6631
	tp6344,fpp2083,fnp3394,fn1573,tn6606
	tp6356,fpp2123,fnp3281,fn1521,tn6719
	tp6253,fpp2129,fnp3123,fn1618,tn6877
40,0.631,0.536,0.579,0.548,0.648
	tp6351,fpp2091,fnp3277,fn1558,tn6723
	tp6310,fpp2159,fnp3237,fn1531,tn6763
	tp6339,fpp2147,fnp3238,fn1514,tn6762
	tp6339,fpp2134,fnp3369,fn1527,tn6631
	tp6232,fpp2190,fnp3354,fn1578,tn6646
	tp6290,fpp2201,fnp3770,fn1509,tn6230
	tp6293,fpp2091,fnp3369,fn1616,tn6631
	tp6344,fpp2083,fnp3394,fn1573,tn6606
	tp6356,fpp2123,fnp3281,fn1521,tn6719
	tp6253,fpp2129,fnp3123,fn1618,tn6877
60,0.631,0.536,0.579,0.548,0.648
	tp6351,fpp2091,fnp3277,fn1558,tn6723
	tp6310,fpp2159,fnp3237,fn1531,tn6763
	tp6339,fpp2147,fnp3238,fn1514,tn6762
	tp6339,fpp2134,fnp3369,fn1527,tn6631
	tp6232,fpp2190,fnp3354,fn1578,tn6646
	tp6290,fpp2201,fnp3770,fn1509,tn6230
	tp6293,fpp2091,fnp3369,fn1616,tn6631
	tp6344,fpp2083,fnp3394,fn1573,tn6606
	tp6356,fpp2123,fnp3281,fn1521,tn6719
	tp6253,fpp2129,fnp3123,fn1618,tn6877
80,0.631,0.536,0.579,0.548,0.648
	tp6351,fpp2091,fnp3277,fn1558,tn6723
	tp6310,fpp2159,fnp3237,fn1531,tn6763
	tp6339,fpp2147,fnp3238,fn1514,tn6762
	tp6339,fpp2134,fnp3369,fn1527,tn6631
	tp6232,fpp2190,fnp3354,fn1578,tn6646
	tp6290,fpp2201,fnp3770,fn1509,tn6230
	tp6293,fpp2091,fnp3369,fn1616,tn6631
	tp6344,fpp2083,fnp3394,fn1573,tn6606
	tp6356,fpp2123,fnp3281,fn1521,tn6719
	tp6253,fpp2129,fnp3123,fn1618,tn6877
100,0.631,0.536,0.579,0.548,0.648
	tp6351,fpp2091,fnp3277,fn1558,tn6723
	tp6310,fpp2159,fnp3237,fn1531,tn6763
	tp6339,fpp2147,fnp3238,fn1514,tn6762
	tp6339,fpp2134,fnp3369,fn1527,tn6631
	tp6232,fpp2190,fnp3354,fn1578,tn6646
	tp6290,fpp2201,fnp3770,fn1509,tn6230
	tp6293,fpp2091,fnp3369,fn1616,tn6631
	tp6344,fpp2083,fnp3394,fn1573,tn6606
	tp6356,fpp2123,fnp3281,fn1521,tn6719
	tp6253,fpp2129,fnp3123,fn1618,tn6877

k2-ctw attack
pct,recall,precision,f1score,fpr,accuracy
0,0.000,0.000,0.000,0.000,0.500
	tp0,fpp0,fnp0,fn10000,tn10000
	tp0,fpp0,fnp0,fn10000,tn10000
	tp0,fpp0,fnp0,fn10000,tn10000
	tp0,fpp0,fnp0,fn10000,tn10000
	tp0,fpp0,fnp0,fn10000,tn10000
	tp0,fpp0,fnp0,fn10000,tn10000
	tp0,fpp0,fnp0,fn10000,tn10000
	tp0,fpp0,fnp0,fn10000,tn10000
	tp0,fpp0,fnp0,fn10000,tn10000
	tp0,fpp0,fnp0,fn10000,tn10000
20,0.134,0.835,0.230,0.027,0.563
	tp1297,fpp136,fnp34,fn8567,tn9966
	tp1394,fpp239,fnp43,fn8367,tn9957
	tp1420,fpp57,fnp40,fn8523,tn9960
	tp1371,fpp181,fnp114,fn8448,tn9886
	tp1275,fpp204,fnp24,fn8521,tn9976
	tp1292,fpp269,fnp115,fn8439,tn9885
	tp1320,fpp239,fnp95,fn8441,tn9905
	tp1345,fpp198,fnp90,fn8457,tn9910
	tp1320,fpp103,fnp111,fn8577,tn9889
	tp1329,fpp309,fnp84,fn8362,tn9916
40,0.258,0.876,0.399,0.037,0.623
	tp2693,fpp249,fnp154,fn7058,tn9846
	tp2579,fpp323,fnp109,fn7098,tn9891
	tp2589,fpp178,fnp111,fn7233,tn9889
	tp2497,fpp257,fnp94,fn7246,tn9906
	tp2545,fpp190,fnp72,fn7265,tn9928
	tp2610,fpp297,fnp110,fn7093,tn9890
	tp2596,fpp305,fnp147,fn7099,tn9853
	tp2526,fpp266,fnp124,fn7208,tn9876
	tp2666,fpp207,fnp137,fn7127,tn9863
	tp2534,fpp230,fnp123,fn7236,tn9877
60,0.376,0.906,0.531,0.039,0.681
	tp3706,fpp265,fnp139,fn6029,tn9861
	tp3768,fpp225,fnp98,fn6007,tn9902
	tp3831,fpp285,fnp187,fn5884,tn9813
	tp3771,fpp247,fnp116,fn5982,tn9884
	tp3684,fpp290,fnp172,fn6026,tn9828
	tp3692,fpp283,fnp127,fn6025,tn9873
	tp3768,fpp288,fnp109,fn5944,tn9891
	tp3780,fpp177,fnp98,fn6043,tn9902
	tp3805,fpp281,fnp79,fn5914,tn9921
	tp3750,fpp275,fnp160,fn5975,tn9840
80,0.478,0.931,0.632,0.036,0.732
	tp4745,fpp227,fnp135,fn5028,tn9865
	tp4760,fpp194,fnp163,fn5046,tn9837
	tp4800,fpp193,fnp103,fn5007,tn9897
	tp4770,fpp243,fnp169,fn4987,tn9831
	tp4696,fpp236,fnp148,fn5068,tn9852
	tp4790,fpp206,fnp127,fn5004,tn9873
	tp4761,fpp189,fnp158,fn5050,tn9842
	tp4820,fpp210,fnp176,fn4970,tn9824
	tp4895,fpp151,fnp115,fn4954,tn9885
	tp4799,fpp257,fnp169,fn4944,tn9831
100,0.577,0.945,0.717,0.034,0.780
	tp5805,fpp118,fnp163,fn4077,tn9837
	tp5708,fpp138,fnp145,fn4154,tn9855
	tp5814,fpp169,fnp154,fn4017,tn9846
	tp5819,fpp139,fnp173,fn4042,tn9827
	tp5699,fpp136,fnp122,fn4165,tn9878
	tp5726,fpp157,fnp178,fn4117,tn9822
	tp5866,fpp175,fnp214,fn3959,tn9786
	tp5795,fpp196,fnp240,fn4009,tn9760
	tp5761,fpp225,fnp246,fn4014,tn9754
	tp5744,fpp147,fnp118,fn4109,tn9882

k2-hp attack
pct,recall,precision,f1score,fpr,accuracy
0,0.000,0.000,0.000,0.000,0.500
	tp0,fpp0,fnp0,fn10000,tn10000
	tp0,fpp0,fnp0,fn10000,tn10000
	tp0,fpp0,fnp0,fn10000,tn10000
	tp0,fpp0,fnp0,fn10000,tn10000
	tp0,fpp0,fnp0,fn10000,tn10000
	tp0,fpp0,fnp0,fn10000,tn10000
	tp0,fpp0,fnp0,fn10000,tn10000
	tp0,fpp0,fnp0,fn10000,tn10000
	tp0,fpp0,fnp0,fn10000,tn10000
	tp0,fpp0,fnp0,fn10000,tn10000
20,0.118,0.979,0.210,0.003,0.558
	tp1140,fpp4,fnp18,fn8856,tn9982
	tp1238,fpp6,fnp26,fn8756,tn9974
	tp1246,fpp9,fnp21,fn8745,tn9979
	tp1199,fpp7,fnp26,fn8794,tn9974
	tp1141,fpp10,fnp11,fn8849,tn9989
	tp1126,fpp10,fnp22,fn8864,tn9978
	tp1160,fpp9,fnp9,fn8831,tn9991
	tp1207,fpp4,fnp18,fn8789,tn9982
	tp1159,fpp6,fnp21,fn8835,tn9979
	tp1166,fpp7,fnp12,fn8827,tn9988
40,0.231,0.974,0.374,0.006,0.613
	tp2373,fpp27,fnp63,fn7600,tn9937
	tp2321,fpp20,fnp20,fn7659,tn9980
	tp2312,fpp14,fnp31,fn7674,tn9969
	tp2294,fpp19,fnp48,fn7687,tn9952
	tp2283,fpp8,fnp50,fn7709,tn9950
	tp2338,fpp21,fnp66,fn7641,tn9934
	tp2309,fpp16,fnp52,fn7675,tn9948
	tp2281,fpp14,fnp26,fn7705,tn9974
	tp2365,fpp14,fnp46,fn7621,tn9954
	tp2249,fpp13,fnp44,fn7738,tn9956
60,0.340,0.975,0.504,0.009,0.667
	tp3325,fpp15,fnp50,fn6660,tn9950
	tp3426,fpp27,fnp53,fn6547,tn9947
	tp3467,fpp31,fnp72,fn6502,tn9928
	tp3401,fpp32,fnp73,fn6567,tn9927
	tp3354,fpp29,fnp72,fn6617,tn9928
	tp3377,fpp30,fnp79,fn6593,tn9921
	tp3415,fpp26,fnp72,fn6559,tn9928
	tp3368,fpp13,fnp63,fn6619,tn9937
	tp3457,fpp22,fnp41,fn6521,tn9959
	tp3386,fpp33,fnp54,fn6581,tn9946
80,0.438,0.975,0.604,0.011,0.715
	tp4371,fpp33,fnp74,fn5596,tn9926
	tp4385,fpp39,fnp100,fn5576,tn9900
	tp4407,fpp24,fnp61,fn5569,tn9939
	tp4345,fpp27,fnp56,fn5628,tn9944
	tp4346,fpp40,fnp96,fn5614,tn9904
	tp4372,fpp36,fnp81,fn5592,tn9919
	tp4401,fpp43,fnp102,fn5556,tn9898
	tp4331,fpp26,fnp67,fn5643,tn9933
	tp4446,fpp23,fnp69,fn5531,tn9931
	tp4375,fpp38,fnp66,fn5587,tn9934
100,0.531,0.974,0.687,0.014,0.760
	tp5329,fpp33,fnp101,fn4638,tn9899
	tp5281,fpp41,fnp86,fn4678,tn9914
	tp5357,fpp36,fnp101,fn4607,tn9899
	tp5311,fpp38,fnp113,fn4651,tn9887
	tp5230,fpp32,fnp76,fn4738,tn9924
	tp5279,fpp53,fnp106,fn4668,tn9894
	tp5338,fpp43,fnp93,fn4619,tn9907
	tp5307,fpp42,fnp117,fn4651,tn9883
	tp5349,fpp56,fnp119,fn4595,tn9881
	tp5274,fpp39,fnp77,fn4687,tn9923

k2-hp+ctw attack
pct,recall,precision,f1score,fpr,accuracy
0,0.000,0.000,0.000,0.000,0.500
	tp0,fpp0,fnp0,fn10000,tn10000
	tp0,fpp0,fnp0,fn10000,tn10000
	tp0,fpp0,fnp0,fn10000,tn10000
	tp0,fpp0,fnp0,fn10000,tn10000
	tp0,fpp0,fnp0,fn10000,tn10000
	tp0,fpp0,fnp0,fn10000,tn10000
	tp0,fpp0,fnp0,fn10000,tn10000
	tp0,fpp0,fnp0,fn10000,tn10000
	tp0,fpp0,fnp0,fn10000,tn10000
	tp0,fpp0,fnp0,fn10000,tn10000
20,0.134,0.835,0.230,0.027,0.563
	tp1297,fpp136,fnp34,fn8567,tn9966
	tp1394,fpp239,fnp43,fn8367,tn9957
	tp1420,fpp57,fnp40,fn8523,tn9960
	tp1371,fpp181,fnp114,fn8448,tn9886
	tp1275,fpp204,fnp24,fn8521,tn9976
	tp1292,fpp269,fnp115,fn8439,tn9885
	tp1320,fpp239,fnp95,fn8441,tn9905
	tp1345,fpp198,fnp90,fn8457,tn9910
	tp1320,fpp103,fnp111,fn8577,tn9889
	tp1329,fpp309,fnp84,fn8362,tn9916
40,0.258,0.876,0.399,0.037,0.623
	tp2693,fpp249,fnp154,fn7058,tn9846
	tp2579,fpp323,fnp109,fn7098,tn9891
	tp2589,fpp178,fnp111,fn7233,tn9889
	tp2497,fpp257,fnp94,fn7246,tn9906
	tp2545,fpp190,fnp72,fn7265,tn9928
	tp2610,fpp297,fnp110,fn7093,tn9890
	tp2596,fpp305,fnp147,fn7099,tn9853
	tp2526,fpp266,fnp124,fn7208,tn9876
	tp2666,fpp207,fnp137,fn7127,tn9863
	tp2534,fpp230,fnp123,fn7236,tn9877
60,0.376,0.906,0.531,0.039,0.681
	tp3706,fpp265,fnp139,fn6029,tn9861
	tp3768,fpp225,fnp98,fn6007,tn9902
	tp3831,fpp285,fnp187,fn5884,tn9813
	tp3771,fpp247,fnp116,fn5982,tn9884
	tp3684,fpp290,fnp172,fn6026,tn9828
	tp3692,fpp283,fnp127,fn6025,tn9873
	tp3768,fpp288,fnp109,fn5944,tn9891
	tp3780,fpp177,fnp98,fn6043,tn9902
	tp3805,fpp281,fnp79,fn5914,tn9921
	tp3750,fpp275,fnp160,fn5975,tn9840
80,0.478,0.931,0.632,0.036,0.732
	tp4745,fpp227,fnp135,fn5028,tn9865
	tp4760,fpp194,fnp163,fn5046,tn9837
	tp4800,fpp193,fnp103,fn5007,tn9897
	tp4770,fpp243,fnp169,fn4987,tn9831
	tp4696,fpp236,fnp148,fn5068,tn9852
	tp4790,fpp206,fnp127,fn5004,tn9873
	tp4761,fpp189,fnp158,fn5050,tn9842
	tp4820,fpp210,fnp176,fn4970,tn9824
	tp4895,fpp151,fnp115,fn4954,tn9885
	tp4799,fpp257,fnp169,fn4944,tn9831
100,0.577,0.945,0.717,0.034,0.780
	tp5805,fpp118,fnp163,fn4077,tn9837
	tp5708,fpp138,fnp145,fn4154,tn9855
	tp5814,fpp169,fnp154,fn4017,tn9846
	tp5819,fpp139,fnp173,fn4042,tn9827
	tp5699,fpp136,fnp122,fn4165,tn9878
	tp5726,fpp157,fnp178,fn4117,tn9822
	tp5866,fpp175,fnp214,fn3959,tn9786
	tp5795,fpp196,fnp240,fn4009,tn9760
	tp5761,fpp225,fnp246,fn4014,tn9754
	tp5744,fpp147,fnp118,fn4109,tn9882

k2-wf attack
pct,recall,precision,f1score,fpr,accuracy
0,0.547,0.858,0.668,0.090,0.741
	tp5479,fpp260,fnp632,fn4261,tn9368
	tp5459,fpp255,fnp625,fn4286,tn9375
	tp5515,fpp251,fnp638,fn4234,tn9362
	tp5467,fpp330,fnp710,fn4203,tn9290
	tp5398,fpp271,fnp648,fn4331,tn9352
	tp5426,fpp268,fnp700,fn4306,tn9300
	tp5497,fpp279,fnp617,fn4224,tn9383
	tp5473,fpp233,fnp609,fn4294,tn9391
	tp5519,fpp250,fnp613,fn4231,tn9387
	tp5423,fpp241,fnp588,fn4336,tn9412
20,0.547,0.858,0.668,0.090,0.741
	tp5479,fpp260,fnp632,fn4261,tn9368
	tp5459,fpp255,fnp625,fn4286,tn9375
	tp5515,fpp251,fnp638,fn4234,tn9362
	tp5467,fpp330,fnp710,fn4203,tn9290
	tp5398,fpp271,fnp648,fn4331,tn9352
	tp5426,fpp268,fnp700,fn4306,tn9300
	tp5497,fpp279,fnp617,fn4224,tn9383
	tp5473,fpp233,fnp609,fn4294,tn9391
	tp5519,fpp250,fnp613,fn4231,tn9387
	tp5423,fpp241,fnp588,fn4336,tn9412
40,0.547,0.858,0.668,0.090,0.741
	tp5479,fpp260,fnp632,fn4261,tn9368
	tp5459,fpp255,fnp625,fn4286,tn9375
	tp5515,fpp251,fnp638,fn4234,tn9362
	tp5467,fpp330,fnp710,fn4203,tn9290
	tp5398,fpp271,fnp648,fn4331,tn9352
	tp5426,fpp268,fnp700,fn4306,tn9300
	tp5497,fpp279,fnp617,fn4224,tn9383
	tp5473,fpp233,fnp609,fn4294,tn9391
	tp5519,fpp250,fnp613,fn4231,tn9387
	tp5423,fpp241,fnp588,fn4336,tn9412
60,0.547,0.858,0.668,0.090,0.741
	tp5479,fpp260,fnp632,fn4261,tn9368
	tp5459,fpp255,fnp625,fn4286,tn9375
	tp5515,fpp251,fnp638,fn4234,tn9362
	tp5467,fpp330,fnp710,fn4203,tn9290
	tp5398,fpp271,fnp648,fn4331,tn9352
	tp5426,fpp268,fnp700,fn4306,tn9300
	tp5497,fpp279,fnp617,fn4224,tn9383
	tp5473,fpp233,fnp609,fn4294,tn9391
	tp5519,fpp250,fnp613,fn4231,tn9387
	tp5423,fpp241,fnp588,fn4336,tn9412
80,0.547,0.858,0.668,0.090,0.741
	tp5479,fpp260,fnp632,fn4261,tn9368
	tp5459,fpp255,fnp625,fn4286,tn9375
	tp5515,fpp251,fnp638,fn4234,tn9362
	tp5467,fpp330,fnp710,fn4203,tn9290
	tp5398,fpp271,fnp648,fn4331,tn9352
	tp5426,fpp268,fnp700,fn4306,tn9300
	tp5497,fpp279,fnp617,fn4224,tn9383
	tp5473,fpp233,fnp609,fn4294,tn9391
	tp5519,fpp250,fnp613,fn4231,tn9387
	tp5423,fpp241,fnp588,fn4336,tn9412
100,0.547,0.858,0.668,0.090,0.741
	tp5479,fpp260,fnp632,fn4261,tn9368
	tp5459,fpp255,fnp625,fn4286,tn9375
	tp5515,fpp251,fnp638,fn4234,tn9362
	tp5467,fpp330,fnp710,fn4203,tn9290
	tp5398,fpp271,fnp648,fn4331,tn9352
	tp5426,fpp268,fnp700,fn4306,tn9300
	tp5497,fpp279,fnp617,fn4224,tn9383
	tp5473,fpp233,fnp609,fn4294,tn9391
	tp5519,fpp250,fnp613,fn4231,tn9387
	tp5423,fpp241,fnp588,fn4336,tn9412

########################## SECOND PART ##############3

	2016-08-14 17:50:02.709519768 -0400 EDT: wfdns for 1000x100+100000 with a10001 w60 r2500 s1.00

	k1-ctw attack
	pct,recall,precision,f1score,fpr,accuracy
	10,0.078,0.605,0.138,0.052,0.532
		tp792,fpp171,fnp173,fn9037,tn9827
		tp717,fpp497,fnp123,fn8786,tn9877
		tp814,fpp370,fnp125,fn8816,tn9875
		tp710,fpp280,fnp102,fn9010,tn9898
		tp840,fpp510,fnp168,fn8650,tn9832
		tp758,fpp383,fnp173,fn8859,tn9827
		tp759,fpp332,fnp142,fn8909,tn9858
		tp795,fpp437,fnp195,fn8768,tn9805
		tp803,fpp368,fnp126,fn8829,tn9874
		tp817,fpp331,fnp161,fn8852,tn9839
	30,0.226,0.711,0.343,0.093,0.597
		tp2261,fpp700,fnp308,fn7039,tn9692
		tp2249,fpp714,fnp452,fn7037,tn9548
		tp2227,fpp779,fnp299,fn6994,tn9701
		tp2269,fpp563,fnp287,fn7168,tn9713
		tp2183,fpp608,fnp242,fn7209,tn9758
		tp2277,fpp671,fnp340,fn7052,tn9660
		tp2219,fpp381,fnp334,fn7400,tn9666
		tp2227,fpp334,fnp313,fn7439,tn9687
		tp2358,fpp623,fnp296,fn7019,tn9704
		tp2370,fpp695,fnp320,fn6935,tn9680
	50,0.362,0.739,0.486,0.129,0.656
		tp3621,fpp879,fnp621,fn5500,tn9379
		tp3522,fpp966,fnp720,fn5512,tn9280
		tp3652,fpp772,fnp455,fn5576,tn9545
		tp3613,fpp653,fnp471,fn5734,tn9529
		tp3555,fpp872,fnp498,fn5573,tn9502
		tp3678,fpp741,fnp527,fn5581,tn9473
		tp3592,fpp678,fnp410,fn5730,tn9590
		tp3672,fpp725,fnp489,fn5603,tn9511
		tp3688,fpp770,fnp435,fn5542,tn9565
		tp3647,fpp772,fnp411,fn5581,tn9589
	70,0.488,0.761,0.595,0.153,0.711
		tp4929,fpp884,fnp590,fn4187,tn9410
		tp4876,fpp892,fnp631,fn4232,tn9369
		tp4946,fpp795,fnp693,fn4259,tn9307
		tp4855,fpp929,fnp684,fn4216,tn9316
		tp4886,fpp795,fnp517,fn4319,tn9483
		tp4797,fpp946,fnp809,fn4257,tn9191
		tp4943,fpp850,fnp628,fn4207,tn9372
		tp4856,fpp944,fnp738,fn4200,tn9262
		tp4911,fpp804,fnp637,fn4285,tn9363
		tp4816,fpp929,fnp624,fn4255,tn9376
	90,0.605,0.784,0.682,0.168,0.760
		tp6023,fpp874,fnp733,fn3103,tn9267
		tp5925,fpp1066,fnp1076,fn3009,tn8924
		tp6101,fpp731,fnp664,fn3168,tn9336
		tp6028,fpp984,fnp1163,fn2988,tn8837
		tp5960,fpp845,fnp704,fn3195,tn9296
		tp6050,fpp924,fnp1349,fn3026,tn8651
		tp6020,fpp752,fnp625,fn3228,tn9375
		tp6066,fpp634,fnp655,fn3300,tn9345
		tp6171,fpp728,fnp835,fn3101,tn9165
		tp6106,fpp703,fnp719,fn3191,tn9281

	k1-hp attack
	pct,recall,precision,f1score,fpr,accuracy
	10,0.070,0.895,0.129,0.008,0.532
		tp705,fpp19,fnp62,fn9276,tn9938
		tp647,fpp65,fnp28,fn9288,tn9972
		tp725,fpp26,fnp36,fn9249,tn9964
		tp646,fpp17,fnp18,fn9337,tn9982
		tp747,fpp44,fnp58,fn9209,tn9942
		tp674,fpp25,fnp61,fn9301,tn9939
		tp681,fpp25,fnp47,fn9294,tn9953
		tp708,fpp38,fnp80,fn9254,tn9920
		tp716,fpp22,fnp40,fn9262,tn9960
		tp728,fpp55,fnp60,fn9217,tn9940
	30,0.205,0.885,0.333,0.027,0.594
		tp2054,fpp105,fnp170,fn7841,tn9830
		tp2058,fpp101,fnp207,fn7841,tn9793
		tp2036,fpp116,fnp141,fn7848,tn9859
		tp2052,fpp90,fnp129,fn7858,tn9871
		tp1979,fpp104,fnp125,fn7917,tn9875
		tp2042,fpp87,fnp155,fn7871,tn9845
		tp1993,fpp137,fnp236,fn7870,tn9764
		tp2014,fpp84,fnp166,fn7902,tn9834
		tp2114,fpp116,fnp126,fn7770,tn9874
		tp2145,fpp103,fnp160,fn7752,tn9840
	50,0.331,0.882,0.481,0.044,0.652
		tp3332,fpp181,fnp313,fn6487,tn9687
		tp3234,fpp212,fnp462,fn6554,tn9538
		tp3361,fpp148,fnp242,fn6491,tn9758
		tp3261,fpp164,fnp260,fn6575,tn9740
		tp3276,fpp183,fnp281,fn6541,tn9719
		tp3351,fpp135,fnp282,fn6514,tn9718
		tp3257,fpp127,fnp220,fn6616,tn9780
		tp3343,fpp166,fnp271,fn6491,tn9729
		tp3341,fpp159,fnp237,fn6500,tn9763
		tp3340,fpp182,fnp215,fn6478,tn9785
	70,0.451,0.876,0.595,0.064,0.706
		tp4558,fpp290,fnp405,fn5152,tn9595
		tp4492,fpp239,fnp362,fn5269,tn9638
		tp4526,fpp184,fnp360,fn5290,tn9640
		tp4501,fpp252,fnp403,fn5247,tn9597
		tp4499,fpp179,fnp297,fn5322,tn9703
		tp4413,fpp265,fnp455,fn5322,tn9545
		tp4591,fpp263,fnp397,fn5146,tn9603
		tp4526,fpp296,fnp422,fn5178,tn9578
		tp4504,fpp216,fnp369,fn5280,tn9631
		tp4477,fpp331,fnp425,fn5192,tn9575
	90,0.559,0.870,0.680,0.085,0.753
		tp5652,fpp348,fnp431,fn4000,tn9569
		tp5570,fpp424,fnp705,fn4006,tn9295
		tp5637,fpp254,fnp383,fn4109,tn9617
		tp5572,fpp442,fnp812,fn3986,tn9188
		tp5535,fpp308,fnp428,fn4157,tn9572
		tp5558,fpp349,fnp855,fn4093,tn9145
		tp5586,fpp257,fnp360,fn4157,tn9640
		tp5571,fpp271,fnp445,fn4158,tn9555
		tp5627,fpp256,fnp459,fn4117,tn9541
		tp5606,fpp247,fnp427,fn4147,tn9573

	k1-hp+ctw attack
	pct,recall,precision,f1score,fpr,accuracy
	10,0.078,0.605,0.138,0.052,0.532
		tp792,fpp171,fnp173,fn9037,tn9827
		tp717,fpp497,fnp123,fn8786,tn9877
		tp814,fpp370,fnp125,fn8816,tn9875
		tp710,fpp280,fnp102,fn9010,tn9898
		tp840,fpp510,fnp168,fn8650,tn9832
		tp758,fpp383,fnp173,fn8859,tn9827
		tp759,fpp332,fnp142,fn8909,tn9858
		tp795,fpp437,fnp195,fn8768,tn9805
		tp803,fpp368,fnp126,fn8829,tn9874
		tp817,fpp331,fnp161,fn8852,tn9839
	30,0.226,0.711,0.343,0.093,0.597
		tp2261,fpp700,fnp308,fn7039,tn9692
		tp2249,fpp714,fnp452,fn7037,tn9548
		tp2227,fpp779,fnp299,fn6994,tn9701
		tp2269,fpp563,fnp287,fn7168,tn9713
		tp2183,fpp608,fnp242,fn7209,tn9758
		tp2277,fpp671,fnp340,fn7052,tn9660
		tp2219,fpp381,fnp334,fn7400,tn9666
		tp2227,fpp334,fnp313,fn7439,tn9687
		tp2358,fpp623,fnp296,fn7019,tn9704
		tp2370,fpp695,fnp320,fn6935,tn9680
	50,0.362,0.739,0.486,0.129,0.656
		tp3621,fpp879,fnp621,fn5500,tn9379
		tp3522,fpp966,fnp720,fn5512,tn9280
		tp3652,fpp772,fnp455,fn5576,tn9545
		tp3613,fpp653,fnp471,fn5734,tn9529
		tp3555,fpp872,fnp498,fn5573,tn9502
		tp3678,fpp741,fnp527,fn5581,tn9473
		tp3592,fpp678,fnp410,fn5730,tn9590
		tp3672,fpp725,fnp489,fn5603,tn9511
		tp3688,fpp770,fnp435,fn5542,tn9565
		tp3647,fpp772,fnp411,fn5581,tn9589
	70,0.488,0.761,0.595,0.153,0.711
		tp4929,fpp884,fnp590,fn4187,tn9410
		tp4876,fpp892,fnp631,fn4232,tn9369
		tp4946,fpp795,fnp693,fn4259,tn9307
		tp4855,fpp929,fnp684,fn4216,tn9316
		tp4886,fpp795,fnp517,fn4319,tn9483
		tp4797,fpp946,fnp809,fn4257,tn9191
		tp4943,fpp850,fnp628,fn4207,tn9372
		tp4856,fpp944,fnp738,fn4200,tn9262
		tp4911,fpp804,fnp637,fn4285,tn9363
		tp4816,fpp929,fnp624,fn4255,tn9376
	90,0.605,0.784,0.682,0.168,0.760
		tp6023,fpp874,fnp733,fn3103,tn9267
		tp5925,fpp1066,fnp1076,fn3009,tn8924
		tp6101,fpp731,fnp664,fn3168,tn9336
		tp6028,fpp984,fnp1163,fn2988,tn8837
		tp5960,fpp845,fnp704,fn3195,tn9296
		tp6050,fpp924,fnp1349,fn3026,tn8651
		tp6020,fpp752,fnp625,fn3228,tn9375
		tp6066,fpp634,fnp655,fn3300,tn9345
		tp6171,fpp728,fnp835,fn3101,tn9165
		tp6106,fpp703,fnp719,fn3191,tn9281

	k1-wf attack
	pct,recall,precision,f1score,fpr,accuracy
	10,0.631,0.537,0.580,0.545,0.649
		tp6362,fpp2085,fnp3286,fn1553,tn6714
		tp6275,fpp2156,fnp3289,fn1569,tn6711
		tp6347,fpp2132,fnp3252,fn1521,tn6748
		tp6303,fpp2124,fnp3389,fn1573,tn6611
		tp6277,fpp2154,fnp3324,fn1569,tn6676
		tp6270,fpp2162,fnp3702,fn1568,tn6298
		tp6307,fpp2088,fnp3367,fn1605,tn6633
		tp6352,fpp2040,fnp3325,fn1608,tn6675
		tp6308,fpp2105,fnp3293,fn1587,tn6707
		tp6319,fpp2112,fnp3132,fn1569,tn6868
	30,0.631,0.537,0.580,0.545,0.649
		tp6362,fpp2085,fnp3286,fn1553,tn6714
		tp6275,fpp2156,fnp3289,fn1569,tn6711
		tp6347,fpp2132,fnp3252,fn1521,tn6748
		tp6303,fpp2124,fnp3389,fn1573,tn6611
		tp6277,fpp2154,fnp3324,fn1569,tn6676
		tp6270,fpp2162,fnp3702,fn1568,tn6298
		tp6307,fpp2088,fnp3367,fn1605,tn6633
		tp6352,fpp2040,fnp3325,fn1608,tn6675
		tp6308,fpp2105,fnp3293,fn1587,tn6707
		tp6319,fpp2112,fnp3132,fn1569,tn6868
	50,0.631,0.537,0.580,0.545,0.649
		tp6362,fpp2085,fnp3286,fn1553,tn6714
		tp6275,fpp2156,fnp3289,fn1569,tn6711
		tp6347,fpp2132,fnp3252,fn1521,tn6748
		tp6303,fpp2124,fnp3389,fn1573,tn6611
		tp6277,fpp2154,fnp3324,fn1569,tn6676
		tp6270,fpp2162,fnp3702,fn1568,tn6298
		tp6307,fpp2088,fnp3367,fn1605,tn6633
		tp6352,fpp2040,fnp3325,fn1608,tn6675
		tp6308,fpp2105,fnp3293,fn1587,tn6707
		tp6319,fpp2112,fnp3132,fn1569,tn6868
	70,0.631,0.537,0.580,0.545,0.649
		tp6362,fpp2085,fnp3286,fn1553,tn6714
		tp6275,fpp2156,fnp3289,fn1569,tn6711
		tp6347,fpp2132,fnp3252,fn1521,tn6748
		tp6303,fpp2124,fnp3389,fn1573,tn6611
		tp6277,fpp2154,fnp3324,fn1569,tn6676
		tp6270,fpp2162,fnp3702,fn1568,tn6298
		tp6307,fpp2088,fnp3367,fn1605,tn6633
		tp6352,fpp2040,fnp3325,fn1608,tn6675
		tp6308,fpp2105,fnp3293,fn1587,tn6707
		tp6319,fpp2112,fnp3132,fn1569,tn6868
	90,0.631,0.537,0.580,0.545,0.649
		tp6362,fpp2085,fnp3286,fn1553,tn6714
		tp6275,fpp2156,fnp3289,fn1569,tn6711
		tp6347,fpp2132,fnp3252,fn1521,tn6748
		tp6303,fpp2124,fnp3389,fn1573,tn6611
		tp6277,fpp2154,fnp3324,fn1569,tn6676
		tp6270,fpp2162,fnp3702,fn1568,tn6298
		tp6307,fpp2088,fnp3367,fn1605,tn6633
		tp6352,fpp2040,fnp3325,fn1608,tn6675
		tp6308,fpp2105,fnp3293,fn1587,tn6707
		tp6319,fpp2112,fnp3132,fn1569,tn6868

	k2-ctw attack
	pct,recall,precision,f1score,fpr,accuracy
	10,0.069,0.762,0.126,0.022,0.532
		tp711,fpp83,fnp87,fn9206,tn9913
		tp602,fpp209,fnp69,fn9189,tn9931
		tp737,fpp120,fnp15,fn9143,tn9985
		tp607,fpp230,fnp80,fn9163,tn9920
		tp737,fpp263,fnp21,fn9000,tn9979
		tp667,fpp146,fnp13,fn9187,tn9987
		tp679,fpp139,fnp18,fn9182,tn9982
		tp716,fpp213,fnp34,fn9071,tn9966
		tp697,fpp215,fnp78,fn9088,tn9922
		tp724,fpp122,fnp26,fn9154,tn9974
	30,0.199,0.874,0.324,0.029,0.596
		tp1966,fpp261,fnp72,fn7773,tn9928
		tp1972,fpp225,fnp70,fn7803,tn9930
		tp1957,fpp326,fnp57,fn7717,tn9943
		tp1972,fpp193,fnp49,fn7835,tn9951
		tp1927,fpp254,fnp97,fn7819,tn9903
		tp2017,fpp232,fnp73,fn7751,tn9927
		tp1972,fpp91,fnp66,fn7937,tn9934
		tp1977,fpp75,fnp65,fn7948,tn9935
		tp2067,fpp240,fnp127,fn7693,tn9873
		tp2079,fpp301,fnp40,fn7620,tn9960
	50,0.318,0.894,0.469,0.038,0.653
		tp3174,fpp233,fnp97,fn6593,tn9903
		tp3079,fpp297,fnp160,fn6624,tn9840
		tp3240,fpp297,fnp67,fn6463,tn9933
		tp3146,fpp223,fnp146,fn6631,tn9854
		tp3113,fpp331,fnp158,fn6556,tn9842
		tp3198,fpp217,fnp99,fn6585,tn9901
		tp3190,fpp255,fnp131,fn6555,tn9869
		tp3222,fpp237,fnp93,fn6541,tn9907
		tp3249,fpp194,fnp90,fn6557,tn9910
		tp3192,fpp282,fnp149,fn6526,tn9851
	70,0.426,0.907,0.580,0.044,0.705
		tp4341,fpp239,fnp120,fn5420,tn9880
		tp4244,fpp249,fnp181,fn5507,tn9819
		tp4388,fpp296,fnp188,fn5316,tn9812
		tp4154,fpp352,fnp196,fn5494,tn9804
		tp4248,fpp314,fnp182,fn5438,tn9818
		tp4177,fpp249,fnp192,fn5574,tn9808
		tp4345,fpp270,fnp199,fn5385,tn9801
		tp4255,fpp265,fnp184,fn5480,tn9816
		tp4287,fpp216,fnp119,fn5497,tn9881
		tp4197,fpp245,fnp143,fn5558,tn9857
	90,0.528,0.935,0.675,0.037,0.755
		tp5267,fpp242,fnp199,fn4491,tn9801
		tp5131,fpp196,fnp227,fn4673,tn9773
		tp5397,fpp260,fnp193,fn4343,tn9807
		tp5199,fpp245,fnp231,fn4556,tn9769
		tp5207,fpp178,fnp151,fn4615,tn9849
		tp5262,fpp161,fnp180,fn4577,tn9820
		tp5319,fpp232,fnp204,fn4449,tn9796
		tp5341,fpp100,fnp135,fn4559,tn9865
		tp5378,fpp141,fnp138,fn4481,tn9862
		tp5342,fpp170,fnp117,fn4488,tn9883

	k2-hp attack
	pct,recall,precision,f1score,fpr,accuracy
	10,0.060,0.978,0.113,0.001,0.530
		tp623,fpp1,fnp12,fn9376,tn9988
		tp540,fpp8,fnp4,fn9452,tn9996
		tp644,fpp7,fnp4,fn9349,tn9996
		tp545,fpp1,fnp7,fn9454,tn9993
		tp646,fpp3,fnp15,fn9351,tn9985
		tp578,fpp0,fnp4,fn9422,tn9996
		tp589,fpp8,fnp11,fn9403,tn9989
		tp607,fpp5,fnp21,fn9388,tn9979
		tp601,fpp3,fnp3,fn9396,tn9997
		tp633,fpp9,fnp11,fn9358,tn9989
	30,0.177,0.975,0.300,0.005,0.587
		tp1763,fpp17,fnp43,fn8220,tn9957
		tp1770,fpp11,fnp41,fn8219,tn9959
		tp1757,fpp11,fnp24,fn8232,tn9976
		tp1763,fpp10,fnp29,fn8227,tn9971
		tp1716,fpp10,fnp26,fn8274,tn9974
		tp1769,fpp12,fnp43,fn8219,tn9957
		tp1740,fpp18,fnp39,fn8242,tn9961
		tp1739,fpp4,fnp33,fn8257,tn9967
		tp1828,fpp14,fnp29,fn8158,tn9971
		tp1877,fpp9,fnp31,fn8114,tn9969
	50,0.286,0.976,0.442,0.007,0.640
		tp2866,fpp17,fnp47,fn7117,tn9953
		tp2786,fpp16,fnp60,fn7198,tn9940
		tp2925,fpp24,fnp33,fn7051,tn9967
		tp2783,fpp13,fnp54,fn7204,tn9946
		tp2842,fpp18,fnp61,fn7140,tn9939
		tp2875,fpp18,fnp60,fn7107,tn9940
		tp2849,fpp20,fnp44,fn7131,tn9956
		tp2858,fpp16,fnp52,fn7126,tn9948
		tp2912,fpp18,fnp62,fn7070,tn9938
		tp2900,fpp15,fnp55,fn7085,tn9945
	70,0.390,0.971,0.557,0.012,0.691
		tp3945,fpp30,fnp69,fn6025,tn9931
		tp3865,fpp23,fnp66,fn6112,tn9934
		tp3943,fpp31,fnp78,fn6026,tn9922
		tp3831,fpp41,fnp78,fn6128,tn9922
		tp3883,fpp24,fnp78,fn6093,tn9922
		tp3802,fpp46,fnp117,fn6152,tn9883
		tp4025,fpp35,fnp95,fn5940,tn9905
		tp3905,fpp29,fnp75,fn6066,tn9925
		tp3895,fpp30,fnp80,fn6075,tn9920
		tp3919,fpp39,fnp88,fn6042,tn9912
	90,0.484,0.972,0.646,0.014,0.737
		tp4881,fpp48,fnp84,fn5071,tn9916
		tp4797,fpp31,fnp110,fn5172,tn9890
		tp4922,fpp49,fnp82,fn5029,tn9918
		tp4762,fpp96,fnp164,fn5142,tn9836
		tp4790,fpp36,fnp90,fn5174,tn9910
		tp4780,fpp33,fnp115,fn5187,tn9885
		tp4880,fpp38,fnp85,fn5082,tn9915
		tp4803,fpp18,fnp84,fn5179,tn9916
		tp4876,fpp35,fnp94,fn5089,tn9906
		tp4883,fpp34,fnp76,fn5083,tn9924

	k2-hp+ctw attack
	pct,recall,precision,f1score,fpr,accuracy
	10,0.069,0.762,0.126,0.022,0.532
		tp711,fpp83,fnp87,fn9206,tn9913
		tp602,fpp209,fnp69,fn9189,tn9931
		tp737,fpp120,fnp15,fn9143,tn9985
		tp607,fpp230,fnp80,fn9163,tn9920
		tp737,fpp263,fnp21,fn9000,tn9979
		tp667,fpp146,fnp13,fn9187,tn9987
		tp679,fpp139,fnp18,fn9182,tn9982
		tp716,fpp213,fnp34,fn9071,tn9966
		tp697,fpp215,fnp78,fn9088,tn9922
		tp724,fpp122,fnp26,fn9154,tn9974
	30,0.199,0.874,0.324,0.029,0.596
		tp1966,fpp261,fnp72,fn7773,tn9928
		tp1972,fpp225,fnp70,fn7803,tn9930
		tp1957,fpp326,fnp57,fn7717,tn9943
		tp1972,fpp193,fnp49,fn7835,tn9951
		tp1927,fpp254,fnp97,fn7819,tn9903
		tp2017,fpp232,fnp73,fn7751,tn9927
		tp1972,fpp91,fnp66,fn7937,tn9934
		tp1977,fpp75,fnp65,fn7948,tn9935
		tp2067,fpp240,fnp127,fn7693,tn9873
		tp2079,fpp301,fnp40,fn7620,tn9960
	50,0.318,0.894,0.469,0.038,0.653
		tp3174,fpp233,fnp97,fn6593,tn9903
		tp3079,fpp297,fnp160,fn6624,tn9840
		tp3240,fpp297,fnp67,fn6463,tn9933
		tp3146,fpp223,fnp146,fn6631,tn9854
		tp3113,fpp331,fnp158,fn6556,tn9842
		tp3198,fpp217,fnp99,fn6585,tn9901
		tp3190,fpp255,fnp131,fn6555,tn9869
		tp3222,fpp237,fnp93,fn6541,tn9907
		tp3249,fpp194,fnp90,fn6557,tn9910
		tp3192,fpp282,fnp149,fn6526,tn9851
	70,0.426,0.907,0.580,0.044,0.705
		tp4341,fpp239,fnp120,fn5420,tn9880
		tp4244,fpp249,fnp181,fn5507,tn9819
		tp4388,fpp296,fnp188,fn5316,tn9812
		tp4154,fpp352,fnp196,fn5494,tn9804
		tp4248,fpp314,fnp182,fn5438,tn9818
		tp4177,fpp249,fnp192,fn5574,tn9808
		tp4345,fpp270,fnp199,fn5385,tn9801
		tp4255,fpp265,fnp184,fn5480,tn9816
		tp4287,fpp216,fnp119,fn5497,tn9881
		tp4197,fpp245,fnp143,fn5558,tn9857
	90,0.528,0.935,0.675,0.037,0.755
		tp5267,fpp242,fnp199,fn4491,tn9801
		tp5131,fpp196,fnp227,fn4673,tn9773
		tp5397,fpp260,fnp193,fn4343,tn9807
		tp5199,fpp245,fnp231,fn4556,tn9769
		tp5207,fpp178,fnp151,fn4615,tn9849
		tp5262,fpp161,fnp180,fn4577,tn9820
		tp5319,fpp232,fnp204,fn4449,tn9796
		tp5341,fpp100,fnp135,fn4559,tn9865
		tp5378,fpp141,fnp138,fn4481,tn9862
		tp5342,fpp170,fnp117,fn4488,tn9883

	k2-wf attack
	pct,recall,precision,f1score,fpr,accuracy
	10,0.546,0.861,0.668,0.088,0.742
		tp5491,fpp251,fnp602,fn4258,tn9398
		tp5411,fpp245,fnp587,fn4344,tn9413
		tp5535,fpp255,fnp611,fn4210,tn9389
		tp5400,fpp319,fnp729,fn4281,tn9271
		tp5421,fpp237,fnp659,fn4342,tn9341
		tp5400,fpp260,fnp705,fn4340,tn9295
		tp5516,fpp249,fnp613,fn4235,tn9387
		tp5486,fpp211,fnp600,fn4303,tn9400
		tp5469,fpp256,fnp631,fn4275,tn9369
		tp5501,fpp240,fnp589,fn4259,tn9411
	30,0.546,0.861,0.668,0.088,0.742
		tp5491,fpp251,fnp602,fn4258,tn9398
		tp5411,fpp245,fnp587,fn4344,tn9413
		tp5535,fpp255,fnp611,fn4210,tn9389
		tp5400,fpp319,fnp729,fn4281,tn9271
		tp5421,fpp237,fnp659,fn4342,tn9341
		tp5400,fpp260,fnp705,fn4340,tn9295
		tp5516,fpp249,fnp613,fn4235,tn9387
		tp5486,fpp211,fnp600,fn4303,tn9400
		tp5469,fpp256,fnp631,fn4275,tn9369
		tp5501,fpp240,fnp589,fn4259,tn9411
	50,0.546,0.861,0.668,0.088,0.742
		tp5491,fpp251,fnp602,fn4258,tn9398
		tp5411,fpp245,fnp587,fn4344,tn9413
		tp5535,fpp255,fnp611,fn4210,tn9389
		tp5400,fpp319,fnp729,fn4281,tn9271
		tp5421,fpp237,fnp659,fn4342,tn9341
		tp5400,fpp260,fnp705,fn4340,tn9295
		tp5516,fpp249,fnp613,fn4235,tn9387
		tp5486,fpp211,fnp600,fn4303,tn9400
		tp5469,fpp256,fnp631,fn4275,tn9369
		tp5501,fpp240,fnp589,fn4259,tn9411
	70,0.546,0.861,0.668,0.088,0.742
		tp5491,fpp251,fnp602,fn4258,tn9398
		tp5411,fpp245,fnp587,fn4344,tn9413
		tp5535,fpp255,fnp611,fn4210,tn9389
		tp5400,fpp319,fnp729,fn4281,tn9271
		tp5421,fpp237,fnp659,fn4342,tn9341
		tp5400,fpp260,fnp705,fn4340,tn9295
		tp5516,fpp249,fnp613,fn4235,tn9387
		tp5486,fpp211,fnp600,fn4303,tn9400
		tp5469,fpp256,fnp631,fn4275,tn9369
		tp5501,fpp240,fnp589,fn4259,tn9411
	90,0.546,0.861,0.668,0.088,0.742
		tp5491,fpp251,fnp602,fn4258,tn9398
		tp5411,fpp245,fnp587,fn4344,tn9413
		tp5535,fpp255,fnp611,fn4210,tn9389
		tp5400,fpp319,fnp729,fn4281,tn9271
		tp5421,fpp237,fnp659,fn4342,tn9341
		tp5400,fpp260,fnp705,fn4340,tn9295
		tp5516,fpp249,fnp613,fn4235,tn9387
		tp5486,fpp211,fnp600,fn4303,tn9400
		tp5469,fpp256,fnp631,fn4275,tn9369
		tp5501,fpp240,fnp589,fn4259,tn9411
