./wfdns -mfolder alexa9kx100+900k -ofolder alexa9kx100+900k -sites 10 -instances 100 -open 1000 -pmin 50 -pmax 100 -pstep 50 -r 2400 -moffset X

#################### offset 0 below ####################
2016/07/07 18:32:45 experiment wf
pct,recall(tpr),fpr,precision,f1score,accuracy
50,0.769,0.121,0.865,0.814,0.836
100,0.769,0.121,0.865,0.814,0.836

2016/07/07 18:32:45 experiment close-the-world-open
pct,recall(tpr),fpr,precision,f1score,accuracy
50,0.769,0.121,0.865,0.814,0.836
100,0.769,0.121,0.865,0.814,0.836

2016/07/07 18:32:45 experiment close-the-world-consensus
pct,recall(tpr),fpr,precision,f1score,accuracy
50,0.802,0.391,0.674,0.732,0.720
100,0.831,0.669,0.555,0.665,0.601

2016/07/07 18:32:45 experiment two-classifier-merge
pct,recall(tpr),fpr,precision,f1score,accuracy
50,0.817,0.235,0.778,0.796,0.812
100,0.817,0.235,0.778,0.796,0.812

2016/07/07 18:32:45 experiment perfect
pct,recall(tpr),fpr,precision,f1score,accuracy
50,1.000,0.000,1.000,1.000,1.000
100,1.000,0.000,1.000,1.000,1.000

2016/07/07 18:32:45 experiment close-the-world-consensus-open
pct,recall(tpr),fpr,precision,f1score,accuracy
50,0.831,0.669,0.555,0.665,0.601
100,0.831,0.669,0.555,0.665,0.601

2016/07/07 18:32:45 experiment two-classifier-high-recall
pct,recall(tpr),fpr,precision,f1score,accuracy
50,0.817,0.235,0.778,0.796,0.812
100,0.817,0.235,0.778,0.796,0.812

2016/07/07 18:32:45 experiment close-the-world
pct,recall(tpr),fpr,precision,f1score,accuracy
50,0.831,0.669,0.555,0.665,0.601
100,0.831,0.669,0.555,0.665,0.601

2016/07/07 18:32:45 experiment two-classifier-high-precision
pct,recall(tpr),fpr,precision,f1score,accuracy
50,0.769,0.121,0.865,0.814,0.836
100,0.769,0.121,0.865,0.814,0.836

#################### offset 10 below ####################
2016/07/07 18:24:51 experiment close-the-world
pct,recall(tpr),fpr,precision,f1score,accuracy
50,0.913,0.682,0.573,0.704,0.627
100,0.913,0.682,0.573,0.704,0.627

2016/07/07 18:24:51 experiment close-the-world-open
pct,recall(tpr),fpr,precision,f1score,accuracy
50,0.839,0.125,0.870,0.854,0.862
100,0.839,0.125,0.870,0.854,0.862

2016/07/07 18:24:51 experiment close-the-world-consensus
pct,recall(tpr),fpr,precision,f1score,accuracy
50,0.871,0.406,0.683,0.765,0.743
100,0.913,0.682,0.573,0.704,0.627

2016/07/07 18:24:51 experiment two-classifier-high-precision
pct,recall(tpr),fpr,precision,f1score,accuracy
50,0.839,0.125,0.870,0.854,0.862
100,0.839,0.125,0.870,0.854,0.862

2016/07/07 18:24:51 experiment two-classifier-merge
pct,recall(tpr),fpr,precision,f1score,accuracy
50,0.889,0.206,0.812,0.848,0.851
100,0.889,0.206,0.812,0.848,0.851

2016/07/07 18:24:51 experiment perfect
pct,recall(tpr),fpr,precision,f1score,accuracy
50,1.000,0.000,1.000,1.000,1.000
100,1.000,0.000,1.000,1.000,1.000

2016/07/07 18:24:51 experiment two-classifier-high-recall
pct,recall(tpr),fpr,precision,f1score,accuracy
50,0.889,0.206,0.812,0.848,0.851
100,0.889,0.206,0.812,0.848,0.851

2016/07/07 18:24:51 experiment wf
pct,recall(tpr),fpr,precision,f1score,accuracy
50,0.839,0.125,0.870,0.854,0.862
100,0.839,0.125,0.870,0.854,0.862

2016/07/07 18:24:51 experiment close-the-world-consensus-open
pct,recall(tpr),fpr,precision,f1score,accuracy
50,0.913,0.682,0.573,0.704,0.627
100,0.913,0.682,0.573,0.704,0.627


#################### offset 100 below ####################
2016/07/07 18:16:13 experiment two-classifier-high-precision
pct,recall(tpr),fpr,precision,f1score,accuracy
50,0.705,0.150,0.825,0.760,0.790
100,0.705,0.150,0.825,0.760,0.790

2016/07/07 18:16:13 experiment close-the-world-open
pct,recall(tpr),fpr,precision,f1score,accuracy
50,0.705,0.150,0.825,0.760,0.790
100,0.705,0.150,0.825,0.760,0.790

2016/07/07 18:16:13 experiment close-the-world-consensus-open
pct,recall(tpr),fpr,precision,f1score,accuracy
50,0.770,0.588,0.567,0.653,0.615
100,0.770,0.588,0.567,0.653,0.615

2016/07/07 18:16:13 experiment two-classifier-merge
pct,recall(tpr),fpr,precision,f1score,accuracy
50,0.803,0.311,0.722,0.760,0.779
100,0.803,0.311,0.722,0.760,0.779

2016/07/07 18:16:13 experiment wf
pct,recall(tpr),fpr,precision,f1score,accuracy
50,0.705,0.150,0.825,0.760,0.790
100,0.705,0.150,0.825,0.760,0.790

2016/07/07 18:16:13 experiment perfect
pct,recall(tpr),fpr,precision,f1score,accuracy
50,1.000,0.000,1.000,1.000,1.000
100,1.000,0.000,1.000,1.000,1.000

2016/07/07 18:16:13 experiment close-the-world
pct,recall(tpr),fpr,precision,f1score,accuracy
50,0.770,0.588,0.567,0.653,0.615
100,0.770,0.588,0.567,0.653,0.615

2016/07/07 18:16:13 experiment close-the-world-consensus
pct,recall(tpr),fpr,precision,f1score,accuracy
50,0.739,0.367,0.670,0.702,0.706
100,0.770,0.588,0.567,0.653,0.615

2016/07/07 18:16:13 experiment two-classifier-high-recall
pct,recall(tpr),fpr,precision,f1score,accuracy
50,0.803,0.311,0.722,0.760,0.779
100,0.803,0.311,0.722,0.760,0.779


#################### offset 1k below ####################
2016/07/07 18:08:03 experiment two-classifier-high-precision
pct,recall(tpr),fpr,precision,f1score,accuracy
50,0.799,0.103,0.887,0.840,0.851
100,0.812,0.108,0.883,0.846,0.855

2016/07/07 18:08:03 experiment two-classifier-high-recall
pct,recall(tpr),fpr,precision,f1score,accuracy
50,0.863,0.176,0.832,0.847,0.852
100,0.863,0.176,0.832,0.847,0.852

2016/07/07 18:08:03 experiment close-the-world-consensus-open
pct,recall(tpr),fpr,precision,f1score,accuracy
50,0.885,0.600,0.596,0.712,0.657
100,0.892,0.599,0.598,0.716,0.660

2016/07/07 18:08:03 experiment wf
pct,recall(tpr),fpr,precision,f1score,accuracy
50,0.812,0.108,0.883,0.846,0.855
100,0.812,0.108,0.883,0.846,0.855

2016/07/07 18:08:03 experiment close-the-world
pct,recall(tpr),fpr,precision,f1score,accuracy
50,0.880,0.609,0.591,0.707,0.655
100,0.892,0.599,0.598,0.716,0.660

2016/07/07 18:08:03 experiment close-the-world-open
pct,recall(tpr),fpr,precision,f1score,accuracy
50,0.799,0.105,0.885,0.839,0.850
100,0.812,0.108,0.883,0.846,0.855

2016/07/07 18:08:03 experiment close-the-world-consensus
pct,recall(tpr),fpr,precision,f1score,accuracy
50,0.847,0.366,0.699,0.765,0.752
100,0.892,0.599,0.598,0.716,0.660

2016/07/07 18:08:03 experiment perfect
pct,recall(tpr),fpr,precision,f1score,accuracy
50,1.000,0.000,1.000,1.000,1.000
100,1.000,0.000,1.000,1.000,1.000

2016/07/07 18:08:03 experiment two-classifier-merge
pct,recall(tpr),fpr,precision,f1score,accuracy
50,0.850,0.171,0.834,0.841,0.848
100,0.863,0.176,0.832,0.847,0.852


#################### offset 10k below ####################
2016/07/07 17:59:09 experiment close-the-world-consensus
pct,recall(tpr),fpr,precision,f1score,accuracy
50,0.876,0.466,0.653,0.748,0.730
100,0.950,0.766,0.554,0.700,0.600

2016/07/07 17:59:09 experiment close-the-world-consensus-open
pct,recall(tpr),fpr,precision,f1score,accuracy
50,0.895,0.770,0.538,0.672,0.575
100,0.948,0.752,0.558,0.702,0.605

2016/07/07 17:59:09 experiment two-classifier-high-recall
pct,recall(tpr),fpr,precision,f1score,accuracy
50,0.929,0.124,0.883,0.905,0.908
100,0.931,0.124,0.883,0.906,0.908

2016/07/07 17:59:09 experiment two-classifier-merge
pct,recall(tpr),fpr,precision,f1score,accuracy
50,0.830,0.101,0.892,0.859,0.868
100,0.931,0.101,0.902,0.916,0.919

2016/07/07 17:59:09 experiment wf
pct,recall(tpr),fpr,precision,f1score,accuracy
50,0.911,0.082,0.918,0.914,0.919
100,0.911,0.082,0.918,0.914,0.919

2016/07/07 17:59:09 experiment close-the-world
pct,recall(tpr),fpr,precision,f1score,accuracy
50,0.846,0.850,0.500,0.628,0.546
100,0.950,0.766,0.554,0.700,0.600

2016/07/07 17:59:09 experiment close-the-world-open
pct,recall(tpr),fpr,precision,f1score,accuracy
50,0.815,0.067,0.924,0.866,0.880
100,0.914,0.063,0.935,0.924,0.929

2016/07/07 17:59:09 experiment two-classifier-high-precision
pct,recall(tpr),fpr,precision,f1score,accuracy
50,0.812,0.059,0.932,0.868,0.880
100,0.911,0.059,0.939,0.925,0.930

2016/07/07 17:59:09 experiment perfect
pct,recall(tpr),fpr,precision,f1score,accuracy
50,1.000,0.000,1.000,1.000,1.000
100,1.000,0.000,1.000,1.000,1.000


#################### offset 100k below ####################
2016/07/07 17:49:33 experiment close-the-world-open
pct,recall(tpr),fpr,precision,f1score,accuracy
50,0.475,0.045,0.915,0.624,0.716
100,0.697,0.045,0.940,0.800,0.827

2016/07/07 17:49:33 experiment close-the-world
pct,recall(tpr),fpr,precision,f1score,accuracy
50,0.515,1.010,0.338,0.408,0.431
100,0.773,0.855,0.475,0.588,0.560

2016/07/07 17:49:33 experiment two-classifier-merge
pct,recall(tpr),fpr,precision,f1score,accuracy
50,0.495,0.075,0.872,0.630,0.712
100,0.735,0.075,0.909,0.812,0.832

2016/07/07 17:49:33 experiment close-the-world-consensus
pct,recall(tpr),fpr,precision,f1score,accuracy
50,0.641,0.575,0.528,0.578,0.633
100,0.773,0.855,0.475,0.588,0.560

2016/07/07 17:49:33 experiment wf
pct,recall(tpr),fpr,precision,f1score,accuracy
50,0.745,0.149,0.834,0.787,0.823
100,0.745,0.149,0.834,0.787,0.823

2016/07/07 17:49:33 experiment two-classifier-high-precision
pct,recall(tpr),fpr,precision,f1score,accuracy
50,0.475,0.043,0.919,0.625,0.716
100,0.697,0.043,0.943,0.801,0.828

2016/07/07 17:49:33 experiment perfect
pct,recall(tpr),fpr,precision,f1score,accuracy
50,1.000,0.000,1.000,1.000,1.000
100,1.000,0.000,1.000,1.000,1.000

2016/07/07 17:49:33 experiment close-the-world-consensus-open
pct,recall(tpr),fpr,precision,f1score,accuracy
50,0.655,0.799,0.451,0.534,0.510
100,0.772,0.717,0.520,0.621,0.582

2016/07/07 17:49:33 experiment two-classifier-high-recall
pct,recall(tpr),fpr,precision,f1score,accuracy
50,0.765,0.181,0.810,0.786,0.819
100,0.783,0.181,0.813,0.797,0.828
