wfdns run at 2016-07-26 16:42:05.538574442 -0400 EDT for 1000x100+100000 at alexa10000

k2-ctw attack
pct,recall,precision,f1score,fpr,accuracy
0,0.000,0.000,0.000,0.000,0.500
	tp0,fpp0,fnp0,fn10000,tn10000
	tp0,fpp0,fnp0,fn10000,tn10000
	tp0,fpp0,fnp0,fn10000,tn10000
	tp0,fpp0,fnp0,fn10000,tn10000
	tp0,fpp0,fnp0,fn10000,tn10000
	tp0,fpp0,fnp0,fn10000,tn10000
	tp0,fpp0,fnp0,fn10000,tn10000
	tp0,fpp0,fnp0,fn10000,tn10000
	tp0,fpp0,fnp0,fn10000,tn10000
	tp0,fpp0,fnp0,fn10000,tn10000
10,0.068,0.822,0.125,0.015,0.532
	tp675,fpp92,fnp33,fn9233,tn9967
	tp668,fpp84,fnp36,fn9248,tn9964
	tp641,fpp110,fnp45,fn9249,tn9955
	tp650,fpp123,fnp36,fn9227,tn9964
	tp666,fpp116,fnp33,fn9218,tn9967
	tp731,fpp129,fnp45,fn9140,tn9955
	tp647,fpp102,fnp34,fn9251,tn9966
	tp679,fpp101,fnp29,fn9220,tn9971
	tp721,fpp119,fnp46,fn9160,tn9954
	tp693,fpp124,fnp35,fn9183,tn9965
20,0.129,0.855,0.224,0.022,0.562
	tp1321,fpp173,fnp51,fn8506,tn9949
	tp1299,fpp153,fnp49,fn8548,tn9951
	tp1339,fpp165,fnp46,fn8496,tn9954
	tp1285,fpp165,fnp62,fn8550,tn9938
	tp1273,fpp183,fnp51,fn8544,tn9949
	tp1273,fpp194,fnp63,fn8533,tn9937
	tp1237,fpp167,fnp53,fn8596,tn9947
	tp1327,fpp147,fnp40,fn8526,tn9960
	tp1276,fpp142,fnp59,fn8582,tn9941
	tp1254,fpp167,fnp50,fn8579,tn9950
30,0.194,0.883,0.318,0.026,0.594
	tp2017,fpp189,fnp56,fn7794,tn9944
	tp1945,fpp187,fnp56,fn7868,tn9944
	tp1930,fpp199,fnp69,fn7871,tn9931
	tp1906,fpp208,fnp77,fn7886,tn9923
	tp1889,fpp209,fnp46,fn7902,tn9954
	tp1916,fpp208,fnp70,fn7876,tn9930
	tp1934,fpp178,fnp53,fn7888,tn9947
	tp1986,fpp198,fnp47,fn7816,tn9953
	tp1951,fpp194,fnp65,fn7855,tn9935
	tp1955,fpp206,fnp59,fn7839,tn9941
40,0.254,0.901,0.396,0.028,0.623
	tp2556,fpp231,fnp83,fn7213,tn9917
	tp2541,fpp202,fnp60,fn7257,tn9940
	tp2563,fpp219,fnp70,fn7218,tn9930
	tp2576,fpp202,fnp81,fn7222,tn9919
	tp2526,fpp189,fnp65,fn7285,tn9935
	tp2518,fpp231,fnp86,fn7251,tn9914
	tp2475,fpp179,fnp68,fn7346,tn9932
	tp2563,fpp209,fnp69,fn7228,tn9931
	tp2509,fpp225,fnp66,fn7266,tn9934
	tp2576,fpp190,fnp67,fn7234,tn9933
50,0.312,0.911,0.465,0.031,0.652
	tp3151,fpp234,fnp87,fn6615,tn9913
	tp3044,fpp220,fnp105,fn6736,tn9895
	tp3171,fpp222,fnp79,fn6607,tn9921
	tp3092,fpp216,fnp85,fn6692,tn9915
	tp3118,fpp217,fnp87,fn6665,tn9913
	tp3103,fpp214,fnp101,fn6683,tn9899
	tp3152,fpp211,fnp91,fn6637,tn9909
	tp3151,fpp200,fnp75,fn6649,tn9925
	tp3122,fpp214,fnp91,fn6664,tn9909
	tp3131,fpp231,fnp86,fn6638,tn9914
60,0.371,0.921,0.529,0.032,0.681
	tp3806,fpp236,fnp103,fn5958,tn9897
	tp3773,fpp202,fnp99,fn6025,tn9901
	tp3696,fpp235,fnp96,fn6069,tn9904
	tp3686,fpp245,fnp96,fn6069,tn9904
	tp3657,fpp234,fnp94,fn6109,tn9906
	tp3663,fpp208,fnp100,fn6129,tn9900
	tp3707,fpp210,fnp88,fn6083,tn9912
	tp3794,fpp196,fnp94,fn6010,tn9906
	tp3649,fpp218,fnp109,fn6133,tn9891
	tp3697,fpp215,fnp98,fn6088,tn9902
70,0.424,0.933,0.583,0.031,0.707
	tp4249,fpp193,fnp107,fn5558,tn9893
	tp4251,fpp170,fnp124,fn5579,tn9876
	tp4306,fpp215,fnp117,fn5479,tn9883
	tp4239,fpp202,fnp98,fn5559,tn9902
	tp4201,fpp198,fnp105,fn5601,tn9895
	tp4267,fpp210,fnp116,fn5523,tn9884
	tp4230,fpp199,fnp110,fn5571,tn9890
	tp4231,fpp221,fnp93,fn5548,tn9907
	tp4193,fpp203,fnp103,fn5604,tn9897
	tp4214,fpp187,fnp89,fn5599,tn9911
80,0.477,0.939,0.633,0.031,0.733
	tp4818,fpp184,fnp123,fn4998,tn9877
	tp4732,fpp197,fnp117,fn5071,tn9883
	tp4828,fpp191,fnp117,fn4981,tn9883
	tp4738,fpp215,fnp136,fn5047,tn9864
	tp4837,fpp201,fnp132,fn4962,tn9868
	tp4773,fpp184,fnp104,fn5043,tn9896
	tp4792,fpp173,fnp120,fn5035,tn9880
	tp4768,fpp186,fnp109,fn5046,tn9891
	tp4692,fpp192,fnp121,fn5116,tn9879
	tp4763,fpp185,fnp118,fn5052,tn9882
90,0.531,0.947,0.680,0.030,0.759
	tp5358,fpp172,fnp124,fn4470,tn9876
	tp5282,fpp171,fnp119,fn4547,tn9881
	tp5348,fpp149,fnp140,fn4503,tn9860
	tp5301,fpp182,fnp147,fn4517,tn9853
	tp5311,fpp156,fnp149,fn4533,tn9851
	tp5283,fpp157,fnp151,fn4560,tn9849
	tp5321,fpp161,fnp124,fn4518,tn9876
	tp5366,fpp167,fnp131,fn4467,tn9869
	tp5246,fpp160,fnp119,fn4594,tn9881
	tp5242,fpp162,fnp134,fn4596,tn9866
100,0.581,0.954,0.722,0.028,0.784
	tp5878,fpp154,fnp155,fn3968,tn9845
	tp5779,fpp143,fnp127,fn4078,tn9873
	tp5875,fpp144,fnp133,fn3981,tn9867
	tp5784,fpp159,fnp148,fn4057,tn9852
	tp5756,fpp135,fnp144,fn4109,tn9856
	tp5797,fpp133,fnp167,fn4070,tn9833
	tp5834,fpp140,fnp109,fn4026,tn9891
	tp5899,fpp135,fnp121,fn3966,tn9879
	tp5748,fpp148,fnp124,fn4104,tn9876
	tp5782,fpp141,fnp128,fn4077,tn9872

k2-hp attack
pct,recall,precision,f1score,fpr,accuracy
0,0.000,0.000,0.000,0.000,0.500
	tp0,fpp0,fnp0,fn10000,tn10000
	tp0,fpp0,fnp0,fn10000,tn10000
	tp0,fpp0,fnp0,fn10000,tn10000
	tp0,fpp0,fnp0,fn10000,tn10000
	tp0,fpp0,fnp0,fn10000,tn10000
	tp0,fpp0,fnp0,fn10000,tn10000
	tp0,fpp0,fnp0,fn10000,tn10000
	tp0,fpp0,fnp0,fn10000,tn10000
	tp0,fpp0,fnp0,fn10000,tn10000
	tp0,fpp0,fnp0,fn10000,tn10000
10,0.059,0.983,0.112,0.001,0.529
	tp599,fpp4,fnp7,fn9397,tn9993
	tp591,fpp3,fnp7,fn9406,tn9993
	tp557,fpp3,fnp7,fn9440,tn9993
	tp580,fpp2,fnp11,fn9418,tn9989
	tp591,fpp3,fnp6,fn9406,tn9994
	tp633,fpp5,fnp4,fn9362,tn9996
	tp553,fpp4,fnp7,fn9443,tn9993
	tp586,fpp3,fnp7,fn9411,tn9993
	tp633,fpp1,fnp7,fn9366,tn9993
	tp608,fpp4,fnp9,fn9388,tn9991
20,0.113,0.982,0.203,0.002,0.556
	tp1165,fpp4,fnp10,fn8831,tn9990
	tp1139,fpp2,fnp15,fn8859,tn9985
	tp1174,fpp7,fnp13,fn8819,tn9987
	tp1130,fpp5,fnp20,fn8865,tn9980
	tp1102,fpp2,fnp17,fn8896,tn9983
	tp1109,fpp7,fnp18,fn8884,tn9982
	tp1098,fpp8,fnp17,fn8894,tn9983
	tp1162,fpp2,fnp12,fn8836,tn9988
	tp1107,fpp4,fnp20,fn8889,tn9980
	tp1105,fpp11,fnp12,fn8884,tn9988
30,0.172,0.984,0.293,0.003,0.585
	tp1770,fpp5,fnp17,fn8225,tn9983
	tp1749,fpp10,fnp18,fn8241,tn9982
	tp1722,fpp11,fnp26,fn8267,tn9974
	tp1673,fpp9,fnp26,fn8318,tn9974
	tp1671,fpp6,fnp19,fn8323,tn9981
	tp1665,fpp10,fnp21,fn8325,tn9979
	tp1735,fpp6,fnp14,fn8259,tn9986
	tp1743,fpp9,fnp16,fn8248,tn9984
	tp1746,fpp11,fnp24,fn8243,tn9976
	tp1722,fpp9,fnp19,fn8269,tn9981
40,0.226,0.982,0.368,0.004,0.612
	tp2283,fpp17,fnp30,fn7700,tn9970
	tp2294,fpp14,fnp30,fn7692,tn9970
	tp2283,fpp11,fnp24,fn7706,tn9976
	tp2279,fpp9,fnp31,fn7712,tn9969
	tp2228,fpp12,fnp31,fn7760,tn9969
	tp2237,fpp10,fnp36,fn7753,tn9964
	tp2218,fpp12,fnp27,fn7770,tn9973
	tp2280,fpp16,fnp31,fn7704,tn9969
	tp2236,fpp15,fnp28,fn7749,tn9972
	tp2273,fpp12,fnp19,fn7715,tn9981
50,0.279,0.981,0.434,0.005,0.638
	tp2800,fpp28,fnp33,fn7172,tn9967
	tp2721,fpp19,fnp44,fn7260,tn9956
	tp2831,fpp14,fnp28,fn7155,tn9972
	tp2740,fpp11,fnp32,fn7249,tn9968
	tp2779,fpp19,fnp40,fn7202,tn9960
	tp2769,fpp13,fnp49,fn7218,tn9951
	tp2831,fpp12,fnp36,fn7157,tn9964
	tp2816,fpp11,fnp33,fn7173,tn9967
	tp2794,fpp21,fnp39,fn7185,tn9961
	tp2810,fpp14,fnp35,fn7176,tn9965
60,0.334,0.982,0.498,0.006,0.665
	tp3433,fpp9,fnp51,fn6558,tn9949
	tp3421,fpp17,fnp45,fn6562,tn9955
	tp3318,fpp23,fnp45,fn6659,tn9955
	tp3308,fpp19,fnp38,fn6673,tn9962
	tp3281,fpp22,fnp44,fn6697,tn9956
	tp3276,fpp11,fnp43,fn6713,tn9957
	tp3344,fpp20,fnp40,fn6636,tn9960
	tp3397,fpp23,fnp32,fn6580,tn9968
	tp3277,fpp24,fnp49,fn6699,tn9951
	tp3322,fpp17,fnp36,fn6661,tn9964
70,0.382,0.982,0.550,0.007,0.688
	tp3824,fpp21,fnp47,fn6155,tn9953
	tp3829,fpp19,fnp67,fn6152,tn9933
	tp3878,fpp18,fnp60,fn6104,tn9940
	tp3794,fpp23,fnp47,fn6183,tn9953
	tp3799,fpp17,fnp53,fn6184,tn9947
	tp3827,fpp22,fnp54,fn6151,tn9946
	tp3834,fpp21,fnp52,fn6145,tn9948
	tp3806,fpp16,fnp45,fn6178,tn9955
	tp3806,fpp22,fnp47,fn6172,tn9953
	tp3800,fpp15,fnp37,fn6185,tn9963
80,0.433,0.981,0.601,0.008,0.714
	tp4368,fpp27,fnp46,fn5605,tn9954
	tp4310,fpp16,fnp68,fn5674,tn9932
	tp4371,fpp25,fnp55,fn5604,tn9945
	tp4288,fpp31,fnp69,fn5681,tn9931
	tp4395,fpp22,fnp60,fn5583,tn9940
	tp4314,fpp29,fnp59,fn5657,tn9941
	tp4358,fpp28,fnp57,fn5614,tn9943
	tp4300,fpp22,fnp43,fn5678,tn9957
	tp4256,fpp23,fnp64,fn5721,tn9936
	tp4333,fpp22,fnp53,fn5645,tn9947
90,0.482,0.981,0.646,0.009,0.738
	tp4854,fpp30,fnp59,fn5116,tn9941
	tp4801,fpp25,fnp57,fn5174,tn9943
	tp4850,fpp24,fnp63,fn5126,tn9937
	tp4806,fpp22,fnp77,fn5172,tn9923
	tp4824,fpp23,fnp71,fn5153,tn9929
	tp4780,fpp29,fnp75,fn5191,tn9925
	tp4832,fpp28,fnp73,fn5140,tn9927
	tp4883,fpp24,fnp60,fn5093,tn9940
	tp4775,fpp30,fnp61,fn5195,tn9939
	tp4764,fpp32,fnp71,fn5204,tn9929
100,0.530,0.982,0.688,0.010,0.762
	tp5347,fpp27,fnp71,fn4626,tn9929
	tp5293,fpp35,fnp62,fn4672,tn9938
	tp5349,fpp24,fnp72,fn4627,tn9928
	tp5272,fpp32,fnp81,fn4696,tn9919
	tp5252,fpp25,fnp79,fn4723,tn9921
	tp5258,fpp21,fnp82,fn4721,tn9918
	tp5305,fpp28,fnp51,fn4667,tn9949
	tp5354,fpp20,fnp58,fn4626,tn9942
	tp5259,fpp39,fnp60,fn4702,tn9940
	tp5292,fpp22,fnp62,fn4686,tn9938

k2-wf attack
pct,recall,precision,f1score,fpr,accuracy
0,0.546,0.860,0.668,0.089,0.742
	tp5502,fpp266,fnp625,fn4232,tn9375
	tp5462,fpp246,fnp618,fn4292,tn9382
	tp5514,fpp260,fnp618,fn4226,tn9382
	tp5425,fpp309,fnp695,fn4266,tn9305
	tp5439,fpp245,fnp651,fn4316,tn9349
	tp5415,fpp269,fnp703,fn4316,tn9297
	tp5468,fpp268,fnp597,fn4264,tn9403
	tp5534,fpp225,fnp602,fn4241,tn9398
	tp5421,fpp253,fnp618,fn4326,tn9382
	tp5450,fpp261,fnp594,fn4289,tn9406
10,0.546,0.860,0.668,0.089,0.742
	tp5502,fpp266,fnp625,fn4232,tn9375
	tp5462,fpp246,fnp618,fn4292,tn9382
	tp5514,fpp260,fnp618,fn4226,tn9382
	tp5425,fpp309,fnp695,fn4266,tn9305
	tp5439,fpp245,fnp651,fn4316,tn9349
	tp5415,fpp269,fnp703,fn4316,tn9297
	tp5468,fpp268,fnp597,fn4264,tn9403
	tp5534,fpp225,fnp602,fn4241,tn9398
	tp5421,fpp253,fnp618,fn4326,tn9382
	tp5450,fpp261,fnp594,fn4289,tn9406
20,0.546,0.860,0.668,0.089,0.742
	tp5502,fpp266,fnp625,fn4232,tn9375
	tp5462,fpp246,fnp618,fn4292,tn9382
	tp5514,fpp260,fnp618,fn4226,tn9382
	tp5425,fpp309,fnp695,fn4266,tn9305
	tp5439,fpp245,fnp651,fn4316,tn9349
	tp5415,fpp269,fnp703,fn4316,tn9297
	tp5468,fpp268,fnp597,fn4264,tn9403
	tp5534,fpp225,fnp602,fn4241,tn9398
	tp5421,fpp253,fnp618,fn4326,tn9382
	tp5450,fpp261,fnp594,fn4289,tn9406
30,0.546,0.860,0.668,0.089,0.742
	tp5502,fpp266,fnp625,fn4232,tn9375
	tp5462,fpp246,fnp618,fn4292,tn9382
	tp5514,fpp260,fnp618,fn4226,tn9382
	tp5425,fpp309,fnp695,fn4266,tn9305
	tp5439,fpp245,fnp651,fn4316,tn9349
	tp5415,fpp269,fnp703,fn4316,tn9297
	tp5468,fpp268,fnp597,fn4264,tn9403
	tp5534,fpp225,fnp602,fn4241,tn9398
	tp5421,fpp253,fnp618,fn4326,tn9382
	tp5450,fpp261,fnp594,fn4289,tn9406
40,0.546,0.860,0.668,0.089,0.742
	tp5502,fpp266,fnp625,fn4232,tn9375
	tp5462,fpp246,fnp618,fn4292,tn9382
	tp5514,fpp260,fnp618,fn4226,tn9382
	tp5425,fpp309,fnp695,fn4266,tn9305
	tp5439,fpp245,fnp651,fn4316,tn9349
	tp5415,fpp269,fnp703,fn4316,tn9297
	tp5468,fpp268,fnp597,fn4264,tn9403
	tp5534,fpp225,fnp602,fn4241,tn9398
	tp5421,fpp253,fnp618,fn4326,tn9382
	tp5450,fpp261,fnp594,fn4289,tn9406
50,0.546,0.860,0.668,0.089,0.742
	tp5502,fpp266,fnp625,fn4232,tn9375
	tp5462,fpp246,fnp618,fn4292,tn9382
	tp5514,fpp260,fnp618,fn4226,tn9382
	tp5425,fpp309,fnp695,fn4266,tn9305
	tp5439,fpp245,fnp651,fn4316,tn9349
	tp5415,fpp269,fnp703,fn4316,tn9297
	tp5468,fpp268,fnp597,fn4264,tn9403
	tp5534,fpp225,fnp602,fn4241,tn9398
	tp5421,fpp253,fnp618,fn4326,tn9382
	tp5450,fpp261,fnp594,fn4289,tn9406
60,0.546,0.860,0.668,0.089,0.742
	tp5502,fpp266,fnp625,fn4232,tn9375
	tp5462,fpp246,fnp618,fn4292,tn9382
	tp5514,fpp260,fnp618,fn4226,tn9382
	tp5425,fpp309,fnp695,fn4266,tn9305
	tp5439,fpp245,fnp651,fn4316,tn9349
	tp5415,fpp269,fnp703,fn4316,tn9297
	tp5468,fpp268,fnp597,fn4264,tn9403
	tp5534,fpp225,fnp602,fn4241,tn9398
	tp5421,fpp253,fnp618,fn4326,tn9382
	tp5450,fpp261,fnp594,fn4289,tn9406
70,0.546,0.860,0.668,0.089,0.742
	tp5502,fpp266,fnp625,fn4232,tn9375
	tp5462,fpp246,fnp618,fn4292,tn9382
	tp5514,fpp260,fnp618,fn4226,tn9382
	tp5425,fpp309,fnp695,fn4266,tn9305
	tp5439,fpp245,fnp651,fn4316,tn9349
	tp5415,fpp269,fnp703,fn4316,tn9297
	tp5468,fpp268,fnp597,fn4264,tn9403
	tp5534,fpp225,fnp602,fn4241,tn9398
	tp5421,fpp253,fnp618,fn4326,tn9382
	tp5450,fpp261,fnp594,fn4289,tn9406
80,0.546,0.860,0.668,0.089,0.742
	tp5502,fpp266,fnp625,fn4232,tn9375
	tp5462,fpp246,fnp618,fn4292,tn9382
	tp5514,fpp260,fnp618,fn4226,tn9382
	tp5425,fpp309,fnp695,fn4266,tn9305
	tp5439,fpp245,fnp651,fn4316,tn9349
	tp5415,fpp269,fnp703,fn4316,tn9297
	tp5468,fpp268,fnp597,fn4264,tn9403
	tp5534,fpp225,fnp602,fn4241,tn9398
	tp5421,fpp253,fnp618,fn4326,tn9382
	tp5450,fpp261,fnp594,fn4289,tn9406
90,0.546,0.860,0.668,0.089,0.742
	tp5502,fpp266,fnp625,fn4232,tn9375
	tp5462,fpp246,fnp618,fn4292,tn9382
	tp5514,fpp260,fnp618,fn4226,tn9382
	tp5425,fpp309,fnp695,fn4266,tn9305
	tp5439,fpp245,fnp651,fn4316,tn9349
	tp5415,fpp269,fnp703,fn4316,tn9297
	tp5468,fpp268,fnp597,fn4264,tn9403
	tp5534,fpp225,fnp602,fn4241,tn9398
	tp5421,fpp253,fnp618,fn4326,tn9382
	tp5450,fpp261,fnp594,fn4289,tn9406
100,0.546,0.860,0.668,0.089,0.742
	tp5502,fpp266,fnp625,fn4232,tn9375
	tp5462,fpp246,fnp618,fn4292,tn9382
	tp5514,fpp260,fnp618,fn4226,tn9382
	tp5425,fpp309,fnp695,fn4266,tn9305
	tp5439,fpp245,fnp651,fn4316,tn9349
	tp5415,fpp269,fnp703,fn4316,tn9297
	tp5468,fpp268,fnp597,fn4264,tn9403
	tp5534,fpp225,fnp602,fn4241,tn9398
	tp5421,fpp253,fnp618,fn4326,tn9382
	tp5450,fpp261,fnp594,fn4289,tn9406

k4-ctw attack
pct,recall,precision,f1score,fpr,accuracy
0,0.000,0.000,0.000,0.000,0.500
	tp0,fpp0,fnp0,fn10000,tn10000
	tp0,fpp0,fnp0,fn10000,tn10000
	tp0,fpp0,fnp0,fn10000,tn10000
	tp0,fpp0,fnp0,fn10000,tn10000
	tp0,fpp0,fnp0,fn10000,tn10000
	tp0,fpp0,fnp0,fn10000,tn10000
	tp0,fpp0,fnp0,fn10000,tn10000
	tp0,fpp0,fnp0,fn10000,tn10000
	tp0,fpp0,fnp0,fn10000,tn10000
	tp0,fpp0,fnp0,fn10000,tn10000
10,0.057,0.908,0.108,0.006,0.528
	tp552,fpp33,fnp9,fn9415,tn9991
	tp576,fpp45,fnp8,fn9379,tn9992
	tp547,fpp55,fnp13,fn9398,tn9987
	tp548,fpp52,fnp14,fn9400,tn9986
	tp570,fpp51,fnp7,fn9379,tn9993
	tp599,fpp57,fnp8,fn9344,tn9992
	tp542,fpp50,fnp8,fn9408,tn9992
	tp582,fpp47,fnp7,fn9371,tn9993
	tp605,fpp49,fnp10,fn9346,tn9990
	tp604,fpp50,fnp8,fn9346,tn9992
20,0.109,0.922,0.194,0.009,0.553
	tp1111,fpp84,fnp21,fn8805,tn9979
	tp1096,fpp68,fnp16,fn8836,tn9984
	tp1124,fpp76,fnp10,fn8800,tn9990
	tp1079,fpp72,fnp21,fn8849,tn9979
	tp1074,fpp86,fnp22,fn8840,tn9978
	tp1061,fpp93,fnp21,fn8846,tn9979
	tp1064,fpp72,fnp17,fn8864,tn9983
	tp1117,fpp82,fnp13,fn8801,tn9987
	tp1082,fpp60,fnp19,fn8858,tn9981
	tp1058,fpp61,fnp8,fn8881,tn9992
30,0.164,0.936,0.279,0.011,0.581
	tp1689,fpp89,fnp17,fn8222,tn9983
	tp1641,fpp88,fnp13,fn8271,tn9987
	tp1630,fpp92,fnp27,fn8278,tn9973
	tp1608,fpp89,fnp23,fn8303,tn9977
	tp1582,fpp103,fnp14,fn8315,tn9986
	tp1613,fpp88,fnp28,fn8299,tn9972
	tp1633,fpp85,fnp19,fn8282,tn9981
	tp1688,fpp109,fnp15,fn8203,tn9985
	tp1657,fpp98,fnp17,fn8245,tn9983
	tp1644,fpp86,fnp11,fn8270,tn9989
40,0.213,0.949,0.348,0.011,0.605
	tp2128,fpp86,fnp23,fn7786,tn9977
	tp2123,fpp87,fnp19,fn7790,tn9981
	tp2129,fpp97,fnp28,fn7774,tn9972
	tp2181,fpp82,fnp30,fn7737,tn9970
	tp2130,fpp99,fnp22,fn7771,tn9978
	tp2108,fpp107,fnp30,fn7785,tn9970
	tp2097,fpp87,fnp17,fn7816,tn9983
	tp2146,fpp97,fnp29,fn7757,tn9971
	tp2094,fpp94,fnp18,fn7812,tn9982
	tp2180,fpp77,fnp19,fn7743,tn9981
50,0.263,0.959,0.412,0.011,0.630
	tp2636,fpp84,fnp31,fn7280,tn9969
	tp2561,fpp89,fnp27,fn7350,tn9973
	tp2657,fpp89,fnp29,fn7254,tn9971
	tp2615,fpp90,fnp24,fn7295,tn9976
	tp2616,fpp77,fnp29,fn7307,tn9971
	tp2607,fpp103,fnp40,fn7290,tn9960
	tp2637,fpp73,fnp32,fn7290,tn9968
	tp2680,fpp70,fnp19,fn7250,tn9981
	tp2629,fpp79,fnp25,fn7292,tn9975
	tp2631,fpp79,fnp27,fn7290,tn9973
60,0.312,0.965,0.471,0.011,0.654
	tp3211,fpp75,fnp32,fn6714,tn9968
	tp3160,fpp69,fnp38,fn6771,tn9962
	tp3102,fpp102,fnp27,fn6796,tn9973
	tp3085,fpp86,fnp28,fn6829,tn9972
	tp3067,fpp80,fnp38,fn6853,tn9962
	tp3064,fpp88,fnp39,fn6848,tn9961
	tp3109,fpp84,fnp27,fn6807,tn9973
	tp3216,fpp69,fnp28,fn6715,tn9972
	tp3063,fpp81,fnp38,fn6856,tn9962
	tp3113,fpp87,fnp26,fn6800,tn9974
70,0.356,0.972,0.521,0.010,0.676
	tp3574,fpp55,fnp33,fn6371,tn9967
	tp3570,fpp63,fnp43,fn6367,tn9957
	tp3582,fpp69,fnp45,fn6349,tn9955
	tp3578,fpp69,fnp33,fn6353,tn9967
	tp3529,fpp64,fnp28,fn6407,tn9972
	tp3563,fpp72,fnp43,fn6365,tn9957
	tp3566,fpp75,fnp34,fn6359,tn9966
	tp3565,fpp81,fnp30,fn6354,tn9970
	tp3494,fpp67,fnp35,fn6439,tn9965
	tp3581,fpp52,fnp18,fn6367,tn9982
80,0.401,0.976,0.569,0.010,0.699
	tp4062,fpp55,fnp48,fn5883,tn9952
	tp3973,fpp59,fnp34,fn5968,tn9966
	tp4057,fpp60,fnp36,fn5883,tn9964
	tp4004,fpp65,fnp49,fn5931,tn9951
	tp4060,fpp72,fnp45,fn5868,tn9955
	tp3993,fpp65,fnp34,fn5942,tn9966
	tp4025,fpp38,fnp35,fn5937,tn9965
	tp4014,fpp66,fnp28,fn5920,tn9972
	tp3947,fpp64,fnp30,fn5989,tn9970
	tp4015,fpp58,fnp34,fn5927,tn9966
90,0.446,0.980,0.613,0.009,0.721
	tp4519,fpp46,fnp43,fn5435,tn9957
	tp4415,fpp42,fnp38,fn5543,tn9962
	tp4473,fpp39,fnp55,fn5488,tn9945
	tp4489,fpp38,fnp53,fn5473,tn9947
	tp4443,fpp42,fnp51,fn5515,tn9949
	tp4402,fpp50,fnp51,fn5548,tn9949
	tp4451,fpp51,fnp44,fn5498,tn9956
	tp4544,fpp46,fnp40,fn5410,tn9960
	tp4395,fpp40,fnp38,fn5565,tn9962
	tp4426,fpp40,fnp44,fn5534,tn9956
100,0.488,0.985,0.653,0.007,0.742
	tp4927,fpp26,fnp48,fn5047,tn9952
	tp4842,fpp32,fnp34,fn5126,tn9966
	tp4923,fpp31,fnp48,fn5046,tn9952
	tp4887,fpp27,fnp46,fn5086,tn9954
	tp4828,fpp26,fnp42,fn5146,tn9958
	tp4855,fpp41,fnp68,fn5104,tn9932
	tp4875,fpp28,fnp32,fn5097,tn9968
	tp4984,fpp26,fnp37,fn4990,tn9963
	tp4839,fpp36,fnp38,fn5125,tn9962
	tp4888,fpp28,fnp37,fn5084,tn9963

k4-hp attack
pct,recall,precision,f1score,fpr,accuracy
0,0.000,0.000,0.000,0.000,0.500
	tp0,fpp0,fnp0,fn10000,tn10000
	tp0,fpp0,fnp0,fn10000,tn10000
	tp0,fpp0,fnp0,fn10000,tn10000
	tp0,fpp0,fnp0,fn10000,tn10000
	tp0,fpp0,fnp0,fn10000,tn10000
	tp0,fpp0,fnp0,fn10000,tn10000
	tp0,fpp0,fnp0,fn10000,tn10000
	tp0,fpp0,fnp0,fn10000,tn10000
	tp0,fpp0,fnp0,fn10000,tn10000
	tp0,fpp0,fnp0,fn10000,tn10000
10,0.049,0.995,0.094,0.000,0.525
	tp475,fpp1,fnp1,fn9524,tn9999
	tp496,fpp1,fnp2,fn9503,tn9998
	tp469,fpp0,fnp0,fn9531,tn10000
	tp482,fpp0,fnp4,fn9518,tn9996
	tp498,fpp0,fnp2,fn9502,tn9998
	tp506,fpp1,fnp2,fn9493,tn9998
	tp455,fpp1,fnp5,fn9544,tn9995
	tp506,fpp1,fnp3,fn9493,tn9997
	tp530,fpp0,fnp1,fn9470,tn9999
	tp528,fpp1,fnp1,fn9471,tn9999
20,0.094,0.993,0.173,0.001,0.547
	tp971,fpp1,fnp4,fn9028,tn9996
	tp940,fpp1,fnp3,fn9059,tn9997
	tp998,fpp1,fnp1,fn9001,tn9999
	tp944,fpp0,fnp7,fn9056,tn9993
	tp919,fpp0,fnp10,fn9081,tn9990
	tp903,fpp2,fnp7,fn9095,tn9993
	tp932,fpp1,fnp7,fn9067,tn9993
	tp986,fpp1,fnp2,fn9013,tn9998
	tp927,fpp2,fnp8,fn9071,tn9992
	tp926,fpp2,fnp2,fn9072,tn9998
30,0.143,0.995,0.250,0.001,0.571
	tp1489,fpp1,fnp8,fn8510,tn9992
	tp1431,fpp4,fnp4,fn8565,tn9996
	tp1441,fpp0,fnp7,fn8559,tn9993
	tp1401,fpp1,fnp6,fn8598,tn9994
	tp1384,fpp2,fnp4,fn8614,tn9996
	tp1377,fpp2,fnp10,fn8621,tn9990
	tp1435,fpp3,fnp7,fn8562,tn9993
	tp1480,fpp3,fnp4,fn8517,tn9996
	tp1463,fpp4,fnp4,fn8533,tn9996
	tp1419,fpp1,fnp2,fn8580,tn9998
40,0.188,0.994,0.316,0.001,0.593
	tp1889,fpp3,fnp8,fn8108,tn9992
	tp1900,fpp1,fnp8,fn8099,tn9992
	tp1891,fpp1,fnp8,fn8108,tn9992
	tp1921,fpp2,fnp12,fn8077,tn9988
	tp1859,fpp1,fnp10,fn8140,tn9990
	tp1836,fpp2,fnp17,fn8162,tn9983
	tp1838,fpp0,fnp10,fn8162,tn9990
	tp1889,fpp4,fnp9,fn8107,tn9991
	tp1847,fpp3,fnp6,fn8150,tn9994
	tp1910,fpp2,fnp8,fn8088,tn9992
50,0.232,0.995,0.377,0.001,0.616
	tp2353,fpp6,fnp12,fn7641,tn9988
	tp2246,fpp4,fnp9,fn7750,tn9991
	tp2340,fpp3,fnp9,fn7657,tn9991
	tp2314,fpp0,fnp7,fn7686,tn9993
	tp2311,fpp1,fnp13,fn7688,tn9987
	tp2293,fpp3,fnp14,fn7704,tn9986
	tp2339,fpp3,fnp10,fn7658,tn9990
	tp2367,fpp3,fnp3,fn7630,tn9997
	tp2335,fpp3,fnp10,fn7662,tn9990
	tp2332,fpp4,fnp9,fn7664,tn9991
60,0.278,0.994,0.434,0.002,0.638
	tp2870,fpp1,fnp16,fn7129,tn9984
	tp2811,fpp2,fnp15,fn7187,tn9985
	tp2757,fpp5,fnp10,fn7238,tn9990
	tp2754,fpp4,fnp4,fn7242,tn9996
	tp2736,fpp3,fnp19,fn7261,tn9981
	tp2708,fpp1,fnp19,fn7291,tn9981
	tp2781,fpp2,fnp13,fn7217,tn9987
	tp2858,fpp3,fnp9,fn7139,tn9991
	tp2724,fpp5,fnp15,fn7271,tn9985
	tp2767,fpp3,fnp8,fn7230,tn9992
70,0.318,0.994,0.482,0.002,0.658
	tp3207,fpp5,fnp14,fn6788,tn9986
	tp3164,fpp4,fnp21,fn6832,tn9979
	tp3210,fpp5,fnp22,fn6785,tn9978
	tp3185,fpp3,fnp15,fn6812,tn9985
	tp3136,fpp3,fnp14,fn6861,tn9986
	tp3153,fpp5,fnp15,fn6842,tn9985
	tp3179,fpp2,fnp11,fn6819,tn9989
	tp3208,fpp1,fnp13,fn6791,tn9987
	tp3142,fpp7,fnp13,fn6851,tn9987
	tp3199,fpp1,fnp8,fn6800,tn9992
80,0.360,0.994,0.529,0.002,0.679
	tp3667,fpp7,fnp22,fn6326,tn9978
	tp3569,fpp3,fnp16,fn6428,tn9984
	tp3652,fpp4,fnp15,fn6344,tn9985
	tp3598,fpp4,fnp23,fn6398,tn9977
	tp3635,fpp4,fnp21,fn6361,tn9979
	tp3552,fpp7,fnp15,fn6441,tn9985
	tp3616,fpp1,fnp10,fn6383,tn9990
	tp3600,fpp4,fnp12,fn6396,tn9988
	tp3535,fpp6,fnp16,fn6459,tn9984
	tp3608,fpp3,fnp12,fn6389,tn9988
90,0.401,0.994,0.571,0.003,0.699
	tp4071,fpp8,fnp19,fn5921,tn9981
	tp3952,fpp7,fnp17,fn6041,tn9983
	tp4038,fpp4,fnp21,fn5958,tn9979
	tp4046,fpp1,fnp26,fn5953,tn9974
	tp3990,fpp2,fnp30,fn6008,tn9970
	tp3946,fpp7,fnp23,fn6047,tn9977
	tp4009,fpp4,fnp20,fn5987,tn9980
	tp4103,fpp4,fnp15,fn5893,tn9985
	tp3976,fpp2,fnp19,fn6022,tn9981
	tp3969,fpp2,fnp21,fn6029,tn9979
100,0.441,0.995,0.611,0.002,0.720
	tp4469,fpp5,fnp27,fn5526,tn9973
	tp4370,fpp5,fnp10,fn5625,tn9990
	tp4454,fpp1,fnp23,fn5545,tn9977
	tp4427,fpp3,fnp20,fn5570,tn9980
	tp4354,fpp1,fnp20,fn5645,tn9980
	tp4340,fpp8,fnp30,fn5652,tn9970
	tp4398,fpp5,fnp13,fn5597,tn9987
	tp4496,fpp4,fnp18,fn5500,tn9982
	tp4378,fpp9,fnp20,fn5613,tn9980
	tp4421,fpp4,fnp16,fn5575,tn9984

k4-wf attack
pct,recall,precision,f1score,fpr,accuracy
0,0.455,0.951,0.615,0.023,0.718
	tp4601,fpp53,fnp203,fn5346,tn9797
	tp4506,fpp51,fnp175,fn5443,tn9825
	tp4594,fpp44,fnp196,fn5362,tn9804
	tp4564,fpp33,fnp194,fn5403,tn9806
	tp4509,fpp38,fnp209,fn5453,tn9791
	tp4464,fpp56,fnp225,fn5480,tn9775
	tp4534,fpp49,fnp167,fn5417,tn9833
	tp4650,fpp35,fnp166,fn5315,tn9834
	tp4515,fpp49,fnp165,fn5436,tn9835
	tp4550,fpp43,fnp180,fn5407,tn9820
10,0.455,0.951,0.615,0.023,0.718
	tp4601,fpp53,fnp203,fn5346,tn9797
	tp4506,fpp51,fnp175,fn5443,tn9825
	tp4594,fpp44,fnp196,fn5362,tn9804
	tp4564,fpp33,fnp194,fn5403,tn9806
	tp4509,fpp38,fnp209,fn5453,tn9791
	tp4464,fpp56,fnp225,fn5480,tn9775
	tp4534,fpp49,fnp167,fn5417,tn9833
	tp4650,fpp35,fnp166,fn5315,tn9834
	tp4515,fpp49,fnp165,fn5436,tn9835
	tp4550,fpp43,fnp180,fn5407,tn9820
20,0.455,0.951,0.615,0.023,0.718
	tp4601,fpp53,fnp203,fn5346,tn9797
	tp4506,fpp51,fnp175,fn5443,tn9825
	tp4594,fpp44,fnp196,fn5362,tn9804
	tp4564,fpp33,fnp194,fn5403,tn9806
	tp4509,fpp38,fnp209,fn5453,tn9791
	tp4464,fpp56,fnp225,fn5480,tn9775
	tp4534,fpp49,fnp167,fn5417,tn9833
	tp4650,fpp35,fnp166,fn5315,tn9834
	tp4515,fpp49,fnp165,fn5436,tn9835
	tp4550,fpp43,fnp180,fn5407,tn9820
30,0.455,0.951,0.615,0.023,0.718
	tp4601,fpp53,fnp203,fn5346,tn9797
	tp4506,fpp51,fnp175,fn5443,tn9825
	tp4594,fpp44,fnp196,fn5362,tn9804
	tp4564,fpp33,fnp194,fn5403,tn9806
	tp4509,fpp38,fnp209,fn5453,tn9791
	tp4464,fpp56,fnp225,fn5480,tn9775
	tp4534,fpp49,fnp167,fn5417,tn9833
	tp4650,fpp35,fnp166,fn5315,tn9834
	tp4515,fpp49,fnp165,fn5436,tn9835
	tp4550,fpp43,fnp180,fn5407,tn9820
40,0.455,0.951,0.615,0.023,0.718
	tp4601,fpp53,fnp203,fn5346,tn9797
	tp4506,fpp51,fnp175,fn5443,tn9825
	tp4594,fpp44,fnp196,fn5362,tn9804
	tp4564,fpp33,fnp194,fn5403,tn9806
	tp4509,fpp38,fnp209,fn5453,tn9791
	tp4464,fpp56,fnp225,fn5480,tn9775
	tp4534,fpp49,fnp167,fn5417,tn9833
	tp4650,fpp35,fnp166,fn5315,tn9834
	tp4515,fpp49,fnp165,fn5436,tn9835
	tp4550,fpp43,fnp180,fn5407,tn9820
50,0.455,0.951,0.615,0.023,0.718
	tp4601,fpp53,fnp203,fn5346,tn9797
	tp4506,fpp51,fnp175,fn5443,tn9825
	tp4594,fpp44,fnp196,fn5362,tn9804
	tp4564,fpp33,fnp194,fn5403,tn9806
	tp4509,fpp38,fnp209,fn5453,tn9791
	tp4464,fpp56,fnp225,fn5480,tn9775
	tp4534,fpp49,fnp167,fn5417,tn9833
	tp4650,fpp35,fnp166,fn5315,tn9834
	tp4515,fpp49,fnp165,fn5436,tn9835
	tp4550,fpp43,fnp180,fn5407,tn9820
60,0.455,0.951,0.615,0.023,0.718
	tp4601,fpp53,fnp203,fn5346,tn9797
	tp4506,fpp51,fnp175,fn5443,tn9825
	tp4594,fpp44,fnp196,fn5362,tn9804
	tp4564,fpp33,fnp194,fn5403,tn9806
	tp4509,fpp38,fnp209,fn5453,tn9791
	tp4464,fpp56,fnp225,fn5480,tn9775
	tp4534,fpp49,fnp167,fn5417,tn9833
	tp4650,fpp35,fnp166,fn5315,tn9834
	tp4515,fpp49,fnp165,fn5436,tn9835
	tp4550,fpp43,fnp180,fn5407,tn9820
70,0.455,0.951,0.615,0.023,0.718
	tp4601,fpp53,fnp203,fn5346,tn9797
	tp4506,fpp51,fnp175,fn5443,tn9825
	tp4594,fpp44,fnp196,fn5362,tn9804
	tp4564,fpp33,fnp194,fn5403,tn9806
	tp4509,fpp38,fnp209,fn5453,tn9791
	tp4464,fpp56,fnp225,fn5480,tn9775
	tp4534,fpp49,fnp167,fn5417,tn9833
	tp4650,fpp35,fnp166,fn5315,tn9834
	tp4515,fpp49,fnp165,fn5436,tn9835
	tp4550,fpp43,fnp180,fn5407,tn9820
80,0.455,0.951,0.615,0.023,0.718
	tp4601,fpp53,fnp203,fn5346,tn9797
	tp4506,fpp51,fnp175,fn5443,tn9825
	tp4594,fpp44,fnp196,fn5362,tn9804
	tp4564,fpp33,fnp194,fn5403,tn9806
	tp4509,fpp38,fnp209,fn5453,tn9791
	tp4464,fpp56,fnp225,fn5480,tn9775
	tp4534,fpp49,fnp167,fn5417,tn9833
	tp4650,fpp35,fnp166,fn5315,tn9834
	tp4515,fpp49,fnp165,fn5436,tn9835
	tp4550,fpp43,fnp180,fn5407,tn9820
90,0.455,0.951,0.615,0.023,0.718
	tp4601,fpp53,fnp203,fn5346,tn9797
	tp4506,fpp51,fnp175,fn5443,tn9825
	tp4594,fpp44,fnp196,fn5362,tn9804
	tp4564,fpp33,fnp194,fn5403,tn9806
	tp4509,fpp38,fnp209,fn5453,tn9791
	tp4464,fpp56,fnp225,fn5480,tn9775
	tp4534,fpp49,fnp167,fn5417,tn9833
	tp4650,fpp35,fnp166,fn5315,tn9834
	tp4515,fpp49,fnp165,fn5436,tn9835
	tp4550,fpp43,fnp180,fn5407,tn9820
100,0.455,0.951,0.615,0.023,0.718
	tp4601,fpp53,fnp203,fn5346,tn9797
	tp4506,fpp51,fnp175,fn5443,tn9825
	tp4594,fpp44,fnp196,fn5362,tn9804
	tp4564,fpp33,fnp194,fn5403,tn9806
	tp4509,fpp38,fnp209,fn5453,tn9791
	tp4464,fpp56,fnp225,fn5480,tn9775
	tp4534,fpp49,fnp167,fn5417,tn9833
	tp4650,fpp35,fnp166,fn5315,tn9834
	tp4515,fpp49,fnp165,fn5436,tn9835
	tp4550,fpp43,fnp180,fn5407,tn9820




wfdns run at 2016-07-27 20:38:03.803258413 +0000 UTC for 1000x100+100000 at alexa10000

k2-ctw attack
pct,recall,precision,f1score,fpr,accuracy
5,0.034,0.783,0.064,0.009,0.516
	tp340,fpp72,fnp17,fn9588,tn9983
	tp342,fpp71,fnp17,fn9587,tn9983
	tp320,fpp55,fnp20,fn9625,tn9980
	tp357,fpp69,fnp29,fn9574,tn9971
	tp347,fpp70,fnp17,fn9583,tn9983
	tp304,fpp84,fnp33,fn9612,tn9967
	tp369,fpp68,fnp26,fn9563,tn9974
	tp327,fpp59,fnp20,fn9614,tn9980
	tp313,fpp76,fnp33,fn9611,tn9967
	tp337,fpp65,fnp30,fn9598,tn9970
15,0.098,0.836,0.175,0.019,0.547
	tp1031,fpp145,fnp35,fn8824,tn9965
	tp1022,fpp152,fnp38,fn8826,tn9962
	tp949,fpp171,fnp52,fn8880,tn9948
	tp1001,fpp144,fnp41,fn8855,tn9959
	tp967,fpp140,fnp39,fn8893,tn9961
	tp971,fpp158,fnp41,fn8871,tn9959
	tp925,fpp145,fnp53,fn8930,tn9947
	tp1006,fpp153,fnp45,fn8841,tn9955
	tp959,fpp145,fnp45,fn8896,tn9955
	tp936,fpp138,fnp38,fn8926,tn9962
25,0.164,0.871,0.276,0.024,0.579
	tp1606,fpp178,fnp47,fn8216,tn9953
	tp1703,fpp167,fnp51,fn8130,tn9949
	tp1634,fpp201,fnp49,fn8165,tn9951
	tp1603,fpp187,fnp59,fn8210,tn9941
	tp1675,fpp214,fnp46,fn8111,tn9954
	tp1649,fpp198,fnp65,fn8153,tn9935
	tp1650,fpp184,fnp51,fn8166,tn9949
	tp1639,fpp192,fnp47,fn8169,tn9953
	tp1581,fpp171,fnp59,fn8248,tn9941
	tp1640,fpp193,fnp62,fn8167,tn9938
35,0.225,0.891,0.360,0.028,0.610
	tp2228,fpp223,fnp67,fn7549,tn9933
	tp2263,fpp220,fnp50,fn7517,tn9950
	tp2293,fpp213,fnp73,fn7494,tn9927
	tp2246,fpp218,fnp66,fn7536,tn9934
	tp2239,fpp221,fnp55,fn7540,tn9945
	tp2217,fpp223,fnp81,fn7560,tn9919
	tp2210,fpp211,fnp54,fn7579,tn9946
	tp2335,fpp208,fnp62,fn7457,tn9938
	tp2261,fpp196,fnp69,fn7543,tn9931
	tp2252,fpp199,fnp60,fn7549,tn9940
45,0.284,0.903,0.432,0.030,0.638
	tp2851,fpp232,fnp77,fn6917,tn9923
	tp2835,fpp225,fnp79,fn6940,tn9921
	tp2875,fpp218,fnp74,fn6907,tn9926
	tp2819,fpp235,fnp96,fn6946,tn9904
	tp2846,fpp199,fnp83,fn6955,tn9917
	tp2831,fpp220,fnp88,fn6949,tn9912
	tp2821,fpp225,fnp80,fn6954,tn9920
	tp2854,fpp215,fnp66,fn6931,tn9934
	tp2826,fpp248,fnp83,fn6926,tn9917
	tp2818,fpp218,fnp80,fn6964,tn9920
55,0.340,0.917,0.496,0.031,0.666
	tp3433,fpp216,fnp80,fn6351,tn9920
	tp3356,fpp207,fnp102,fn6437,tn9898
	tp3433,fpp252,fnp93,fn6315,tn9907
	tp3366,fpp223,fnp90,fn6411,tn9910
	tp3437,fpp245,fnp86,fn6318,tn9914
	tp3402,fpp205,fnp108,fn6393,tn9892
	tp3372,fpp182,fnp80,fn6446,tn9920
	tp3412,fpp215,fnp88,fn6373,tn9912
	tp3463,fpp226,fnp90,fn6311,tn9910
	tp3334,fpp229,fnp77,fn6437,tn9923
65,0.400,0.929,0.559,0.030,0.695
	tp4047,fpp191,fnp96,fn5762,tn9904
	tp3988,fpp236,fnp85,fn5776,tn9915
	tp4049,fpp207,fnp103,fn5744,tn9897
	tp4008,fpp240,fnp91,fn5752,tn9909
	tp3978,fpp204,fnp93,fn5818,tn9907
	tp3928,fpp218,fnp107,fn5854,tn9893
	tp4010,fpp178,fnp101,fn5812,tn9899
	tp4018,fpp227,fnp96,fn5755,tn9904
	tp3975,fpp178,fnp87,fn5847,tn9913
	tp4020,fpp213,fnp89,fn5767,tn9911
75,0.453,0.937,0.610,0.031,0.721
	tp4454,fpp205,fnp101,fn5341,tn9899
	tp4546,fpp201,fnp112,fn5253,tn9888
	tp4555,fpp204,fnp114,fn5241,tn9886
	tp4517,fpp197,fnp122,fn5286,tn9878
	tp4539,fpp213,fnp105,fn5248,tn9895
	tp4462,fpp200,fnp111,fn5338,tn9889
	tp4550,fpp191,fnp112,fn5259,tn9888
	tp4579,fpp199,fnp107,fn5222,tn9893
	tp4524,fpp184,fnp104,fn5292,tn9896
	tp4533,fpp185,fnp101,fn5282,tn9899
85,0.505,0.944,0.658,0.030,0.746
	tp4992,fpp182,fnp129,fn4826,tn9871
	tp5058,fpp174,fnp112,fn4768,tn9888
	tp5050,fpp176,fnp140,fn4774,tn9860
	tp5005,fpp178,fnp129,fn4817,tn9871
	tp4988,fpp170,fnp137,fn4842,tn9863
	tp5016,fpp180,fnp121,fn4804,tn9879
	tp5044,fpp172,fnp136,fn4784,tn9864
	tp5136,fpp161,fnp99,fn4703,tn9901
	tp5093,fpp181,fnp113,fn4726,tn9887
	tp5113,fpp194,fnp107,fn4693,tn9893
95,0.557,0.950,0.703,0.030,0.772
	tp5529,fpp161,fnp142,fn4310,tn9858
	tp5601,fpp168,fnp109,fn4231,tn9891
	tp5613,fpp154,fnp126,fn4233,tn9874
	tp5516,fpp185,fnp140,fn4299,tn9860
	tp5568,fpp169,fnp150,fn4263,tn9850
	tp5558,fpp157,fnp150,fn4285,tn9850
	tp5591,fpp159,fnp130,fn4250,tn9870
	tp5638,fpp131,fnp144,fn4231,tn9856
	tp5547,fpp133,fnp127,fn4320,tn9873
	tp5585,fpp165,fnp156,fn4250,tn9844

k2-hp attack
pct,recall,precision,f1score,fpr,accuracy
5,0.029,0.978,0.057,0.001,0.514
	tp306,fpp1,fnp4,fn9693,tn9996
	tp304,fpp2,fnp3,fn9694,tn9997
	tp271,fpp1,fnp6,fn9728,tn9994
	tp319,fpp3,fnp4,fn9678,tn9996
	tp298,fpp2,fnp2,fn9700,tn9998
	tp260,fpp5,fnp5,fn9735,tn9995
	tp322,fpp3,fnp5,fn9675,tn9995
	tp273,fpp0,fnp6,fn9727,tn9994
	tp273,fpp0,fnp6,fn9727,tn9994
	tp294,fpp1,fnp6,fn9705,tn9994
15,0.086,0.982,0.158,0.002,0.542
	tp904,fpp4,fnp7,fn9092,tn9993
	tp899,fpp7,fnp9,fn9094,tn9991
	tp823,fpp5,fnp19,fn9172,tn9981
	tp874,fpp6,fnp10,fn9120,tn9990
	tp862,fpp4,fnp6,fn9134,tn9994
	tp832,fpp3,fnp13,fn9165,tn9987
	tp816,fpp6,fnp11,fn9178,tn9989
	tp883,fpp2,fnp12,fn9115,tn9988
	tp841,fpp4,fnp13,fn9155,tn9987
	tp829,fpp4,fnp15,fn9167,tn9985
25,0.144,0.984,0.251,0.002,0.571
	tp1413,fpp10,fnp15,fn8577,tn9985
	tp1511,fpp6,fnp14,fn8483,tn9986
	tp1432,fpp13,fnp13,fn8555,tn9987
	tp1398,fpp11,fnp21,fn8591,tn9979
	tp1471,fpp7,fnp12,fn8522,tn9988
	tp1440,fpp5,fnp15,fn8555,tn9985
	tp1452,fpp11,fnp13,fn8537,tn9987
	tp1448,fpp2,fnp14,fn8550,tn9986
	tp1373,fpp10,fnp16,fn8617,tn9984
	tp1460,fpp11,fnp21,fn8529,tn9979
35,0.200,0.984,0.332,0.003,0.599
	tp1979,fpp11,fnp21,fn8010,tn9979
	tp2008,fpp11,fnp13,fn7981,tn9987
	tp2044,fpp10,fnp24,fn7946,tn9976
	tp2001,fpp10,fnp29,fn7989,tn9971
	tp1956,fpp11,fnp19,fn8033,tn9981
	tp1954,fpp15,fnp27,fn8031,tn9973
	tp1972,fpp8,fnp19,fn8020,tn9981
	tp2066,fpp11,fnp23,fn7923,tn9977
	tp1998,fpp13,fnp26,fn7989,tn9974
	tp1991,fpp7,fnp17,fn8002,tn9983
45,0.252,0.982,0.402,0.005,0.625
	tp2559,fpp15,fnp32,fn7426,tn9968
	tp2524,fpp17,fnp27,fn7459,tn9973
	tp2567,fpp13,fnp27,fn7420,tn9973
	tp2493,fpp20,fnp29,fn7487,tn9971
	tp2530,fpp16,fnp40,fn7454,tn9960
	tp2468,fpp7,fnp36,fn7525,tn9964
	tp2519,fpp17,fnp32,fn7464,tn9968
	tp2531,fpp11,fnp23,fn7458,tn9977
	tp2521,fpp12,fnp33,fn7467,tn9967
	tp2521,fpp12,fnp38,fn7467,tn9962
55,0.304,0.983,0.464,0.005,0.650
	tp3060,fpp14,fnp33,fn6926,tn9967
	tp3006,fpp9,fnp51,fn6985,tn9949
	tp3066,fpp15,fnp33,fn6919,tn9967
	tp3007,fpp13,fnp45,fn6980,tn9955
	tp3059,fpp23,fnp35,fn6918,tn9965
	tp3027,fpp10,fnp43,fn6963,tn9957
	tp3039,fpp11,fnp33,fn6950,tn9967
	tp3014,fpp14,fnp40,fn6972,tn9960
	tp3117,fpp18,fnp35,fn6865,tn9965
	tp2996,fpp10,fnp33,fn6994,tn9967
65,0.361,0.983,0.528,0.006,0.678
	tp3635,fpp18,fnp43,fn6347,tn9957
	tp3619,fpp21,fnp35,fn6360,tn9965
	tp3629,fpp18,fnp44,fn6353,tn9956
	tp3612,fpp27,fnp45,fn6361,tn9955
	tp3594,fpp22,fnp39,fn6384,tn9961
	tp3510,fpp14,fnp50,fn6476,tn9950
	tp3644,fpp20,fnp56,fn6336,tn9944
	tp3626,fpp17,fnp34,fn6357,tn9966
	tp3573,fpp10,fnp43,fn6417,tn9957
	tp3623,fpp22,fnp48,fn6355,tn9952
75,0.408,0.982,0.577,0.007,0.701
	tp4040,fpp25,fnp46,fn5935,tn9954
	tp4105,fpp19,fnp59,fn5876,tn9941
	tp4119,fpp21,fnp57,fn5860,tn9943
	tp4045,fpp23,fnp56,fn5932,tn9944
	tp4090,fpp18,fnp51,fn5892,tn9949
	tp4013,fpp14,fnp52,fn5973,tn9948
	tp4119,fpp13,fnp65,fn5868,tn9935
	tp4117,fpp18,fnp51,fn5865,tn9949
	tp4082,fpp25,fnp52,fn5893,tn9948
	tp4080,fpp14,fnp51,fn5906,tn9949
85,0.458,0.982,0.625,0.008,0.726
	tp4540,fpp24,fnp61,fn5436,tn9939
	tp4589,fpp28,fnp58,fn5383,tn9942
	tp4553,fpp21,fnp61,fn5426,tn9939
	tp4522,fpp26,fnp65,fn5452,tn9935
	tp4520,fpp14,fnp75,fn5466,tn9925
	tp4512,fpp26,fnp56,fn5462,tn9944
	tp4598,fpp19,fnp65,fn5383,tn9935
	tp4657,fpp18,fnp48,fn5325,tn9952
	tp4621,fpp27,fnp58,fn5352,tn9942
	tp4665,fpp19,fnp50,fn5316,tn9950
95,0.507,0.982,0.668,0.009,0.750
	tp5042,fpp32,fnp73,fn4926,tn9927
	tp5100,fpp23,fnp56,fn4877,tn9944
	tp5097,fpp21,fnp55,fn4882,tn9945
	tp5030,fpp45,fnp75,fn4925,tn9925
	tp5059,fpp23,fnp76,fn4918,tn9924
	tp5012,fpp31,fnp75,fn4957,tn9925
	tp5101,fpp29,fnp62,fn4870,tn9938
	tp5108,fpp15,fnp69,fn4877,tn9931
	tp5038,fpp24,fnp61,fn4938,tn9939
	tp5087,fpp28,fnp76,fn4885,tn9924

k2-wf attack
pct,recall,precision,f1score,fpr,accuracy
5,0.546,0.860,0.668,0.089,0.741
	tp5441,fpp266,fnp595,fn4293,tn9405
	tp5490,fpp253,fnp634,fn4257,tn9366
	tp5482,fpp260,fnp615,fn4258,tn9385
	tp5415,fpp303,fnp710,fn4282,tn9290
	tp5444,fpp250,fnp649,fn4306,tn9351
	tp5392,fpp257,fnp696,fn4351,tn9304
	tp5481,fpp284,fnp614,fn4235,tn9386
	tp5512,fpp221,fnp595,fn4267,tn9405
	tp5460,fpp260,fnp622,fn4280,tn9378
	tp5485,fpp240,fnp603,fn4275,tn9397
15,0.546,0.860,0.668,0.089,0.741
	tp5441,fpp266,fnp595,fn4293,tn9405
	tp5490,fpp253,fnp634,fn4257,tn9366
	tp5482,fpp260,fnp615,fn4258,tn9385
	tp5415,fpp303,fnp710,fn4282,tn9290
	tp5444,fpp250,fnp649,fn4306,tn9351
	tp5392,fpp257,fnp696,fn4351,tn9304
	tp5481,fpp284,fnp614,fn4235,tn9386
	tp5512,fpp221,fnp595,fn4267,tn9405
	tp5460,fpp260,fnp622,fn4280,tn9378
	tp5485,fpp240,fnp603,fn4275,tn9397
25,0.546,0.860,0.668,0.089,0.741
	tp5441,fpp266,fnp595,fn4293,tn9405
	tp5490,fpp253,fnp634,fn4257,tn9366
	tp5482,fpp260,fnp615,fn4258,tn9385
	tp5415,fpp303,fnp710,fn4282,tn9290
	tp5444,fpp250,fnp649,fn4306,tn9351
	tp5392,fpp257,fnp696,fn4351,tn9304
	tp5481,fpp284,fnp614,fn4235,tn9386
	tp5512,fpp221,fnp595,fn4267,tn9405
	tp5460,fpp260,fnp622,fn4280,tn9378
	tp5485,fpp240,fnp603,fn4275,tn9397
35,0.546,0.860,0.668,0.089,0.741
	tp5441,fpp266,fnp595,fn4293,tn9405
	tp5490,fpp253,fnp634,fn4257,tn9366
	tp5482,fpp260,fnp615,fn4258,tn9385
	tp5415,fpp303,fnp710,fn4282,tn9290
	tp5444,fpp250,fnp649,fn4306,tn9351
	tp5392,fpp257,fnp696,fn4351,tn9304
	tp5481,fpp284,fnp614,fn4235,tn9386
	tp5512,fpp221,fnp595,fn4267,tn9405
	tp5460,fpp260,fnp622,fn4280,tn9378
	tp5485,fpp240,fnp603,fn4275,tn9397
45,0.546,0.860,0.668,0.089,0.741
	tp5441,fpp266,fnp595,fn4293,tn9405
	tp5490,fpp253,fnp634,fn4257,tn9366
	tp5482,fpp260,fnp615,fn4258,tn9385
	tp5415,fpp303,fnp710,fn4282,tn9290
	tp5444,fpp250,fnp649,fn4306,tn9351
	tp5392,fpp257,fnp696,fn4351,tn9304
	tp5481,fpp284,fnp614,fn4235,tn9386
	tp5512,fpp221,fnp595,fn4267,tn9405
	tp5460,fpp260,fnp622,fn4280,tn9378
	tp5485,fpp240,fnp603,fn4275,tn9397
55,0.546,0.860,0.668,0.089,0.741
	tp5441,fpp266,fnp595,fn4293,tn9405
	tp5490,fpp253,fnp634,fn4257,tn9366
	tp5482,fpp260,fnp615,fn4258,tn9385
	tp5415,fpp303,fnp710,fn4282,tn9290
	tp5444,fpp250,fnp649,fn4306,tn9351
	tp5392,fpp257,fnp696,fn4351,tn9304
	tp5481,fpp284,fnp614,fn4235,tn9386
	tp5512,fpp221,fnp595,fn4267,tn9405
	tp5460,fpp260,fnp622,fn4280,tn9378
	tp5485,fpp240,fnp603,fn4275,tn9397
65,0.546,0.860,0.668,0.089,0.741
	tp5441,fpp266,fnp595,fn4293,tn9405
	tp5490,fpp253,fnp634,fn4257,tn9366
	tp5482,fpp260,fnp615,fn4258,tn9385
	tp5415,fpp303,fnp710,fn4282,tn9290
	tp5444,fpp250,fnp649,fn4306,tn9351
	tp5392,fpp257,fnp696,fn4351,tn9304
	tp5481,fpp284,fnp614,fn4235,tn9386
	tp5512,fpp221,fnp595,fn4267,tn9405
	tp5460,fpp260,fnp622,fn4280,tn9378
	tp5485,fpp240,fnp603,fn4275,tn9397
75,0.546,0.860,0.668,0.089,0.741
	tp5441,fpp266,fnp595,fn4293,tn9405
	tp5490,fpp253,fnp634,fn4257,tn9366
	tp5482,fpp260,fnp615,fn4258,tn9385
	tp5415,fpp303,fnp710,fn4282,tn9290
	tp5444,fpp250,fnp649,fn4306,tn9351
	tp5392,fpp257,fnp696,fn4351,tn9304
	tp5481,fpp284,fnp614,fn4235,tn9386
	tp5512,fpp221,fnp595,fn4267,tn9405
	tp5460,fpp260,fnp622,fn4280,tn9378
	tp5485,fpp240,fnp603,fn4275,tn9397
85,0.546,0.860,0.668,0.089,0.741
	tp5441,fpp266,fnp595,fn4293,tn9405
	tp5490,fpp253,fnp634,fn4257,tn9366
	tp5482,fpp260,fnp615,fn4258,tn9385
	tp5415,fpp303,fnp710,fn4282,tn9290
	tp5444,fpp250,fnp649,fn4306,tn9351
	tp5392,fpp257,fnp696,fn4351,tn9304
	tp5481,fpp284,fnp614,fn4235,tn9386
	tp5512,fpp221,fnp595,fn4267,tn9405
	tp5460,fpp260,fnp622,fn4280,tn9378
	tp5485,fpp240,fnp603,fn4275,tn9397
95,0.546,0.860,0.668,0.089,0.741
	tp5441,fpp266,fnp595,fn4293,tn9405
	tp5490,fpp253,fnp634,fn4257,tn9366
	tp5482,fpp260,fnp615,fn4258,tn9385
	tp5415,fpp303,fnp710,fn4282,tn9290
	tp5444,fpp250,fnp649,fn4306,tn9351
	tp5392,fpp257,fnp696,fn4351,tn9304
	tp5481,fpp284,fnp614,fn4235,tn9386
	tp5512,fpp221,fnp595,fn4267,tn9405
	tp5460,fpp260,fnp622,fn4280,tn9378
	tp5485,fpp240,fnp603,fn4275,tn9397

k4-ctw attack
pct,recall,precision,f1score,fpr,accuracy
5,0.028,0.889,0.055,0.004,0.514
	tp285,fpp32,fnp5,fn9683,tn9995
	tp290,fpp38,fnp7,fn9672,tn9993
	tp263,fpp22,fnp4,fn9715,tn9996
	tp306,fpp26,fnp6,fn9668,tn9994
	tp295,fpp27,fnp7,fn9678,tn9993
	tp247,fpp41,fnp6,fn9712,tn9994
	tp303,fpp32,fnp3,fn9665,tn9997
	tp280,fpp23,fnp1,fn9697,tn9999
	tp269,fpp30,fnp4,fn9701,tn9996
	tp274,fpp29,fnp9,fn9697,tn9991
15,0.082,0.905,0.151,0.009,0.541
	tp873,fpp63,fnp7,fn9064,tn9993
	tp863,fpp84,fnp9,fn9053,tn9991
	tp792,fpp85,fnp16,fn9123,tn9984
	tp837,fpp66,fnp11,fn9097,tn9989
	tp818,fpp64,fnp14,fn9118,tn9986
	tp820,fpp78,fnp14,fn9102,tn9986
	tp766,fpp74,fnp12,fn9160,tn9988
	tp848,fpp87,fnp15,fn9065,tn9985
	tp806,fpp74,fnp10,fn9120,tn9990
	tp802,fpp70,fnp8,fn9128,tn9992
25,0.138,0.933,0.241,0.010,0.568
	tp1344,fpp71,fnp17,fn8585,tn9983
	tp1446,fpp85,fnp17,fn8469,tn9983
	tp1358,fpp85,fnp8,fn8557,tn9992
	tp1332,fpp74,fnp16,fn8594,tn9984
	tp1420,fpp89,fnp16,fn8491,tn9984
	tp1387,fpp96,fnp22,fn8517,tn9978
	tp1398,fpp73,fnp16,fn8529,tn9984
	tp1393,fpp88,fnp18,fn8519,tn9982
	tp1341,fpp80,fnp22,fn8579,tn9978
	tp1405,fpp80,fnp16,fn8515,tn9984
35,0.190,0.943,0.316,0.011,0.594
	tp1874,fpp98,fnp25,fn8028,tn9975
	tp1912,fpp99,fnp15,fn7989,tn9985
	tp1904,fpp94,fnp18,fn8002,tn9982
	tp1899,fpp87,fnp20,fn8014,tn9980
	tp1865,fpp97,fnp18,fn8038,tn9982
	tp1865,fpp101,fnp26,fn8034,tn9974
	tp1886,fpp84,fnp14,fn8030,tn9986
	tp1984,fpp111,fnp20,fn7905,tn9980
	tp1896,fpp88,fnp27,fn8016,tn9973
	tp1926,fpp81,fnp16,fn7993,tn9984
45,0.239,0.951,0.382,0.012,0.618
	tp2388,fpp108,fnp14,fn7504,tn9986
	tp2350,fpp109,fnp30,fn7541,tn9970
	tp2410,fpp91,fnp26,fn7499,tn9974
	tp2397,fpp84,fnp27,fn7519,tn9973
	tp2400,fpp84,fnp38,fn7516,tn9962
	tp2357,fpp100,fnp34,fn7543,tn9966
	tp2356,fpp94,fnp22,fn7550,tn9978
	tp2420,fpp99,fnp20,fn7481,tn9980
	tp2388,fpp107,fnp27,fn7505,tn9973
	tp2398,fpp96,fnp26,fn7506,tn9974
55,0.286,0.962,0.441,0.011,0.641
	tp2872,fpp66,fnp35,fn7062,tn9965
	tp2829,fpp84,fnp39,fn7087,tn9961
	tp2867,fpp97,fnp32,fn7036,tn9968
	tp2812,fpp75,fnp29,fn7113,tn9971
	tp2892,fpp98,fnp30,fn7010,tn9970
	tp2869,fpp82,fnp37,fn7049,tn9963
	tp2819,fpp66,fnp15,fn7115,tn9985
	tp2866,fpp83,fnp26,fn7051,tn9974
	tp2918,fpp83,fnp30,fn6999,tn9970
	tp2828,fpp96,fnp25,fn7076,tn9975
65,0.338,0.970,0.501,0.011,0.667
	tp3389,fpp64,fnp34,fn6547,tn9966
	tp3355,fpp81,fnp39,fn6564,tn9961
	tp3405,fpp72,fnp36,fn6523,tn9964
	tp3383,fpp75,fnp34,fn6542,tn9966
	tp3356,fpp69,fnp34,fn6575,tn9966
	tp3339,fpp79,fnp35,fn6582,tn9965
	tp3370,fpp64,fnp37,fn6566,tn9963
	tp3372,fpp78,fnp32,fn6550,tn9968
	tp3401,fpp59,fnp23,fn6540,tn9977
	tp3430,fpp86,fnp28,fn6484,tn9972
75,0.381,0.975,0.548,0.010,0.689
	tp3717,fpp47,fnp37,fn6236,tn9963
	tp3807,fpp58,fnp34,fn6135,tn9966
	tp3807,fpp57,fnp42,fn6136,tn9958
	tp3807,fpp55,fnp42,fn6138,tn9958
	tp3814,fpp65,fnp37,fn6121,tn9963
	tp3760,fpp79,fnp39,fn6161,tn9961
	tp3824,fpp61,fnp35,fn6115,tn9965
	tp3891,fpp86,fnp27,fn6023,tn9973
	tp3820,fpp50,fnp30,fn6130,tn9970
	tp3860,fpp59,fnp32,fn6081,tn9968
85,0.425,0.980,0.593,0.009,0.711
	tp4182,fpp45,fnp34,fn5773,tn9966
	tp4264,fpp53,fnp36,fn5683,tn9964
	tp4225,fpp56,fnp48,fn5719,tn9952
	tp4216,fpp47,fnp38,fn5737,tn9962
	tp4190,fpp46,fnp47,fn5764,tn9953
	tp4218,fpp44,fnp42,fn5738,tn9958
	tp4257,fpp42,fnp44,fn5701,tn9956
	tp4327,fpp50,fnp22,fn5623,tn9978
	tp4320,fpp59,fnp44,fn5621,tn9956
	tp4345,fpp67,fnp25,fn5588,tn9975
95,0.469,0.982,0.635,0.008,0.732
	tp4632,fpp46,fnp49,fn5322,tn9951
	tp4688,fpp47,fnp40,fn5265,tn9960
	tp4682,fpp39,fnp32,fn5279,tn9968
	tp4678,fpp38,fnp49,fn5284,tn9951
	tp4664,fpp41,fnp54,fn5295,tn9946
	tp4680,fpp40,fnp50,fn5280,tn9950
	tp4664,fpp34,fnp39,fn5302,tn9961
	tp4745,fpp39,fnp43,fn5216,tn9957
	tp4705,fpp30,fnp43,fn5265,tn9957
	tp4747,fpp42,fnp47,fn5211,tn9953

k4-hp attack
pct,recall,precision,f1score,fpr,accuracy
5,0.024,0.995,0.047,0.000,0.512
	tp249,fpp0,fnp0,fn9751,tn10000
	tp258,fpp0,fnp0,fn9742,tn10000
	tp225,fpp1,fnp1,fn9774,tn9999
	tp266,fpp0,fnp1,fn9734,tn9999
	tp247,fpp0,fnp1,fn9753,tn9999
	tp209,fpp0,fnp2,fn9791,tn9998
	tp262,fpp0,fnp2,fn9738,tn9998
	tp235,fpp0,fnp0,fn9765,tn10000
	tp237,fpp0,fnp2,fn9763,tn9998
	tp245,fpp0,fnp1,fn9755,tn9999
15,0.072,0.995,0.134,0.000,0.536
	tp753,fpp2,fnp2,fn9245,tn9998
	tp734,fpp0,fnp5,fn9266,tn9995
	tp677,fpp0,fnp7,fn9323,tn9993
	tp732,fpp1,fnp1,fn9267,tn9999
	tp733,fpp1,fnp2,fn9266,tn9998
	tp704,fpp2,fnp1,fn9294,tn9999
	tp679,fpp1,fnp3,fn9320,tn9997
	tp741,fpp1,fnp2,fn9258,tn9998
	tp710,fpp0,fnp2,fn9290,tn9998
	tp704,fpp1,fnp5,fn9295,tn9995
25,0.120,0.995,0.214,0.001,0.560
	tp1153,fpp2,fnp5,fn8845,tn9995
	tp1266,fpp1,fnp5,fn8733,tn9995
	tp1193,fpp1,fnp2,fn8806,tn9998
	tp1156,fpp1,fnp6,fn8843,tn9994
	tp1228,fpp0,fnp3,fn8772,tn9997
	tp1190,fpp0,fnp4,fn8810,tn9996
	tp1221,fpp0,fnp4,fn8779,tn9996
	tp1215,fpp1,fnp5,fn8784,tn9995
	tp1151,fpp2,fnp6,fn8847,tn9994
	tp1230,fpp0,fnp7,fn8770,tn9993
35,0.167,0.995,0.286,0.001,0.583
	tp1638,fpp2,fnp10,fn8360,tn9990
	tp1679,fpp2,fnp4,fn8319,tn9996
	tp1689,fpp2,fnp5,fn8309,tn9995
	tp1690,fpp0,fnp8,fn8310,tn9992
	tp1623,fpp1,fnp8,fn8376,tn9992
	tp1619,fpp3,fnp8,fn8378,tn9992
	tp1674,fpp0,fnp4,fn8326,tn9996
	tp1736,fpp0,fnp6,fn8264,tn9994
	tp1671,fpp5,fnp9,fn8324,tn9991
	tp1676,fpp2,fnp6,fn8322,tn9994
45,0.211,0.994,0.347,0.001,0.605
	tp2112,fpp3,fnp6,fn7885,tn9994
	tp2086,fpp3,fnp11,fn7911,tn9989
	tp2137,fpp1,fnp9,fn7862,tn9991
	tp2115,fpp0,fnp6,fn7885,tn9994
	tp2114,fpp2,fnp18,fn7884,tn9982
	tp2030,fpp1,fnp13,fn7969,tn9987
	tp2099,fpp6,fnp9,fn7895,tn9991
	tp2118,fpp0,fnp7,fn7882,tn9993
	tp2119,fpp1,fnp11,fn7880,tn9989
	tp2121,fpp2,fnp15,fn7877,tn9985
55,0.253,0.995,0.404,0.001,0.626
	tp2544,fpp0,fnp15,fn7456,tn9985
	tp2505,fpp3,fnp16,fn7492,tn9984
	tp2543,fpp2,fnp15,fn7455,tn9985
	tp2510,fpp1,fnp10,fn7489,tn9990
	tp2564,fpp6,fnp10,fn7430,tn9990
	tp2512,fpp2,fnp9,fn7486,tn9991
	tp2522,fpp0,fnp9,fn7478,tn9991
	tp2507,fpp2,fnp7,fn7491,tn9993
	tp2598,fpp3,fnp10,fn7399,tn9990
	tp2513,fpp2,fnp13,fn7485,tn9987
65,0.302,0.994,0.463,0.002,0.650
	tp3021,fpp2,fnp16,fn6977,tn9984
	tp3014,fpp2,fnp15,fn6984,tn9985
	tp3038,fpp2,fnp14,fn6960,tn9986
	tp3032,fpp1,fnp17,fn6967,tn9983
	tp3005,fpp3,fnp17,fn6992,tn9983
	tp2947,fpp2,fnp17,fn7051,tn9983
	tp3024,fpp5,fnp14,fn6971,tn9986
	tp3033,fpp3,fnp13,fn6964,tn9987
	tp3017,fpp0,fnp9,fn6983,tn9991
	tp3066,fpp4,fnp16,fn6930,tn9984
75,0.341,0.995,0.508,0.002,0.670
	tp3342,fpp3,fnp16,fn6655,tn9984
	tp3416,fpp4,fnp14,fn6580,tn9986
	tp3416,fpp4,fnp16,fn6580,tn9984
	tp3393,fpp1,fnp14,fn6606,tn9986
	tp3394,fpp3,fnp15,fn6603,tn9985
	tp3333,fpp4,fnp13,fn6663,tn9987
	tp3429,fpp4,fnp18,fn6567,tn9982
	tp3470,fpp2,fnp9,fn6528,tn9991
	tp3426,fpp1,fnp13,fn6573,tn9987
	tp3447,fpp3,fnp17,fn6550,tn9983
85,0.382,0.994,0.552,0.002,0.690
	tp3773,fpp4,fnp16,fn6223,tn9984
	tp3826,fpp5,fnp21,fn6169,tn9979
	tp3784,fpp6,fnp20,fn6210,tn9980
	tp3787,fpp5,fnp10,fn6208,tn9990
	tp3761,fpp2,fnp29,fn6237,tn9971
	tp3754,fpp6,fnp19,fn6240,tn9981
	tp3838,fpp4,fnp19,fn6158,tn9981
	tp3891,fpp3,fnp12,fn6106,tn9988
	tp3898,fpp5,fnp24,fn6097,tn9976
	tp3912,fpp4,fnp10,fn6084,tn9990
95,0.423,0.994,0.593,0.003,0.710
	tp4197,fpp7,fnp22,fn5796,tn9978
	tp4227,fpp4,fnp19,fn5769,tn9981
	tp4220,fpp4,fnp16,fn5776,tn9984
	tp4246,fpp5,fnp25,fn5749,tn9975
	tp4202,fpp1,fnp25,fn5797,tn9975
	tp4169,fpp7,fnp17,fn5824,tn9983
	tp4224,fpp7,fnp14,fn5769,tn9986
	tp4284,fpp2,fnp21,fn5714,tn9979
	tp4235,fpp9,fnp23,fn5756,tn9977
	tp4286,fpp4,fnp25,fn5710,tn9975

k4-wf attack
pct,recall,precision,f1score,fpr,accuracy
5,0.455,0.952,0.616,0.023,0.718
	tp4517,fpp43,fnp199,fn5440,tn9801
	tp4553,fpp49,fnp176,fn5398,tn9824
	tp4547,fpp42,fnp187,fn5411,tn9813
	tp4546,fpp30,fnp191,fn5424,tn9809
	tp4530,fpp35,fnp217,fn5435,tn9783
	tp4477,fpp49,fnp193,fn5474,tn9807
	tp4550,fpp50,fnp175,fn5400,tn9825
	tp4626,fpp40,fnp169,fn5334,tn9831
	tp4591,fpp45,fnp169,fn5364,tn9831
	tp4612,fpp39,fnp187,fn5349,tn9813
15,0.455,0.952,0.616,0.023,0.718
	tp4517,fpp43,fnp199,fn5440,tn9801
	tp4553,fpp49,fnp176,fn5398,tn9824
	tp4547,fpp42,fnp187,fn5411,tn9813
	tp4546,fpp30,fnp191,fn5424,tn9809
	tp4530,fpp35,fnp217,fn5435,tn9783
	tp4477,fpp49,fnp193,fn5474,tn9807
	tp4550,fpp50,fnp175,fn5400,tn9825
	tp4626,fpp40,fnp169,fn5334,tn9831
	tp4591,fpp45,fnp169,fn5364,tn9831
	tp4612,fpp39,fnp187,fn5349,tn9813
25,0.455,0.952,0.616,0.023,0.718
	tp4517,fpp43,fnp199,fn5440,tn9801
	tp4553,fpp49,fnp176,fn5398,tn9824
	tp4547,fpp42,fnp187,fn5411,tn9813
	tp4546,fpp30,fnp191,fn5424,tn9809
	tp4530,fpp35,fnp217,fn5435,tn9783
	tp4477,fpp49,fnp193,fn5474,tn9807
	tp4550,fpp50,fnp175,fn5400,tn9825
	tp4626,fpp40,fnp169,fn5334,tn9831
	tp4591,fpp45,fnp169,fn5364,tn9831
	tp4612,fpp39,fnp187,fn5349,tn9813
35,0.455,0.952,0.616,0.023,0.718
	tp4517,fpp43,fnp199,fn5440,tn9801
	tp4553,fpp49,fnp176,fn5398,tn9824
	tp4547,fpp42,fnp187,fn5411,tn9813
	tp4546,fpp30,fnp191,fn5424,tn9809
	tp4530,fpp35,fnp217,fn5435,tn9783
	tp4477,fpp49,fnp193,fn5474,tn9807
	tp4550,fpp50,fnp175,fn5400,tn9825
	tp4626,fpp40,fnp169,fn5334,tn9831
	tp4591,fpp45,fnp169,fn5364,tn9831
	tp4612,fpp39,fnp187,fn5349,tn9813
45,0.455,0.952,0.616,0.023,0.718
	tp4517,fpp43,fnp199,fn5440,tn9801
	tp4553,fpp49,fnp176,fn5398,tn9824
	tp4547,fpp42,fnp187,fn5411,tn9813
	tp4546,fpp30,fnp191,fn5424,tn9809
	tp4530,fpp35,fnp217,fn5435,tn9783
	tp4477,fpp49,fnp193,fn5474,tn9807
	tp4550,fpp50,fnp175,fn5400,tn9825
	tp4626,fpp40,fnp169,fn5334,tn9831
	tp4591,fpp45,fnp169,fn5364,tn9831
	tp4612,fpp39,fnp187,fn5349,tn9813
55,0.455,0.952,0.616,0.023,0.718
	tp4517,fpp43,fnp199,fn5440,tn9801
	tp4553,fpp49,fnp176,fn5398,tn9824
	tp4547,fpp42,fnp187,fn5411,tn9813
	tp4546,fpp30,fnp191,fn5424,tn9809
	tp4530,fpp35,fnp217,fn5435,tn9783
	tp4477,fpp49,fnp193,fn5474,tn9807
	tp4550,fpp50,fnp175,fn5400,tn9825
	tp4626,fpp40,fnp169,fn5334,tn9831
	tp4591,fpp45,fnp169,fn5364,tn9831
	tp4612,fpp39,fnp187,fn5349,tn9813
65,0.455,0.952,0.616,0.023,0.718
	tp4517,fpp43,fnp199,fn5440,tn9801
	tp4553,fpp49,fnp176,fn5398,tn9824
	tp4547,fpp42,fnp187,fn5411,tn9813
	tp4546,fpp30,fnp191,fn5424,tn9809
	tp4530,fpp35,fnp217,fn5435,tn9783
	tp4477,fpp49,fnp193,fn5474,tn9807
	tp4550,fpp50,fnp175,fn5400,tn9825
	tp4626,fpp40,fnp169,fn5334,tn9831
	tp4591,fpp45,fnp169,fn5364,tn9831
	tp4612,fpp39,fnp187,fn5349,tn9813
75,0.455,0.952,0.616,0.023,0.718
	tp4517,fpp43,fnp199,fn5440,tn9801
	tp4553,fpp49,fnp176,fn5398,tn9824
	tp4547,fpp42,fnp187,fn5411,tn9813
	tp4546,fpp30,fnp191,fn5424,tn9809
	tp4530,fpp35,fnp217,fn5435,tn9783
	tp4477,fpp49,fnp193,fn5474,tn9807
	tp4550,fpp50,fnp175,fn5400,tn9825
	tp4626,fpp40,fnp169,fn5334,tn9831
	tp4591,fpp45,fnp169,fn5364,tn9831
	tp4612,fpp39,fnp187,fn5349,tn9813
85,0.455,0.952,0.616,0.023,0.718
	tp4517,fpp43,fnp199,fn5440,tn9801
	tp4553,fpp49,fnp176,fn5398,tn9824
	tp4547,fpp42,fnp187,fn5411,tn9813
	tp4546,fpp30,fnp191,fn5424,tn9809
	tp4530,fpp35,fnp217,fn5435,tn9783
	tp4477,fpp49,fnp193,fn5474,tn9807
	tp4550,fpp50,fnp175,fn5400,tn9825
	tp4626,fpp40,fnp169,fn5334,tn9831
	tp4591,fpp45,fnp169,fn5364,tn9831
	tp4612,fpp39,fnp187,fn5349,tn9813
95,0.455,0.952,0.616,0.023,0.718
	tp4517,fpp43,fnp199,fn5440,tn9801
	tp4553,fpp49,fnp176,fn5398,tn9824
	tp4547,fpp42,fnp187,fn5411,tn9813
	tp4546,fpp30,fnp191,fn5424,tn9809
	tp4530,fpp35,fnp217,fn5435,tn9783
	tp4477,fpp49,fnp193,fn5474,tn9807
	tp4550,fpp50,fnp175,fn5400,tn9825
	tp4626,fpp40,fnp169,fn5334,tn9831
	tp4591,fpp45,fnp169,fn5364,tn9831
	tp4612,fpp39,fnp187,fn5349,tn9813

