2016-09-17 15:59:20.167559324 +0200 CEST: wfdns for 1000x100+100000 with a10000 w60 r2500 s1.00

k1-ctw attack
pct,recall,precision,f1score,fpr,accuracy
0,0.000,0.000,0.000,0.000,0.500
	tp0,fpp0,fnp0,fn10000,tn10000
	tp0,fpp0,fnp0,fn10000,tn10000
	tp0,fpp0,fnp0,fn10000,tn10000
	tp0,fpp0,fnp0,fn10000,tn10000
	tp0,fpp0,fnp0,fn10000,tn10000
	tp0,fpp0,fnp0,fn10000,tn10000
	tp0,fpp0,fnp0,fn10000,tn10000
	tp0,fpp0,fnp0,fn10000,tn10000
	tp0,fpp0,fnp0,fn10000,tn10000
	tp0,fpp0,fnp0,fn10000,tn10000
5,0.039,0.532,0.073,0.038,0.514
	tp424,fpp406,fnp229,fn9170,tn9771
	tp377,fpp300,fnp97,fn9323,tn9903
	tp401,fpp509,fnp109,fn9090,tn9891
	tp402,fpp127,fnp106,fn9471,tn9894
	tp369,fpp279,fnp98,fn9352,tn9902
	tp404,fpp459,fnp151,fn9137,tn9849
	tp338,fpp109,fnp74,fn9553,tn9926
	tp414,fpp135,fnp124,fn9451,tn9876
	tp392,fpp143,fnp95,fn9465,tn9905
	tp416,fpp134,fnp114,fn9450,tn9886
10,0.080,0.573,0.140,0.061,0.531
	tp812,fpp591,fnp181,fn8597,tn9819
	tp795,fpp403,fnp145,fn8802,tn9855
	tp768,fpp384,fnp147,fn8848,tn9853
	tp776,fpp403,fnp157,fn8821,tn9843
	tp768,fpp607,fnp168,fn8625,tn9832
	tp793,fpp384,fnp205,fn8823,tn9795
	tp835,fpp331,fnp154,fn8834,tn9846
	tp791,fpp237,fnp162,fn8972,tn9838
	tp876,fpp603,fnp320,fn8521,tn9680
	tp793,fpp387,fnp144,fn8820,tn9856
15,0.118,0.600,0.197,0.080,0.547
	tp1145,fpp534,fnp178,fn8321,tn9822
	tp1180,fpp877,fnp326,fn7943,tn9674
	tp1169,fpp427,fnp224,fn8404,tn9776
	tp1207,fpp564,fnp218,fn8229,tn9782
	tp1212,fpp554,fnp242,fn8234,tn9758
	tp1217,fpp464,fnp265,fn8319,tn9735
	tp1268,fpp657,fnp222,fn8075,tn9778
	tp1128,fpp442,fnp173,fn8430,tn9827
	tp1134,fpp610,fnp292,fn8256,tn9708
	tp1143,fpp518,fnp191,fn8339,tn9809
20,0.155,0.648,0.250,0.085,0.563
	tp1454,fpp546,fnp197,fn8000,tn9803
	tp1538,fpp447,fnp195,fn8015,tn9805
	tp1633,fpp572,fnp258,fn7795,tn9742
	tp1601,fpp678,fnp312,fn7721,tn9688
	tp1488,fpp502,fnp263,fn8010,tn9737
	tp1525,fpp689,fnp374,fn7786,tn9626
	tp1566,fpp714,fnp265,fn7720,tn9735
	tp1622,fpp323,fnp262,fn8055,tn9738
	tp1572,fpp639,fnp468,fn7789,tn9532
	tp1489,fpp571,fnp256,fn7940,tn9744
25,0.192,0.668,0.297,0.096,0.580
	tp1873,fpp625,fnp300,fn7502,tn9700
	tp1860,fpp617,fnp283,fn7523,tn9717
	tp1908,fpp617,fnp280,fn7475,tn9720
	tp1916,fpp866,fnp477,fn7218,tn9523
	tp1877,fpp676,fnp282,fn7447,tn9718
	tp1918,fpp628,fnp341,fn7454,tn9659
	tp2001,fpp442,fnp301,fn7557,tn9699
	tp1953,fpp860,fnp360,fn7187,tn9640
	tp1835,fpp650,fnp253,fn7515,tn9747
	tp2011,fpp445,fnp319,fn7544,tn9681
30,0.229,0.669,0.341,0.114,0.596
	tp2195,fpp677,fnp345,fn7128,tn9655
	tp2293,fpp779,fnp337,fn6928,tn9663
	tp2363,fpp727,fnp332,fn6910,tn9668
	tp2239,fpp862,fnp465,fn6899,tn9535
	tp2289,fpp746,fnp389,fn6965,tn9611
	tp2255,fpp764,fnp432,fn6981,tn9568
	tp2368,fpp855,fnp340,fn6777,tn9660
	tp2254,fpp625,fnp343,fn7121,tn9657
	tp2292,fpp833,fnp371,fn6875,tn9629
	tp2315,fpp772,fnp359,fn6913,tn9641
35,0.267,0.666,0.381,0.136,0.610
	tp2772,fpp898,fnp403,fn6330,tn9597
	tp2604,fpp864,fnp464,fn6532,tn9536
	tp2719,fpp882,fnp419,fn6399,tn9581
	tp2653,fpp796,fnp434,fn6551,tn9566
	tp2652,fpp798,fnp471,fn6550,tn9529
	tp2684,fpp1324,fnp881,fn5992,tn9119
	tp2751,fpp791,fnp493,fn6458,tn9507
	tp2641,fpp723,fnp461,fn6636,tn9539
	tp2529,fpp823,fnp387,fn6648,tn9613
	tp2702,fpp888,fnp375,fn6410,tn9625
40,0.295,0.703,0.416,0.125,0.625
	tp2954,fpp602,fnp407,fn6444,tn9593
	tp3005,fpp818,fnp488,fn6177,tn9512
	tp2872,fpp845,fnp420,fn6283,tn9580
	tp3016,fpp748,fnp446,fn6236,tn9554
	tp2839,fpp983,fnp523,fn6178,tn9477
	tp3012,fpp618,fnp485,fn6370,tn9515
	tp2907,fpp847,fnp355,fn6246,tn9645
	tp3002,fpp788,fnp455,fn6210,tn9545
	tp3002,fpp868,fnp532,fn6130,tn9468
	tp2926,fpp881,fnp430,fn6193,tn9570
45,0.328,0.693,0.445,0.146,0.636
	tp3416,fpp954,fnp585,fn5630,tn9415
	tp3201,fpp1070,fnp538,fn5729,tn9462
	tp3286,fpp1082,fnp684,fn5632,tn9316
	tp3239,fpp887,fnp531,fn5874,tn9469
	tp3261,fpp842,fnp469,fn5897,tn9531
	tp3337,fpp743,fnp571,fn5920,tn9429
	tp3234,fpp825,fnp463,fn5941,tn9537
	tp3278,fpp856,fnp456,fn5866,tn9544
	tp3309,fpp1082,fnp803,fn5609,tn9197
	tp3248,fpp755,fnp438,fn5997,tn9562
50,0.360,0.702,0.476,0.154,0.649
	tp3656,fpp971,fnp787,fn5373,tn9213
	tp3529,fpp874,fnp541,fn5597,tn9459
	tp3619,fpp801,fnp487,fn5580,tn9513
	tp3556,fpp904,fnp613,fn5540,tn9387
	tp3593,fpp760,fnp494,fn5647,tn9506
	tp3644,fpp1297,fnp1126,fn5059,tn8874
	tp3558,fpp906,fnp501,fn5536,tn9499
	tp3584,fpp900,fnp567,fn5516,tn9433
	tp3589,fpp975,fnp594,fn5436,tn9406
	tp3701,fpp747,fnp600,fn5552,tn9400
55,0.393,0.722,0.509,0.152,0.666
	tp3891,fpp1063,fnp749,fn5046,tn9251
	tp4019,fpp946,fnp644,fn5035,tn9356
	tp3948,fpp943,fnp576,fn5109,tn9424
	tp3952,fpp888,fnp604,fn5160,tn9396
	tp3896,fpp982,fnp598,fn5122,tn9402
	tp3913,fpp755,fnp572,fn5332,tn9428
	tp3891,fpp815,fnp512,fn5294,tn9488
	tp3908,fpp773,fnp527,fn5319,tn9473
	tp3927,fpp1006,fnp730,fn5067,tn9270
	tp3973,fpp912,fnp609,fn5115,tn9391
60,0.424,0.734,0.537,0.153,0.681
	tp4165,fpp922,fnp606,fn4913,tn9394
	tp4292,fpp890,fnp673,fn4818,tn9327
	tp4207,fpp1007,fnp557,fn4786,tn9443
	tp4138,fpp953,fnp644,fn4909,tn9356
	tp4229,fpp912,fnp573,fn4859,tn9427
	tp4213,fpp926,fnp631,fn4861,tn9369
	tp4303,fpp764,fnp623,fn4933,tn9377
	tp4412,fpp931,fnp688,fn4657,tn9312
	tp4150,fpp946,fnp583,fn4904,tn9417
	tp4249,fpp941,fnp555,fn4810,tn9445
65,0.450,0.727,0.556,0.170,0.689
	tp4596,fpp1070,fnp829,fn4334,tn9171
	tp4520,fpp996,fnp704,fn4484,tn9296
	tp4549,fpp982,fnp675,fn4469,tn9325
	tp4380,fpp983,fnp734,fn4637,tn9266
	tp4494,fpp845,fnp686,fn4661,tn9314
	tp4466,fpp988,fnp637,fn4546,tn9363
	tp4468,fpp712,fnp551,fn4820,tn9449
	tp4543,fpp1119,fnp992,fn4338,tn9008
	tp4484,fpp1062,fnp817,fn4454,tn9183
	tp4496,fpp963,fnp621,fn4541,tn9379
70,0.481,0.729,0.579,0.179,0.701
	tp4814,fpp975,fnp687,fn4211,tn9313
	tp4885,fpp1010,fnp831,fn4105,tn9169
	tp4780,fpp1068,fnp937,fn4152,tn9063
	tp4733,fpp1114,fnp879,fn4153,tn9121
	tp4786,fpp965,fnp682,fn4249,tn9318
	tp4717,fpp1076,fnp813,fn4207,tn9187
	tp4883,fpp876,fnp625,fn4241,tn9375
	tp4897,fpp973,fnp816,fn4130,tn9184
	tp4746,fpp942,fnp675,fn4312,tn9325
	tp4820,fpp1076,fnp884,fn4104,tn9116
75,0.514,0.745,0.608,0.177,0.717
	tp5092,fpp1018,fnp816,fn3890,tn9184
	tp5215,fpp826,fnp726,fn3959,tn9274
	tp5157,fpp1087,fnp1040,fn3756,tn8960
	tp5143,fpp856,fnp692,fn4001,tn9308
	tp5079,fpp952,fnp762,fn3969,tn9238
	tp5107,fpp1063,fnp867,fn3830,tn9133
	tp5117,fpp906,fnp728,fn3977,tn9272
	tp5163,fpp943,fnp826,fn3894,tn9174
	tp5128,fpp902,fnp769,fn3970,tn9231
	tp5197,fpp1061,fnp813,fn3742,tn9187
80,0.540,0.740,0.624,0.190,0.725
	tp5488,fpp956,fnp964,fn3556,tn9036
	tp5350,fpp999,fnp810,fn3651,tn9190
	tp5421,fpp882,fnp912,fn3697,tn9088
	tp5390,fpp1111,fnp1126,fn3499,tn8874
	tp5416,fpp1004,fnp846,fn3580,tn9154
	tp5369,fpp1032,fnp849,fn3599,tn9151
	tp5383,fpp898,fnp711,fn3719,tn9289
	tp5376,fpp961,fnp900,fn3663,tn9100
	tp5362,fpp1136,fnp1105,fn3502,tn8895
	tp5431,fpp941,fnp854,fn3628,tn9146
85,0.568,0.753,0.647,0.188,0.738
	tp5661,fpp917,fnp860,fn3422,tn9140
	tp5650,fpp1127,fnp1102,fn3223,tn8898
	tp5759,fpp921,fnp829,fn3320,tn9171
	tp5705,fpp959,fnp938,fn3336,tn9062
	tp5623,fpp931,fnp796,fn3446,tn9204
	tp5639,fpp1247,fnp1516,fn3114,tn8484
	tp5672,fpp854,fnp739,fn3474,tn9261
	tp5733,fpp908,fnp796,fn3359,tn9204
	tp5714,fpp817,fnp808,fn3469,tn9192
	tp5644,fpp927,fnp787,fn3429,tn9213
90,0.594,0.765,0.669,0.182,0.752
	tp5971,fpp924,fnp862,fn3105,tn9138
	tp5953,fpp942,fnp848,fn3105,tn9152
	tp5988,fpp912,fnp882,fn3100,tn9118
	tp5898,fpp1048,fnp1017,fn3054,tn8983
	tp5882,fpp973,fnp923,fn3145,tn9077
	tp5965,fpp905,fnp921,fn3130,tn9079
	tp5896,fpp990,fnp816,fn3114,tn9184
	tp6018,fpp876,fnp986,fn3106,tn9014
	tp5894,fpp893,fnp872,fn3213,tn9128
	tp5934,fpp844,fnp813,fn3222,tn9187
95,0.622,0.769,0.688,0.187,0.763
	tp6274,fpp841,fnp925,fn2885,tn9075
	tp6280,fpp966,fnp1089,fn2754,tn8911
	tp6209,fpp955,fnp1037,fn2836,tn8963
	tp6213,fpp993,fnp984,fn2794,tn9016
	tp6178,fpp818,fnp750,fn3004,tn9250
	tp6216,fpp961,fnp1011,fn2823,tn8989
	tp6155,fpp956,fnp848,fn2889,tn9152
	tp6172,fpp945,fnp845,fn2883,tn9155
	tp6189,fpp953,fnp1222,fn2858,tn8778
	tp6301,fpp786,fnp841,fn2913,tn9159
100,0.645,0.763,0.699,0.200,0.770
	tp6471,fpp976,fnp1108,fn2553,tn8892
	tp6462,fpp1009,fnp1081,fn2529,tn8919
	tp6452,fpp952,fnp1094,fn2596,tn8906
	tp6448,fpp947,fnp1022,fn2605,tn8978
	tp6401,fpp1076,fnp1238,fn2523,tn8762
	tp6392,fpp973,fnp949,fn2635,tn9051
	tp6449,fpp979,fnp1086,fn2572,tn8914
	tp6538,fpp824,fnp951,fn2638,tn9049
	tp6457,fpp927,fnp1162,fn2616,tn8838
	tp6465,fpp860,fnp835,fn2675,tn9165

k1-hp attack
pct,recall,precision,f1score,fpr,accuracy
0,0.000,0.000,0.000,0.000,0.500
	tp0,fpp0,fnp0,fn10000,tn10000
	tp0,fpp0,fnp0,fn10000,tn10000
	tp0,fpp0,fnp0,fn10000,tn10000
	tp0,fpp0,fnp0,fn10000,tn10000
	tp0,fpp0,fnp0,fn10000,tn10000
	tp0,fpp0,fnp0,fn10000,tn10000
	tp0,fpp0,fnp0,fn10000,tn10000
	tp0,fpp0,fnp0,fn10000,tn10000
	tp0,fpp0,fnp0,fn10000,tn10000
	tp0,fpp0,fnp0,fn10000,tn10000
5,0.035,0.875,0.067,0.005,0.516
	tp380,fpp33,fnp77,fn9587,tn9923
	tp332,fpp20,fnp23,fn9648,tn9977
	tp349,fpp42,fnp21,fn9609,tn9979
	tp354,fpp12,fnp19,fn9634,tn9981
	tp328,fpp25,fnp15,fn9647,tn9985
	tp348,fpp33,fnp39,fn9619,tn9961
	tp287,fpp5,fnp11,fn9708,tn9989
	tp371,fpp24,fnp43,fn9605,tn9957
	tp347,fpp18,fnp20,fn9635,tn9980
	tp369,fpp5,fnp32,fn9626,tn9968
10,0.072,0.864,0.132,0.012,0.533
	tp726,fpp61,fnp76,fn9213,tn9924
	tp709,fpp29,fnp52,fn9262,tn9948
	tp698,fpp44,fnp49,fn9258,tn9951
	tp681,fpp30,fnp49,fn9289,tn9951
	tp685,fpp73,fnp55,fn9242,tn9945
	tp694,fpp46,fnp66,fn9260,tn9934
	tp760,fpp24,fnp51,fn9216,tn9949
	tp722,fpp38,fnp58,fn9240,tn9942
	tp783,fpp108,fnp153,fn9109,tn9847
	tp708,fpp47,fnp52,fn9245,tn9948
15,0.106,0.858,0.189,0.018,0.548
	tp1034,fpp69,fnp74,fn8897,tn9926
	tp1067,fpp134,fnp153,fn8799,tn9847
	tp1057,fpp53,fnp102,fn8890,tn9898
	tp1082,fpp84,fnp93,fn8834,tn9907
	tp1084,fpp64,fnp113,fn8852,tn9887
	tp1097,fpp48,fnp102,fn8855,tn9898
	tp1151,fpp78,fnp98,fn8771,tn9902
	tp1009,fpp58,fnp68,fn8933,tn9932
	tp1024,fpp98,fnp144,fn8878,tn9856
	tp1034,fpp60,fnp81,fn8906,tn9919
20,0.139,0.856,0.240,0.024,0.562
	tp1309,fpp100,fnp95,fn8591,tn9905
	tp1378,fpp57,fnp85,fn8565,tn9915
	tp1471,fpp96,fnp120,fn8433,tn9880
	tp1456,fpp79,fnp155,fn8465,tn9845
	tp1356,fpp137,fnp185,fn8507,tn9815
	tp1368,fpp103,fnp181,fn8529,tn9819
	tp1413,fpp85,fnp128,fn8502,tn9872
	tp1452,fpp55,fnp137,fn8493,tn9863
	tp1391,fpp77,fnp280,fn8532,tn9720
	tp1337,fpp78,fnp127,fn8585,tn9873
25,0.173,0.874,0.289,0.025,0.579
	tp1691,fpp79,fnp150,fn8230,tn9850
	tp1692,fpp105,fnp149,fn8203,tn9851
	tp1724,fpp89,fnp128,fn8187,tn9872
	tp1730,fpp114,fnp205,fn8156,tn9795
	tp1719,fpp102,fnp140,fn8179,tn9860
	tp1736,fpp104,fnp155,fn8160,tn9845
	tp1808,fpp93,fnp140,fn8099,tn9860
	tp1767,fpp138,fnp171,fn8095,tn9829
	tp1655,fpp94,fnp103,fn8251,tn9897
	tp1819,fpp83,fnp156,fn8098,tn9844
30,0.208,0.873,0.336,0.030,0.595
	tp1980,fpp103,fnp182,fn7917,tn9818
	tp2084,fpp105,fnp168,fn7811,tn9832
	tp2176,fpp106,fnp159,fn7718,tn9841
	tp2049,fpp136,fnp207,fn7815,tn9793
	tp2075,fpp112,fnp205,fn7813,tn9795
	tp2043,fpp128,fnp203,fn7829,tn9797
	tp2170,fpp157,fnp180,fn7673,tn9820
	tp2044,fpp96,fnp165,fn7860,tn9835
	tp2105,fpp147,fnp172,fn7748,tn9828
	tp2114,fpp118,fnp177,fn7768,tn9823
35,0.244,0.856,0.380,0.041,0.609
	tp2548,fpp170,fnp189,fn7282,tn9811
	tp2358,fpp160,fnp252,fn7482,tn9748
	tp2482,fpp155,fnp204,fn7363,tn9796
	tp2442,fpp172,fnp255,fn7386,tn9745
	tp2428,fpp121,fnp249,fn7451,tn9751
	tp2433,fpp218,fnp419,fn7349,tn9581
	tp2530,fpp149,fnp278,fn7321,tn9722
	tp2383,fpp122,fnp241,fn7495,tn9759
	tp2296,fpp177,fnp207,fn7527,tn9793
	tp2486,fpp176,fnp196,fn7338,tn9804
40,0.270,0.872,0.412,0.040,0.623
	tp2707,fpp114,fnp216,fn7179,tn9784
	tp2750,fpp167,fnp265,fn7083,tn9735
	tp2640,fpp160,fnp216,fn7200,tn9784
	tp2753,fpp141,fnp227,fn7106,tn9773
	tp2609,fpp228,fnp264,fn7163,tn9736
	tp2698,fpp115,fnp233,fn7187,tn9767
	tp2660,fpp149,fnp180,fn7191,tn9820
	tp2754,fpp153,fnp247,fn7093,tn9753
	tp2739,fpp177,fnp305,fn7084,tn9695
	tp2686,fpp176,fnp234,fn7138,tn9766
45,0.301,0.852,0.445,0.053,0.635
	tp3176,fpp239,fnp332,fn6585,tn9668
	tp2968,fpp280,fnp296,fn6752,tn9704
	tp3017,fpp272,fnp374,fn6711,tn9626
	tp2978,fpp166,fnp294,fn6856,tn9706
	tp2987,fpp177,fnp263,fn6836,tn9737
	tp3016,fpp162,fnp293,fn6822,tn9707
	tp2953,fpp171,fnp245,fn6876,tn9755
	tp3010,fpp215,fnp297,fn6775,tn9703
	tp3049,fpp231,fnp547,fn6720,tn9453
	tp2970,fpp160,fnp251,fn6870,tn9749
50,0.330,0.852,0.476,0.058,0.647
	tp3346,fpp259,fnp523,fn6395,tn9477
	tp3219,fpp196,fnp300,fn6585,tn9700
	tp3323,fpp162,fnp257,fn6515,tn9743
	tp3240,fpp212,fnp310,fn6548,tn9690
	tp3278,fpp133,fnp284,fn6589,tn9716
	tp3361,fpp299,fnp683,fn6340,tn9317
	tp3266,fpp199,fnp274,fn6535,tn9726
	tp3307,fpp190,fnp336,fn6503,tn9664
	tp3301,fpp245,fnp308,fn6454,tn9692
	tp3378,fpp243,fnp415,fn6379,tn9585
55,0.361,0.860,0.509,0.059,0.663
	tp3609,fpp261,fnp408,fn6130,tn9592
	tp3685,fpp226,fnp362,fn6089,tn9638
	tp3651,fpp248,fnp319,fn6101,tn9681
	tp3623,fpp267,fnp370,fn6110,tn9630
	tp3611,fpp277,fnp339,fn6112,tn9661
	tp3547,fpp152,fnp303,fn6301,tn9697
	tp3562,fpp194,fnp301,fn6244,tn9699
	tp3581,fpp207,fnp358,fn6212,tn9642
	tp3612,fpp304,fnp438,fn6084,tn9562
	tp3652,fpp229,fnp347,fn6119,tn9653
60,0.391,0.868,0.539,0.059,0.678
	tp3842,fpp220,fnp363,fn5938,tn9637
	tp3904,fpp235,fnp394,fn5861,tn9606
	tp3923,fpp309,fnp302,fn5768,tn9698
	tp3837,fpp256,fnp354,fn5907,tn9646
	tp3939,fpp212,fnp330,fn5849,tn9670
	tp3851,fpp207,fnp338,fn5942,tn9662
	tp3924,fpp200,fnp364,fn5876,tn9636
	tp4066,fpp247,fnp428,fn5687,tn9572
	tp3817,fpp257,fnp327,fn5926,tn9673
	tp3963,fpp260,fnp328,fn5777,tn9672
65,0.417,0.857,0.561,0.070,0.687
	tp4292,fpp285,fnp461,fn5423,tn9539
	tp4183,fpp289,fnp426,fn5528,tn9574
	tp4206,fpp314,fnp387,fn5480,tn9613
	tp4080,fpp256,fnp391,fn5664,tn9609
	tp4114,fpp223,fnp418,fn5663,tn9582
	tp4138,fpp245,fnp336,fn5617,tn9664
	tp4103,fpp202,fnp311,fn5695,tn9689
	tp4212,fpp365,fnp607,fn5423,tn9393
	tp4177,fpp340,fnp504,fn5483,tn9496
	tp4159,fpp284,fnp351,fn5557,tn9649
70,0.447,0.853,0.587,0.077,0.701
	tp4497,fpp300,fnp391,fn5203,tn9609
	tp4527,fpp305,fnp517,fn5168,tn9483
	tp4473,fpp349,fnp576,fn5178,tn9424
	tp4409,fpp339,fnp476,fn5252,tn9524
	tp4438,fpp287,fnp429,fn5275,tn9571
	tp4379,fpp327,fnp452,fn5294,tn9548
	tp4528,fpp267,fnp363,fn5205,tn9637
	tp4558,fpp303,fnp449,fn5139,tn9551
	tp4429,fpp294,fnp387,fn5277,tn9613
	tp4482,fpp342,fnp577,fn5176,tn9423
75,0.477,0.855,0.612,0.081,0.714
	tp4771,fpp347,fnp501,fn4882,tn9499
	tp4802,fpp233,fnp429,fn4965,tn9571
	tp4819,fpp382,fnp651,fn4799,tn9349
	tp4750,fpp281,fnp415,fn4969,tn9585
	tp4716,fpp297,fnp482,fn4987,tn9518
	tp4737,fpp362,fnp504,fn4901,tn9496
	tp4767,fpp270,fnp455,fn4963,tn9545
	tp4809,fpp360,fnp589,fn4831,tn9411
	tp4712,fpp262,fnp466,fn5026,tn9534
	tp4840,fpp360,fnp503,fn4800,tn9497
80,0.503,0.845,0.630,0.093,0.723
	tp5075,fpp388,fnp680,fn4537,tn9320
	tp5001,fpp357,fnp481,fn4642,tn9519
	tp5016,fpp344,fnp611,fn4640,tn9389
	tp5041,fpp369,fnp725,fn4590,tn9275
	tp5039,fpp339,fnp524,fn4622,tn9476
	tp4992,fpp371,fnp506,fn4637,tn9494
	tp5033,fpp273,fnp408,fn4694,tn9592
	tp5038,fpp319,fnp497,fn4643,tn9503
	tp5035,fpp447,fnp755,fn4518,tn9245
	tp5017,fpp321,fnp564,fn4662,tn9436
85,0.529,0.852,0.653,0.093,0.736
	tp5305,fpp313,fnp542,fn4382,tn9458
	tp5306,fpp445,fnp695,fn4249,tn9305
	tp5349,fpp339,fnp499,fn4312,tn9501
	tp5308,fpp301,fnp576,fn4391,tn9424
	tp5251,fpp341,fnp485,fn4408,tn9515
	tp5246,fpp483,fnp961,fn4271,tn9039
	tp5281,fpp375,fnp514,fn4344,tn9486
	tp5340,fpp317,fnp488,fn4343,tn9512
	tp5254,fpp299,fnp482,fn4447,tn9518
	tp5280,fpp321,fnp487,fn4399,tn9513
90,0.554,0.859,0.673,0.091,0.749
	tp5609,fpp381,fnp528,fn4010,tn9472
	tp5563,fpp333,fnp507,fn4104,tn9493
	tp5576,fpp334,fnp534,fn4090,tn9466
	tp5533,fpp369,fnp584,fn4098,tn9416
	tp5459,fpp368,fnp564,fn4173,tn9436
	tp5509,fpp345,fnp550,fn4146,tn9450
	tp5546,fpp397,fnp532,fn4057,tn9468
	tp5574,fpp336,fnp611,fn4090,tn9389
	tp5494,fpp349,fnp522,fn4157,tn9478
	tp5498,fpp385,fnp567,fn4117,tn9433
95,0.579,0.854,0.690,0.099,0.759
	tp5830,fpp314,fnp579,fn3856,tn9421
	tp5804,fpp398,fnp657,fn3798,tn9343
	tp5816,fpp375,fnp660,fn3809,tn9340
	tp5807,fpp416,fnp609,fn3777,tn9391
	tp5738,fpp354,fnp508,fn3908,tn9492
	tp5775,fpp369,fnp642,fn3856,tn9358
	tp5790,fpp385,fnp535,fn3825,tn9465
	tp5791,fpp378,fnp535,fn3831,tn9465
	tp5736,fpp399,fnp816,fn3865,tn9184
	tp5839,fpp367,fnp588,fn3794,tn9412
100,0.604,0.848,0.705,0.108,0.769
	tp6055,fpp392,fnp669,fn3553,tn9331
	tp6090,fpp511,fnp693,fn3399,tn9307
	tp6056,fpp424,fnp723,fn3520,tn9277
	tp6024,fpp410,fnp644,fn3566,tn9356
	tp6003,fpp513,fnp827,fn3484,tn9173
	tp5960,fpp395,fnp565,fn3645,tn9435
	tp6048,fpp418,fnp630,fn3534,tn9370
	tp6063,fpp360,fnp597,fn3577,tn9403
	tp6005,fpp410,fnp758,fn3585,tn9242
	tp6064,fpp385,fnp508,fn3551,tn9492

k1-wf attack
pct,recall,precision,f1score,fpr,accuracy
0,0.631,0.536,0.579,0.547,0.648
	tp6344,fpp2086,fnp3312,fn1570,tn6688
	tp6330,fpp2150,fnp3322,fn1520,tn6678
	tp6345,fpp2138,fnp3244,fn1517,tn6756
	tp6287,fpp2140,fnp3429,fn1573,tn6571
	tp6259,fpp2158,fnp3325,fn1583,tn6675
	tp6275,fpp2171,fnp3676,fn1554,tn6324
	tp6303,fpp2103,fnp3301,fn1594,tn6699
	tp6352,fpp2071,fnp3375,fn1577,tn6625
	tp6254,fpp2116,fnp3341,fn1630,tn6659
	tp6320,fpp2112,fnp3092,fn1568,tn6908
5,0.631,0.536,0.579,0.547,0.648
	tp6344,fpp2086,fnp3312,fn1570,tn6688
	tp6330,fpp2150,fnp3322,fn1520,tn6678
	tp6345,fpp2138,fnp3244,fn1517,tn6756
	tp6287,fpp2140,fnp3429,fn1573,tn6571
	tp6259,fpp2158,fnp3325,fn1583,tn6675
	tp6275,fpp2171,fnp3676,fn1554,tn6324
	tp6303,fpp2103,fnp3301,fn1594,tn6699
	tp6352,fpp2071,fnp3375,fn1577,tn6625
	tp6254,fpp2116,fnp3341,fn1630,tn6659
	tp6320,fpp2112,fnp3092,fn1568,tn6908
10,0.631,0.536,0.579,0.547,0.648
	tp6344,fpp2086,fnp3312,fn1570,tn6688
	tp6330,fpp2150,fnp3322,fn1520,tn6678
	tp6345,fpp2138,fnp3244,fn1517,tn6756
	tp6287,fpp2140,fnp3429,fn1573,tn6571
	tp6259,fpp2158,fnp3325,fn1583,tn6675
	tp6275,fpp2171,fnp3676,fn1554,tn6324
	tp6303,fpp2103,fnp3301,fn1594,tn6699
	tp6352,fpp2071,fnp3375,fn1577,tn6625
	tp6254,fpp2116,fnp3341,fn1630,tn6659
	tp6320,fpp2112,fnp3092,fn1568,tn6908
15,0.631,0.536,0.579,0.547,0.648
	tp6344,fpp2086,fnp3312,fn1570,tn6688
	tp6330,fpp2150,fnp3322,fn1520,tn6678
	tp6345,fpp2138,fnp3244,fn1517,tn6756
	tp6287,fpp2140,fnp3429,fn1573,tn6571
	tp6259,fpp2158,fnp3325,fn1583,tn6675
	tp6275,fpp2171,fnp3676,fn1554,tn6324
	tp6303,fpp2103,fnp3301,fn1594,tn6699
	tp6352,fpp2071,fnp3375,fn1577,tn6625
	tp6254,fpp2116,fnp3341,fn1630,tn6659
	tp6320,fpp2112,fnp3092,fn1568,tn6908
20,0.631,0.536,0.579,0.547,0.648
	tp6344,fpp2086,fnp3312,fn1570,tn6688
	tp6330,fpp2150,fnp3322,fn1520,tn6678
	tp6345,fpp2138,fnp3244,fn1517,tn6756
	tp6287,fpp2140,fnp3429,fn1573,tn6571
	tp6259,fpp2158,fnp3325,fn1583,tn6675
	tp6275,fpp2171,fnp3676,fn1554,tn6324
	tp6303,fpp2103,fnp3301,fn1594,tn6699
	tp6352,fpp2071,fnp3375,fn1577,tn6625
	tp6254,fpp2116,fnp3341,fn1630,tn6659
	tp6320,fpp2112,fnp3092,fn1568,tn6908
25,0.631,0.536,0.579,0.547,0.648
	tp6344,fpp2086,fnp3312,fn1570,tn6688
	tp6330,fpp2150,fnp3322,fn1520,tn6678
	tp6345,fpp2138,fnp3244,fn1517,tn6756
	tp6287,fpp2140,fnp3429,fn1573,tn6571
	tp6259,fpp2158,fnp3325,fn1583,tn6675
	tp6275,fpp2171,fnp3676,fn1554,tn6324
	tp6303,fpp2103,fnp3301,fn1594,tn6699
	tp6352,fpp2071,fnp3375,fn1577,tn6625
	tp6254,fpp2116,fnp3341,fn1630,tn6659
	tp6320,fpp2112,fnp3092,fn1568,tn6908
30,0.631,0.536,0.579,0.547,0.648
	tp6344,fpp2086,fnp3312,fn1570,tn6688
	tp6330,fpp2150,fnp3322,fn1520,tn6678
	tp6345,fpp2138,fnp3244,fn1517,tn6756
	tp6287,fpp2140,fnp3429,fn1573,tn6571
	tp6259,fpp2158,fnp3325,fn1583,tn6675
	tp6275,fpp2171,fnp3676,fn1554,tn6324
	tp6303,fpp2103,fnp3301,fn1594,tn6699
	tp6352,fpp2071,fnp3375,fn1577,tn6625
	tp6254,fpp2116,fnp3341,fn1630,tn6659
	tp6320,fpp2112,fnp3092,fn1568,tn6908
35,0.631,0.536,0.579,0.547,0.648
	tp6344,fpp2086,fnp3312,fn1570,tn6688
	tp6330,fpp2150,fnp3322,fn1520,tn6678
	tp6345,fpp2138,fnp3244,fn1517,tn6756
	tp6287,fpp2140,fnp3429,fn1573,tn6571
	tp6259,fpp2158,fnp3325,fn1583,tn6675
	tp6275,fpp2171,fnp3676,fn1554,tn6324
	tp6303,fpp2103,fnp3301,fn1594,tn6699
	tp6352,fpp2071,fnp3375,fn1577,tn6625
	tp6254,fpp2116,fnp3341,fn1630,tn6659
	tp6320,fpp2112,fnp3092,fn1568,tn6908
40,0.631,0.536,0.579,0.547,0.648
	tp6344,fpp2086,fnp3312,fn1570,tn6688
	tp6330,fpp2150,fnp3322,fn1520,tn6678
	tp6345,fpp2138,fnp3244,fn1517,tn6756
	tp6287,fpp2140,fnp3429,fn1573,tn6571
	tp6259,fpp2158,fnp3325,fn1583,tn6675
	tp6275,fpp2171,fnp3676,fn1554,tn6324
	tp6303,fpp2103,fnp3301,fn1594,tn6699
	tp6352,fpp2071,fnp3375,fn1577,tn6625
	tp6254,fpp2116,fnp3341,fn1630,tn6659
	tp6320,fpp2112,fnp3092,fn1568,tn6908
45,0.631,0.536,0.579,0.547,0.648
	tp6344,fpp2086,fnp3312,fn1570,tn6688
	tp6330,fpp2150,fnp3322,fn1520,tn6678
	tp6345,fpp2138,fnp3244,fn1517,tn6756
	tp6287,fpp2140,fnp3429,fn1573,tn6571
	tp6259,fpp2158,fnp3325,fn1583,tn6675
	tp6275,fpp2171,fnp3676,fn1554,tn6324
	tp6303,fpp2103,fnp3301,fn1594,tn6699
	tp6352,fpp2071,fnp3375,fn1577,tn6625
	tp6254,fpp2116,fnp3341,fn1630,tn6659
	tp6320,fpp2112,fnp3092,fn1568,tn6908
50,0.631,0.536,0.579,0.547,0.648
	tp6344,fpp2086,fnp3312,fn1570,tn6688
	tp6330,fpp2150,fnp3322,fn1520,tn6678
	tp6345,fpp2138,fnp3244,fn1517,tn6756
	tp6287,fpp2140,fnp3429,fn1573,tn6571
	tp6259,fpp2158,fnp3325,fn1583,tn6675
	tp6275,fpp2171,fnp3676,fn1554,tn6324
	tp6303,fpp2103,fnp3301,fn1594,tn6699
	tp6352,fpp2071,fnp3375,fn1577,tn6625
	tp6254,fpp2116,fnp3341,fn1630,tn6659
	tp6320,fpp2112,fnp3092,fn1568,tn6908
55,0.631,0.536,0.579,0.547,0.648
	tp6344,fpp2086,fnp3312,fn1570,tn6688
	tp6330,fpp2150,fnp3322,fn1520,tn6678
	tp6345,fpp2138,fnp3244,fn1517,tn6756
	tp6287,fpp2140,fnp3429,fn1573,tn6571
	tp6259,fpp2158,fnp3325,fn1583,tn6675
	tp6275,fpp2171,fnp3676,fn1554,tn6324
	tp6303,fpp2103,fnp3301,fn1594,tn6699
	tp6352,fpp2071,fnp3375,fn1577,tn6625
	tp6254,fpp2116,fnp3341,fn1630,tn6659
	tp6320,fpp2112,fnp3092,fn1568,tn6908
60,0.631,0.536,0.579,0.547,0.648
	tp6344,fpp2086,fnp3312,fn1570,tn6688
	tp6330,fpp2150,fnp3322,fn1520,tn6678
	tp6345,fpp2138,fnp3244,fn1517,tn6756
	tp6287,fpp2140,fnp3429,fn1573,tn6571
	tp6259,fpp2158,fnp3325,fn1583,tn6675
	tp6275,fpp2171,fnp3676,fn1554,tn6324
	tp6303,fpp2103,fnp3301,fn1594,tn6699
	tp6352,fpp2071,fnp3375,fn1577,tn6625
	tp6254,fpp2116,fnp3341,fn1630,tn6659
	tp6320,fpp2112,fnp3092,fn1568,tn6908
65,0.631,0.536,0.579,0.547,0.648
	tp6344,fpp2086,fnp3312,fn1570,tn6688
	tp6330,fpp2150,fnp3322,fn1520,tn6678
	tp6345,fpp2138,fnp3244,fn1517,tn6756
	tp6287,fpp2140,fnp3429,fn1573,tn6571
	tp6259,fpp2158,fnp3325,fn1583,tn6675
	tp6275,fpp2171,fnp3676,fn1554,tn6324
	tp6303,fpp2103,fnp3301,fn1594,tn6699
	tp6352,fpp2071,fnp3375,fn1577,tn6625
	tp6254,fpp2116,fnp3341,fn1630,tn6659
	tp6320,fpp2112,fnp3092,fn1568,tn6908
70,0.631,0.536,0.579,0.547,0.648
	tp6344,fpp2086,fnp3312,fn1570,tn6688
	tp6330,fpp2150,fnp3322,fn1520,tn6678
	tp6345,fpp2138,fnp3244,fn1517,tn6756
	tp6287,fpp2140,fnp3429,fn1573,tn6571
	tp6259,fpp2158,fnp3325,fn1583,tn6675
	tp6275,fpp2171,fnp3676,fn1554,tn6324
	tp6303,fpp2103,fnp3301,fn1594,tn6699
	tp6352,fpp2071,fnp3375,fn1577,tn6625
	tp6254,fpp2116,fnp3341,fn1630,tn6659
	tp6320,fpp2112,fnp3092,fn1568,tn6908
75,0.631,0.536,0.579,0.547,0.648
	tp6344,fpp2086,fnp3312,fn1570,tn6688
	tp6330,fpp2150,fnp3322,fn1520,tn6678
	tp6345,fpp2138,fnp3244,fn1517,tn6756
	tp6287,fpp2140,fnp3429,fn1573,tn6571
	tp6259,fpp2158,fnp3325,fn1583,tn6675
	tp6275,fpp2171,fnp3676,fn1554,tn6324
	tp6303,fpp2103,fnp3301,fn1594,tn6699
	tp6352,fpp2071,fnp3375,fn1577,tn6625
	tp6254,fpp2116,fnp3341,fn1630,tn6659
	tp6320,fpp2112,fnp3092,fn1568,tn6908
80,0.631,0.536,0.579,0.547,0.648
	tp6344,fpp2086,fnp3312,fn1570,tn6688
	tp6330,fpp2150,fnp3322,fn1520,tn6678
	tp6345,fpp2138,fnp3244,fn1517,tn6756
	tp6287,fpp2140,fnp3429,fn1573,tn6571
	tp6259,fpp2158,fnp3325,fn1583,tn6675
	tp6275,fpp2171,fnp3676,fn1554,tn6324
	tp6303,fpp2103,fnp3301,fn1594,tn6699
	tp6352,fpp2071,fnp3375,fn1577,tn6625
	tp6254,fpp2116,fnp3341,fn1630,tn6659
	tp6320,fpp2112,fnp3092,fn1568,tn6908
85,0.631,0.536,0.579,0.547,0.648
	tp6344,fpp2086,fnp3312,fn1570,tn6688
	tp6330,fpp2150,fnp3322,fn1520,tn6678
	tp6345,fpp2138,fnp3244,fn1517,tn6756
	tp6287,fpp2140,fnp3429,fn1573,tn6571
	tp6259,fpp2158,fnp3325,fn1583,tn6675
	tp6275,fpp2171,fnp3676,fn1554,tn6324
	tp6303,fpp2103,fnp3301,fn1594,tn6699
	tp6352,fpp2071,fnp3375,fn1577,tn6625
	tp6254,fpp2116,fnp3341,fn1630,tn6659
	tp6320,fpp2112,fnp3092,fn1568,tn6908
90,0.631,0.536,0.579,0.547,0.648
	tp6344,fpp2086,fnp3312,fn1570,tn6688
	tp6330,fpp2150,fnp3322,fn1520,tn6678
	tp6345,fpp2138,fnp3244,fn1517,tn6756
	tp6287,fpp2140,fnp3429,fn1573,tn6571
	tp6259,fpp2158,fnp3325,fn1583,tn6675
	tp6275,fpp2171,fnp3676,fn1554,tn6324
	tp6303,fpp2103,fnp3301,fn1594,tn6699
	tp6352,fpp2071,fnp3375,fn1577,tn6625
	tp6254,fpp2116,fnp3341,fn1630,tn6659
	tp6320,fpp2112,fnp3092,fn1568,tn6908
95,0.631,0.536,0.579,0.547,0.648
	tp6344,fpp2086,fnp3312,fn1570,tn6688
	tp6330,fpp2150,fnp3322,fn1520,tn6678
	tp6345,fpp2138,fnp3244,fn1517,tn6756
	tp6287,fpp2140,fnp3429,fn1573,tn6571
	tp6259,fpp2158,fnp3325,fn1583,tn6675
	tp6275,fpp2171,fnp3676,fn1554,tn6324
	tp6303,fpp2103,fnp3301,fn1594,tn6699
	tp6352,fpp2071,fnp3375,fn1577,tn6625
	tp6254,fpp2116,fnp3341,fn1630,tn6659
	tp6320,fpp2112,fnp3092,fn1568,tn6908
100,0.631,0.536,0.579,0.547,0.648
	tp6344,fpp2086,fnp3312,fn1570,tn6688
	tp6330,fpp2150,fnp3322,fn1520,tn6678
	tp6345,fpp2138,fnp3244,fn1517,tn6756
	tp6287,fpp2140,fnp3429,fn1573,tn6571
	tp6259,fpp2158,fnp3325,fn1583,tn6675
	tp6275,fpp2171,fnp3676,fn1554,tn6324
	tp6303,fpp2103,fnp3301,fn1594,tn6699
	tp6352,fpp2071,fnp3375,fn1577,tn6625
	tp6254,fpp2116,fnp3341,fn1630,tn6659
	tp6320,fpp2112,fnp3092,fn1568,tn6908

k2-ctw attack
pct,recall,precision,f1score,fpr,accuracy
0,0.000,0.000,0.000,0.000,0.500
	tp0,fpp0,fnp0,fn10000,tn10000
	tp0,fpp0,fnp0,fn10000,tn10000
	tp0,fpp0,fnp0,fn10000,tn10000
	tp0,fpp0,fnp0,fn10000,tn10000
	tp0,fpp0,fnp0,fn10000,tn10000
	tp0,fpp0,fnp0,fn10000,tn10000
	tp0,fpp0,fnp0,fn10000,tn10000
	tp0,fpp0,fnp0,fn10000,tn10000
	tp0,fpp0,fnp0,fn10000,tn10000
	tp0,fpp0,fnp0,fn10000,tn10000
5,0.034,0.738,0.066,0.015,0.516
	tp369,fpp157,fnp18,fn9474,tn9982
	tp330,fpp130,fnp11,fn9540,tn9989
	tp350,fpp273,fnp9,fn9377,tn9991
	tp352,fpp25,fnp10,fn9623,tn9990
	tp326,fpp183,fnp74,fn9491,tn9926
	tp347,fpp264,fnp87,fn9389,tn9913
	tp291,fpp71,fnp59,fn9638,tn9941
	tp355,fpp18,fnp4,fn9627,tn9996
	tp344,fpp29,fnp8,fn9627,tn9992
	tp373,fpp16,fnp7,fn9611,tn9993
10,0.070,0.761,0.129,0.023,0.533
	tp722,fpp355,fnp85,fn8923,tn9915
	tp692,fpp152,fnp22,fn9156,tn9978
	tp681,fpp129,fnp18,fn9190,tn9982
	tp675,fpp148,fnp23,fn9177,tn9977
	tp670,fpp224,fnp21,fn9106,tn9979
	tp683,fpp170,fnp102,fn9147,tn9898
	tp745,fpp187,fnp80,fn9068,tn9920
	tp702,fpp119,fnp80,fn9179,tn9920
	tp758,fpp158,fnp37,fn9084,tn9963
	tp717,fpp146,fnp18,fn9137,tn9982
15,0.103,0.771,0.182,0.031,0.548
	tp1004,fpp247,fnp36,fn8749,tn9964
	tp1022,fpp319,fnp41,fn8659,tn9959
	tp1042,fpp229,fnp126,fn8729,tn9874
	tp1057,fpp323,fnp103,fn8620,tn9897
	tp1066,fpp183,fnp46,fn8751,tn9954
	tp1061,fpp223,fnp33,fn8716,tn9967
	tp1132,fpp259,fnp103,fn8609,tn9897
	tp972,fpp205,fnp83,fn8823,tn9917
	tp980,fpp210,fnp38,fn8810,tn9962
	tp1004,fpp197,fnp90,fn8799,tn9910
20,0.136,0.829,0.233,0.028,0.565
	tp1256,fpp265,fnp85,fn8479,tn9915
	tp1350,fpp180,fnp35,fn8470,tn9965
	tp1433,fpp295,fnp99,fn8272,tn9901
	tp1397,fpp286,fnp49,fn8317,tn9951
	tp1312,fpp159,fnp49,fn8529,tn9951
	tp1359,fpp181,fnp66,fn8460,tn9934
	tp1386,fpp241,fnp48,fn8373,tn9952
	tp1412,fpp69,fnp47,fn8519,tn9953
	tp1355,fpp244,fnp112,fn8401,tn9888
	tp1324,fpp287,fnp41,fn8389,tn9959
25,0.168,0.836,0.280,0.033,0.580
	tp1631,fpp264,fnp103,fn8105,tn9897
	tp1626,fpp201,fnp47,fn8173,tn9953
	tp1686,fpp240,fnp49,fn8074,tn9951
	tp1690,fpp335,fnp130,fn7975,tn9870
	tp1619,fpp243,fnp112,fn8138,tn9888
	tp1680,fpp273,fnp144,fn8047,tn9856
	tp1798,fpp132,fnp62,fn8070,tn9938
	tp1708,fpp303,fnp53,fn7989,tn9947
	tp1570,fpp352,fnp120,fn8078,tn9880
	tp1789,fpp108,fnp49,fn8103,tn9951
30,0.200,0.845,0.324,0.037,0.596
	tp1894,fpp224,fnp70,fn7882,tn9930
	tp2017,fpp347,fnp72,fn7636,tn9928
	tp2102,fpp282,fnp145,fn7616,tn9855
	tp1947,fpp267,fnp136,fn7786,tn9864
	tp2001,fpp285,fnp78,fn7714,tn9922
	tp1961,fpp255,fnp59,fn7784,tn9941
	tp2068,fpp339,fnp112,fn7593,tn9888
	tp1988,fpp180,fnp56,fn7832,tn9944
	tp2010,fpp317,fnp78,fn7673,tn9922
	tp2038,fpp335,fnp58,fn7627,tn9942
35,0.233,0.847,0.365,0.042,0.611
	tp2415,fpp344,fnp94,fn7241,tn9906
	tp2275,fpp314,fnp94,fn7411,tn9906
	tp2377,fpp393,fnp157,fn7230,tn9843
	tp2292,fpp293,fnp146,fn7415,tn9854
	tp2322,fpp308,fnp85,fn7370,tn9915
	tp2307,fpp293,fnp110,fn7400,tn9890
	tp2433,fpp281,fnp92,fn7286,tn9908
	tp2306,fpp278,fnp74,fn7416,tn9926
	tp2180,fpp336,fnp142,fn7484,tn9858
	tp2370,fpp295,fnp77,fn7335,tn9923
40,0.258,0.866,0.397,0.040,0.623
	tp2569,fpp190,fnp65,fn7241,tn9935
	tp2617,fpp294,fnp157,fn7089,tn9843
	tp2515,fpp345,fnp87,fn7140,tn9913
	tp2611,fpp358,fnp158,fn7031,tn9842
	tp2442,fpp253,fnp61,fn7305,tn9939
	tp2669,fpp187,fnp77,fn7144,tn9923
	tp2563,fpp351,fnp134,fn7086,tn9866
	tp2616,fpp263,fnp70,fn7121,tn9930
	tp2600,fpp365,fnp177,fn7035,tn9823
	tp2555,fpp335,fnp81,fn7110,tn9919
45,0.286,0.886,0.432,0.037,0.638
	tp2958,fpp220,fnp119,fn6822,tn9881
	tp2776,fpp273,fnp113,fn6951,tn9887
	tp2879,fpp342,fnp186,fn6779,tn9814
	tp2814,fpp226,fnp91,fn6960,tn9909
	tp2830,fpp272,fnp77,fn6898,tn9923
	tp2894,fpp210,fnp117,fn6896,tn9883
	tp2857,fpp257,fnp77,fn6886,tn9923
	tp2858,fpp293,fnp89,fn6849,tn9911
	tp2872,fpp289,fnp105,fn6839,tn9895
	tp2865,fpp253,fnp86,fn6882,tn9914
50,0.314,0.883,0.464,0.042,0.651
	tp3199,fpp272,fnp153,fn6529,tn9847
	tp3077,fpp339,fnp156,fn6584,tn9844
	tp3182,fpp280,fnp169,fn6538,tn9831
	tp3080,fpp319,fnp180,fn6601,tn9820
	tp3117,fpp292,fnp103,fn6591,tn9897
	tp3164,fpp286,fnp154,fn6550,tn9846
	tp3120,fpp313,fnp110,fn6567,tn9890
	tp3127,fpp246,fnp100,fn6627,tn9900
	tp3093,fpp300,fnp94,fn6607,tn9906
	tp3280,fpp184,fnp114,fn6536,tn9886
55,0.342,0.882,0.493,0.046,0.664
	tp3374,fpp376,fnp209,fn6250,tn9791
	tp3487,fpp310,fnp105,fn6203,tn9895
	tp3456,fpp368,fnp192,fn6176,tn9808
	tp3418,fpp301,fnp187,fn6281,tn9813
	tp3378,fpp358,fnp189,fn6264,tn9811
	tp3389,fpp256,fnp108,fn6355,tn9892
	tp3405,fpp344,fnp140,fn6251,tn9860
	tp3402,fpp288,fnp88,fn6310,tn9912
	tp3389,fpp216,fnp138,fn6395,tn9862
	tp3479,fpp300,fnp110,fn6221,tn9890
60,0.370,0.905,0.525,0.039,0.678
	tp3627,fpp315,fnp190,fn6058,tn9810
	tp3748,fpp217,fnp146,fn6035,tn9854
	tp3675,fpp246,fnp92,fn6079,tn9908
	tp3567,fpp235,fnp125,fn6198,tn9875
	tp3682,fpp241,fnp128,fn6077,tn9872
	tp3666,fpp368,fnp197,fn5966,tn9803
	tp3811,fpp155,fnp135,fn6034,tn9865
	tp3877,fpp250,fnp143,fn5873,tn9857
	tp3613,fpp296,fnp101,fn6091,tn9899
	tp3739,fpp202,fnp106,fn6059,tn9894
65,0.392,0.899,0.546,0.044,0.687
	tp4023,fpp252,fnp179,fn5725,tn9821
	tp3905,fpp251,fnp150,fn5844,tn9850
	tp3965,fpp331,fnp186,fn5704,tn9814
	tp3772,fpp286,fnp265,fn5942,tn9735
	tp3897,fpp247,fnp154,fn5856,tn9846
	tp3892,fpp232,fnp129,fn5876,tn9871
	tp3955,fpp198,fnp119,fn5847,tn9881
	tp3948,fpp263,fnp195,fn5789,tn9805
	tp3898,fpp337,fnp203,fn5765,tn9797
	tp3956,fpp289,fnp150,fn5755,tn9850
70,0.418,0.907,0.572,0.043,0.700
	tp4182,fpp287,fnp200,fn5531,tn9800
	tp4243,fpp267,fnp188,fn5490,tn9812
	tp4184,fpp282,fnp192,fn5534,tn9808
	tp4082,fpp336,fnp222,fn5582,tn9778
	tp4140,fpp246,fnp140,fn5614,tn9860
	tp4069,fpp225,fnp151,fn5706,tn9849
	tp4319,fpp204,fnp124,fn5477,tn9876
	tp4257,fpp200,fnp153,fn5543,tn9847
	tp4124,fpp206,fnp152,fn5670,tn9848
	tp4209,fpp333,fnp203,fn5458,tn9797
75,0.447,0.911,0.600,0.044,0.714
	tp4444,fpp233,fnp175,fn5323,tn9825
	tp4540,fpp284,fnp226,fn5176,tn9774
	tp4505,fpp288,fnp217,fn5207,tn9783
	tp4458,fpp273,fnp197,fn5269,tn9803
	tp4404,fpp316,fnp230,fn5280,tn9770
	tp4413,fpp285,fnp192,fn5302,tn9808
	tp4493,fpp182,fnp151,fn5325,tn9849
	tp4488,fpp213,fnp150,fn5299,tn9850
	tp4444,fpp218,fnp161,fn5338,tn9839
	tp4540,fpp238,fnp151,fn5222,tn9849
80,0.471,0.920,0.623,0.041,0.726
	tp4804,fpp159,fnp157,fn5037,tn9843
	tp4620,fpp233,fnp163,fn5147,tn9837
	tp4727,fpp210,fnp176,fn5063,tn9824
	tp4689,fpp222,fnp156,fn5089,tn9844
	tp4699,fpp261,fnp243,fn5040,tn9757
	tp4682,fpp221,fnp187,fn5097,tn9813
	tp4744,fpp247,fnp209,fn5009,tn9791
	tp4686,fpp274,fnp223,fn5040,tn9777
	tp4669,fpp205,fnp170,fn5126,tn9830
	tp4753,fpp269,fnp136,fn4978,tn9864
85,0.494,0.920,0.643,0.043,0.737
	tp4930,fpp221,fnp189,fn4849,tn9811
	tp4906,fpp268,fnp231,fn4826,tn9769
	tp5042,fpp275,fnp241,fn4683,tn9759
	tp4931,fpp282,fnp216,fn4787,tn9784
	tp4868,fpp201,fnp161,fn4931,tn9839
	tp4924,fpp247,fnp245,fn4829,tn9755
	tp4984,fpp174,fnp169,fn4842,tn9831
	tp4960,fpp200,fnp159,fn4840,tn9841
	tp4968,fpp209,fnp163,fn4823,tn9837
	tp4927,fpp250,fnp219,fn4823,tn9781
90,0.517,0.924,0.663,0.042,0.748
	tp5206,fpp250,fnp224,fn4544,tn9776
	tp5189,fpp207,fnp179,fn4604,tn9821
	tp5234,fpp286,fnp235,fn4480,tn9765
	tp5092,fpp284,fnp302,fn4624,tn9698
	tp5121,fpp193,fnp179,fn4686,tn9821
	tp5150,fpp180,fnp217,fn4670,tn9783
	tp5190,fpp205,fnp185,fn4605,tn9815
	tp5205,fpp177,fnp137,fn4618,tn9863
	tp5107,fpp244,fnp214,fn4649,tn9786
	tp5168,fpp189,fnp148,fn4643,tn9852
95,0.541,0.930,0.684,0.041,0.760
	tp5441,fpp257,fnp226,fn4302,tn9774
	tp5464,fpp230,fnp277,fn4306,tn9723
	tp5408,fpp252,fnp240,fn4340,tn9760
	tp5352,fpp182,fnp200,fn4466,tn9800
	tp5382,fpp161,fnp142,fn4457,tn9858
	tp5396,fpp173,fnp224,fn4431,tn9776
	tp5407,fpp222,fnp217,fn4371,tn9783
	tp5374,fpp193,fnp176,fn4433,tn9824
	tp5367,fpp167,fnp182,fn4466,tn9818
	tp5543,fpp205,fnp158,fn4252,tn9842
100,0.562,0.931,0.701,0.042,0.770
	tp5623,fpp238,fnp283,fn4139,tn9717
	tp5617,fpp150,fnp199,fn4233,tn9801
	tp5645,fpp234,fnp262,fn4121,tn9738
	tp5579,fpp178,fnp207,fn4243,tn9793
	tp5548,fpp174,fnp193,fn4278,tn9807
	tp5539,fpp254,fnp274,fn4207,tn9726
	tp5657,fpp219,fnp234,fn4124,tn9766
	tp5701,fpp201,fnp236,fn4098,tn9764
	tp5590,fpp137,fnp195,fn4273,tn9805
	tp5672,fpp161,fnp165,fn4167,tn9835

k2-hp attack
pct,recall,precision,f1score,fpr,accuracy
0,0.000,0.000,0.000,0.000,0.500
	tp0,fpp0,fnp0,fn10000,tn10000
	tp0,fpp0,fnp0,fn10000,tn10000
	tp0,fpp0,fnp0,fn10000,tn10000
	tp0,fpp0,fnp0,fn10000,tn10000
	tp0,fpp0,fnp0,fn10000,tn10000
	tp0,fpp0,fnp0,fn10000,tn10000
	tp0,fpp0,fnp0,fn10000,tn10000
	tp0,fpp0,fnp0,fn10000,tn10000
	tp0,fpp0,fnp0,fn10000,tn10000
	tp0,fpp0,fnp0,fn10000,tn10000
5,0.030,0.979,0.058,0.001,0.515
	tp328,fpp4,fnp11,fn9668,tn9989
	tp289,fpp2,fnp3,fn9709,tn9997
	tp298,fpp3,fnp2,fn9699,tn9998
	tp302,fpp0,fnp1,fn9698,tn9999
	tp282,fpp3,fnp7,fn9715,tn9993
	tp285,fpp2,fnp5,fn9713,tn9995
	tp252,fpp2,fnp1,fn9746,tn9999
	tp315,fpp1,fnp3,fn9684,tn9997
	tp294,fpp6,fnp5,fn9700,tn9995
	tp320,fpp0,fnp4,fn9680,tn9996
10,0.062,0.971,0.117,0.002,0.530
	tp634,fpp5,fnp16,fn9361,tn9984
	tp606,fpp4,fnp13,fn9390,tn9987
	tp608,fpp9,fnp10,fn9383,tn9990
	tp585,fpp4,fnp10,fn9411,tn9990
	tp599,fpp6,fnp11,fn9395,tn9989
	tp591,fpp5,fnp11,fn9404,tn9989
	tp665,fpp4,fnp11,fn9331,tn9989
	tp623,fpp9,fnp12,fn9368,tn9988
	tp667,fpp21,fnp13,fn9312,tn9987
	tp632,fpp3,fnp10,fn9365,tn9990
15,0.092,0.965,0.168,0.003,0.545
	tp878,fpp11,fnp21,fn9111,tn9979
	tp915,fpp9,fnp21,fn9076,tn9979
	tp937,fpp10,fnp41,fn9053,tn9959
	tp923,fpp12,fnp16,fn9065,tn9984
	tp940,fpp13,fnp26,fn9047,tn9974
	tp947,fpp6,fnp17,fn9047,tn9983
	tp1020,fpp11,fnp34,fn8969,tn9966
	tp859,fpp8,fnp15,fn9133,tn9985
	tp871,fpp14,fnp23,fn9115,tn9977
	tp891,fpp7,fnp22,fn9102,tn9978
20,0.120,0.972,0.214,0.003,0.559
	tp1125,fpp10,fnp18,fn8865,tn9982
	tp1207,fpp5,fnp17,fn8788,tn9983
	tp1271,fpp13,fnp20,fn8716,tn9980
	tp1257,fpp10,fnp26,fn8733,tn9974
	tp1165,fpp15,fnp25,fn8820,tn9975
	tp1195,fpp8,fnp39,fn8797,tn9961
	tp1234,fpp15,fnp32,fn8751,tn9968
	tp1232,fpp5,fnp24,fn8763,tn9976
	tp1170,fpp8,fnp29,fn8822,tn9971
	tp1173,fpp11,fnp19,fn8816,tn9981
25,0.149,0.973,0.259,0.004,0.573
	tp1455,fpp7,fnp26,fn8538,tn9974
	tp1474,fpp13,fnp30,fn8513,tn9970
	tp1488,fpp17,fnp28,fn8495,tn9972
	tp1491,fpp16,fnp35,fn8493,tn9965
	tp1455,fpp10,fnp23,fn8535,tn9977
	tp1490,fpp18,fnp37,fn8492,tn9963
	tp1580,fpp11,fnp37,fn8409,tn9963
	tp1528,fpp7,fnp28,fn8465,tn9972
	tp1400,fpp7,fnp32,fn8593,tn9968
	tp1581,fpp8,fnp26,fn8411,tn9974
30,0.180,0.971,0.303,0.005,0.588
	tp1682,fpp12,fnp40,fn8306,tn9960
	tp1811,fpp13,fnp39,fn8176,tn9961
	tp1898,fpp19,fnp40,fn8083,tn9960
	tp1759,fpp19,fnp37,fn8222,tn9963
	tp1786,fpp17,fnp43,fn8197,tn9957
	tp1746,fpp13,fnp38,fn8241,tn9962
	tp1876,fpp19,fnp26,fn8105,tn9974
	tp1746,fpp14,fnp31,fn8240,tn9969
	tp1820,fpp20,fnp36,fn8160,tn9964
	tp1837,fpp12,fnp40,fn8151,tn9960
35,0.211,0.967,0.346,0.007,0.603
	tp2198,fpp24,fnp51,fn7778,tn9949
	tp2041,fpp17,fnp56,fn7942,tn9944
	tp2157,fpp20,fnp50,fn7823,tn9950
	tp2074,fpp24,fnp46,fn7902,tn9954
	tp2109,fpp22,fnp45,fn7869,tn9955
	tp2076,fpp26,fnp71,fn7898,tn9929
	tp2218,fpp20,fnp54,fn7762,tn9946
	tp2065,fpp15,fnp41,fn7920,tn9959
	tp1958,fpp29,fnp44,fn8013,tn9956
	tp2171,fpp25,fnp39,fn7804,tn9961
40,0.232,0.973,0.375,0.006,0.614
	tp2314,fpp14,fnp35,fn7672,tn9965
	tp2372,fpp12,fnp56,fn7616,tn9944
	tp2280,fpp23,fnp45,fn7697,tn9955
	tp2323,fpp24,fnp48,fn7653,tn9952
	tp2235,fpp23,fnp36,fn7742,tn9964
	tp2340,fpp13,fnp45,fn7647,tn9955
	tp2321,fpp23,fnp40,fn7656,tn9960
	tp2359,fpp14,fnp45,fn7627,tn9955
	tp2346,fpp20,fnp55,fn7634,tn9945
	tp2328,fpp32,fnp45,fn7640,tn9955
45,0.260,0.969,0.410,0.008,0.627
	tp2700,fpp22,fnp81,fn7278,tn9919
	tp2556,fpp28,fnp68,fn7416,tn9932
	tp2615,fpp35,fnp77,fn7350,tn9923
	tp2569,fpp15,fnp60,fn7416,tn9940
	tp2573,fpp16,fnp56,fn7411,tn9944
	tp2592,fpp27,fnp71,fn7381,tn9929
	tp2586,fpp20,fnp45,fn7394,tn9955
	tp2600,fpp22,fnp48,fn7378,tn9952
	tp2620,fpp22,fnp60,fn7358,tn9940
	tp2584,fpp24,fnp46,fn7392,tn9954
50,0.285,0.970,0.441,0.009,0.640
	tp2882,fpp20,fnp51,fn7098,tn9949
	tp2777,fpp29,fnp57,fn7194,tn9943
	tp2888,fpp23,fnp59,fn7089,tn9941
	tp2762,fpp32,fnp61,fn7206,tn9939
	tp2838,fpp18,fnp64,fn7144,tn9936
	tp2891,fpp31,fnp91,fn7078,tn9909
	tp2855,fpp26,fnp56,fn7119,tn9944
	tp2858,fpp17,fnp66,fn7125,tn9934
	tp2824,fpp34,fnp47,fn7142,tn9953
	tp2961,fpp26,fnp73,fn7013,tn9927
55,0.311,0.966,0.471,0.011,0.652
	tp3070,fpp37,fnp92,fn6893,tn9908
	tp3172,fpp34,fnp67,fn6794,tn9933
	tp3147,fpp49,fnp75,fn6804,tn9925
	tp3099,fpp86,fnp138,fn6815,tn9862
	tp3108,fpp34,fnp66,fn6858,tn9934
	tp3057,fpp18,fnp62,fn6925,tn9938
	tp3107,fpp18,fnp47,fn6875,tn9953
	tp3085,fpp14,fnp47,fn6901,tn9953
	tp3109,fpp25,fnp81,fn6866,tn9919
	tp3181,fpp38,fnp70,fn6781,tn9930
60,0.337,0.970,0.501,0.010,0.665
	tp3305,fpp39,fnp86,fn6656,tn9914
	tp3364,fpp30,fnp90,fn6606,tn9910
	tp3364,fpp39,fnp47,fn6597,tn9953
	tp3271,fpp22,fnp65,fn6707,tn9935
	tp3381,fpp27,fnp76,fn6592,tn9924
	tp3331,fpp31,fnp73,fn6638,tn9927
	tp3429,fpp27,fnp84,fn6544,tn9916
	tp3541,fpp33,fnp88,fn6426,tn9912
	tp3298,fpp34,fnp59,fn6668,tn9941
	tp3463,fpp23,fnp73,fn6514,tn9927
65,0.359,0.968,0.524,0.012,0.675
	tp3718,fpp29,fnp111,fn6253,tn9889
	tp3586,fpp44,fnp100,fn6370,tn9900
	tp3621,fpp48,fnp70,fn6331,tn9930
	tp3473,fpp37,fnp84,fn6490,tn9916
	tp3539,fpp20,fnp98,fn6441,tn9902
	tp3563,fpp36,fnp79,fn6401,tn9921
	tp3580,fpp32,fnp67,fn6388,tn9933
	tp3615,fpp39,fnp90,fn6346,tn9910
	tp3593,fpp35,fnp85,fn6372,tn9915
	tp3632,fpp32,fnp54,fn6336,tn9946
70,0.386,0.968,0.552,0.013,0.688
	tp3869,fpp38,fnp81,fn6093,tn9919
	tp3907,fpp46,fnp120,fn6047,tn9880
	tp3869,fpp29,fnp78,fn6102,tn9922
	tp3770,fpp44,fnp93,fn6186,tn9907
	tp3823,fpp28,fnp90,fn6149,tn9910
	tp3759,fpp43,fnp94,fn6198,tn9906
	tp3966,fpp47,fnp76,fn5987,tn9924
	tp3907,fpp31,fnp92,fn6062,tn9908
	tp3826,fpp33,fnp93,fn6141,tn9907
	tp3893,fpp43,fnp95,fn6064,tn9905
75,0.412,0.966,0.578,0.014,0.701
	tp4125,fpp54,fnp118,fn5821,tn9882
	tp4145,fpp31,fnp108,fn5824,tn9892
	tp4178,fpp45,fnp100,fn5777,tn9900
	tp4063,fpp38,fnp90,fn5899,tn9910
	tp4069,fpp33,fnp120,fn5898,tn9880
	tp4080,fpp43,fnp119,fn5877,tn9881
	tp4174,fpp36,fnp96,fn5790,tn9904
	tp4139,fpp43,fnp104,fn5818,tn9896
	tp4061,fpp25,fnp94,fn5914,tn9906
	tp4212,fpp47,fnp90,fn5741,tn9910
80,0.434,0.968,0.600,0.014,0.712
	tp4351,fpp38,fnp99,fn5611,tn9901
	tp4297,fpp47,fnp93,fn5656,tn9907
	tp4319,fpp34,fnp115,fn5647,tn9885
	tp4323,fpp41,fnp114,fn5636,tn9886
	tp4361,fpp53,fnp107,fn5586,tn9893
	tp4291,fpp45,fnp110,fn5664,tn9890
	tp4413,fpp29,fnp90,fn5558,tn9910
	tp4343,fpp36,fnp102,fn5621,tn9898
	tp4350,fpp44,fnp103,fn5606,tn9897
	tp4377,fpp40,fnp88,fn5583,tn9912
85,0.456,0.967,0.620,0.016,0.723
	tp4560,fpp39,fnp119,fn5401,tn9881
	tp4565,fpp56,fnp101,fn5379,tn9899
	tp4630,fpp44,fnp116,fn5326,tn9884
	tp4540,fpp43,fnp98,fn5417,tn9902
	tp4508,fpp51,fnp104,fn5441,tn9896
	tp4520,fpp63,fnp155,fn5417,tn9845
	tp4596,fpp33,fnp107,fn5371,tn9893
	tp4598,fpp38,fnp104,fn5364,tn9896
	tp4526,fpp49,fnp105,fn5425,tn9895
	tp4601,fpp47,fnp100,fn5352,tn9900
90,0.478,0.969,0.640,0.015,0.734
	tp4826,fpp54,fnp101,fn5120,tn9899
	tp4802,fpp46,fnp113,fn5152,tn9887
	tp4824,fpp50,fnp99,fn5126,tn9901
	tp4752,fpp44,fnp109,fn5204,tn9891
	tp4710,fpp50,fnp123,fn5240,tn9877
	tp4726,fpp56,fnp128,fn5218,tn9872
	tp4855,fpp55,fnp125,fn5090,tn9875
	tp4794,fpp41,fnp74,fn5165,tn9926
	tp4726,fpp40,fnp96,fn5234,tn9904
	tp4778,fpp43,fnp95,fn5179,tn9905
95,0.501,0.968,0.660,0.017,0.744
	tp5013,fpp39,fnp109,fn4948,tn9891
	tp5026,fpp49,fnp145,fn4925,tn9855
	tp5028,fpp58,fnp112,fn4914,tn9888
	tp4972,fpp52,fnp129,fn4976,tn9871
	tp4955,fpp39,fnp89,fn5006,tn9911
	tp4972,fpp42,fnp150,fn4986,tn9850
	tp5068,fpp47,fnp107,fn4885,tn9893
	tp5001,fpp46,fnp121,fn4953,tn9879
	tp4930,fpp52,fnp125,fn5018,tn9875
	tp5113,fpp49,fnp101,fn4838,tn9899
100,0.521,0.968,0.678,0.017,0.755
	tp5214,fpp56,fnp143,fn4730,tn9857
	tp5267,fpp52,fnp126,fn4681,tn9874
	tp5245,fpp54,fnp131,fn4701,tn9869
	tp5159,fpp57,fnp139,fn4784,tn9861
	tp5173,fpp55,fnp125,fn4772,tn9875
	tp5113,fpp45,fnp128,fn4842,tn9872
	tp5285,fpp58,fnp101,fn4657,tn9899
	tp5226,fpp43,fnp120,fn4731,tn9880
	tp5169,fpp40,fnp127,fn4791,tn9873
	tp5293,fpp43,fnp101,fn4664,tn9899

k2-wf attack
pct,recall,precision,f1score,fpr,accuracy
0,0.545,0.859,0.667,0.089,0.741
	tp5462,fpp255,fnp635,fn4283,tn9365
	tp5464,fpp259,fnp649,fn4277,tn9351
	tp5490,fpp272,fnp623,fn4238,tn9377
	tp5382,fpp321,fnp702,fn4297,tn9298
	tp5401,fpp251,fnp647,fn4348,tn9353
	tp5392,fpp262,fnp704,fn4346,tn9296
	tp5512,fpp259,fnp578,fn4229,tn9422
	tp5475,fpp229,fnp606,fn4296,tn9394
	tp5383,fpp256,fnp600,fn4361,tn9400
	tp5513,fpp242,fnp569,fn4245,tn9431
5,0.545,0.859,0.667,0.089,0.741
	tp5462,fpp255,fnp635,fn4283,tn9365
	tp5464,fpp259,fnp649,fn4277,tn9351
	tp5490,fpp272,fnp623,fn4238,tn9377
	tp5382,fpp321,fnp702,fn4297,tn9298
	tp5401,fpp251,fnp647,fn4348,tn9353
	tp5392,fpp262,fnp704,fn4346,tn9296
	tp5512,fpp259,fnp578,fn4229,tn9422
	tp5475,fpp229,fnp606,fn4296,tn9394
	tp5383,fpp256,fnp600,fn4361,tn9400
	tp5513,fpp242,fnp569,fn4245,tn9431
10,0.545,0.859,0.667,0.089,0.741
	tp5462,fpp255,fnp635,fn4283,tn9365
	tp5464,fpp259,fnp649,fn4277,tn9351
	tp5490,fpp272,fnp623,fn4238,tn9377
	tp5382,fpp321,fnp702,fn4297,tn9298
	tp5401,fpp251,fnp647,fn4348,tn9353
	tp5392,fpp262,fnp704,fn4346,tn9296
	tp5512,fpp259,fnp578,fn4229,tn9422
	tp5475,fpp229,fnp606,fn4296,tn9394
	tp5383,fpp256,fnp600,fn4361,tn9400
	tp5513,fpp242,fnp569,fn4245,tn9431
15,0.545,0.859,0.667,0.089,0.741
	tp5462,fpp255,fnp635,fn4283,tn9365
	tp5464,fpp259,fnp649,fn4277,tn9351
	tp5490,fpp272,fnp623,fn4238,tn9377
	tp5382,fpp321,fnp702,fn4297,tn9298
	tp5401,fpp251,fnp647,fn4348,tn9353
	tp5392,fpp262,fnp704,fn4346,tn9296
	tp5512,fpp259,fnp578,fn4229,tn9422
	tp5475,fpp229,fnp606,fn4296,tn9394
	tp5383,fpp256,fnp600,fn4361,tn9400
	tp5513,fpp242,fnp569,fn4245,tn9431
20,0.545,0.859,0.667,0.089,0.741
	tp5462,fpp255,fnp635,fn4283,tn9365
	tp5464,fpp259,fnp649,fn4277,tn9351
	tp5490,fpp272,fnp623,fn4238,tn9377
	tp5382,fpp321,fnp702,fn4297,tn9298
	tp5401,fpp251,fnp647,fn4348,tn9353
	tp5392,fpp262,fnp704,fn4346,tn9296
	tp5512,fpp259,fnp578,fn4229,tn9422
	tp5475,fpp229,fnp606,fn4296,tn9394
	tp5383,fpp256,fnp600,fn4361,tn9400
	tp5513,fpp242,fnp569,fn4245,tn9431
25,0.545,0.859,0.667,0.089,0.741
	tp5462,fpp255,fnp635,fn4283,tn9365
	tp5464,fpp259,fnp649,fn4277,tn9351
	tp5490,fpp272,fnp623,fn4238,tn9377
	tp5382,fpp321,fnp702,fn4297,tn9298
	tp5401,fpp251,fnp647,fn4348,tn9353
	tp5392,fpp262,fnp704,fn4346,tn9296
	tp5512,fpp259,fnp578,fn4229,tn9422
	tp5475,fpp229,fnp606,fn4296,tn9394
	tp5383,fpp256,fnp600,fn4361,tn9400
	tp5513,fpp242,fnp569,fn4245,tn9431
30,0.545,0.859,0.667,0.089,0.741
	tp5462,fpp255,fnp635,fn4283,tn9365
	tp5464,fpp259,fnp649,fn4277,tn9351
	tp5490,fpp272,fnp623,fn4238,tn9377
	tp5382,fpp321,fnp702,fn4297,tn9298
	tp5401,fpp251,fnp647,fn4348,tn9353
	tp5392,fpp262,fnp704,fn4346,tn9296
	tp5512,fpp259,fnp578,fn4229,tn9422
	tp5475,fpp229,fnp606,fn4296,tn9394
	tp5383,fpp256,fnp600,fn4361,tn9400
	tp5513,fpp242,fnp569,fn4245,tn9431
35,0.545,0.859,0.667,0.089,0.741
	tp5462,fpp255,fnp635,fn4283,tn9365
	tp5464,fpp259,fnp649,fn4277,tn9351
	tp5490,fpp272,fnp623,fn4238,tn9377
	tp5382,fpp321,fnp702,fn4297,tn9298
	tp5401,fpp251,fnp647,fn4348,tn9353
	tp5392,fpp262,fnp704,fn4346,tn9296
	tp5512,fpp259,fnp578,fn4229,tn9422
	tp5475,fpp229,fnp606,fn4296,tn9394
	tp5383,fpp256,fnp600,fn4361,tn9400
	tp5513,fpp242,fnp569,fn4245,tn9431
40,0.545,0.859,0.667,0.089,0.741
	tp5462,fpp255,fnp635,fn4283,tn9365
	tp5464,fpp259,fnp649,fn4277,tn9351
	tp5490,fpp272,fnp623,fn4238,tn9377
	tp5382,fpp321,fnp702,fn4297,tn9298
	tp5401,fpp251,fnp647,fn4348,tn9353
	tp5392,fpp262,fnp704,fn4346,tn9296
	tp5512,fpp259,fnp578,fn4229,tn9422
	tp5475,fpp229,fnp606,fn4296,tn9394
	tp5383,fpp256,fnp600,fn4361,tn9400
	tp5513,fpp242,fnp569,fn4245,tn9431
45,0.545,0.859,0.667,0.089,0.741
	tp5462,fpp255,fnp635,fn4283,tn9365
	tp5464,fpp259,fnp649,fn4277,tn9351
	tp5490,fpp272,fnp623,fn4238,tn9377
	tp5382,fpp321,fnp702,fn4297,tn9298
	tp5401,fpp251,fnp647,fn4348,tn9353
	tp5392,fpp262,fnp704,fn4346,tn9296
	tp5512,fpp259,fnp578,fn4229,tn9422
	tp5475,fpp229,fnp606,fn4296,tn9394
	tp5383,fpp256,fnp600,fn4361,tn9400
	tp5513,fpp242,fnp569,fn4245,tn9431
50,0.545,0.859,0.667,0.089,0.741
	tp5462,fpp255,fnp635,fn4283,tn9365
	tp5464,fpp259,fnp649,fn4277,tn9351
	tp5490,fpp272,fnp623,fn4238,tn9377
	tp5382,fpp321,fnp702,fn4297,tn9298
	tp5401,fpp251,fnp647,fn4348,tn9353
	tp5392,fpp262,fnp704,fn4346,tn9296
	tp5512,fpp259,fnp578,fn4229,tn9422
	tp5475,fpp229,fnp606,fn4296,tn9394
	tp5383,fpp256,fnp600,fn4361,tn9400
	tp5513,fpp242,fnp569,fn4245,tn9431
55,0.545,0.859,0.667,0.089,0.741
	tp5462,fpp255,fnp635,fn4283,tn9365
	tp5464,fpp259,fnp649,fn4277,tn9351
	tp5490,fpp272,fnp623,fn4238,tn9377
	tp5382,fpp321,fnp702,fn4297,tn9298
	tp5401,fpp251,fnp647,fn4348,tn9353
	tp5392,fpp262,fnp704,fn4346,tn9296
	tp5512,fpp259,fnp578,fn4229,tn9422
	tp5475,fpp229,fnp606,fn4296,tn9394
	tp5383,fpp256,fnp600,fn4361,tn9400
	tp5513,fpp242,fnp569,fn4245,tn9431
60,0.545,0.859,0.667,0.089,0.741
	tp5462,fpp255,fnp635,fn4283,tn9365
	tp5464,fpp259,fnp649,fn4277,tn9351
	tp5490,fpp272,fnp623,fn4238,tn9377
	tp5382,fpp321,fnp702,fn4297,tn9298
	tp5401,fpp251,fnp647,fn4348,tn9353
	tp5392,fpp262,fnp704,fn4346,tn9296
	tp5512,fpp259,fnp578,fn4229,tn9422
	tp5475,fpp229,fnp606,fn4296,tn9394
	tp5383,fpp256,fnp600,fn4361,tn9400
	tp5513,fpp242,fnp569,fn4245,tn9431
65,0.545,0.859,0.667,0.089,0.741
	tp5462,fpp255,fnp635,fn4283,tn9365
	tp5464,fpp259,fnp649,fn4277,tn9351
	tp5490,fpp272,fnp623,fn4238,tn9377
	tp5382,fpp321,fnp702,fn4297,tn9298
	tp5401,fpp251,fnp647,fn4348,tn9353
	tp5392,fpp262,fnp704,fn4346,tn9296
	tp5512,fpp259,fnp578,fn4229,tn9422
	tp5475,fpp229,fnp606,fn4296,tn9394
	tp5383,fpp256,fnp600,fn4361,tn9400
	tp5513,fpp242,fnp569,fn4245,tn9431
70,0.545,0.859,0.667,0.089,0.741
	tp5462,fpp255,fnp635,fn4283,tn9365
	tp5464,fpp259,fnp649,fn4277,tn9351
	tp5490,fpp272,fnp623,fn4238,tn9377
	tp5382,fpp321,fnp702,fn4297,tn9298
	tp5401,fpp251,fnp647,fn4348,tn9353
	tp5392,fpp262,fnp704,fn4346,tn9296
	tp5512,fpp259,fnp578,fn4229,tn9422
	tp5475,fpp229,fnp606,fn4296,tn9394
	tp5383,fpp256,fnp600,fn4361,tn9400
	tp5513,fpp242,fnp569,fn4245,tn9431
75,0.545,0.859,0.667,0.089,0.741
	tp5462,fpp255,fnp635,fn4283,tn9365
	tp5464,fpp259,fnp649,fn4277,tn9351
	tp5490,fpp272,fnp623,fn4238,tn9377
	tp5382,fpp321,fnp702,fn4297,tn9298
	tp5401,fpp251,fnp647,fn4348,tn9353
	tp5392,fpp262,fnp704,fn4346,tn9296
	tp5512,fpp259,fnp578,fn4229,tn9422
	tp5475,fpp229,fnp606,fn4296,tn9394
	tp5383,fpp256,fnp600,fn4361,tn9400
	tp5513,fpp242,fnp569,fn4245,tn9431
80,0.545,0.859,0.667,0.089,0.741
	tp5462,fpp255,fnp635,fn4283,tn9365
	tp5464,fpp259,fnp649,fn4277,tn9351
	tp5490,fpp272,fnp623,fn4238,tn9377
	tp5382,fpp321,fnp702,fn4297,tn9298
	tp5401,fpp251,fnp647,fn4348,tn9353
	tp5392,fpp262,fnp704,fn4346,tn9296
	tp5512,fpp259,fnp578,fn4229,tn9422
	tp5475,fpp229,fnp606,fn4296,tn9394
	tp5383,fpp256,fnp600,fn4361,tn9400
	tp5513,fpp242,fnp569,fn4245,tn9431
85,0.545,0.859,0.667,0.089,0.741
	tp5462,fpp255,fnp635,fn4283,tn9365
	tp5464,fpp259,fnp649,fn4277,tn9351
	tp5490,fpp272,fnp623,fn4238,tn9377
	tp5382,fpp321,fnp702,fn4297,tn9298
	tp5401,fpp251,fnp647,fn4348,tn9353
	tp5392,fpp262,fnp704,fn4346,tn9296
	tp5512,fpp259,fnp578,fn4229,tn9422
	tp5475,fpp229,fnp606,fn4296,tn9394
	tp5383,fpp256,fnp600,fn4361,tn9400
	tp5513,fpp242,fnp569,fn4245,tn9431
90,0.545,0.859,0.667,0.089,0.741
	tp5462,fpp255,fnp635,fn4283,tn9365
	tp5464,fpp259,fnp649,fn4277,tn9351
	tp5490,fpp272,fnp623,fn4238,tn9377
	tp5382,fpp321,fnp702,fn4297,tn9298
	tp5401,fpp251,fnp647,fn4348,tn9353
	tp5392,fpp262,fnp704,fn4346,tn9296
	tp5512,fpp259,fnp578,fn4229,tn9422
	tp5475,fpp229,fnp606,fn4296,tn9394
	tp5383,fpp256,fnp600,fn4361,tn9400
	tp5513,fpp242,fnp569,fn4245,tn9431
95,0.545,0.859,0.667,0.089,0.741
	tp5462,fpp255,fnp635,fn4283,tn9365
	tp5464,fpp259,fnp649,fn4277,tn9351
	tp5490,fpp272,fnp623,fn4238,tn9377
	tp5382,fpp321,fnp702,fn4297,tn9298
	tp5401,fpp251,fnp647,fn4348,tn9353
	tp5392,fpp262,fnp704,fn4346,tn9296
	tp5512,fpp259,fnp578,fn4229,tn9422
	tp5475,fpp229,fnp606,fn4296,tn9394
	tp5383,fpp256,fnp600,fn4361,tn9400
	tp5513,fpp242,fnp569,fn4245,tn9431
100,0.545,0.859,0.667,0.089,0.741
	tp5462,fpp255,fnp635,fn4283,tn9365
	tp5464,fpp259,fnp649,fn4277,tn9351
	tp5490,fpp272,fnp623,fn4238,tn9377
	tp5382,fpp321,fnp702,fn4297,tn9298
	tp5401,fpp251,fnp647,fn4348,tn9353
	tp5392,fpp262,fnp704,fn4346,tn9296
	tp5512,fpp259,fnp578,fn4229,tn9422
	tp5475,fpp229,fnp606,fn4296,tn9394
	tp5383,fpp256,fnp600,fn4361,tn9400
	tp5513,fpp242,fnp569,fn4245,tn9431

