2016-09-17 23:37:29.428944174 +0200 CEST: wfdns for 1000x100+100000 with a1000 w60 r2500 s1.00

k1-ctw attack
pct,recall,precision,f1score,fpr,accuracy
33,0.424,0.506,0.461,0.415,0.610
	tp4341,fpp2124,fnp2153,fn3535,tn7847
	tp4270,fpp2069,fnp1912,fn3661,tn8088
	tp4255,fpp2105,fnp1954,fn3640,tn8046
	tp4136,fpp2203,fnp2171,fn3661,tn7829
	tp4050,fpp2132,fnp1899,fn3818,tn8101
	tp4254,fpp2062,fnp1999,fn3684,tn8001
	tp4250,fpp2189,fnp2195,fn3561,tn7805
	tp4313,fpp2134,fnp2161,fn3553,tn7839
	tp4296,fpp2111,fnp2128,fn3593,tn7872
	tp4261,fpp2002,fnp1800,fn3737,tn8200

k1-hp attack
pct,recall,precision,f1score,fpr,accuracy
33,0.410,0.605,0.489,0.268,0.624
	tp4207,fpp1070,fnp1792,fn4723,tn8208
	tp4135,fpp1037,fnp1443,fn4828,tn8557
	tp4103,fpp1046,fnp1517,fn4851,tn8483
	tp3996,fpp1180,fnp1802,fn4824,tn8198
	tp3906,fpp1089,fnp1536,fn5005,tn8464
	tp4103,fpp922,fnp1515,fn4975,tn8485
	tp4109,fpp1012,fnp1725,fn4879,tn8275
	tp4185,fpp1114,fnp1737,fn4701,tn8263
	tp4152,fpp1063,fnp1712,fn4785,tn8288
	tp4137,fpp1072,fnp1460,fn4791,tn8540

k1-wf attack
pct,recall,precision,f1score,fpr,accuracy
33,0.630,0.534,0.578,0.549,0.647
	tp6317,fpp2101,fnp3275,fn1582,tn6725
	tp6336,fpp2167,fnp3222,fn1497,tn6778
	tp6335,fpp2124,fnp3304,fn1541,tn6696
	tp6286,fpp2140,fnp3413,fn1574,tn6587
	tp6258,fpp2197,fnp3351,fn1545,tn6649
	tp6278,fpp2177,fnp3778,fn1545,tn6222
	tp6291,fpp2132,fnp3378,fn1577,tn6622
	tp6306,fpp2078,fnp3381,fn1616,tn6619
	tp6258,fpp2134,fnp3327,fn1608,tn6673
	tp6295,fpp2096,fnp3117,fn1609,tn6883

k2-ctw attack
pct,recall,precision,f1score,fpr,accuracy
33,0.368,0.814,0.507,0.084,0.664
	tp3743,fpp411,fnp388,fn5846,tn9612
	tp3704,fpp400,fnp370,fn5896,tn9630
	tp3720,fpp478,fnp398,fn5802,tn9602
	tp3582,fpp478,fnp443,fn5940,tn9557
	tp3533,fpp470,fnp385,fn5997,tn9615
	tp3675,fpp470,fnp435,fn5855,tn9565
	tp3689,fpp496,fnp442,fn5815,tn9558
	tp3738,fpp389,fnp368,fn5873,tn9632
	tp3747,fpp431,fnp398,fn5822,tn9602
	tp3692,fpp411,fnp357,fn5897,tn9643

k2-hp attack
pct,recall,precision,f1score,fpr,accuracy
33,0.354,0.890,0.507,0.044,0.662
	tp3613,fpp125,fnp316,fn6262,tn9684
	tp3586,fpp120,fnp287,fn6294,tn9713
	tp3557,fpp134,fnp295,fn6309,tn9705
	tp3442,fpp205,fnp369,fn6353,tn9631
	tp3384,fpp125,fnp291,fn6491,tn9709
	tp3515,fpp117,fnp332,fn6368,tn9668
	tp3559,fpp133,fnp295,fn6308,tn9705
	tp3613,fpp117,fnp285,fn6270,tn9715
	tp3608,fpp134,fnp308,fn6258,tn9692
	tp3572,fpp119,fnp276,fn6309,tn9724

k2-wf attack
pct,recall,precision,f1score,fpr,accuracy
33,0.544,0.861,0.667,0.088,0.741
	tp5423,fpp264,fnp602,fn4313,tn9398
	tp5476,fpp242,fnp594,fn4282,tn9406
	tp5494,fpp245,fnp610,fn4261,tn9390
	tp5395,fpp326,fnp692,fn4279,tn9308
	tp5428,fpp244,fnp642,fn4328,tn9358
	tp5370,fpp262,fnp658,fn4368,tn9342
	tp5480,fpp269,fnp598,fn4251,tn9402
	tp5463,fpp228,fnp606,fn4309,tn9394
	tp5416,fpp264,fnp589,fn4320,tn9411
	tp5447,fpp247,fnp596,fn4306,tn9404

