2016-09-16 06:28:00.253180276 +0200 CEST: wfdns for 1000x100+100000 with a0 w60 r2500 s1.00

k1-ctw attack
pct,recall,precision,f1score,fpr,accuracy
33,0.575,0.521,0.547,0.530,0.634
	tp5790,fpp2184,fnp3011,fn2026,tn6989
	tp5710,fpp2287,fnp2925,fn2003,tn7075
	tp5840,fpp2205,fnp2999,fn1955,tn7001
	tp5801,fpp2236,fnp3134,fn1963,tn6866
	tp5742,fpp2256,fnp3061,fn2002,tn6939
	tp5686,fpp2348,fnp3496,fn1966,tn6504
	tp5658,fpp2254,fnp3011,fn2088,tn6989
	tp5832,fpp2169,fnp3126,fn1999,tn6874
	tp5775,fpp2162,fnp2984,fn2063,tn7016
	tp5703,fpp2238,fnp2896,fn2059,tn7104

k1-hp attack
pct,recall,precision,f1score,fpr,accuracy
33,0.572,0.543,0.557,0.481,0.640
	tp5763,fpp1831,fnp2874,fn2406,tn7126
	tp5668,fpp1883,fnp2732,fn2449,tn7268
	tp5809,fpp1862,fnp2832,fn2329,tn7168
	tp5757,fpp1926,fnp3023,fn2317,tn6977
	tp5706,fpp1938,fnp2944,fn2356,tn7056
	tp5650,fpp1967,fnp3342,fn2383,tn6658
	tp5615,fpp1934,fnp2863,fn2451,tn7137
	tp5809,fpp1922,fnp2986,fn2269,tn7014
	tp5729,fpp1823,fnp2779,fn2448,tn7221
	tp5672,fpp1910,fnp2763,fn2418,tn7237

k1-wf attack
pct,recall,precision,f1score,fpr,accuracy
33,0.629,0.535,0.578,0.548,0.647
	tp6378,fpp2075,fnp3287,fn1547,tn6713
	tp6310,fpp2173,fnp3215,fn1517,tn6785
	tp6334,fpp2126,fnp3294,fn1540,tn6706
	tp6295,fpp2140,fnp3393,fn1565,tn6607
	tp6190,fpp2184,fnp3321,fn1626,tn6679
	tp6250,fpp2200,fnp3782,fn1550,tn6218
	tp6282,fpp2117,fnp3331,fn1601,tn6669
	tp6327,fpp2078,fnp3365,fn1595,tn6635
	tp6318,fpp2082,fnp3290,fn1600,tn6710
	tp6212,fpp2157,fnp3178,fn1631,tn6822

k2-ctw attack
pct,recall,precision,f1score,fpr,accuracy
33,0.497,0.845,0.626,0.091,0.719
	tp5002,fpp332,fnp580,fn4666,tn9420
	tp4930,fpp327,fnp545,fn4743,tn9455
	tp5053,fpp333,fnp582,fn4614,tn9418
	tp4991,fpp369,fnp634,fn4640,tn9366
	tp4911,fpp304,fnp618,fn4785,tn9382
	tp4869,fpp338,fnp648,fn4793,tn9352
	tp4960,fpp343,fnp535,fn4697,tn9465
	tp5036,fpp297,fnp577,fn4667,tn9423
	tp5001,fpp319,fnp576,fn4680,tn9424
	tp4935,fpp326,fnp536,fn4739,tn9464

k2-hp attack
pct,recall,precision,f1score,fpr,accuracy
33,0.493,0.862,0.627,0.079,0.719
	tp4974,fpp241,fnp552,fn4785,tn9448
	tp4895,fpp229,fnp520,fn4876,tn9480
	tp5010,fpp246,fnp553,fn4744,tn9447
	tp4943,fpp289,fnp611,fn4768,tn9389
	tp4885,fpp238,fnp592,fn4877,tn9408
	tp4835,fpp232,fnp611,fn4933,tn9389
	tp4916,fpp242,fnp494,fn4842,tn9506
	tp4999,fpp218,fnp541,fn4783,tn9459
	tp4962,fpp219,fnp539,fn4819,tn9461
	tp4903,fpp235,fnp513,fn4862,tn9487

k2-wf attack
pct,recall,precision,f1score,fpr,accuracy
33,0.544,0.859,0.666,0.090,0.740
	tp5510,fpp265,fnp629,fn4225,tn9371
	tp5456,fpp258,fnp605,fn4286,tn9395
	tp5475,fpp260,fnp637,fn4265,tn9363
	tp5414,fpp313,fnp698,fn4273,tn9302
	tp5321,fpp257,fnp661,fn4422,tn9339
	tp5368,fpp254,fnp699,fn4378,tn9301
	tp5518,fpp269,fnp597,fn4213,tn9403
	tp5459,fpp234,fnp601,fn4307,tn9399
	tp5468,fpp250,fnp632,fn4282,tn9368
	tp5363,fpp258,fnp580,fn4379,tn9420

