2016-09-22 16:02:43.307935657 +0000 UTC: wfdns for 1000x100+100000 with a10000 w60 r2500 s1.00

k1-ctw attack
pct,recall,precision,f1score,fpr,accuracy
33,0.232,0.810,0.361,0.055,0.606
	tp2274,fpp185,fnp159,fn7541,tn9841
	tp2331,fpp402,fnp179,fn7267,tn9821
	tp2318,fpp355,fnp176,fn7327,tn9824
	tp2384,fpp392,fnp201,fn7224,tn9799
	tp2284,fpp527,fnp317,fn7189,tn9683
	tp2277,fpp395,fnp148,fn7328,tn9852
	tp2334,fpp273,fnp159,fn7393,tn9841
	tp2380,fpp501,fnp339,fn7119,tn9661
	tp2266,fpp157,fnp152,fn7577,tn9848
	tp2356,fpp351,fnp164,fn7293,tn9836

k1-hp attack
pct,recall,precision,f1score,fpr,accuracy
33,0.208,0.936,0.340,0.014,0.599
	tp2027,fpp44,fnp59,fn7929,tn9941
	tp2099,fpp56,fnp66,fn7845,tn9934
	tp2064,fpp37,fnp60,fn7899,tn9940
	tp2115,fpp58,fnp82,fn7827,tn9918
	tp2040,fpp98,fnp158,fn7862,tn9842
	tp2029,fpp38,fnp35,fn7933,tn9965
	tp2085,fpp37,fnp52,fn7878,tn9948
	tp2162,fpp94,fnp165,fn7744,tn9835
	tp2005,fpp80,fnp121,fn7915,tn9879
	tp2127,fpp42,fnp58,fn7831,tn9942

k1-wf attack
pct,recall,precision,f1score,fpr,accuracy
33,0.630,0.535,0.579,0.548,0.648
	tp6360,fpp2089,fnp3316,fn1551,tn6684
	tp6321,fpp2160,fnp3276,fn1519,tn6724
	tp6335,fpp2141,fnp3290,fn1524,tn6710
	tp6290,fpp2152,fnp3426,fn1558,tn6574
	tp6235,fpp2201,fnp3340,fn1564,tn6660
	tp6281,fpp2158,fnp3685,fn1561,tn6315
	tp6273,fpp2103,fnp3382,fn1624,tn6618
	tp6348,fpp2059,fnp3350,fn1593,tn6650
	tp6308,fpp2108,fnp3287,fn1584,tn6713
	tp6253,fpp2129,fnp3134,fn1618,tn6866

k2-ctw attack
pct,recall,precision,f1score,fpr,accuracy
33,0.205,0.913,0.334,0.020,0.599
	tp2028,fpp78,fnp75,fn7894,tn9925
	tp2045,fpp139,fnp23,fn7816,tn9977
	tp2047,fpp166,fnp88,fn7787,tn9912
	tp2100,fpp184,fnp92,fn7716,tn9908
	tp2015,fpp149,fnp29,fn7836,tn9971
	tp1995,fpp153,fnp19,fn7852,tn9981
	tp2060,fpp154,fnp90,fn7786,tn9910
	tp2109,fpp164,fnp84,fn7727,tn9916
	tp2011,fpp18,fnp23,fn7971,tn9977
	tp2063,fpp159,fnp82,fn7778,tn9918

k2-hp attack
pct,recall,precision,f1score,fpr,accuracy
33,0.179,0.990,0.303,0.002,0.589
	tp1762,fpp5,fnp11,fn8233,tn9989
	tp1794,fpp10,fnp9,fn8196,tn9991
	tp1783,fpp9,fnp12,fn8208,tn9988
	tp1850,fpp4,fnp10,fn8146,tn9990
	tp1775,fpp7,fnp17,fn8218,tn9983
	tp1727,fpp7,fnp8,fn8266,tn9992
	tp1796,fpp8,fnp15,fn8196,tn9985
	tp1874,fpp8,fnp9,fn8118,tn9991
	tp1742,fpp0,fnp15,fn8258,tn9985
	tp1812,fpp2,fnp12,fn8186,tn9988

k2-wf attack
pct,recall,precision,f1score,fpr,accuracy
33,0.545,0.859,0.667,0.090,0.741
	tp5499,fpp256,fnp640,fn4245,tn9360
	tp5450,fpp237,fnp602,fn4313,tn9398
	tp5494,fpp256,fnp623,fn4250,tn9377
	tp5420,fpp319,fnp727,fn4261,tn9273
	tp5399,fpp247,fnp655,fn4354,tn9345
	tp5395,fpp264,fnp705,fn4341,tn9295
	tp5474,fpp264,fnp603,fn4262,tn9397
	tp5478,fpp232,fnp600,fn4290,tn9400
	tp5455,fpp260,fnp634,fn4285,tn9366
	tp5420,fpp260,fnp569,fn4320,tn9431

