2016-09-22 18:40:06.421865862 +0000 UTC: wfdns for 1000x100+100000 with a1000000 w60 r2500 s1.00

k1-ctw attack
pct,recall,precision,f1score,fpr,accuracy
33,0.225,1.000,0.367,0.000,0.612
	tp2260,fpp0,fnp0,fn7740,tn10000
	tp2244,fpp0,fnp0,fn7756,tn10000
	tp2237,fpp0,fnp0,fn7763,tn10000
	tp2163,fpp0,fnp0,fn7837,tn10000
	tp2251,fpp0,fnp0,fn7749,tn10000
	tp2245,fpp0,fnp0,fn7755,tn10000
	tp2240,fpp0,fnp0,fn7760,tn10000
	tp2308,fpp0,fnp0,fn7692,tn10000
	tp2271,fpp0,fnp0,fn7729,tn10000
	tp2233,fpp0,fnp0,fn7767,tn10000

k1-hp attack
pct,recall,precision,f1score,fpr,accuracy
33,0.198,1.000,0.331,0.000,0.599
	tp1995,fpp0,fnp0,fn8005,tn10000
	tp1979,fpp0,fnp0,fn8021,tn10000
	tp1995,fpp0,fnp0,fn8005,tn10000
	tp1903,fpp0,fnp0,fn8097,tn10000
	tp1994,fpp0,fnp0,fn8006,tn10000
	tp1991,fpp0,fnp0,fn8009,tn10000
	tp1989,fpp0,fnp0,fn8011,tn10000
	tp2057,fpp0,fnp0,fn7943,tn10000
	tp1990,fpp0,fnp0,fn8010,tn10000
	tp1951,fpp0,fnp0,fn8049,tn10000

k1-wf attack
pct,recall,precision,f1score,fpr,accuracy
33,0.631,0.537,0.580,0.546,0.649
	tp6362,fpp2087,fnp3270,fn1551,tn6730
	tp6316,fpp2151,fnp3274,fn1533,tn6726
	tp6360,fpp2142,fnp3245,fn1498,tn6755
	tp6303,fpp2125,fnp3348,fn1572,tn6652
	tp6266,fpp2196,fnp3332,fn1538,tn6668
	tp6287,fpp2187,fnp3758,fn1526,tn6242
	tp6326,fpp2110,fnp3310,fn1564,tn6690
	tp6343,fpp2067,fnp3391,fn1590,tn6609
	tp6285,fpp2097,fnp3266,fn1618,tn6734
	tp6288,fpp2107,fnp3107,fn1605,tn6893

k2-ctw attack
pct,recall,precision,f1score,fpr,accuracy
33,0.198,1.000,0.331,0.000,0.599
	tp1984,fpp0,fnp0,fn8016,tn10000
	tp1971,fpp0,fnp0,fn8029,tn10000
	tp1965,fpp0,fnp0,fn8035,tn10000
	tp1924,fpp0,fnp0,fn8076,tn10000
	tp2007,fpp0,fnp0,fn7993,tn10000
	tp1987,fpp0,fnp0,fn8013,tn10000
	tp2000,fpp0,fnp0,fn8000,tn10000
	tp2055,fpp0,fnp0,fn7945,tn10000
	tp1950,fpp0,fnp0,fn8050,tn10000
	tp1995,fpp0,fnp0,fn8005,tn10000

k2-hp attack
pct,recall,precision,f1score,fpr,accuracy
33,0.171,1.000,0.292,0.000,0.586
	tp1705,fpp0,fnp0,fn8295,tn10000
	tp1715,fpp0,fnp0,fn8285,tn10000
	tp1716,fpp0,fnp0,fn8284,tn10000
	tp1662,fpp0,fnp0,fn8338,tn10000
	tp1750,fpp0,fnp0,fn8250,tn10000
	tp1697,fpp0,fnp0,fn8303,tn10000
	tp1735,fpp0,fnp0,fn8265,tn10000
	tp1777,fpp0,fnp0,fn8223,tn10000
	tp1683,fpp0,fnp0,fn8317,tn10000
	tp1683,fpp0,fnp0,fn8317,tn10000

k2-wf attack
pct,recall,precision,f1score,fpr,accuracy
33,0.546,0.860,0.668,0.089,0.742
	tp5495,fpp258,fnp613,fn4247,tn9387
	tp5459,fpp241,fnp600,fn4300,tn9400
	tp5521,fpp259,fnp609,fn4220,tn9391
	tp5427,fpp312,fnp707,fn4261,tn9293
	tp5434,fpp263,fnp677,fn4303,tn9323
	tp5423,fpp270,fnp676,fn4307,tn9324
	tp5516,fpp262,fnp609,fn4222,tn9391
	tp5474,fpp239,fnp604,fn4287,tn9396
	tp5411,fpp265,fnp621,fn4324,tn9379
	tp5454,fpp242,fnp594,fn4304,tn9406

