2016-09-17 10:42:45.255453365 +0200 CEST: wfdns for 1000x100+100000 with a100 w60 r2500 s1.00

k1-ctw attack
pct,recall,precision,f1score,fpr,accuracy
33,0.560,0.518,0.539,0.521,0.632
	tp5601,fpp2237,fnp2938,fn2162,tn7062
	tp5652,fpp2268,fnp2882,fn2080,tn7118
	tp5523,fpp2320,fnp2928,fn2157,tn7072
	tp5612,fpp2173,fnp3019,fn2215,tn6981
	tp5538,fpp2279,fnp2925,fn2183,tn7075
	tp5622,fpp2337,fnp3401,fn2041,tn6599
	tp5657,fpp2218,fnp2976,fn2125,tn7024
	tp5561,fpp2188,fnp2859,fn2251,tn7141
	tp5638,fpp2198,fnp2961,fn2164,tn7039
	tp5644,fpp2257,fnp2762,fn2099,tn7238

k1-hp attack
pct,recall,precision,f1score,fpr,accuracy
33,0.556,0.549,0.553,0.457,0.641
	tp5577,fpp1802,fnp2744,fn2621,tn7256
	tp5614,fpp1838,fnp2711,fn2548,tn7289
	tp5473,fpp1814,fnp2747,fn2713,tn7253
	tp5559,fpp1755,fnp2829,fn2686,tn7171
	tp5477,fpp1809,fnp2684,fn2714,tn7316
	tp5586,fpp1867,fnp2999,fn2547,tn7001
	tp5625,fpp1843,fnp2771,fn2532,tn7229
	tp5522,fpp1778,fnp2650,fn2700,tn7350
	tp5591,fpp1787,fnp2758,fn2622,tn7242
	tp5608,fpp1890,fnp2618,fn2502,tn7382

k1-wf attack
pct,recall,precision,f1score,fpr,accuracy
33,0.631,0.536,0.580,0.547,0.649
	tp6355,fpp2095,fnp3332,fn1550,tn6668
	tp6345,fpp2163,fnp3245,fn1492,tn6755
	tp6347,fpp2139,fnp3292,fn1514,tn6708
	tp6271,fpp2121,fnp3404,fn1608,tn6596
	tp6219,fpp2204,fnp3339,fn1577,tn6661
	tp6285,fpp2200,fnp3744,fn1515,tn6256
	tp6303,fpp2100,fnp3320,fn1597,tn6680
	tp6353,fpp2049,fnp3349,fn1598,tn6651
	tp6303,fpp2096,fnp3307,fn1601,tn6693
	tp6330,fpp2111,fnp3075,fn1559,tn6925

k2-ctw attack
pct,recall,precision,f1score,fpr,accuracy
33,0.485,0.844,0.616,0.090,0.715
	tp4832,fpp347,fnp544,fn4821,tn9456
	tp4884,fpp323,fnp549,fn4793,tn9451
	tp4787,fpp349,fnp545,fn4864,tn9455
	tp4837,fpp361,fnp626,fn4802,tn9374
	tp4774,fpp332,fnp574,fn4894,tn9426
	tp4830,fpp378,fnp648,fn4792,tn9352
	tp4945,fpp338,fnp499,fn4717,tn9501
	tp4825,fpp329,fnp535,fn4846,tn9465
	tp4896,fpp305,fnp554,fn4799,tn9446
	tp4907,fpp320,fnp519,fn4773,tn9481

k2-hp attack
pct,recall,precision,f1score,fpr,accuracy
33,0.481,0.866,0.618,0.074,0.714
	tp4788,fpp226,fnp511,fn4986,tn9489
	tp4844,fpp204,fnp523,fn4952,tn9477
	tp4724,fpp215,fnp508,fn5061,tn9492
	tp4777,fpp269,fnp594,fn4954,tn9406
	tp4737,fpp201,fnp534,fn5062,tn9466
	tp4788,fpp246,fnp573,fn4966,tn9427
	tp4912,fpp236,fnp472,fn4852,tn9528
	tp4775,fpp222,fnp480,fn5003,tn9520
	tp4849,fpp199,fnp517,fn4952,tn9483
	tp4867,fpp223,fnp491,fn4910,tn9509

k2-wf attack
pct,recall,precision,f1score,fpr,accuracy
33,0.546,0.860,0.668,0.089,0.741
	tp5474,fpp270,fnp624,fn4256,tn9376
	tp5488,fpp241,fnp604,fn4271,tn9396
	tp5503,fpp258,fnp629,fn4239,tn9371
	tp5387,fpp313,fnp693,fn4300,tn9307
	tp5351,fpp247,fnp667,fn4402,tn9333
	tp5403,fpp275,fnp691,fn4322,tn9309
	tp5507,fpp261,fnp594,fn4232,tn9406
	tp5486,fpp248,fnp599,fn4266,tn9401
	tp5472,fpp246,fnp606,fn4282,tn9394
	tp5513,fpp253,fnp584,fn4234,tn9416

