2016-09-16 20:38:53.590706257 +0200 CEST: wfdns for 1000x100+100000 with a10 w60 r2500 s1.00

k1-ctw attack
pct,recall,precision,f1score,fpr,accuracy
33,0.576,0.522,0.547,0.528,0.635
	tp5759,fpp2216,fnp2952,fn2025,tn7048
	tp5783,fpp2246,fnp2971,fn1971,tn7029
	tp5821,fpp2207,fnp3015,fn1972,tn6985
	tp5756,fpp2155,fnp3038,fn2089,tn6962
	tp5739,fpp2263,fnp3084,fn1998,tn6916
	tp5675,fpp2350,fnp3503,fn1975,tn6497
	tp5742,fpp2248,fnp3058,fn2010,tn6942
	tp5801,fpp2163,fnp3110,fn2036,tn6890
	tp5725,fpp2209,fnp2989,fn2066,tn7011
	tp5762,fpp2180,fnp2799,fn2058,tn7201

k1-hp attack
pct,recall,precision,f1score,fpr,accuracy
33,0.572,0.545,0.558,0.478,0.641
	tp5729,fpp1844,fnp2817,fn2427,tn7183
	tp5753,fpp1953,fnp2832,fn2294,tn7168
	tp5793,fpp1872,fnp2817,fn2335,tn7183
	tp5717,fpp1811,fnp2874,fn2472,tn7126
	tp5691,fpp1940,fnp2946,fn2369,tn7054
	tp5652,fpp1993,fnp3354,fn2355,tn6646
	tp5706,fpp1904,fnp2940,fn2390,tn7060
	tp5757,fpp1795,fnp2895,fn2448,tn7105
	tp5698,fpp1875,fnp2824,fn2427,tn7176
	tp5730,fpp1848,fnp2648,fn2422,tn7352

k1-wf attack
pct,recall,precision,f1score,fpr,accuracy
33,0.631,0.536,0.580,0.547,0.649
	tp6339,fpp2097,fnp3267,fn1564,tn6733
	tp6326,fpp2162,fnp3226,fn1512,tn6774
	tp6347,fpp2126,fnp3265,fn1527,tn6735
	tp6317,fpp2118,fnp3387,fn1565,tn6613
	tp6234,fpp2203,fnp3362,fn1563,tn6638
	tp6275,fpp2202,fnp3795,fn1523,tn6205
	tp6296,fpp2109,fnp3284,fn1595,tn6716
	tp6339,fpp2070,fnp3407,fn1591,tn6593
	tp6302,fpp2082,fnp3299,fn1616,tn6701
	tp6332,fpp2128,fnp3110,fn1540,tn6890

k2-ctw attack
pct,recall,precision,f1score,fpr,accuracy
33,0.498,0.846,0.627,0.091,0.720
	tp4977,fpp333,fnp549,fn4690,tn9451
	tp4972,fpp308,fnp543,fn4720,tn9457
	tp5066,fpp325,fnp577,fn4609,tn9423
	tp4950,fpp358,fnp652,fn4692,tn9348
	tp4965,fpp333,fnp599,fn4702,tn9401
	tp4886,fpp329,fnp617,fn4785,tn9383
	tp5013,fpp342,fnp548,fn4645,tn9452
	tp5017,fpp295,fnp570,fn4688,tn9430
	tp4944,fpp322,fnp576,fn4734,tn9424
	tp5016,fpp328,fnp547,fn4656,tn9453

k2-hp attack
pct,recall,precision,f1score,fpr,accuracy
33,0.495,0.863,0.629,0.078,0.720
	tp4942,fpp237,fnp521,fn4821,tn9479
	tp4941,fpp229,fnp517,fn4830,tn9483
	tp5029,fpp240,fnp552,fn4731,tn9448
	tp4908,fpp287,fnp616,fn4805,tn9384
	tp4923,fpp220,fnp562,fn4857,tn9438
	tp4862,fpp240,fnp577,fn4898,tn9423
	tp4979,fpp237,fnp518,fn4784,tn9482
	tp4968,fpp212,fnp532,fn4820,tn9468
	tp4919,fpp237,fnp557,fn4844,tn9443
	tp4980,fpp227,fnp517,fn4793,tn9483

k2-wf attack
pct,recall,precision,f1score,fpr,accuracy
33,0.546,0.859,0.668,0.089,0.742
	tp5461,fpp269,fnp613,fn4270,tn9387
	tp5448,fpp249,fnp596,fn4303,tn9404
	tp5515,fpp264,fnp618,fn4221,tn9382
	tp5431,fpp324,fnp715,fn4245,tn9285
	tp5397,fpp248,fnp661,fn4355,tn9339
	tp5415,fpp261,fnp663,fn4324,tn9337
	tp5506,fpp268,fnp581,fn4226,tn9419
	tp5488,fpp239,fnp609,fn4273,tn9391
	tp5451,fpp263,fnp635,fn4286,tn9365
	tp5496,fpp255,fnp606,fn4249,tn9394

