2016-09-22 16:00:21.699393654 +0000 UTC: wfdns for 1000x100+100000 with a100000 w60 r2500 s1.00

k1-ctw attack
pct,recall,precision,f1score,fpr,accuracy
33,0.223,1.000,0.364,0.000,0.611
	tp2317,fpp0,fnp0,fn7683,tn10000
	tp2220,fpp0,fnp0,fn7780,tn10000
	tp2222,fpp0,fnp0,fn7778,tn10000
	tp2169,fpp0,fnp0,fn7831,tn10000
	tp2250,fpp0,fnp0,fn7750,tn10000
	tp2222,fpp0,fnp0,fn7778,tn10000
	tp2254,fpp0,fnp0,fn7746,tn10000
	tp2222,fpp0,fnp0,fn7778,tn10000
	tp2195,fpp0,fnp0,fn7805,tn10000
	tp2192,fpp0,fnp0,fn7808,tn10000

k1-hp attack
pct,recall,precision,f1score,fpr,accuracy
33,0.197,1.000,0.329,0.000,0.598
	tp2066,fpp0,fnp0,fn7934,tn10000
	tp1968,fpp0,fnp0,fn8032,tn10000
	tp1960,fpp0,fnp0,fn8040,tn10000
	tp1903,fpp0,fnp0,fn8097,tn10000
	tp1997,fpp0,fnp0,fn8003,tn10000
	tp1950,fpp0,fnp0,fn8050,tn10000
	tp1999,fpp0,fnp0,fn8001,tn10000
	tp1955,fpp0,fnp0,fn8045,tn10000
	tp1923,fpp0,fnp0,fn8077,tn10000
	tp1938,fpp0,fnp0,fn8062,tn10000

k1-wf attack
pct,recall,precision,f1score,fpr,accuracy
33,0.630,0.535,0.578,0.548,0.648
	tp6319,fpp2104,fnp3284,fn1577,tn6716
	tp6297,fpp2179,fnp3253,fn1524,tn6747
	tp6324,fpp2145,fnp3294,fn1531,tn6706
	tp6254,fpp2146,fnp3401,fn1600,tn6599
	tp6286,fpp2177,fnp3337,fn1537,tn6663
	tp6266,fpp2175,fnp3674,fn1559,tn6326
	tp6295,fpp2096,fnp3377,fn1609,tn6623
	tp6356,fpp2061,fnp3409,fn1583,tn6591
	tp6283,fpp2127,fnp3316,fn1590,tn6684
	tp6290,fpp2135,fnp3122,fn1575,tn6878

k2-ctw attack
pct,recall,precision,f1score,fpr,accuracy
33,0.197,1.000,0.329,0.000,0.598
	tp2015,fpp0,fnp0,fn7985,tn10000
	tp1967,fpp0,fnp0,fn8033,tn10000
	tp1990,fpp0,fnp0,fn8010,tn10000
	tp1898,fpp0,fnp0,fn8102,tn10000
	tp2017,fpp0,fnp0,fn7983,tn10000
	tp1951,fpp0,fnp0,fn8049,tn10000
	tp1998,fpp0,fnp0,fn8002,tn10000
	tp1966,fpp0,fnp0,fn8034,tn10000
	tp1918,fpp0,fnp0,fn8082,tn10000
	tp1951,fpp0,fnp0,fn8049,tn10000

k2-hp attack
pct,recall,precision,f1score,fpr,accuracy
33,0.170,1.000,0.291,0.000,0.585
	tp1770,fpp0,fnp0,fn8230,tn10000
	tp1705,fpp0,fnp0,fn8295,tn10000
	tp1736,fpp0,fnp0,fn8264,tn10000
	tp1637,fpp0,fnp0,fn8363,tn10000
	tp1775,fpp0,fnp0,fn8225,tn10000
	tp1669,fpp0,fnp0,fn8331,tn10000
	tp1714,fpp0,fnp0,fn8286,tn10000
	tp1691,fpp0,fnp0,fn8309,tn10000
	tp1650,fpp0,fnp0,fn8350,tn10000
	tp1697,fpp0,fnp0,fn8303,tn10000

k2-wf attack
pct,recall,precision,f1score,fpr,accuracy
33,0.544,0.859,0.666,0.089,0.741
	tp5429,fpp262,fnp601,fn4309,tn9399
	tp5445,fpp236,fnp601,fn4319,tn9399
	tp5492,fpp252,fnp628,fn4256,tn9372
	tp5373,fpp325,fnp721,fn4302,tn9279
	tp5466,fpp248,fnp637,fn4286,tn9363
	tp5389,fpp265,fnp715,fn4346,tn9285
	tp5478,fpp251,fnp605,fn4271,tn9395
	tp5472,fpp234,fnp612,fn4294,tn9388
	tp5431,fpp277,fnp621,fn4292,tn9379
	tp5465,fpp260,fnp588,fn4275,tn9412

