2016-09-17 14:09:50.254736045 +0200 CEST: wfdns for 1000x100+100000 with a100000 w180 r2500 s1.00

k1-ctw attack
pct,recall,precision,f1score,fpr,accuracy
33,0.230,0.828,0.360,0.049,0.606
	tp2349,fpp244,fnp134,fn7407,tn9866
	tp2279,fpp477,fnp159,fn7244,tn9841
	tp2336,fpp338,fnp169,fn7326,tn9831
	tp2301,fpp633,fnp323,fn7066,tn9677
	tp2280,fpp196,fnp147,fn7524,tn9853
	tp2337,fpp231,fnp210,fn7432,tn9790
	tp2318,fpp410,fnp171,fn7272,tn9829
	tp2270,fpp301,fnp144,fn7429,tn9856
	tp2274,fpp133,fnp171,fn7593,tn9829
	tp2278,fpp182,fnp130,fn7540,tn9870

k1-hp attack
pct,recall,precision,f1score,fpr,accuracy
33,0.206,0.952,0.338,0.011,0.600
	tp2098,fpp22,fnp48,fn7880,tn9952
	tp2022,fpp43,fnp59,fn7935,tn9941
	tp2123,fpp45,fnp56,fn7832,tn9944
	tp2071,fpp91,fnp152,fn7838,tn9848
	tp2020,fpp22,fnp45,fn7958,tn9955
	tp2074,fpp46,fnp81,fn7880,tn9919
	tp2094,fpp36,fnp76,fn7870,tn9924
	tp2040,fpp37,fnp56,fn7923,tn9944
	tp2001,fpp17,fnp60,fn7982,tn9940
	tp2032,fpp21,fnp39,fn7947,tn9961

k1-wf attack
pct,recall,precision,f1score,fpr,accuracy
33,0.630,0.534,0.578,0.549,0.647
	tp6363,fpp2078,fnp3296,fn1559,tn6704
	tp6311,fpp2181,fnp3263,fn1508,tn6737
	tp6302,fpp2147,fnp3303,fn1551,tn6697
	tp6319,fpp2132,fnp3397,fn1549,tn6603
	tp6262,fpp2183,fnp3335,fn1555,tn6665
	tp6275,fpp2201,fnp3741,fn1524,tn6259
	tp6272,fpp2123,fnp3325,fn1605,tn6675
	tp6303,fpp2098,fnp3399,fn1599,tn6601
	tp6292,fpp2112,fnp3321,fn1596,tn6679
	tp6291,fpp2134,fnp3113,fn1575,tn6887

k2-ctw attack
pct,recall,precision,f1score,fpr,accuracy
33,0.203,0.925,0.333,0.017,0.599
	tp2069,fpp74,fnp13,fn7857,tn9987
	tp1974,fpp198,fnp29,fn7828,tn9971
	tp2073,fpp122,fnp28,fn7805,tn9972
	tp1992,fpp162,fnp23,fn7846,tn9977
	tp2015,fpp98,fnp81,fn7887,tn9919
	tp2076,fpp112,fnp106,fn7812,tn9894
	tp2078,fpp249,fnp86,fn7673,tn9914
	tp2016,fpp157,fnp18,fn7827,tn9982
	tp1990,fpp19,fnp36,fn7991,tn9964
	tp2028,fpp39,fnp19,fn7933,tn9981

k2-hp attack
pct,recall,precision,f1score,fpr,accuracy
33,0.178,0.990,0.302,0.002,0.588
	tp1820,fpp2,fnp5,fn8178,tn9995
	tp1731,fpp5,fnp10,fn8264,tn9990
	tp1848,fpp9,fnp10,fn8143,tn9990
	tp1782,fpp4,fnp16,fn8214,tn9984
	tp1747,fpp1,fnp10,fn8252,tn9990
	tp1796,fpp3,fnp11,fn8201,tn9989
	tp1850,fpp7,fnp18,fn8143,tn9982
	tp1767,fpp4,fnp13,fn8229,tn9987
	tp1706,fpp4,fnp23,fn8290,tn9977
	tp1767,fpp3,fnp13,fn8230,tn9987

k2-wf attack
pct,recall,precision,f1score,fpr,accuracy
33,0.545,0.859,0.667,0.089,0.741
	tp5472,fpp261,fnp633,fn4267,tn9367
	tp5434,fpp246,fnp596,fn4320,tn9404
	tp5477,fpp261,fnp623,fn4262,tn9377
	tp5430,fpp330,fnp712,fn4240,tn9288
	tp5421,fpp251,fnp645,fn4328,tn9355
	tp5371,fpp253,fnp695,fn4376,tn9305
	tp5505,fpp269,fnp598,fn4226,tn9402
	tp5458,fpp238,fnp592,fn4304,tn9408
	tp5429,fpp260,fnp641,fn4311,tn9359
	tp5458,fpp257,fnp588,fn4285,tn9412

