2016-09-22 13:31:30.920796306 +0000 UTC: wfdns for 1000x100+100000 with a10000 w1200 r2500 s1.00

k1-ctw attack
pct,recall,precision,f1score,fpr,accuracy
33,0.535,0.513,0.524,0.509,0.627
	tp5298,fpp2229,fnp2625,fn2473,tn7375
	tp5448,fpp2275,fnp2809,fn2277,tn7191
	tp5358,fpp2235,fnp2740,fn2407,tn7260
	tp5314,fpp2272,fnp2849,fn2414,tn7151
	tp5235,fpp2359,fnp2885,fn2406,tn7115
	tp5370,fpp2353,fnp3150,fn2277,tn6850
	tp5430,fpp2268,fnp2894,fn2302,tn7106
	tp5295,fpp2230,fnp2784,fn2475,tn7216
	tp5467,fpp2194,fnp2845,fn2339,tn7155
	tp5322,fpp2251,fnp2653,fn2427,tn7347

k1-hp attack
pct,recall,precision,f1score,fpr,accuracy
33,0.528,0.557,0.542,0.421,0.636
	tp5220,fpp1540,fnp2230,fn3240,tn7770
	tp5387,fpp1763,fnp2595,fn2850,tn7405
	tp5298,fpp1623,fnp2446,fn3079,tn7554
	tp5230,fpp1639,fnp2606,fn3131,tn7394
	tp5173,fpp1746,fnp2636,fn3081,tn7364
	tp5304,fpp1701,fnp2913,fn2995,tn7087
	tp5370,fpp1667,fnp2664,fn2963,tn7336
	tp5224,fpp1560,fnp2382,fn3216,tn7618
	tp5364,fpp1614,fnp2636,fn3022,tn7364
	tp5264,fpp1667,fnp2465,fn3069,tn7535

k1-wf attack
pct,recall,precision,f1score,fpr,accuracy
33,0.630,0.535,0.579,0.547,0.648
	tp6318,fpp2106,fnp3294,fn1576,tn6706
	tp6285,fpp2182,fnp3257,fn1533,tn6743
	tp6289,fpp2142,fnp3327,fn1569,tn6673
	tp6284,fpp2164,fnp3409,fn1552,tn6591
	tp6222,fpp2191,fnp3362,fn1587,tn6638
	tp6340,fpp2127,fnp3678,fn1533,tn6322
	tp6304,fpp2090,fnp3335,fn1606,tn6665
	tp6328,fpp2078,fnp3368,fn1594,tn6632
	tp6346,fpp2101,fnp3269,fn1553,tn6731
	tp6270,fpp2093,fnp3104,fn1637,tn6896

k2-ctw attack
pct,recall,precision,f1score,fpr,accuracy
33,0.464,0.834,0.596,0.093,0.705
	tp4599,fpp429,fnp564,fn4972,tn9436
	tp4708,fpp347,fnp509,fn4945,tn9491
	tp4652,fpp351,fnp521,fn4997,tn9479
	tp4594,fpp443,fnp595,fn4963,tn9405
	tp4507,fpp381,fnp564,fn5112,tn9436
	tp4667,fpp394,fnp591,fn4939,tn9409
	tp4733,fpp400,fnp555,fn4867,tn9445
	tp4582,fpp365,fnp502,fn5053,tn9498
	tp4737,fpp368,fnp521,fn4895,tn9479
	tp4626,fpp378,fnp476,fn4996,tn9524

k2-hp attack
pct,recall,precision,f1score,fpr,accuracy
33,0.457,0.869,0.599,0.069,0.704
	tp4487,fpp196,fnp439,fn5317,tn9561
	tp4650,fpp199,fnp461,fn5151,tn9539
	tp4590,fpp206,fnp472,fn5204,tn9528
	tp4523,fpp261,fnp552,fn5216,tn9448
	tp4445,fpp191,fnp510,fn5364,tn9490
	tp4594,fpp203,fnp540,fn5203,tn9460
	tp4683,fpp241,fnp507,fn5076,tn9493
	tp4513,fpp174,fnp434,fn5313,tn9566
	tp4662,fpp198,fnp474,fn5140,tn9526
	tp4564,fpp196,fnp441,fn5240,tn9559

k2-wf attack
pct,recall,precision,f1score,fpr,accuracy
33,0.545,0.860,0.667,0.089,0.741
	tp5417,fpp258,fnp585,fn4325,tn9415
	tp5443,fpp236,fnp585,fn4321,tn9415
	tp5447,fpp267,fnp642,fn4286,tn9358
	tp5443,fpp315,fnp703,fn4242,tn9297
	tp5347,fpp251,fnp669,fn4402,tn9331
	tp5475,fpp248,fnp696,fn4277,tn9304
	tp5495,fpp285,fnp617,fn4220,tn9383
	tp5472,fpp226,fnp581,fn4302,tn9419
	tp5507,fpp260,fnp621,fn4233,tn9379
	tp5424,fpp243,fnp579,fn4333,tn9421

