2016-09-22 13:03:08.815009381 +0000 UTC: wfdns for 1000x100+100000 with a100000 w1200 r2500 s1.00

k1-ctw attack
pct,recall,precision,f1score,fpr,accuracy
33,0.262,0.621,0.369,0.162,0.601
	tp2566,fpp960,fnp540,fn6474,tn9460
	tp2600,fpp988,fnp479,fn6412,tn9521
	tp2674,fpp934,fnp556,fn6392,tn9444
	tp2649,fpp931,fnp541,fn6420,tn9459
	tp2613,fpp1020,fnp700,fn6367,tn9300
	tp2602,fpp993,fnp602,fn6405,tn9398
	tp2671,fpp1060,fnp629,fn6269,tn9371
	tp2695,fpp1373,fnp956,fn5932,tn9044
	tp2597,fpp888,fnp548,fn6515,tn9452
	tp2580,fpp931,fnp552,fn6489,tn9448

k1-hp attack
pct,recall,precision,f1score,fpr,accuracy
33,0.240,0.809,0.370,0.058,0.602
	tp2353,fpp203,fnp309,fn7444,tn9691
	tp2378,fpp177,fnp258,fn7445,tn9742
	tp2435,fpp204,fnp305,fn7361,tn9695
	tp2413,fpp189,fnp311,fn7398,tn9689
	tp2390,fpp297,fnp440,fn7313,tn9560
	tp2365,fpp208,fnp325,fn7427,tn9675
	tp2467,fpp249,fnp369,fn7284,tn9631
	tp2503,fpp368,fnp600,fn7129,tn9400
	tp2339,fpp148,fnp307,fn7513,tn9693
	tp2352,fpp181,fnp318,fn7467,tn9682

k1-wf attack
pct,recall,precision,f1score,fpr,accuracy
33,0.629,0.535,0.578,0.547,0.647
	tp6338,fpp2094,fnp3290,fn1568,tn6710
	tp6284,fpp2155,fnp3280,fn1561,tn6720
	tp6327,fpp2120,fnp3247,fn1553,tn6753
	tp6286,fpp2148,fnp3426,fn1566,tn6574
	tp6257,fpp2193,fnp3312,fn1550,tn6688
	tp6259,fpp2188,fnp3755,fn1553,tn6245
	tp6270,fpp2110,fnp3326,fn1620,tn6674
	tp6286,fpp2078,fnp3377,fn1636,tn6623
	tp6280,fpp2104,fnp3283,fn1616,tn6717
	tp6274,fpp2112,fnp3123,fn1614,tn6877

k2-ctw attack
pct,recall,precision,f1score,fpr,accuracy
33,0.230,0.829,0.360,0.048,0.608
	tp2252,fpp321,fnp117,fn7427,tn9883
	tp2263,fpp426,fnp163,fn7311,tn9837
	tp2372,fpp309,fnp200,fn7319,tn9800
	tp2309,fpp255,fnp105,fn7436,tn9895
	tp2309,fpp351,fnp105,fn7340,tn9895
	tp2254,fpp430,fnp205,fn7316,tn9795
	tp2339,fpp329,fnp112,fn7332,tn9888
	tp2336,fpp305,fnp110,fn7359,tn9890
	tp2277,fpp349,fnp101,fn7374,tn9899
	tp2275,fpp340,fnp118,fn7385,tn9882

k2-hp attack
pct,recall,precision,f1score,fpr,accuracy
33,0.208,0.958,0.342,0.009,0.601
	tp2027,fpp29,fnp75,fn7944,tn9925
	tp2055,fpp27,fnp56,fn7918,tn9944
	tp2129,fpp27,fnp77,fn7844,tn9923
	tp2095,fpp25,fnp61,fn7880,tn9939
	tp2073,fpp22,fnp72,fn7905,tn9928
	tp2020,fpp26,fnp73,fn7954,tn9927
	tp2150,fpp27,fnp59,fn7823,tn9941
	tp2169,fpp33,fnp71,fn7798,tn9929
	tp2041,fpp12,fnp53,fn7947,tn9947
	tp2057,fpp25,fnp74,fn7918,tn9926

k2-wf attack
pct,recall,precision,f1score,fpr,accuracy
33,0.544,0.859,0.666,0.089,0.740
	tp5453,fpp267,fnp605,fn4280,tn9395
	tp5409,fpp242,fnp627,fn4349,tn9373
	tp5509,fpp250,fnp604,fn4241,tn9396
	tp5424,fpp311,fnp721,fn4265,tn9279
	tp5413,fpp254,fnp653,fn4333,tn9347
	tp5374,fpp269,fnp696,fn4357,tn9304
	tp5483,fpp273,fnp595,fn4244,tn9405
	tp5453,fpp228,fnp598,fn4319,tn9402
	tp5460,fpp269,fnp630,fn4271,tn9370
	tp5455,fpp240,fnp607,fn4305,tn9393

