2016-09-20 14:33:03.438178304 +0200 CEST: wfdns for 1000x100+100000 with a100000 w720 r2500 s1.00

k1-ctw attack
pct,recall,precision,f1score,fpr,accuracy
33,0.249,0.687,0.366,0.115,0.604
	tp2547,fpp818,fnp360,fn6635,tn9640
	tp2517,fpp561,fnp349,fn6922,tn9651
	tp2533,fpp764,fnp472,fn6703,tn9528
	tp2531,fpp638,fnp430,fn6831,tn9570
	tp2410,fpp686,fnp275,fn6904,tn9725
	tp2460,fpp798,fnp514,fn6742,tn9486
	tp2560,fpp976,fnp662,fn6464,tn9338
	tp2496,fpp772,fnp344,fn6732,tn9656
	tp2489,fpp744,fnp364,fn6767,tn9636
	tp2396,fpp643,fnp307,fn6961,tn9693

k1-hp attack
pct,recall,precision,f1score,fpr,accuracy
33,0.227,0.867,0.360,0.035,0.603
	tp2350,fpp127,fnp176,fn7523,tn9824
	tp2270,fpp104,fnp186,fn7626,tn9814
	tp2317,fpp152,fnp257,fn7531,tn9743
	tp2293,fpp109,fnp230,fn7598,tn9770
	tp2169,fpp131,fnp132,fn7700,tn9868
	tp2232,fpp115,fnp271,fn7653,tn9729
	tp2369,fpp203,fnp418,fn7428,tn9582
	tp2260,fpp130,fnp176,fn7610,tn9824
	tp2265,fpp152,fnp175,fn7583,tn9825
	tp2176,fpp121,fnp161,fn7703,tn9839

k1-wf attack
pct,recall,precision,f1score,fpr,accuracy
33,0.631,0.536,0.579,0.547,0.648
	tp6407,fpp2077,fnp3268,fn1516,tn6732
	tp6313,fpp2167,fnp3249,fn1520,tn6751
	tp6339,fpp2129,fnp3275,fn1532,tn6725
	tp6291,fpp2127,fnp3373,fn1582,tn6627
	tp6274,fpp2194,fnp3329,fn1532,tn6671
	tp6250,fpp2212,fnp3775,fn1538,tn6225
	tp6301,fpp2108,fnp3388,fn1591,tn6612
	tp6309,fpp2091,fnp3408,fn1600,tn6592
	tp6276,fpp2090,fnp3279,fn1634,tn6721
	tp6312,fpp2088,fnp3081,fn1600,tn6919

k2-ctw attack
pct,recall,precision,f1score,fpr,accuracy
33,0.219,0.854,0.348,0.038,0.604
	tp2227,fpp339,fnp116,fn7434,tn9884
	tp2212,fpp230,fnp119,fn7558,tn9881
	tp2246,fpp337,fnp150,fn7417,tn9850
	tp2223,fpp200,fnp92,fn7577,tn9908
	tp2121,fpp194,fnp53,fn7685,tn9947
	tp2132,fpp363,fnp166,fn7505,tn9834
	tp2272,fpp326,fnp137,fn7402,tn9863
	tp2172,fpp277,fnp53,fn7551,tn9947
	tp2182,fpp188,fnp58,fn7630,tn9942
	tp2105,fpp270,fnp123,fn7625,tn9877

k2-hp attack
pct,recall,precision,f1score,fpr,accuracy
33,0.197,0.973,0.328,0.005,0.596
	tp2024,fpp12,fnp27,fn7964,tn9973
	tp1961,fpp11,fnp38,fn8028,tn9962
	tp2024,fpp22,fnp52,fn7954,tn9948
	tp1990,fpp12,fnp54,fn7998,tn9946
	tp1886,fpp17,fnp32,fn8097,tn9968
	tp1924,fpp8,fnp52,fn8068,tn9948
	tp2062,fpp22,fnp47,fn7916,tn9953
	tp1948,fpp15,fnp31,fn8037,tn9969
	tp1971,fpp12,fnp27,fn8017,tn9973
	tp1901,fpp11,fnp43,fn8088,tn9957

k2-wf attack
pct,recall,precision,f1score,fpr,accuracy
33,0.546,0.859,0.668,0.089,0.741
	tp5544,fpp261,fnp612,fn4195,tn9388
	tp5408,fpp259,fnp619,fn4333,tn9381
	tp5508,fpp257,fnp631,fn4235,tn9369
	tp5429,fpp327,fnp714,fn4244,tn9286
	tp5458,fpp245,fnp648,fn4297,tn9352
	tp5382,fpp261,fnp707,fn4357,tn9293
	tp5478,fpp271,fnp603,fn4251,tn9397
	tp5436,fpp234,fnp602,fn4330,tn9398
	tp5436,fpp256,fnp603,fn4308,tn9397
	tp5514,fpp244,fnp596,fn4242,tn9404

