2016-09-20 03:08:22.907795606 +0200 CEST: wfdns for 1000x100+100000 with a10000 w720 r2500 s1.00

k1-ctw attack
pct,recall,precision,f1score,fpr,accuracy
33,0.454,0.502,0.477,0.452,0.612
	tp4529,fpp2259,fnp2361,fn3212,tn7639
	tp4510,fpp2273,fnp2346,fn3217,tn7654
	tp4539,fpp2301,fnp2344,fn3160,tn7656
	tp4615,fpp2192,fnp2443,fn3193,tn7557
	tp4533,fpp2300,fnp2348,fn3167,tn7652
	tp4529,fpp2096,fnp2214,fn3375,tn7786
	tp4584,fpp2220,fnp2440,fn3196,tn7560
	tp4603,fpp2126,fnp2287,fn3271,tn7713
	tp4451,fpp2250,fnp2241,fn3299,tn7759
	tp4532,fpp2135,fnp1991,fn3333,tn8009

k1-hp attack
pct,recall,precision,f1score,fpr,accuracy
33,0.442,0.586,0.504,0.312,0.626
	tp4418,fpp1205,fnp1886,fn4377,tn8114
	tp4356,fpp1258,fnp1977,fn4386,tn8023
	tp4433,fpp1341,fnp1958,fn4226,tn8042
	tp4487,fpp1240,fnp2093,fn4273,tn7907
	tp4426,fpp1365,fnp1927,fn4209,tn8073
	tp4395,fpp1235,fnp1830,fn4370,tn8170
	tp4467,fpp1145,fnp2003,fn4388,tn7997
	tp4464,fpp1094,fnp1802,fn4442,tn8198
	tp4309,fpp1212,fnp1878,fn4479,tn8122
	tp4411,fpp1155,fnp1627,fn4434,tn8373

k1-wf attack
pct,recall,precision,f1score,fpr,accuracy
33,0.630,0.535,0.579,0.547,0.648
	tp6341,fpp2104,fnp3294,fn1555,tn6706
	tp6280,fpp2170,fnp3280,fn1550,tn6720
	tp6314,fpp2162,fnp3254,fn1524,tn6746
	tp6339,fpp2108,fnp3395,fn1553,tn6605
	tp6246,fpp2157,fnp3322,fn1597,tn6678
	tp6278,fpp2161,fnp3728,fn1561,tn6272
	tp6335,fpp2100,fnp3344,fn1565,tn6656
	tp6301,fpp2076,fnp3378,fn1623,tn6622
	tp6282,fpp2114,fnp3325,fn1604,tn6675
	tp6310,fpp2117,fnp3141,fn1573,tn6859

k2-ctw attack
pct,recall,precision,f1score,fpr,accuracy
33,0.394,0.810,0.530,0.093,0.673
	tp3924,fpp472,fnp473,fn5604,tn9527
	tp3888,fpp410,fnp432,fn5702,tn9568
	tp3977,fpp442,fnp438,fn5581,tn9562
	tp3989,fpp470,fnp519,fn5541,tn9481
	tp3943,fpp405,fnp497,fn5652,tn9503
	tp3901,fpp420,fnp494,fn5679,tn9506
	tp4026,fpp531,fnp496,fn5443,tn9504
	tp3930,fpp446,fnp486,fn5624,tn9514
	tp3857,fpp447,fnp422,fn5696,tn9578
	tp3936,fpp492,fnp463,fn5572,tn9537

k2-hp attack
pct,recall,precision,f1score,fpr,accuracy
33,0.381,0.880,0.532,0.052,0.672
	tp3813,fpp136,fnp339,fn6051,tn9661
	tp3734,fpp136,fnp357,fn6130,tn9643
	tp3861,fpp177,fnp361,fn5962,tn9639
	tp3872,fpp210,fnp446,fn5918,tn9554
	tp3845,fpp152,fnp416,fn6003,tn9584
	tp3754,fpp143,fnp393,fn6103,tn9607
	tp3925,fpp166,fnp361,fn5909,tn9639
	tp3788,fpp140,fnp329,fn6072,tn9671
	tp3731,fpp136,fnp336,fn6133,tn9664
	tp3810,fpp146,fnp330,fn6044,tn9670

k2-wf attack
pct,recall,precision,f1score,fpr,accuracy
33,0.545,0.858,0.666,0.090,0.741
	tp5474,fpp262,fnp616,fn4264,tn9384
	tp5402,fpp247,fnp622,fn4351,tn9378
	tp5493,fpp273,fnp638,fn4234,tn9362
	tp5464,fpp313,fnp710,fn4223,tn9290
	tp5416,fpp252,fnp679,fn4332,tn9321
	tp5372,fpp259,fnp695,fn4369,tn9305
	tp5549,fpp270,fnp590,fn4181,tn9410
	tp5409,fpp246,fnp581,fn4345,tn9419
	tp5417,fpp264,fnp616,fn4319,tn9384
	tp5466,fpp246,fnp602,fn4288,tn9398

