2016-09-19 02:40:10.958030654 +0200 CEST: wfdns for 1000x100+100000 with a10000 w540 r2500 s1.00

k1-ctw attack
pct,recall,precision,f1score,fpr,accuracy
33,0.421,0.503,0.458,0.417,0.609
	tp4247,fpp2171,fnp2007,fn3582,tn7993
	tp4300,fpp1941,fnp1721,fn3759,tn8279
	tp4331,fpp2181,fnp2195,fn3488,tn7805
	tp4237,fpp2080,fnp2055,fn3683,tn7945
	tp4177,fpp2188,fnp2000,fn3635,tn8000
	tp4186,fpp2257,fnp2327,fn3557,tn7673
	tp4171,fpp2172,fnp2126,fn3657,tn7874
	tp4162,fpp2161,fnp2137,fn3677,tn7863
	tp4135,fpp2062,fnp1872,fn3803,tn8128
	tp4173,fpp2168,fnp1913,fn3659,tn8087

k1-hp attack
pct,recall,precision,f1score,fpr,accuracy
33,0.407,0.608,0.488,0.263,0.624
	tp4131,fpp1178,fnp1600,fn4691,tn8400
	tp4141,fpp885,fnp1317,fn4974,tn8683
	tp4197,fpp1077,fnp1796,fn4726,tn8204
	tp4075,fpp930,fnp1552,fn4995,tn8448
	tp4033,fpp1033,fnp1477,fn4934,tn8523
	tp4045,fpp1077,fnp1806,fn4878,tn8194
	tp4044,fpp1052,fnp1668,fn4904,tn8332
	tp4044,fpp1079,fnp1777,fn4877,tn8223
	tp3984,fpp955,fnp1352,fn5061,tn8648
	tp4054,fpp1104,fnp1595,fn4842,tn8405

k1-wf attack
pct,recall,precision,f1score,fpr,accuracy
33,0.632,0.537,0.581,0.545,0.650
	tp6394,fpp2102,fnp3308,fn1504,tn6692
	tp6345,fpp2148,fnp3220,fn1507,tn6780
	tp6330,fpp2128,fnp3314,fn1542,tn6686
	tp6282,fpp2128,fnp3435,fn1590,tn6565
	tp6297,fpp2177,fnp3343,fn1526,tn6657
	tp6309,fpp2127,fnp3614,fn1564,tn6386
	tp6313,fpp2096,fnp3336,fn1591,tn6664
	tp6367,fpp2070,fnp3378,fn1563,tn6622
	tp6275,fpp2110,fnp3265,fn1615,tn6735
	tp6302,fpp2121,fnp3069,fn1577,tn6931

k2-ctw attack
pct,recall,precision,f1score,fpr,accuracy
33,0.366,0.815,0.505,0.083,0.663
	tp3679,fpp426,fnp388,fn5895,tn9612
	tp3735,fpp429,fnp361,fn5836,tn9639
	tp3784,fpp412,fnp399,fn5804,tn9601
	tp3683,fpp386,fnp366,fn5931,tn9634
	tp3604,fpp531,fnp473,fn5865,tn9527
	tp3627,fpp459,fnp438,fn5914,tn9562
	tp3656,fpp451,fnp397,fn5893,tn9603
	tp3594,fpp437,fnp381,fn5969,tn9619
	tp3613,fpp429,fnp381,fn5958,tn9619
	tp3636,fpp428,fnp371,fn5936,tn9629

k2-hp attack
pct,recall,precision,f1score,fpr,accuracy
33,0.353,0.892,0.506,0.043,0.662
	tp3570,fpp139,fnp292,fn6291,tn9708
	tp3615,fpp121,fnp273,fn6264,tn9727
	tp3646,fpp131,fnp322,fn6223,tn9678
	tp3550,fpp100,fnp288,fn6350,tn9712
	tp3483,fpp148,fnp323,fn6369,tn9677
	tp3480,fpp132,fnp336,fn6388,tn9664
	tp3531,fpp139,fnp297,fn6330,tn9703
	tp3471,fpp123,fnp303,fn6406,tn9697
	tp3469,fpp124,fnp294,fn6407,tn9706
	tp3514,fpp119,fnp294,fn6367,tn9706

k2-wf attack
pct,recall,precision,f1score,fpr,accuracy
33,0.548,0.860,0.670,0.089,0.742
	tp5545,fpp270,fnp615,fn4185,tn9385
	tp5505,fpp243,fnp596,fn4252,tn9404
	tp5482,fpp256,fnp623,fn4262,tn9377
	tp5434,fpp303,fnp716,fn4263,tn9284
	tp5463,fpp256,fnp641,fn4281,tn9359
	tp5435,fpp252,fnp720,fn4313,tn9280
	tp5520,fpp283,fnp603,fn4197,tn9397
	tp5500,fpp229,fnp607,fn4271,tn9393
	tp5448,fpp262,fnp633,fn4290,tn9367
	tp5498,fpp234,fnp601,fn4268,tn9399

