2016-09-22 05:03:17.151933555 +0200 CEST: wfdns for 1000x100+100000 with a10000 w1080 r2500 s1.00

k1-ctw attack
pct,recall,precision,f1score,fpr,accuracy
33,0.522,0.509,0.515,0.503,0.623
	tp5291,fpp2217,fnp2792,fn2492,tn7208
	tp5306,fpp2317,fnp2736,fn2377,tn7264
	tp5234,fpp2270,fnp2802,fn2496,tn7198
	tp5174,fpp2247,fnp2645,fn2579,tn7355
	tp5175,fpp2345,fnp2731,fn2480,tn7269
	tp5157,fpp2344,fnp3060,fn2499,tn6940
	tp5183,fpp2239,fnp2759,fn2578,tn7241
	tp5262,fpp2260,fnp2793,fn2478,tn7207
	tp5271,fpp2214,fnp2776,fn2515,tn7224
	tp5112,fpp2247,fnp2505,fn2641,tn7495

k1-hp attack
pct,recall,precision,f1score,fpr,accuracy
33,0.513,0.562,0.536,0.400,0.634
	tp5200,fpp1529,fnp2486,fn3271,tn7514
	tp5210,fpp1682,fnp2484,fn3108,tn7516
	tp5153,fpp1554,fnp2575,fn3293,tn7425
	tp5088,fpp1568,fnp2275,fn3344,tn7725
	tp5101,fpp1664,fnp2470,fn3235,tn7530
	tp5058,fpp1534,fnp2574,fn3408,tn7426
	tp5103,fpp1446,fnp2407,fn3451,tn7593
	tp5181,fpp1414,fnp2498,fn3405,tn7502
	tp5172,fpp1528,fnp2524,fn3300,tn7476
	tp5031,fpp1551,fnp2242,fn3418,tn7758

k1-wf attack
pct,recall,precision,f1score,fpr,accuracy
33,0.631,0.537,0.580,0.545,0.649
	tp6365,fpp2091,fnp3311,fn1544,tn6689
	tp6307,fpp2179,fnp3254,fn1514,tn6746
	tp6349,fpp2113,fnp3284,fn1538,tn6716
	tp6324,fpp2131,fnp3378,fn1545,tn6622
	tp6227,fpp2196,fnp3270,fn1577,tn6730
	tp6285,fpp2163,fnp3655,fn1552,tn6345
	tp6302,fpp2085,fnp3322,fn1613,tn6678
	tp6365,fpp2064,fnp3368,fn1571,tn6632
	tp6308,fpp2077,fnp3282,fn1615,tn6718
	tp6251,fpp2143,fnp3143,fn1606,tn6857

k2-ctw attack
pct,recall,precision,f1score,fpr,accuracy
33,0.453,0.826,0.585,0.096,0.699
	tp4622,fpp421,fnp569,fn4957,tn9431
	tp4580,fpp397,fnp526,fn5023,tn9474
	tp4535,fpp421,fnp532,fn5044,tn9468
	tp4483,fpp445,fnp631,fn5072,tn9369
	tp4459,fpp373,fnp539,fn5168,tn9461
	tp4466,fpp402,fnp566,fn5132,tn9434
	tp4569,fpp393,fnp505,fn5038,tn9495
	tp4572,fpp442,fnp582,fn4986,tn9418
	tp4566,fpp413,fnp523,fn5021,tn9477
	tp4478,fpp394,fnp486,fn5128,tn9514

k2-hp attack
pct,recall,precision,f1score,fpr,accuracy
33,0.444,0.871,0.588,0.066,0.699
	tp4531,fpp198,fnp442,fn5271,tn9558
	tp4499,fpp194,fnp456,fn5307,tn9544
	tp4447,fpp185,fnp475,fn5368,tn9525
	tp4374,fpp263,fnp520,fn5363,tn9480
	tp4389,fpp192,fnp481,fn5419,tn9519
	tp4350,fpp173,fnp484,fn5477,tn9516
	tp4483,fpp188,fnp444,fn5329,tn9556
	tp4495,fpp168,fnp465,fn5337,tn9535
	tp4475,fpp193,fnp454,fn5332,tn9546
	tp4383,fpp190,fnp429,fn5427,tn9571

k2-wf attack
pct,recall,precision,f1score,fpr,accuracy
33,0.546,0.859,0.668,0.090,0.741
	tp5531,fpp260,fnp619,fn4209,tn9381
	tp5452,fpp251,fnp626,fn4297,tn9374
	tp5487,fpp264,fnp636,fn4249,tn9364
	tp5443,fpp328,fnp701,fn4229,tn9299
	tp5390,fpp246,fnp655,fn4364,tn9345
	tp5407,fpp252,fnp698,fn4341,tn9302
	tp5512,fpp277,fnp590,fn4211,tn9410
	tp5507,fpp233,fnp601,fn4260,tn9399
	tp5462,fpp269,fnp614,fn4269,tn9386
	tp5438,fpp250,fnp596,fn4312,tn9404

