2016-09-22 16:47:26.288256039 +0000 UTC: wfdns for 1000x100+100000 with a10000 w1500 r2500 s1.00

k1-ctw attack
pct,recall,precision,f1score,fpr,accuracy
33,0.566,0.519,0.541,0.525,0.632
	tp5714,fpp2252,fnp3067,fn2034,tn6933
	tp5659,fpp2217,fnp2897,fn2124,tn7103
	tp5771,fpp2240,fnp2988,fn1989,tn7012
	tp5651,fpp2185,fnp3062,fn2164,tn6938
	tp5572,fpp2288,fnp2937,fn2140,tn7063
	tp5568,fpp2344,fnp3421,fn2088,tn6579
	tp5639,fpp2274,fnp3048,fn2087,tn6952
	tp5681,fpp2180,fnp3048,fn2139,tn6952
	tp5674,fpp2191,fnp2859,fn2135,tn7141
	tp5630,fpp2216,fnp2751,fn2154,tn7249

k1-hp attack
pct,recall,precision,f1score,fpr,accuracy
33,0.560,0.551,0.556,0.457,0.640
	tp5685,fpp1802,fnp2911,fn2513,tn7089
	tp5610,fpp1758,fnp2703,fn2632,tn7297
	tp5736,fpp1855,fnp2855,fn2409,tn7145
	tp5580,fpp1696,fnp2879,fn2724,tn7121
	tp5507,fpp1761,fnp2767,fn2732,tn7233
	tp5530,fpp1770,fnp3149,fn2700,tn6851
	tp5587,fpp1755,fnp2894,fn2658,tn7106
	tp5618,fpp1692,fnp2796,fn2690,tn7204
	tp5614,fpp1735,fnp2585,fn2651,tn7415
	tp5579,fpp1766,fnp2552,fn2655,tn7448

k1-wf attack
pct,recall,precision,f1score,fpr,accuracy
33,0.631,0.536,0.579,0.547,0.648
	tp6338,fpp2108,fnp3362,fn1554,tn6638
	tp6327,fpp2137,fnp3250,fn1536,tn6750
	tp6365,fpp2110,fnp3251,fn1525,tn6749
	tp6333,fpp2114,fnp3435,fn1553,tn6565
	tp6265,fpp2182,fnp3312,fn1553,tn6688
	tp6247,fpp2227,fnp3753,fn1526,tn6247
	tp6298,fpp2104,fnp3348,fn1598,tn6652
	tp6342,fpp2078,fnp3395,fn1580,tn6605
	tp6303,fpp2085,fnp3262,fn1612,tn6738
	tp6254,fpp2114,fnp3089,fn1632,tn6911

k2-ctw attack
pct,recall,precision,f1score,fpr,accuracy
33,0.490,0.842,0.620,0.092,0.716
	tp4947,fpp358,fnp552,fn4695,tn9448
	tp4878,fpp322,fnp554,fn4800,tn9446
	tp5026,fpp320,fnp584,fn4654,tn9416
	tp4857,fpp386,fnp634,fn4757,tn9366
	tp4849,fpp352,fnp570,fn4799,tn9430
	tp4769,fpp315,fnp623,fn4916,tn9377
	tp4926,fpp343,fnp538,fn4731,tn9462
	tp4924,fpp353,fnp603,fn4723,tn9397
	tp4937,fpp343,fnp581,fn4720,tn9419
	tp4925,fpp314,fnp531,fn4761,tn9469

k2-hp attack
pct,recall,precision,f1score,fpr,accuracy
33,0.485,0.866,0.622,0.075,0.716
	tp4921,fpp243,fnp520,fn4836,tn9480
	tp4832,fpp207,fnp517,fn4961,tn9483
	tp4990,fpp216,fnp565,fn4794,tn9435
	tp4803,fpp260,fnp595,fn4937,tn9405
	tp4788,fpp196,fnp532,fn5016,tn9468
	tp4729,fpp219,fnp590,fn5052,tn9410
	tp4877,fpp203,fnp508,fn4920,tn9492
	tp4865,fpp177,fnp496,fn4958,tn9504
	tp4871,fpp220,fnp542,fn4909,tn9458
	tp4868,fpp197,fnp508,fn4935,tn9492

k2-wf attack
pct,recall,precision,f1score,fpr,accuracy
33,0.546,0.859,0.668,0.090,0.741
	tp5479,fpp274,fnp615,fn4247,tn9385
	tp5452,fpp248,fnp630,fn4300,tn9370
	tp5546,fpp254,fnp641,fn4200,tn9359
	tp5453,fpp312,fnp709,fn4235,tn9291
	tp5445,fpp249,fnp650,fn4306,tn9350
	tp5346,fpp269,fnp687,fn4385,tn9313
	tp5490,fpp259,fnp595,fn4251,tn9405
	tp5485,fpp223,fnp613,fn4292,tn9387
	tp5472,fpp252,fnp643,fn4276,tn9357
	tp5430,fpp237,fnp591,fn4333,tn9409

