2016-08-14 19:41:46.819824335 +0000 UTC: wfdns for 1000x100+100000 with a100000 w1500 r2500 s1.00

k1-ctw attack
pct,recall,precision,f1score,fpr,accuracy
33,0.268,0.623,0.375,0.163,0.604
	tp2689,fpp1101,fnp581,fn6210,tn9419
	tp2689,fpp813,fnp504,fn6498,tn9496
	tp2690,fpp1015,fnp748,fn6295,tn9252
	tp2756,fpp997,fnp582,fn6247,tn9418
	tp2669,fpp1185,fnp741,fn6146,tn9259
	tp2737,fpp1094,fnp625,fn6169,tn9375
	tp2695,fpp1133,fnp581,fn6172,tn9419
	tp2612,fpp948,fnp690,fn6440,tn9310
	tp2727,fpp971,fnp579,fn6302,tn9421
	tp2578,fpp909,fnp490,fn6513,tn9510

k1-hp attack
pct,recall,precision,f1score,fpr,accuracy
33,0.247,0.812,0.379,0.057,0.606
	tp2511,fpp285,fnp325,fn7204,tn9675
	tp2459,fpp150,fnp282,fn7391,tn9718
	tp2474,fpp252,fnp450,fn7274,tn9550
	tp2554,fpp177,fnp328,fn7269,tn9672
	tp2435,fpp305,fnp447,fn7260,tn9553
	tp2515,fpp276,fnp399,fn7209,tn9601
	tp2488,fpp218,fnp329,fn7294,tn9671
	tp2387,fpp213,fnp352,fn7400,tn9648
	tp2490,fpp202,fnp311,fn7308,tn9689
	tp2396,fpp161,fnp284,fn7443,tn9716

k1-hp+ctw attack
pct,recall,precision,f1score,fpr,accuracy
33,0.268,0.623,0.375,0.163,0.604
	tp2689,fpp1101,fnp581,fn6210,tn9419
	tp2689,fpp813,fnp504,fn6498,tn9496
	tp2690,fpp1015,fnp748,fn6295,tn9252
	tp2756,fpp997,fnp582,fn6247,tn9418
	tp2669,fpp1185,fnp741,fn6146,tn9259
	tp2737,fpp1094,fnp625,fn6169,tn9375
	tp2695,fpp1133,fnp581,fn6172,tn9419
	tp2612,fpp948,fnp690,fn6440,tn9310
	tp2727,fpp971,fnp579,fn6302,tn9421
	tp2578,fpp909,fnp490,fn6513,tn9510

k1-wf attack
pct,recall,precision,f1score,fpr,accuracy
33,0.631,0.536,0.579,0.547,0.648
	tp6383,fpp2081,fnp3233,fn1536,tn6767
	tp6313,fpp2180,fnp3226,fn1507,tn6774
	tp6322,fpp2155,fnp3251,fn1523,tn6749
	tp6337,fpp2106,fnp3398,fn1557,tn6602
	tp6247,fpp2189,fnp3336,fn1564,tn6664
	tp6266,fpp2193,fnp3799,fn1541,tn6201
	tp6271,fpp2108,fnp3368,fn1621,tn6632
	tp6297,fpp2062,fnp3363,fn1641,tn6637
	tp6330,fpp2081,fnp3295,fn1589,tn6705
	tp6293,fpp2125,fnp3167,fn1582,tn6833

k2-ctw attack
pct,recall,precision,f1score,fpr,accuracy
33,0.235,0.827,0.366,0.050,0.610
	tp2364,fpp379,fnp177,fn7257,tn9823
	tp2362,fpp280,fnp97,fn7358,tn9903
	tp2363,fpp259,fnp126,fn7378,tn9874
	tp2407,fpp390,fnp175,fn7203,tn9825
	tp2305,fpp432,fnp192,fn7263,tn9808
	tp2389,fpp425,fnp130,fn7186,tn9870
	tp2356,fpp366,fnp168,fn7278,tn9832
	tp2306,fpp242,fnp96,fn7452,tn9904
	tp2368,fpp379,fnp171,fn7253,tn9829
	tp2279,fpp322,fnp157,fn7399,tn9843

k2-hp attack
pct,recall,precision,f1score,fpr,accuracy
33,0.214,0.958,0.349,0.009,0.604
	tp2191,fpp37,fnp74,fn7772,tn9926
	tp2132,fpp19,fnp63,fn7849,tn9937
	tp2134,fpp29,fnp76,fn7837,tn9924
	tp2195,fpp16,fnp65,fn7789,tn9935
	tp2098,fpp41,fnp83,fn7861,tn9917
	tp2149,fpp23,fnp70,fn7828,tn9930
	tp2163,fpp27,fnp65,fn7810,tn9935
	tp2076,fpp22,fnp56,fn7902,tn9944
	tp2154,fpp30,fnp52,fn7816,tn9948
	tp2077,fpp26,fnp61,fn7897,tn9939

k2-hp+ctw attack
pct,recall,precision,f1score,fpr,accuracy
33,0.235,0.827,0.366,0.050,0.610
	tp2364,fpp379,fnp177,fn7257,tn9823
	tp2362,fpp280,fnp97,fn7358,tn9903
	tp2363,fpp259,fnp126,fn7378,tn9874
	tp2407,fpp390,fnp175,fn7203,tn9825
	tp2305,fpp432,fnp192,fn7263,tn9808
	tp2389,fpp425,fnp130,fn7186,tn9870
	tp2356,fpp366,fnp168,fn7278,tn9832
	tp2306,fpp242,fnp96,fn7452,tn9904
	tp2368,fpp379,fnp171,fn7253,tn9829
	tp2279,fpp322,fnp157,fn7399,tn9843

k2-wf attack
pct,recall,precision,f1score,fpr,accuracy
33,0.545,0.860,0.667,0.089,0.741
	tp5529,fpp257,fnp619,fn4214,tn9381
	tp5447,fpp261,fnp606,fn4292,tn9394
	tp5494,fpp258,fnp630,fn4248,tn9370
	tp5431,fpp312,fnp686,fn4257,tn9314
	tp5403,fpp256,fnp653,fn4341,tn9347
	tp5389,fpp254,fnp686,fn4357,tn9314
	tp5436,fpp273,fnp603,fn4291,tn9397
	tp5437,fpp230,fnp590,fn4333,tn9410
	tp5501,fpp252,fnp623,fn4247,tn9377
	tp5453,fpp254,fnp596,fn4293,tn9404

