2016-09-19 14:03:05.618579993 +0200 CEST: wfdns for 1000x100+100000 with a100000 w540 r2500 s1.00

k1-ctw attack
pct,recall,precision,f1score,fpr,accuracy
33,0.245,0.697,0.362,0.110,0.602
	tp2486,fpp419,fnp295,fn7095,tn9705
	tp2448,fpp680,fnp380,fn6872,tn9620
	tp2483,fpp875,fnp497,fn6642,tn9503
	tp2387,fpp598,fnp358,fn7015,tn9642
	tp2397,fpp692,fnp293,fn6911,tn9707
	tp2476,fpp1231,fnp1019,fn6293,tn8981
	tp2517,fpp692,fnp298,fn6791,tn9702
	tp2494,fpp479,fnp360,fn7027,tn9640
	tp2409,fpp724,fnp255,fn6867,tn9745
	tp2390,fpp600,fnp287,fn7010,tn9713

k1-hp attack
pct,recall,precision,f1score,fpr,accuracy
33,0.221,0.879,0.353,0.031,0.600
	tp2240,fpp66,fnp156,fn7694,tn9844
	tp2215,fpp92,fnp152,fn7693,tn9848
	tp2262,fpp176,fnp262,fn7562,tn9738
	tp2132,fpp90,fnp164,fn7778,tn9836
	tp2135,fpp85,fnp134,fn7780,tn9866
	tp2240,fpp202,fnp591,fn7558,tn9409
	tp2288,fpp108,fnp149,fn7604,tn9851
	tp2230,fpp76,fnp194,fn7694,tn9806
	tp2175,fpp104,fnp116,fn7721,tn9884
	tp2161,fpp94,fnp129,fn7745,tn9871

k1-wf attack
pct,recall,precision,f1score,fpr,accuracy
33,0.631,0.536,0.580,0.546,0.649
	tp6346,fpp2097,fnp3269,fn1557,tn6731
	tp6312,fpp2141,fnp3226,fn1547,tn6774
	tp6397,fpp2113,fnp3288,fn1490,tn6712
	tp6263,fpp2151,fnp3453,fn1586,tn6547
	tp6232,fpp2186,fnp3327,fn1582,tn6673
	tp6298,fpp2163,fnp3727,fn1539,tn6273
	tp6364,fpp2066,fnp3278,fn1570,tn6722
	tp6311,fpp2090,fnp3384,fn1599,tn6616
	tp6348,fpp2104,fnp3277,fn1548,tn6723
	tp6259,fpp2129,fnp3117,fn1612,tn6883

k2-ctw attack
pct,recall,precision,f1score,fpr,accuracy
33,0.214,0.859,0.343,0.035,0.603
	tp2178,fpp162,fnp49,fn7660,tn9951
	tp2146,fpp230,fnp54,fn7624,tn9946
	tp2193,fpp280,fnp47,fn7527,tn9953
	tp2034,fpp269,fnp124,fn7697,tn9876
	tp2092,fpp234,fnp60,fn7674,tn9940
	tp2149,fpp360,fnp107,fn7491,tn9893
	tp2223,fpp323,fnp120,fn7454,tn9880
	tp2183,fpp181,fnp58,fn7636,tn9942
	tp2118,fpp382,fnp100,fn7500,tn9900
	tp2110,fpp319,fnp91,fn7571,tn9909

k2-hp attack
pct,recall,precision,f1score,fpr,accuracy
33,0.190,0.979,0.319,0.004,0.594
	tp1913,fpp7,fnp30,fn8080,tn9970
	tp1916,fpp6,fnp24,fn8078,tn9976
	tp1965,fpp11,fnp21,fn8024,tn9979
	tp1801,fpp10,fnp28,fn8189,tn9972
	tp1850,fpp8,fnp30,fn8142,tn9970
	tp1922,fpp24,fnp51,fn8054,tn9949
	tp1989,fpp19,fnp33,fn7992,tn9967
	tp1914,fpp12,fnp38,fn8074,tn9962
	tp1890,fpp19,fnp16,fn8091,tn9984
	tp1878,fpp8,fnp18,fn8114,tn9982

k2-wf attack
pct,recall,precision,f1score,fpr,accuracy
33,0.547,0.860,0.668,0.089,0.742
	tp5472,fpp251,fnp602,fn4277,tn9398
	tp5447,fpp235,fnp604,fn4318,tn9396
	tp5566,fpp241,fnp606,fn4193,tn9394
	tp5388,fpp331,fnp722,fn4281,tn9278
	tp5408,fpp252,fnp656,fn4340,tn9344
	tp5416,fpp273,fnp713,fn4311,tn9287
	tp5564,fpp254,fnp614,fn4182,tn9386
	tp5456,fpp238,fnp594,fn4306,tn9406
	tp5513,fpp262,fnp624,fn4225,tn9376
	tp5445,fpp256,fnp604,fn4299,tn9396

