2016-08-14 23:03:11.679078343 +0000 UTC: wfdns for 1000x100+100000 with a100000 w900 r2500 s1.00

k1-ctw attack
pct,recall,precision,f1score,fpr,accuracy
33,0.254,0.688,0.371,0.116,0.606
	tp2569,fpp635,fnp396,fn6796,tn9604
	tp2575,fpp848,fnp381,fn6577,tn9619
	tp2582,fpp659,fnp386,fn6759,tn9614
	tp2500,fpp723,fnp363,fn6777,tn9637
	tp2537,fpp835,fnp412,fn6628,tn9588
	tp2400,fpp701,fnp390,fn6899,tn9610
	tp2546,fpp758,fnp384,fn6696,tn9616
	tp2603,fpp620,fnp397,fn6777,tn9603
	tp2638,fpp762,fnp706,fn6600,tn9294
	tp2474,fpp869,fnp344,fn6657,tn9656

k1-hp attack
pct,recall,precision,f1score,fpr,accuracy
33,0.231,0.867,0.364,0.036,0.604
	tp2326,fpp93,fnp216,fn7581,tn9784
	tp2360,fpp159,fnp193,fn7481,tn9807
	tp2332,fpp151,fnp182,fn7517,tn9818
	tp2262,fpp146,fnp188,fn7592,tn9812
	tp2307,fpp144,fnp224,fn7549,tn9776
	tp2166,fpp105,fnp184,fn7729,tn9816
	tp2325,fpp142,fnp215,fn7533,tn9785
	tp2350,fpp103,fnp199,fn7547,tn9801
	tp2388,fpp165,fnp422,fn7447,tn9578
	tp2246,fpp151,fnp171,fn7603,tn9829

k1-hp+ctw attack
pct,recall,precision,f1score,fpr,accuracy
33,0.254,0.688,0.371,0.116,0.606
	tp2569,fpp635,fnp396,fn6796,tn9604
	tp2575,fpp848,fnp381,fn6577,tn9619
	tp2582,fpp659,fnp386,fn6759,tn9614
	tp2500,fpp723,fnp363,fn6777,tn9637
	tp2537,fpp835,fnp412,fn6628,tn9588
	tp2400,fpp701,fnp390,fn6899,tn9610
	tp2546,fpp758,fnp384,fn6696,tn9616
	tp2603,fpp620,fnp397,fn6777,tn9603
	tp2638,fpp762,fnp706,fn6600,tn9294
	tp2474,fpp869,fnp344,fn6657,tn9656

k1-wf attack
pct,recall,precision,f1score,fpr,accuracy
33,0.632,0.537,0.581,0.545,0.649
	tp6340,fpp2076,fnp3267,fn1584,tn6733
	tp6296,fpp2177,fnp3306,fn1527,tn6694
	tp6346,fpp2142,fnp3339,fn1512,tn6661
	tp6300,fpp2127,fnp3385,fn1573,tn6615
	tp6257,fpp2180,fnp3321,fn1563,tn6679
	tp6302,fpp2174,fnp3696,fn1524,tn6304
	tp6313,fpp2080,fnp3310,fn1607,tn6690
	tp6381,fpp2051,fnp3322,fn1568,tn6678
	tp6341,fpp2098,fnp3286,fn1561,tn6714
	tp6341,fpp2101,fnp3109,fn1558,tn6891

k2-ctw attack
pct,recall,precision,f1score,fpr,accuracy
33,0.224,0.861,0.356,0.036,0.607
	tp2233,fpp262,fnp103,fn7505,tn9897
	tp2287,fpp315,fnp78,fn7398,tn9922
	tp2291,fpp244,fnp70,fn7465,tn9930
	tp2161,fpp223,fnp57,fn7616,tn9943
	tp2215,fpp324,fnp85,fn7461,tn9915
	tp2118,fpp288,fnp152,fn7594,tn9848
	tp2265,fpp242,fnp130,fn7493,tn9870
	tp2304,fpp224,fnp76,fn7472,tn9924
	tp2355,fpp208,fnp74,fn7437,tn9926
	tp2192,fpp328,fnp127,fn7480,tn9873

k2-hp attack
pct,recall,precision,f1score,fpr,accuracy
33,0.201,0.969,0.332,0.006,0.598
	tp2006,fpp13,fnp61,fn7981,tn9939
	tp2057,fpp27,fnp40,fn7916,tn9960
	tp2020,fpp22,fnp36,fn7958,tn9964
	tp1944,fpp20,fnp37,fn8036,tn9963
	tp1998,fpp17,fnp59,fn7985,tn9941
	tp1878,fpp15,fnp46,fn8107,tn9954
	tp2046,fpp28,fnp42,fn7926,tn9958
	tp2023,fpp17,fnp40,fn7960,tn9960
	tp2103,fpp28,fnp45,fn7869,tn9955
	tp1990,fpp16,fnp36,fn7994,tn9964

k2-hp+ctw attack
pct,recall,precision,f1score,fpr,accuracy
33,0.224,0.861,0.356,0.036,0.607
	tp2233,fpp262,fnp103,fn7505,tn9897
	tp2287,fpp315,fnp78,fn7398,tn9922
	tp2291,fpp244,fnp70,fn7465,tn9930
	tp2161,fpp223,fnp57,fn7616,tn9943
	tp2215,fpp324,fnp85,fn7461,tn9915
	tp2118,fpp288,fnp152,fn7594,tn9848
	tp2265,fpp242,fnp130,fn7493,tn9870
	tp2304,fpp224,fnp76,fn7472,tn9924
	tp2355,fpp208,fnp74,fn7437,tn9926
	tp2192,fpp328,fnp127,fn7480,tn9873

k2-wf attack
pct,recall,precision,f1score,fpr,accuracy
33,0.548,0.860,0.669,0.090,0.742
	tp5478,fpp264,fnp613,fn4258,tn9387
	tp5438,fpp235,fnp619,fn4327,tn9381
	tp5503,fpp272,fnp635,fn4225,tn9365
	tp5418,fpp305,fnp691,fn4277,tn9309
	tp5419,fpp255,fnp655,fn4326,tn9345
	tp5434,fpp258,fnp723,fn4308,tn9277
	tp5504,fpp282,fnp617,fn4214,tn9383
	tp5525,fpp230,fnp608,fn4245,tn9392
	tp5513,fpp251,fnp613,fn4236,tn9387
	tp5542,fpp247,fnp578,fn4211,tn9422

