2016-09-22 20:05:32.86783326 +0000 UTC: wfdns for 1000x100+100000 with a10000 w1800 r2500 s1.00

k1-ctw attack
pct,recall,precision,f1score,fpr,accuracy
33,0.584,0.527,0.554,0.524,0.640
	tp5857,fpp2141,fnp2982,fn2002,tn7018
	tp5900,fpp2134,fnp2814,fn1966,tn7186
	tp5943,fpp2151,fnp2908,fn1906,tn7092
	tp5813,fpp2163,fnp3081,fn2024,tn6919
	tp5812,fpp2284,fnp3068,fn1904,tn6932
	tp5880,fpp2267,fnp3354,fn1853,tn6646
	tp5847,fpp2173,fnp3096,fn1980,tn6904
	tp5914,fpp2169,fnp3156,fn1917,tn6844
	tp5674,fpp2230,fnp3088,fn2096,tn6912
	tp5778,fpp2244,fnp2856,fn1978,tn7144

k1-hp attack
pct,recall,precision,f1score,fpr,accuracy
33,0.580,0.553,0.566,0.469,0.648
	tp5820,fpp1818,fnp2765,fn2362,tn7235
	tp5836,fpp1804,fnp2620,fn2360,tn7380
	tp5899,fpp1813,fnp2709,fn2288,tn7291
	tp5763,fpp1834,fnp2851,fn2403,tn7149
	tp5788,fpp1993,fnp2904,fn2219,tn7096
	tp5835,fpp1812,fnp2873,fn2353,tn7127
	tp5823,fpp1914,fnp2990,fn2263,tn7010
	tp5892,fpp1912,fnp3070,fn2196,tn6930
	tp5642,fpp1852,fnp2949,fn2506,tn7051
	tp5726,fpp1784,fnp2668,fn2490,tn7332

k1-wf attack
pct,recall,precision,f1score,fpr,accuracy
33,0.631,0.536,0.580,0.546,0.649
	tp6357,fpp2088,fnp3287,fn1555,tn6713
	tp6301,fpp2182,fnp3232,fn1517,tn6768
	tp6352,fpp2117,fnp3282,fn1531,tn6718
	tp6290,fpp2124,fnp3440,fn1586,tn6560
	tp6243,fpp2200,fnp3336,fn1557,tn6664
	tp6276,fpp2204,fnp3757,fn1520,tn6243
	tp6323,fpp2075,fnp3317,fn1602,tn6683
	tp6361,fpp2039,fnp3347,fn1600,tn6653
	tp6309,fpp2082,fnp3295,fn1609,tn6705
	tp6283,fpp2129,fnp3096,fn1588,tn6904

k2-ctw attack
pct,recall,precision,f1score,fpr,accuracy
33,0.505,0.844,0.632,0.093,0.722
	tp5062,fpp305,fnp595,fn4633,tn9405
	tp5053,fpp294,fnp567,fn4653,tn9433
	tp5167,fpp328,fnp610,fn4505,tn9390
	tp5003,fpp390,fnp735,fn4607,tn9265
	tp5044,fpp320,fnp630,fn4636,tn9370
	tp5058,fpp301,fnp648,fn4641,tn9352
	tp5103,fpp310,fnp570,fn4587,tn9430
	tp5120,fpp277,fnp563,fn4603,tn9437
	tp4914,fpp330,fnp583,fn4756,tn9417
	tp5023,fpp385,fnp603,fn4592,tn9397

k2-hp attack
pct,recall,precision,f1score,fpr,accuracy
33,0.501,0.863,0.634,0.079,0.722
	tp5024,fpp219,fnp559,fn4757,tn9441
	tp5009,fpp213,fnp540,fn4778,tn9460
	tp5113,fpp235,fnp575,fn4652,tn9425
	tp4949,fpp289,fnp644,fn4762,tn9356
	tp5018,fpp231,fnp607,fn4751,tn9393
	tp5010,fpp220,fnp614,fn4770,tn9386
	tp5080,fpp231,fnp543,fn4689,tn9457
	tp5082,fpp196,fnp540,fn4722,tn9460
	tp4871,fpp224,fnp547,fn4905,tn9453
	tp4961,fpp204,fnp507,fn4835,tn9493

k2-wf attack
pct,recall,precision,f1score,fpr,accuracy
33,0.545,0.859,0.667,0.089,0.741
	tp5491,fpp248,fnp614,fn4261,tn9386
	tp5411,fpp250,fnp601,fn4339,tn9399
	tp5503,fpp266,fnp638,fn4231,tn9362
	tp5407,fpp318,fnp707,fn4275,tn9293
	tp5396,fpp256,fnp673,fn4348,tn9327
	tp5397,fpp261,fnp699,fn4342,tn9301
	tp5519,fpp250,fnp619,fn4231,tn9381
	tp5496,fpp225,fnp597,fn4279,tn9403
	tp5467,fpp262,fnp620,fn4271,tn9380
	tp5434,fpp253,fnp576,fn4313,tn9424

