2016-09-18 02:33:13.678913582 +0200 CEST: wfdns for 1000x100+100000 with a10000 w360 r2500 s1.00

k1-ctw attack
pct,recall,precision,f1score,fpr,accuracy
33,0.366,0.500,0.422,0.367,0.598
	tp3820,fpp1849,fnp1596,fn4331,tn8404
	tp3712,fpp2000,fnp1813,fn4288,tn8187
	tp3711,fpp1860,fnp1527,fn4429,tn8473
	tp3628,fpp1928,fnp1586,fn4444,tn8414
	tp3524,fpp2019,fnp1568,fn4457,tn8432
	tp3635,fpp2279,fnp2256,fn4086,tn7744
	tp3637,fpp2002,fnp1747,fn4361,tn8253
	tp3701,fpp1976,fnp1795,fn4323,tn8205
	tp3586,fpp1947,fnp1675,fn4467,tn8325
	tp3630,fpp1882,fnp1406,fn4488,tn8594

k1-hp attack
pct,recall,precision,f1score,fpr,accuracy
33,0.349,0.637,0.451,0.200,0.613
	tp3642,fpp685,fnp1162,fn5673,tn8838
	tp3529,fpp879,fnp1432,fn5592,tn8568
	tp3559,fpp741,fnp1051,fn5700,tn8949
	tp3446,fpp710,fnp1051,fn5844,tn8949
	tp3371,fpp791,fnp1112,fn5838,tn8888
	tp3466,fpp809,fnp1503,fn5725,tn8497
	tp3478,fpp793,fnp1263,fn5729,tn8737
	tp3533,fpp737,fnp1351,fn5730,tn8649
	tp3409,fpp739,fnp1272,fn5852,tn8728
	tp3459,fpp820,fnp1080,fn5721,tn8920

k1-wf attack
pct,recall,precision,f1score,fpr,accuracy
33,0.630,0.534,0.578,0.550,0.647
	tp6383,fpp2084,fnp3288,fn1533,tn6712
	tp6236,fpp2181,fnp3284,fn1583,tn6716
	tp6305,fpp2144,fnp3297,fn1551,tn6703
	tp6306,fpp2125,fnp3413,fn1569,tn6587
	tp6300,fpp2179,fnp3292,fn1521,tn6708
	tp6239,fpp2253,fnp3825,fn1508,tn6175
	tp6293,fpp2115,fnp3356,fn1592,tn6644
	tp6355,fpp2093,fnp3395,fn1552,tn6605
	tp6340,fpp2102,fnp3297,fn1558,tn6703
	tp6261,fpp2118,fnp3154,fn1621,tn6846

k2-ctw attack
pct,recall,precision,f1score,fpr,accuracy
33,0.318,0.794,0.454,0.083,0.641
	tp3334,fpp503,fnp392,fn6163,tn9608
	tp3180,fpp358,fnp305,fn6462,tn9695
	tp3277,fpp479,fnp400,fn6244,tn9600
	tp3132,fpp527,fnp456,fn6341,tn9544
	tp3044,fpp513,fnp373,fn6443,tn9627
	tp3130,fpp457,fnp386,fn6413,tn9614
	tp3190,fpp496,fnp349,fn6314,tn9651
	tp3200,fpp502,fnp351,fn6298,tn9649
	tp3147,fpp425,fnp293,fn6428,tn9707
	tp3183,fpp435,fnp258,fn6382,tn9742

k2-hp attack
pct,recall,precision,f1score,fpr,accuracy
33,0.302,0.906,0.453,0.031,0.640
	tp3142,fpp83,fnp235,fn6775,tn9765
	tp3010,fpp82,fnp234,fn6908,tn9766
	tp3137,fpp94,fnp249,fn6769,tn9751
	tp2964,fpp99,fnp223,fn6937,tn9777
	tp2913,fpp104,fnp228,fn6983,tn9772
	tp2970,fpp96,fnp253,fn6934,tn9747
	tp3048,fpp90,fnp206,fn6862,tn9794
	tp3031,fpp92,fnp206,fn6877,tn9794
	tp2974,fpp77,fnp216,fn6949,tn9784
	tp3019,fpp82,fnp193,fn6899,tn9807

k2-wf attack
pct,recall,precision,f1score,fpr,accuracy
33,0.546,0.859,0.667,0.090,0.741
	tp5512,fpp255,fnp624,fn4233,tn9376
	tp5353,fpp261,fnp609,fn4386,tn9391
	tp5493,fpp264,fnp670,fn4243,tn9330
	tp5435,fpp311,fnp723,fn4254,tn9277
	tp5486,fpp256,fnp680,fn4258,tn9320
	tp5350,fpp265,fnp696,fn4385,tn9304
	tp5490,fpp259,fnp595,fn4251,tn9405
	tp5482,fpp242,fnp590,fn4276,tn9410
	tp5537,fpp263,fnp622,fn4200,tn9378
	tp5457,fpp243,fnp574,fn4300,tn9426

