2016-09-21 03:57:23.884919234 +0200 CEST: wfdns for 1000x100+100000 with a10000 w900 r2500 s1.00

k1-ctw attack
pct,recall,precision,f1score,fpr,accuracy
33,0.492,0.506,0.499,0.480,0.619
	tp4865,fpp2273,fnp2505,fn2862,tn7495
	tp4969,fpp2288,fnp2584,fn2743,tn7416
	tp4890,fpp2219,fnp2318,fn2891,tn7682
	tp4896,fpp2243,fnp2551,fn2861,tn7449
	tp4862,fpp2396,fnp2575,fn2742,tn7425
	tp4921,fpp2313,fnp2836,fn2766,tn7164
	tp4873,fpp2252,fnp2519,fn2875,tn7481
	tp5000,fpp2278,fnp2729,fn2722,tn7271
	tp4993,fpp2245,fnp2404,fn2762,tn7596
	tp4914,fpp2188,fnp2263,fn2898,tn7737

k1-hp attack
pct,recall,precision,f1score,fpr,accuracy
33,0.482,0.575,0.524,0.356,0.633
	tp4754,fpp1383,fnp2161,fn3863,tn7839
	tp4856,fpp1479,fnp2241,fn3665,tn7759
	tp4793,fpp1345,fnp1926,fn3862,tn8074
	tp4795,fpp1438,fnp2254,fn3767,tn7746
	tp4787,fpp1509,fnp2294,fn3704,tn7706
	tp4800,fpp1269,fnp2141,fn3931,tn7859
	tp4770,fpp1318,fnp2100,fn3912,tn7900
	tp4890,fpp1446,fnp2453,fn3664,tn7547
	tp4911,fpp1427,fnp2055,fn3662,tn7945
	tp4811,fpp1381,fnp1996,fn3808,tn8004

k1-wf attack
pct,recall,precision,f1score,fpr,accuracy
33,0.629,0.535,0.578,0.548,0.648
	tp6289,fpp2136,fnp3282,fn1575,tn6718
	tp6292,fpp2183,fnp3264,fn1525,tn6736
	tp6317,fpp2126,fnp3263,fn1557,tn6737
	tp6318,fpp2123,fnp3376,fn1559,tn6624
	tp6245,fpp2193,fnp3307,fn1562,tn6693
	tp6238,fpp2195,fnp3753,fn1567,tn6247
	tp6335,fpp2091,fnp3296,fn1574,tn6704
	tp6286,fpp2125,fnp3425,fn1589,tn6575
	tp6319,fpp2087,fnp3301,fn1594,tn6699
	tp6284,fpp2132,fnp3115,fn1584,tn6885

k2-ctw attack
pct,recall,precision,f1score,fpr,accuracy
33,0.427,0.823,0.562,0.092,0.689
	tp4217,fpp415,fnp462,fn5368,tn9538
	tp4285,fpp379,fnp475,fn5336,tn9525
	tp4290,fpp441,fnp478,fn5269,tn9522
	tp4222,fpp485,fnp527,fn5293,tn9473
	tp4230,fpp419,fnp518,fn5351,tn9482
	tp4258,fpp416,fnp552,fn5326,tn9448
	tp4243,fpp486,fnp493,fn5271,tn9507
	tp4358,fpp402,fnp472,fn5240,tn9528
	tp4329,fpp408,fnp478,fn5263,tn9522
	tp4266,fpp422,fnp451,fn5312,tn9549

k2-hp attack
pct,recall,precision,f1score,fpr,accuracy
33,0.417,0.877,0.565,0.058,0.688
	tp4120,fpp157,fnp398,fn5723,tn9602
	tp4186,fpp161,fnp415,fn5653,tn9585
	tp4167,fpp161,fnp390,fn5672,tn9610
	tp4122,fpp241,fnp459,fn5637,tn9541
	tp4158,fpp161,fnp449,fn5681,tn9551
	tp4127,fpp148,fnp474,fn5725,tn9526
	tp4141,fpp174,fnp365,fn5685,tn9635
	tp4254,fpp143,fnp404,fn5603,tn9596
	tp4238,fpp182,fnp409,fn5580,tn9591
	tp4171,fpp162,fnp389,fn5667,tn9611

k2-wf attack
pct,recall,precision,f1score,fpr,accuracy
33,0.544,0.859,0.667,0.089,0.741
	tp5428,fpp247,fnp618,fn4325,tn9382
	tp5433,fpp244,fnp617,fn4323,tn9383
	tp5480,fpp265,fnp630,fn4255,tn9370
	tp5439,fpp328,fnp697,fn4233,tn9303
	tp5421,fpp242,fnp661,fn4337,tn9339
	tp5338,fpp258,fnp717,fn4404,tn9283
	tp5535,fpp251,fnp591,fn4214,tn9409
	tp5452,fpp231,fnp593,fn4317,tn9407
	tp5461,fpp258,fnp614,fn4281,tn9386
	tp5452,fpp254,fnp591,fn4294,tn9409

