2016-09-22 18:35:55.279172775 +0000 UTC: wfdns for 1000x100+100000 with a100000 w1800 r2500 s1.00

k1-ctw attack
pct,recall,precision,f1score,fpr,accuracy
33,0.285,0.576,0.381,0.210,0.601
	tp2876,fpp1308,fnp910,fn5816,tn9090
	tp2896,fpp1216,fnp845,fn5888,tn9155
	tp2836,fpp1327,fnp867,fn5837,tn9133
	tp2822,fpp1137,fnp718,fn6041,tn9282
	tp2890,fpp1399,fnp982,fn5711,tn9018
	tp2779,fpp1220,fnp896,fn6001,tn9104
	tp2817,fpp1265,fnp711,fn5918,tn9289
	tp2841,fpp1184,fnp693,fn5975,tn9307
	tp2867,fpp1347,fnp825,fn5786,tn9175
	tp2891,fpp1341,fnp828,fn5768,tn9172

k1-hp attack
pct,recall,precision,f1score,fpr,accuracy
33,0.265,0.763,0.393,0.082,0.607
	tp2698,fpp322,fnp502,fn6980,tn9498
	tp2699,fpp340,fnp545,fn6961,tn9455
	tp2637,fpp375,fnp551,fn6988,tn9449
	tp2613,fpp266,fnp400,fn7121,tn9600
	tp2673,fpp330,fnp564,fn6997,tn9436
	tp2535,fpp316,fnp532,fn7149,tn9468
	tp2612,fpp391,fnp499,fn6997,tn9501
	tp2632,fpp247,fnp405,fn7121,tn9595
	tp2657,fpp327,fnp483,fn7016,tn9517
	tp2703,fpp341,fnp511,fn6956,tn9489

k1-wf attack
pct,recall,precision,f1score,fpr,accuracy
33,0.630,0.535,0.579,0.547,0.647
	tp6357,fpp2097,fnp3288,fn1546,tn6712
	tp6325,fpp2145,fnp3244,fn1530,tn6756
	tp6334,fpp2136,fnp3299,fn1530,tn6701
	tp6276,fpp2110,fnp3439,fn1614,tn6561
	tp6268,fpp2194,fnp3328,fn1538,tn6672
	tp6254,fpp2202,fnp3776,fn1544,tn6224
	tp6291,fpp2103,fnp3340,fn1606,tn6660
	tp6310,fpp2050,fnp3369,fn1640,tn6631
	tp6306,fpp2091,fnp3294,fn1603,tn6706
	tp6264,fpp2106,fnp3108,fn1630,tn6892

k2-ctw attack
pct,recall,precision,f1score,fpr,accuracy
33,0.248,0.820,0.381,0.055,0.615
	tp2536,fpp395,fnp223,fn7069,tn9777
	tp2513,fpp346,fnp168,fn7141,tn9832
	tp2465,fpp320,fnp171,fn7215,tn9829
	tp2440,fpp305,fnp179,fn7255,tn9821
	tp2500,fpp415,fnp176,fn7085,tn9824
	tp2415,fpp333,fnp180,fn7252,tn9820
	tp2466,fpp379,fnp163,fn7155,tn9837
	tp2460,fpp366,fnp146,fn7174,tn9854
	tp2491,fpp472,fnp227,fn7037,tn9773
	tp2525,fpp373,fnp133,fn7102,tn9867

k2-hp attack
pct,recall,precision,f1score,fpr,accuracy
33,0.228,0.941,0.367,0.014,0.609
	tp2362,fpp36,fnp102,fn7602,tn9898
	tp2303,fpp42,fnp110,fn7655,tn9890
	tp2290,fpp41,fnp113,fn7669,tn9887
	tp2251,fpp36,fnp105,fn7713,tn9895
	tp2309,fpp43,fnp120,fn7648,tn9880
	tp2163,fpp44,fnp102,fn7793,tn9898
	tp2274,fpp49,fnp103,fn7677,tn9897
	tp2238,fpp39,fnp91,fn7723,tn9909
	tp2287,fpp37,fnp93,fn7676,tn9907
	tp2343,fpp45,fnp81,fn7612,tn9919

k2-wf attack
pct,recall,precision,f1score,fpr,accuracy
33,0.544,0.858,0.666,0.090,0.740
	tp5504,fpp268,fnp625,fn4228,tn9375
	tp5434,fpp256,fnp613,fn4310,tn9387
	tp5483,fpp259,fnp622,fn4258,tn9378
	tp5383,fpp319,fnp709,fn4298,tn9291
	tp5435,fpp258,fnp685,fn4307,tn9315
	tp5361,fpp272,fnp695,fn4367,tn9305
	tp5489,fpp267,fnp599,fn4244,tn9401
	tp5417,fpp218,fnp589,fn4365,tn9411
	tp5467,fpp263,fnp632,fn4270,tn9368
	tp5445,fpp243,fnp590,fn4312,tn9410

