2016-09-17 02:53:41.937428578 +0200 CEST: wfdns for 1000x100+100000 with a10000 w180 r2500 s1.00

k1-ctw attack
pct,recall,precision,f1score,fpr,accuracy
33,0.300,0.555,0.390,0.241,0.601
	tp3046,fpp1541,fnp1033,fn5413,tn8967
	tp3018,fpp1444,fnp911,fn5538,tn9089
	tp2969,fpp1373,fnp896,fn5658,tn9104
	tp3010,fpp1491,fnp1070,fn5499,tn8930
	tp2868,fpp1392,fnp929,fn5740,tn9071
	tp3025,fpp1425,fnp988,fn5550,tn9012
	tp2989,fpp1420,fnp879,fn5591,tn9121
	tp3021,fpp1392,fnp943,fn5587,tn9057
	tp3078,fpp1432,fnp1026,fn5490,tn8974
	tp3004,fpp1450,fnp1056,fn5546,tn8944

k1-hp attack
pct,recall,precision,f1score,fpr,accuracy
33,0.281,0.728,0.406,0.105,0.609
	tp2866,fpp442,fnp684,fn6692,tn9316
	tp2821,fpp428,fnp602,fn6751,tn9398
	tp2778,fpp381,fnp547,fn6841,tn9453
	tp2805,fpp406,fnp676,fn6789,tn9324
	tp2705,fpp413,fnp590,fn6882,tn9410
	tp2817,fpp444,fnp706,fn6739,tn9294
	tp2822,fpp422,fnp602,fn6756,tn9398
	tp2822,fpp404,fnp595,fn6774,tn9405
	tp2906,fpp431,fnp658,fn6663,tn9342
	tp2792,fpp403,fnp694,fn6805,tn9306

k1-wf attack
pct,recall,precision,f1score,fpr,accuracy
33,0.630,0.535,0.578,0.548,0.647
	tp6349,fpp2097,fnp3313,fn1554,tn6687
	tp6334,fpp2171,fnp3264,fn1495,tn6736
	tp6288,fpp2155,fnp3269,fn1557,tn6731
	tp6296,fpp2124,fnp3409,fn1580,tn6591
	tp6238,fpp2203,fnp3358,fn1559,tn6642
	tp6272,fpp2182,fnp3781,fn1546,tn6219
	tp6326,fpp2091,fnp3343,fn1583,tn6657
	tp6363,fpp2049,fnp3367,fn1588,tn6633
	tp6258,fpp2104,fnp3297,fn1638,tn6703
	tp6261,fpp2102,fnp3126,fn1637,tn6874

k2-ctw attack
pct,recall,precision,f1score,fpr,accuracy
33,0.262,0.814,0.396,0.060,0.621
	tp2618,fpp367,fnp167,fn7015,tn9833
	tp2607,fpp356,fnp175,fn7037,tn9825
	tp2612,fpp402,fnp260,fn6986,tn9740
	tp2652,fpp529,fnp299,fn6819,tn9701
	tp2491,fpp410,fnp239,fn7099,tn9761
	tp2629,fpp359,fnp190,fn7012,tn9810
	tp2684,fpp393,fnp192,fn6923,tn9808
	tp2635,fpp360,fnp197,fn7005,tn9803
	tp2664,fpp327,fnp208,fn7009,tn9792
	tp2605,fpp420,fnp165,fn6975,tn9835

k2-hp attack
pct,recall,precision,f1score,fpr,accuracy
33,0.244,0.931,0.387,0.018,0.616
	tp2446,fpp48,fnp107,fn7506,tn9893
	tp2430,fpp51,fnp111,fn7519,tn9889
	tp2425,fpp56,fnp127,fn7519,tn9873
	tp2438,fpp115,fnp175,fn7447,tn9825
	tp2336,fpp49,fnp112,fn7615,tn9888
	tp2428,fpp46,fnp111,fn7526,tn9889
	tp2519,fpp59,fnp119,fn7422,tn9881
	tp2457,fpp55,fnp119,fn7488,tn9881
	tp2504,fpp54,fnp151,fn7442,tn9849
	tp2419,fpp46,fnp106,fn7535,tn9894

k2-wf attack
pct,recall,precision,f1score,fpr,accuracy
33,0.545,0.858,0.666,0.090,0.740
	tp5465,fpp271,fnp608,fn4264,tn9392
	tp5462,fpp240,fnp630,fn4298,tn9370
	tp5468,fpp260,fnp650,fn4272,tn9350
	tp5426,fpp316,fnp721,fn4258,tn9279
	tp5368,fpp251,fnp663,fn4381,tn9337
	tp5393,fpp246,fnp692,fn4361,tn9308
	tp5565,fpp266,fnp618,fn4169,tn9382
	tp5475,fpp241,fnp604,fn4284,tn9396
	tp5383,fpp259,fnp643,fn4358,tn9357
	tp5458,fpp260,fnp602,fn4282,tn9398

