wfdns run at 2016-07-19 20:20:55.771195427 +0200 CEST for 100x100+10000 at alexa1

k2-ctw attack
pct,recall,precision,f1score,fpr,accuracy
100,0.630,0.837,0.719,0.123,0.770
	tp612,fpp33,fnp76,fn355,tn924
	tp634,fpp32,fnp84,fn334,tn916
	tp619,fpp40,fnp88,fn341,tn912
	tp640,fpp28,fnp93,fn332,tn907
	tp626,fpp34,fnp79,fn340,tn921
	tp647,fpp37,fnp95,fn316,tn905
	tp641,fpp32,fnp107,fn327,tn893
	tp656,fpp28,fnp80,fn316,tn920
	tp624,fpp34,fnp95,fn342,tn905
	tp602,fpp28,fnp109,fn370,tn891

k2-hp attack
pct,recall,precision,f1score,fpr,accuracy
100,0.630,0.837,0.719,0.123,0.770
	tp612,fpp33,fnp76,fn355,tn924
	tp634,fpp32,fnp84,fn334,tn916
	tp619,fpp40,fnp88,fn341,tn912
	tp640,fpp28,fnp93,fn332,tn907
	tp626,fpp34,fnp79,fn340,tn921
	tp647,fpp37,fnp95,fn316,tn905
	tp641,fpp32,fnp107,fn327,tn893
	tp656,fpp28,fnp80,fn316,tn920
	tp624,fpp34,fnp95,fn342,tn905
	tp602,fpp28,fnp109,fn370,tn891

k2-wf attack
pct,recall,precision,f1score,fpr,accuracy
100,0.630,0.837,0.719,0.123,0.770
	tp612,fpp33,fnp76,fn355,tn924
	tp634,fpp32,fnp84,fn334,tn916
	tp619,fpp40,fnp88,fn341,tn912
	tp640,fpp28,fnp93,fn332,tn907
	tp626,fpp34,fnp79,fn340,tn921
	tp647,fpp37,fnp95,fn316,tn905
	tp641,fpp32,fnp107,fn327,tn893
	tp656,fpp28,fnp80,fn316,tn920
	tp624,fpp34,fnp95,fn342,tn905
	tp602,fpp28,fnp109,fn370,tn891

k4-ctw attack
pct,recall,precision,f1score,fpr,accuracy
100,0.530,0.939,0.678,0.034,0.750
	tp506,fpp4,fnp27,fn490,tn973
	tp531,fpp3,fnp26,fn466,tn974
	tp503,fpp5,fnp26,fn492,tn974
	tp551,fpp3,fnp33,fn446,tn967
	tp533,fpp5,fnp31,fn462,tn969
	tp543,fpp2,fnp32,fn455,tn968
	tp544,fpp4,fnp39,fn452,tn961
	tp556,fpp4,fnp21,fn440,tn979
	tp530,fpp4,fnp31,fn466,tn969
	tp506,fpp3,fnp41,fn491,tn959

k4-hp attack
pct,recall,precision,f1score,fpr,accuracy
100,0.530,0.939,0.678,0.034,0.750
	tp506,fpp4,fnp27,fn490,tn973
	tp531,fpp3,fnp26,fn466,tn974
	tp503,fpp5,fnp26,fn492,tn974
	tp551,fpp3,fnp33,fn446,tn967
	tp533,fpp5,fnp31,fn462,tn969
	tp543,fpp2,fnp32,fn455,tn968
	tp544,fpp4,fnp39,fn452,tn961
	tp556,fpp4,fnp21,fn440,tn979
	tp530,fpp4,fnp31,fn466,tn969
	tp506,fpp3,fnp41,fn491,tn959

k4-wf attack
pct,recall,precision,f1score,fpr,accuracy
100,0.530,0.939,0.678,0.034,0.750
	tp506,fpp4,fnp27,fn490,tn973
	tp531,fpp3,fnp26,fn466,tn974
	tp503,fpp5,fnp26,fn492,tn974
	tp551,fpp3,fnp33,fn446,tn967
	tp533,fpp5,fnp31,fn462,tn969
	tp543,fpp2,fnp32,fn455,tn968
	tp544,fpp4,fnp39,fn452,tn961
	tp556,fpp4,fnp21,fn440,tn979
	tp530,fpp4,fnp31,fn466,tn969
	tp506,fpp3,fnp41,fn491,tn959

