wfdns run at 2016-07-20 08:22:01.823276548 +0200 CEST for 100x100+10000 at alexa10000

k2-ctw attack
pct,recall,precision,f1score,fpr,accuracy
0,0.000,0.000,0.000,0.000,0.500
	tp0,fpp0,fnp0,fn1000,tn1000
	tp0,fpp0,fnp0,fn1000,tn1000
	tp0,fpp0,fnp0,fn1000,tn1000
	tp0,fpp0,fnp0,fn1000,tn1000
	tp0,fpp0,fnp0,fn1000,tn1000
	tp0,fpp0,fnp0,fn1000,tn1000
	tp0,fpp0,fnp0,fn1000,tn1000
	tp0,fpp0,fnp0,fn1000,tn1000
	tp0,fpp0,fnp0,fn1000,tn1000
	tp0,fpp0,fnp0,fn1000,tn1000
10,0.082,0.908,0.151,0.008,0.540
	tp83,fpp8,fnp1,fn909,tn999
	tp77,fpp8,fnp3,fn915,tn997
	tp82,fpp5,fnp4,fn913,tn996
	tp94,fpp6,fnp3,fn900,tn997
	tp74,fpp6,fnp1,fn920,tn999
	tp92,fpp2,fnp3,fn906,tn997
	tp82,fpp10,fnp5,fn908,tn995
	tp89,fpp5,fnp2,fn906,tn998
	tp72,fpp5,fnp1,fn923,tn999
	tp78,fpp6,fnp0,fn916,tn1000
20,0.152,0.907,0.260,0.015,0.574
	tp165,fpp5,fnp2,fn830,tn998
	tp151,fpp15,fnp8,fn834,tn992
	tp135,fpp9,fnp9,fn856,tn991
	tp160,fpp7,fnp2,fn833,tn998
	tp151,fpp16,fnp1,fn833,tn999
	tp153,fpp14,fnp7,fn833,tn993
	tp155,fpp14,fnp3,fn831,tn997
	tp159,fpp9,fnp3,fn832,tn997
	tp143,fpp7,fnp5,fn850,tn995
	tp148,fpp14,fnp5,fn838,tn995
30,0.231,0.920,0.369,0.020,0.612
	tp231,fpp12,fnp5,fn757,tn995
	tp240,fpp15,fnp6,fn745,tn994
	tp214,fpp19,fnp6,fn767,tn994
	tp228,fpp8,fnp10,fn764,tn990
	tp235,fpp16,fnp4,fn749,tn996
	tp222,fpp12,fnp8,fn766,tn992
	tp257,fpp10,fnp12,fn733,tn988
	tp240,fpp15,fnp3,fn745,tn997
	tp222,fpp14,fnp5,fn764,tn995
	tp221,fpp12,fnp9,fn767,tn991
40,0.301,0.928,0.454,0.024,0.646
	tp310,fpp11,fnp7,fn679,tn993
	tp313,fpp11,fnp9,fn676,tn991
	tp290,fpp17,fnp5,fn693,tn995
	tp283,fpp12,fnp7,fn705,tn993
	tp317,fpp20,fnp7,fn663,tn993
	tp314,fpp24,fnp8,fn662,tn992
	tp289,fpp11,fnp6,fn700,tn994
	tp298,fpp17,fnp8,fn685,tn992
	tp302,fpp16,fnp12,fn682,tn988
	tp292,fpp16,fnp12,fn692,tn988
50,0.372,0.935,0.532,0.026,0.681
	tp361,fpp14,fnp11,fn625,tn989
	tp400,fpp26,fnp7,fn574,tn993
	tp354,fpp17,fnp8,fn629,tn992
	tp374,fpp18,fnp9,fn608,tn991
	tp388,fpp12,fnp7,fn600,tn993
	tp375,fpp13,fnp14,fn612,tn986
	tp375,fpp18,fnp20,fn607,tn980
	tp357,fpp13,fnp10,fn630,tn990
	tp381,fpp16,fnp7,fn603,tn993
	tp351,fpp13,fnp8,fn636,tn992
60,0.435,0.933,0.593,0.031,0.710
	tp426,fpp15,fnp11,fn559,tn989
	tp457,fpp14,fnp13,fn529,tn987
	tp413,fpp19,fnp16,fn568,tn984
	tp431,fpp19,fnp10,fn550,tn990
	tp435,fpp15,fnp16,fn550,tn984
	tp441,fpp19,fnp21,fn540,tn979
	tp436,fpp12,fnp15,fn552,tn985
	tp457,fpp15,fnp12,fn528,tn988
	tp443,fpp25,fnp13,fn532,tn987
	tp412,fpp14,fnp20,fn574,tn980
70,0.502,0.944,0.655,0.030,0.745
	tp520,fpp16,fnp19,fn464,tn981
	tp504,fpp10,fnp15,fn486,tn985
	tp493,fpp19,fnp12,fn488,tn988
	tp524,fpp17,fnp20,fn459,tn980
	tp491,fpp16,fnp9,fn493,tn991
	tp501,fpp19,fnp10,fn480,tn990
	tp512,fpp17,fnp13,fn471,tn987
	tp503,fpp22,fnp9,fn475,tn991
	tp482,fpp25,fnp5,fn493,tn995
	tp488,fpp14,fnp12,fn498,tn988
80,0.566,0.954,0.711,0.028,0.776
	tp565,fpp15,fnp12,fn420,tn988
	tp577,fpp17,fnp14,fn406,tn986
	tp571,fpp13,fnp13,fn416,tn987
	tp572,fpp11,fnp18,fn417,tn982
	tp573,fpp16,fnp13,fn411,tn987
	tp551,fpp16,fnp19,fn433,tn981
	tp563,fpp9,fnp18,fn428,tn982
	tp584,fpp12,fnp10,fn404,tn990
	tp568,fpp14,fnp14,fn418,tn986
	tp540,fpp9,fnp13,fn451,tn987
90,0.630,0.958,0.760,0.028,0.808
	tp619,fpp7,fnp17,fn374,tn983
	tp634,fpp18,fnp10,fn348,tn990
	tp609,fpp14,fnp17,fn377,tn983
	tp625,fpp8,fnp13,fn367,tn987
	tp645,fpp15,fnp11,fn340,tn989
	tp633,fpp17,fnp20,fn350,tn980
	tp631,fpp14,fnp20,fn355,tn980
	tp659,fpp10,fnp15,fn331,tn985
	tp644,fpp14,fnp12,fn342,tn988
	tp603,fpp10,fnp13,fn387,tn987
100,0.689,0.959,0.801,0.030,0.835
	tp683,fpp13,fnp19,fn304,tn981
	tp685,fpp17,fnp19,fn298,tn981
	tp669,fpp17,fnp12,fn314,tn988
	tp697,fpp8,fnp26,fn295,tn974
	tp701,fpp13,fnp18,fn286,tn982
	tp686,fpp12,fnp13,fn302,tn987
	tp694,fpp9,fnp22,fn297,tn978
	tp717,fpp5,fnp13,fn278,tn987
	tp692,fpp10,fnp15,fn298,tn985
	tp661,fpp10,fnp25,fn329,tn975

k2-hp attack
pct,recall,precision,f1score,fpr,accuracy
0,0.000,0.000,0.000,0.000,0.500
	tp0,fpp0,fnp0,fn1000,tn1000
	tp0,fpp0,fnp0,fn1000,tn1000
	tp0,fpp0,fnp0,fn1000,tn1000
	tp0,fpp0,fnp0,fn1000,tn1000
	tp0,fpp0,fnp0,fn1000,tn1000
	tp0,fpp0,fnp0,fn1000,tn1000
	tp0,fpp0,fnp0,fn1000,tn1000
	tp0,fpp0,fnp0,fn1000,tn1000
	tp0,fpp0,fnp0,fn1000,tn1000
	tp0,fpp0,fnp0,fn1000,tn1000
10,0.072,0.979,0.133,0.002,0.535
	tp69,fpp3,fnp0,fn928,tn1000
	tp61,fpp0,fnp2,fn939,tn998
	tp71,fpp0,fnp1,fn929,tn999
	tp82,fpp0,fnp2,fn918,tn998
	tp66,fpp0,fnp0,fn934,tn1000
	tp86,fpp0,fnp1,fn914,tn999
	tp68,fpp1,fnp1,fn931,tn999
	tp80,fpp0,fnp2,fn920,tn998
	tp65,fpp1,fnp1,fn934,tn999
	tp68,fpp0,fnp0,fn932,tn1000
20,0.132,0.978,0.233,0.003,0.565
	tp138,fpp1,fnp0,fn861,tn1000
	tp132,fpp0,fnp6,fn868,tn994
	tp123,fpp0,fnp4,fn877,tn996
	tp133,fpp0,fnp0,fn867,tn1000
	tp134,fpp3,fnp1,fn863,tn999
	tp138,fpp2,fnp3,fn860,tn997
	tp137,fpp1,fnp1,fn862,tn999
	tp139,fpp1,fnp1,fn860,tn999
	tp124,fpp0,fnp3,fn876,tn997
	tp126,fpp1,fnp2,fn873,tn998
30,0.203,0.976,0.336,0.005,0.600
	tp189,fpp1,fnp1,fn810,tn999
	tp211,fpp3,fnp4,fn786,tn996
	tp192,fpp3,fnp3,fn805,tn997
	tp203,fpp1,fnp7,fn796,tn993
	tp206,fpp0,fnp2,fn794,tn998
	tp194,fpp1,fnp6,fn805,tn994
	tp227,fpp0,fnp5,fn773,tn995
	tp214,fpp1,fnp2,fn785,tn998
	tp203,fpp1,fnp2,fn796,tn998
	tp188,fpp2,fnp4,fn810,tn996
40,0.263,0.980,0.414,0.005,0.629
	tp263,fpp1,fnp1,fn736,tn999
	tp266,fpp1,fnp5,fn733,tn995
	tp259,fpp2,fnp3,fn739,tn997
	tp244,fpp1,fnp4,fn755,tn996
	tp269,fpp4,fnp3,fn727,tn997
	tp276,fpp2,fnp4,fn722,tn996
	tp256,fpp2,fnp2,fn742,tn998
	tp274,fpp2,fnp5,fn724,tn995
	tp265,fpp2,fnp6,fn733,tn994
	tp255,fpp1,fnp4,fn744,tn996
50,0.326,0.977,0.489,0.008,0.660
	tp311,fpp1,fnp4,fn688,tn996
	tp343,fpp4,fnp2,fn653,tn998
	tp313,fpp3,fnp2,fn684,tn998
	tp329,fpp3,fnp8,fn668,tn992
	tp344,fpp3,fnp3,fn653,tn997
	tp332,fpp2,fnp10,fn666,tn990
	tp334,fpp1,fnp13,fn665,tn987
	tp318,fpp1,fnp6,fn681,tn994
	tp333,fpp1,fnp5,fn666,tn995
	tp302,fpp0,fnp5,fn698,tn995
60,0.381,0.974,0.547,0.010,0.686
	tp364,fpp3,fnp6,fn633,tn994
	tp388,fpp0,fnp6,fn612,tn994
	tp360,fpp2,fnp7,fn638,tn993
	tp374,fpp2,fnp8,fn624,tn992
	tp388,fpp0,fnp10,fn612,tn990
	tp389,fpp1,fnp13,fn610,tn987
	tp382,fpp1,fnp7,fn617,tn993
	tp410,fpp2,fnp7,fn588,tn993
	tp390,fpp3,fnp8,fn607,tn992
	tp361,fpp5,fnp11,fn634,tn989
70,0.440,0.979,0.607,0.009,0.717
	tp455,fpp5,fnp10,fn540,tn990
	tp438,fpp1,fnp6,fn561,tn994
	tp433,fpp7,fnp7,fn560,tn993
	tp456,fpp1,fnp11,fn543,tn989
	tp421,fpp2,fnp4,fn577,tn996
	tp441,fpp3,fnp4,fn556,tn996
	tp456,fpp2,fnp6,fn542,tn994
	tp450,fpp4,fnp4,fn546,tn996
	tp421,fpp5,fnp1,fn574,tn999
	tp431,fpp2,fnp8,fn567,tn992
80,0.498,0.980,0.660,0.010,0.745
	tp484,fpp5,fnp6,fn511,tn994
	tp504,fpp1,fnp7,fn495,tn993
	tp502,fpp3,fnp9,fn495,tn991
	tp505,fpp0,fnp6,fn495,tn994
	tp494,fpp2,fnp9,fn504,tn991
	tp488,fpp3,fnp11,fn509,tn989
	tp500,fpp1,fnp10,fn499,tn990
	tp531,fpp4,fnp5,fn465,tn995
	tp494,fpp1,fnp9,fn505,tn991
	tp476,fpp1,fnp9,fn523,tn991
90,0.553,0.979,0.707,0.012,0.772
	tp528,fpp2,fnp9,fn470,tn991
	tp553,fpp3,fnp6,fn444,tn994
	tp544,fpp2,fnp8,fn454,tn992
	tp552,fpp1,fnp10,fn447,tn990
	tp564,fpp7,fnp6,fn429,tn994
	tp559,fpp3,fnp11,fn438,tn989
	tp552,fpp4,fnp13,fn444,tn987
	tp596,fpp5,fnp11,fn399,tn989
	tp559,fpp1,fnp9,fn440,tn991
	tp523,fpp3,fnp6,fn474,tn994
100,0.607,0.976,0.749,0.015,0.798
	tp587,fpp6,fnp12,fn407,tn988
	tp606,fpp6,fnp12,fn388,tn988
	tp594,fpp5,fnp7,fn401,tn993
	tp619,fpp3,fnp15,fn378,tn985
	tp614,fpp4,fnp11,fn382,tn989
	tp608,fpp4,fnp5,fn388,tn995
	tp618,fpp4,fnp12,fn378,tn988
	tp645,fpp2,fnp11,fn353,tn989
	tp604,fpp5,fnp10,fn391,tn990
	tp579,fpp3,fnp14,fn418,tn986

k2-wf attack
pct,recall,precision,f1score,fpr,accuracy
0,0.628,0.838,0.718,0.122,0.769
	tp615,fpp38,fnp71,fn347,tn929
	tp630,fpp31,fnp83,fn339,tn917
	tp612,fpp39,fnp80,fn349,tn920
	tp638,fpp26,fnp91,fn336,tn909
	tp632,fpp35,fnp80,fn333,tn920
	tp635,fpp34,fnp101,fn331,tn899
	tp632,fpp32,fnp110,fn336,tn890
	tp661,fpp22,fnp82,fn317,tn918
	tp626,fpp31,fnp95,fn343,tn905
	tp597,fpp32,fnp104,fn371,tn896
10,0.628,0.838,0.718,0.122,0.769
	tp615,fpp38,fnp71,fn347,tn929
	tp630,fpp31,fnp83,fn339,tn917
	tp612,fpp39,fnp80,fn349,tn920
	tp638,fpp26,fnp91,fn336,tn909
	tp632,fpp35,fnp80,fn333,tn920
	tp635,fpp34,fnp101,fn331,tn899
	tp632,fpp32,fnp110,fn336,tn890
	tp661,fpp22,fnp82,fn317,tn918
	tp626,fpp31,fnp95,fn343,tn905
	tp597,fpp32,fnp104,fn371,tn896
20,0.628,0.838,0.718,0.122,0.769
	tp615,fpp38,fnp71,fn347,tn929
	tp630,fpp31,fnp83,fn339,tn917
	tp612,fpp39,fnp80,fn349,tn920
	tp638,fpp26,fnp91,fn336,tn909
	tp632,fpp35,fnp80,fn333,tn920
	tp635,fpp34,fnp101,fn331,tn899
	tp632,fpp32,fnp110,fn336,tn890
	tp661,fpp22,fnp82,fn317,tn918
	tp626,fpp31,fnp95,fn343,tn905
	tp597,fpp32,fnp104,fn371,tn896
30,0.628,0.838,0.718,0.122,0.769
	tp615,fpp38,fnp71,fn347,tn929
	tp630,fpp31,fnp83,fn339,tn917
	tp612,fpp39,fnp80,fn349,tn920
	tp638,fpp26,fnp91,fn336,tn909
	tp632,fpp35,fnp80,fn333,tn920
	tp635,fpp34,fnp101,fn331,tn899
	tp632,fpp32,fnp110,fn336,tn890
	tp661,fpp22,fnp82,fn317,tn918
	tp626,fpp31,fnp95,fn343,tn905
	tp597,fpp32,fnp104,fn371,tn896
40,0.628,0.838,0.718,0.122,0.769
	tp615,fpp38,fnp71,fn347,tn929
	tp630,fpp31,fnp83,fn339,tn917
	tp612,fpp39,fnp80,fn349,tn920
	tp638,fpp26,fnp91,fn336,tn909
	tp632,fpp35,fnp80,fn333,tn920
	tp635,fpp34,fnp101,fn331,tn899
	tp632,fpp32,fnp110,fn336,tn890
	tp661,fpp22,fnp82,fn317,tn918
	tp626,fpp31,fnp95,fn343,tn905
	tp597,fpp32,fnp104,fn371,tn896
50,0.628,0.838,0.718,0.122,0.769
	tp615,fpp38,fnp71,fn347,tn929
	tp630,fpp31,fnp83,fn339,tn917
	tp612,fpp39,fnp80,fn349,tn920
	tp638,fpp26,fnp91,fn336,tn909
	tp632,fpp35,fnp80,fn333,tn920
	tp635,fpp34,fnp101,fn331,tn899
	tp632,fpp32,fnp110,fn336,tn890
	tp661,fpp22,fnp82,fn317,tn918
	tp626,fpp31,fnp95,fn343,tn905
	tp597,fpp32,fnp104,fn371,tn896
60,0.628,0.838,0.718,0.122,0.769
	tp615,fpp38,fnp71,fn347,tn929
	tp630,fpp31,fnp83,fn339,tn917
	tp612,fpp39,fnp80,fn349,tn920
	tp638,fpp26,fnp91,fn336,tn909
	tp632,fpp35,fnp80,fn333,tn920
	tp635,fpp34,fnp101,fn331,tn899
	tp632,fpp32,fnp110,fn336,tn890
	tp661,fpp22,fnp82,fn317,tn918
	tp626,fpp31,fnp95,fn343,tn905
	tp597,fpp32,fnp104,fn371,tn896
70,0.628,0.838,0.718,0.122,0.769
	tp615,fpp38,fnp71,fn347,tn929
	tp630,fpp31,fnp83,fn339,tn917
	tp612,fpp39,fnp80,fn349,tn920
	tp638,fpp26,fnp91,fn336,tn909
	tp632,fpp35,fnp80,fn333,tn920
	tp635,fpp34,fnp101,fn331,tn899
	tp632,fpp32,fnp110,fn336,tn890
	tp661,fpp22,fnp82,fn317,tn918
	tp626,fpp31,fnp95,fn343,tn905
	tp597,fpp32,fnp104,fn371,tn896
80,0.628,0.838,0.718,0.122,0.769
	tp615,fpp38,fnp71,fn347,tn929
	tp630,fpp31,fnp83,fn339,tn917
	tp612,fpp39,fnp80,fn349,tn920
	tp638,fpp26,fnp91,fn336,tn909
	tp632,fpp35,fnp80,fn333,tn920
	tp635,fpp34,fnp101,fn331,tn899
	tp632,fpp32,fnp110,fn336,tn890
	tp661,fpp22,fnp82,fn317,tn918
	tp626,fpp31,fnp95,fn343,tn905
	tp597,fpp32,fnp104,fn371,tn896
90,0.628,0.838,0.718,0.122,0.769
	tp615,fpp38,fnp71,fn347,tn929
	tp630,fpp31,fnp83,fn339,tn917
	tp612,fpp39,fnp80,fn349,tn920
	tp638,fpp26,fnp91,fn336,tn909
	tp632,fpp35,fnp80,fn333,tn920
	tp635,fpp34,fnp101,fn331,tn899
	tp632,fpp32,fnp110,fn336,tn890
	tp661,fpp22,fnp82,fn317,tn918
	tp626,fpp31,fnp95,fn343,tn905
	tp597,fpp32,fnp104,fn371,tn896
100,0.628,0.838,0.718,0.122,0.769
	tp615,fpp38,fnp71,fn347,tn929
	tp630,fpp31,fnp83,fn339,tn917
	tp612,fpp39,fnp80,fn349,tn920
	tp638,fpp26,fnp91,fn336,tn909
	tp632,fpp35,fnp80,fn333,tn920
	tp635,fpp34,fnp101,fn331,tn899
	tp632,fpp32,fnp110,fn336,tn890
	tp661,fpp22,fnp82,fn317,tn918
	tp626,fpp31,fnp95,fn343,tn905
	tp597,fpp32,fnp104,fn371,tn896

k4-ctw attack
pct,recall,precision,f1score,fpr,accuracy
0,0.000,0.000,0.000,0.000,0.500
	tp0,fpp0,fnp0,fn1000,tn1000
	tp0,fpp0,fnp0,fn1000,tn1000
	tp0,fpp0,fnp0,fn1000,tn1000
	tp0,fpp0,fnp0,fn1000,tn1000
	tp0,fpp0,fnp0,fn1000,tn1000
	tp0,fpp0,fnp0,fn1000,tn1000
	tp0,fpp0,fnp0,fn1000,tn1000
	tp0,fpp0,fnp0,fn1000,tn1000
	tp0,fpp0,fnp0,fn1000,tn1000
	tp0,fpp0,fnp0,fn1000,tn1000
10,0.070,0.949,0.130,0.004,0.535
	tp64,fpp5,fnp0,fn931,tn1000
	tp63,fpp4,fnp1,fn933,tn999
	tp66,fpp3,fnp2,fn931,tn998
	tp83,fpp3,fnp0,fn914,tn1000
	tp67,fpp5,fnp0,fn928,tn1000
	tp84,fpp0,fnp1,fn916,tn999
	tp67,fpp5,fnp1,fn928,tn999
	tp75,fpp3,fnp1,fn922,tn999
	tp60,fpp2,fnp0,fn938,tn1000
	tp67,fpp1,fnp0,fn932,tn1000
20,0.128,0.950,0.225,0.007,0.563
	tp131,fpp4,fnp1,fn865,tn999
	tp130,fpp8,fnp1,fn862,tn999
	tp116,fpp3,fnp4,fn881,tn996
	tp127,fpp2,fnp2,fn871,tn998
	tp129,fpp14,fnp1,fn857,tn999
	tp134,fpp3,fnp2,fn863,tn998
	tp128,fpp6,fnp0,fn866,tn1000
	tp137,fpp8,fnp0,fn855,tn1000
	tp122,fpp3,fnp0,fn875,tn1000
	tp125,fpp4,fnp2,fn871,tn998
30,0.199,0.961,0.330,0.008,0.599
	tp189,fpp6,fnp2,fn805,tn998
	tp207,fpp10,fnp2,fn783,tn998
	tp181,fpp9,fnp2,fn810,tn998
	tp192,fpp5,fnp4,fn803,tn996
	tp208,fpp6,fnp0,fn786,tn1000
	tp187,fpp4,fnp1,fn809,tn999
	tp223,fpp5,fnp1,fn772,tn999
	tp212,fpp9,fnp0,fn779,tn1000
	tp197,fpp7,fnp1,fn796,tn999
	tp194,fpp3,fnp3,fn803,tn997
40,0.255,0.963,0.403,0.010,0.626
	tp251,fpp6,fnp1,fn743,tn999
	tp255,fpp5,fnp4,fn740,tn996
	tp242,fpp10,fnp1,fn748,tn999
	tp245,fpp3,fnp2,fn752,tn998
	tp268,fpp13,fnp2,fn719,tn998
	tp270,fpp9,fnp3,fn721,tn997
	tp237,fpp3,fnp0,fn760,tn1000
	tp256,fpp8,fnp5,fn736,tn995
	tp273,fpp9,fnp3,fn718,tn997
	tp253,fpp10,fnp3,fn737,tn997
50,0.317,0.969,0.477,0.010,0.657
	tp298,fpp5,fnp3,fn697,tn997
	tp340,fpp12,fnp1,fn648,tn999
	tp294,fpp8,fnp3,fn698,tn997
	tp316,fpp5,fnp5,fn679,tn995
	tp340,fpp6,fnp4,fn654,tn996
	tp325,fpp6,fnp4,fn669,tn996
	tp317,fpp8,fnp5,fn675,tn995
	tp312,fpp6,fnp1,fn682,tn999
	tp329,fpp7,fnp3,fn664,tn997
	tp299,fpp9,fnp1,fn692,tn999
60,0.370,0.971,0.536,0.011,0.683
	tp346,fpp3,fnp5,fn651,tn995
	tp389,fpp6,fnp1,fn605,tn999
	tp338,fpp11,fnp4,fn651,tn996
	tp363,fpp1,fnp4,fn636,tn996
	tp371,fpp7,fnp6,fn622,tn994
	tp375,fpp10,fnp8,fn615,tn992
	tp378,fpp6,fnp3,fn616,tn997
	tp397,fpp6,fnp2,fn597,tn998
	tp391,fpp10,fnp3,fn599,tn997
	tp354,fpp7,fnp8,fn639,tn992
70,0.424,0.973,0.590,0.012,0.710
	tp424,fpp5,fnp7,fn571,tn993
	tp435,fpp3,fnp5,fn562,tn995
	tp402,fpp6,fnp2,fn592,tn998
	tp444,fpp7,fnp7,fn549,tn993
	tp416,fpp11,fnp3,fn573,tn997
	tp422,fpp8,fnp0,fn570,tn1000
	tp431,fpp6,fnp8,fn563,tn992
	tp429,fpp13,fnp3,fn558,tn997
	tp419,fpp9,fnp1,fn572,tn999
	tp418,fpp7,fnp8,fn575,tn992
80,0.483,0.981,0.647,0.009,0.739
	tp459,fpp6,fnp9,fn535,tn991
	tp485,fpp4,fnp4,fn511,tn996
	tp473,fpp4,fnp4,fn523,tn996
	tp489,fpp6,fnp4,fn505,tn996
	tp496,fpp7,fnp5,fn497,tn995
	tp472,fpp3,fnp6,fn525,tn994
	tp478,fpp3,fnp4,fn519,tn996
	tp511,fpp4,fnp2,fn485,tn998
	tp499,fpp4,fnp6,fn497,tn994
	tp466,fpp3,fnp6,fn531,tn994
90,0.534,0.985,0.692,0.008,0.765
	tp500,fpp1,fnp6,fn499,tn994
	tp547,fpp6,fnp4,fn447,tn996
	tp511,fpp7,fnp3,fn482,tn997
	tp520,fpp4,fnp4,fn476,tn996
	tp550,fpp3,fnp5,fn447,tn995
	tp544,fpp5,fnp6,fn451,tn994
	tp533,fpp4,fnp5,fn463,tn995
	tp565,fpp4,fnp3,fn431,tn997
	tp557,fpp3,fnp6,fn440,tn994
	tp513,fpp1,fnp4,fn486,tn996
100,0.582,0.987,0.732,0.008,0.788
	tp545,fpp2,fnp4,fn453,tn996
	tp583,fpp5,fnp8,fn412,tn992
	tp549,fpp2,fnp4,fn449,tn996
	tp591,fpp2,fnp13,fn407,tn987
	tp599,fpp1,fnp4,fn400,tn996
	tp594,fpp3,fnp2,fn403,tn998
	tp590,fpp2,fnp6,fn408,tn994
	tp614,fpp1,fnp4,fn385,tn996
	tp593,fpp0,fnp2,fn407,tn998
	tp565,fpp2,fnp9,fn433,tn991

k4-hp attack
pct,recall,precision,f1score,fpr,accuracy
0,0.000,0.000,0.000,0.000,0.500
	tp0,fpp0,fnp0,fn1000,tn1000
	tp0,fpp0,fnp0,fn1000,tn1000
	tp0,fpp0,fnp0,fn1000,tn1000
	tp0,fpp0,fnp0,fn1000,tn1000
	tp0,fpp0,fnp0,fn1000,tn1000
	tp0,fpp0,fnp0,fn1000,tn1000
	tp0,fpp0,fnp0,fn1000,tn1000
	tp0,fpp0,fnp0,fn1000,tn1000
	tp0,fpp0,fnp0,fn1000,tn1000
	tp0,fpp0,fnp0,fn1000,tn1000
10,0.059,0.995,0.112,0.000,0.529
	tp54,fpp0,fnp0,fn946,tn1000
	tp49,fpp0,fnp0,fn951,tn1000
	tp58,fpp0,fnp1,fn942,tn999
	tp68,fpp0,fnp0,fn932,tn1000
	tp56,fpp0,fnp0,fn944,tn1000
	tp76,fpp0,fnp0,fn924,tn1000
	tp55,fpp0,fnp1,fn945,tn999
	tp67,fpp0,fnp1,fn933,tn999
	tp51,fpp0,fnp0,fn949,tn1000
	tp58,fpp0,fnp0,fn942,tn1000
20,0.111,0.996,0.199,0.000,0.555
	tp111,fpp0,fnp0,fn889,tn1000
	tp111,fpp0,fnp0,fn889,tn1000
	tp103,fpp0,fnp2,fn897,tn998
	tp105,fpp0,fnp0,fn895,tn1000
	tp112,fpp0,fnp1,fn888,tn999
	tp114,fpp0,fnp0,fn886,tn1000
	tp113,fpp0,fnp0,fn887,tn1000
	tp117,fpp0,fnp0,fn883,tn1000
	tp107,fpp0,fnp0,fn893,tn1000
	tp113,fpp0,fnp1,fn887,tn999
30,0.173,0.993,0.294,0.001,0.586
	tp159,fpp1,fnp1,fn840,tn999
	tp182,fpp1,fnp1,fn817,tn999
	tp154,fpp2,fnp1,fn844,tn999
	tp171,fpp0,fnp2,fn829,tn998
	tp178,fpp0,fnp0,fn822,tn1000
	tp163,fpp0,fnp0,fn837,tn1000
	tp199,fpp0,fnp1,fn801,tn999
	tp187,fpp0,fnp0,fn813,tn1000
	tp171,fpp0,fnp0,fn829,tn1000
	tp161,fpp0,fnp2,fn839,tn998
40,0.223,0.994,0.363,0.002,0.611
	tp217,fpp0,fnp0,fn783,tn1000
	tp222,fpp0,fnp1,fn778,tn999
	tp210,fpp0,fnp1,fn790,tn999
	tp211,fpp0,fnp0,fn789,tn1000
	tp230,fpp1,fnp1,fn769,tn999
	tp238,fpp0,fnp3,fn762,tn997
	tp206,fpp0,fnp0,fn794,tn1000
	tp228,fpp0,fnp4,fn772,tn996
	tp234,fpp0,fnp2,fn766,tn998
	tp229,fpp1,fnp1,fn770,tn999
50,0.274,0.993,0.429,0.002,0.636
	tp251,fpp0,fnp0,fn749,tn1000
	tp290,fpp1,fnp1,fn709,tn999
	tp251,fpp0,fnp1,fn749,tn999
	tp270,fpp0,fnp4,fn730,tn996
	tp305,fpp0,fnp2,fn695,tn998
	tp276,fpp0,fnp2,fn724,tn998
	tp279,fpp0,fnp4,fn721,tn996
	tp272,fpp0,fnp1,fn728,tn999
	tp283,fpp0,fnp2,fn717,tn998
	tp262,fpp0,fnp1,fn738,tn999
60,0.323,0.991,0.487,0.003,0.660
	tp300,fpp0,fnp2,fn700,tn998
	tp331,fpp0,fnp0,fn669,tn1000
	tp293,fpp0,fnp3,fn707,tn997
	tp318,fpp0,fnp3,fn682,tn997
	tp332,fpp0,fnp4,fn668,tn996
	tp327,fpp0,fnp4,fn673,tn996
	tp325,fpp0,fnp2,fn675,tn998
	tp348,fpp0,fnp2,fn652,tn998
	tp336,fpp1,fnp2,fn663,tn998
	tp317,fpp0,fnp5,fn683,tn995
70,0.371,0.993,0.540,0.003,0.685
	tp374,fpp0,fnp5,fn626,tn995
	tp378,fpp0,fnp1,fn622,tn999
	tp350,fpp1,fnp1,fn649,tn999
	tp388,fpp0,fnp4,fn612,tn996
	tp359,fpp0,fnp1,fn641,tn999
	tp373,fpp1,fnp0,fn626,tn1000
	tp385,fpp0,fnp5,fn615,tn995
	tp377,fpp2,fnp3,fn621,tn997
	tp356,fpp0,fnp0,fn644,tn1000
	tp374,fpp0,fnp4,fn626,tn996
80,0.421,0.992,0.591,0.003,0.709
	tp394,fpp1,fnp5,fn605,tn995
	tp423,fpp0,fnp1,fn577,tn999
	tp409,fpp1,fnp3,fn590,tn997
	tp428,fpp0,fnp1,fn572,tn999
	tp425,fpp0,fnp4,fn575,tn996
	tp411,fpp0,fnp5,fn589,tn995
	tp425,fpp0,fnp3,fn575,tn997
	tp454,fpp1,fnp2,fn545,tn998
	tp432,fpp0,fnp3,fn568,tn997
	tp413,fpp1,fnp4,fn586,tn996
90,0.468,0.994,0.636,0.003,0.733
	tp436,fpp0,fnp3,fn564,tn997
	tp471,fpp1,fnp2,fn528,tn998
	tp443,fpp1,fnp1,fn556,tn999
	tp464,fpp0,fnp3,fn536,tn997
	tp487,fpp0,fnp4,fn513,tn996
	tp473,fpp0,fnp2,fn527,tn998
	tp464,fpp0,fnp2,fn536,tn998
	tp503,fpp0,fnp1,fn497,tn999
	tp482,fpp0,fnp5,fn518,tn995
	tp454,fpp1,fnp1,fn545,tn999
100,0.513,0.994,0.676,0.003,0.755
	tp481,fpp0,fnp2,fn519,tn998
	tp512,fpp2,fnp5,fn486,tn995
	tp483,fpp0,fnp1,fn517,tn999
	tp523,fpp0,fnp5,fn477,tn995
	tp528,fpp0,fnp4,fn472,tn996
	tp511,fpp1,fnp0,fn488,tn1000
	tp521,fpp0,fnp5,fn479,tn995
	tp547,fpp0,fnp2,fn453,tn998
	tp519,fpp0,fnp1,fn481,tn999
	tp501,fpp0,fnp4,fn499,tn996

k4-wf attack
pct,recall,precision,f1score,fpr,accuracy
0,0.530,0.940,0.678,0.034,0.750
	tp505,fpp4,fnp25,fn491,tn975
	tp535,fpp3,fnp20,fn462,tn980
	tp496,fpp7,fnp27,fn497,tn973
	tp538,fpp3,fnp32,fn459,tn968
	tp545,fpp3,fnp34,fn452,tn966
	tp537,fpp3,fnp29,fn460,tn971
	tp534,fpp5,fnp33,fn461,tn967
	tp559,fpp3,fnp28,fn438,tn972
	tp538,fpp3,fnp33,fn459,tn967
	tp518,fpp6,fnp39,fn476,tn961
10,0.530,0.940,0.678,0.034,0.750
	tp505,fpp4,fnp25,fn491,tn975
	tp535,fpp3,fnp20,fn462,tn980
	tp496,fpp7,fnp27,fn497,tn973
	tp538,fpp3,fnp32,fn459,tn968
	tp545,fpp3,fnp34,fn452,tn966
	tp537,fpp3,fnp29,fn460,tn971
	tp534,fpp5,fnp33,fn461,tn967
	tp559,fpp3,fnp28,fn438,tn972
	tp538,fpp3,fnp33,fn459,tn967
	tp518,fpp6,fnp39,fn476,tn961
20,0.530,0.940,0.678,0.034,0.750
	tp505,fpp4,fnp25,fn491,tn975
	tp535,fpp3,fnp20,fn462,tn980
	tp496,fpp7,fnp27,fn497,tn973
	tp538,fpp3,fnp32,fn459,tn968
	tp545,fpp3,fnp34,fn452,tn966
	tp537,fpp3,fnp29,fn460,tn971
	tp534,fpp5,fnp33,fn461,tn967
	tp559,fpp3,fnp28,fn438,tn972
	tp538,fpp3,fnp33,fn459,tn967
	tp518,fpp6,fnp39,fn476,tn961
30,0.530,0.940,0.678,0.034,0.750
	tp505,fpp4,fnp25,fn491,tn975
	tp535,fpp3,fnp20,fn462,tn980
	tp496,fpp7,fnp27,fn497,tn973
	tp538,fpp3,fnp32,fn459,tn968
	tp545,fpp3,fnp34,fn452,tn966
	tp537,fpp3,fnp29,fn460,tn971
	tp534,fpp5,fnp33,fn461,tn967
	tp559,fpp3,fnp28,fn438,tn972
	tp538,fpp3,fnp33,fn459,tn967
	tp518,fpp6,fnp39,fn476,tn961
40,0.530,0.940,0.678,0.034,0.750
	tp505,fpp4,fnp25,fn491,tn975
	tp535,fpp3,fnp20,fn462,tn980
	tp496,fpp7,fnp27,fn497,tn973
	tp538,fpp3,fnp32,fn459,tn968
	tp545,fpp3,fnp34,fn452,tn966
	tp537,fpp3,fnp29,fn460,tn971
	tp534,fpp5,fnp33,fn461,tn967
	tp559,fpp3,fnp28,fn438,tn972
	tp538,fpp3,fnp33,fn459,tn967
	tp518,fpp6,fnp39,fn476,tn961
50,0.530,0.940,0.678,0.034,0.750
	tp505,fpp4,fnp25,fn491,tn975
	tp535,fpp3,fnp20,fn462,tn980
	tp496,fpp7,fnp27,fn497,tn973
	tp538,fpp3,fnp32,fn459,tn968
	tp545,fpp3,fnp34,fn452,tn966
	tp537,fpp3,fnp29,fn460,tn971
	tp534,fpp5,fnp33,fn461,tn967
	tp559,fpp3,fnp28,fn438,tn972
	tp538,fpp3,fnp33,fn459,tn967
	tp518,fpp6,fnp39,fn476,tn961
60,0.530,0.940,0.678,0.034,0.750
	tp505,fpp4,fnp25,fn491,tn975
	tp535,fpp3,fnp20,fn462,tn980
	tp496,fpp7,fnp27,fn497,tn973
	tp538,fpp3,fnp32,fn459,tn968
	tp545,fpp3,fnp34,fn452,tn966
	tp537,fpp3,fnp29,fn460,tn971
	tp534,fpp5,fnp33,fn461,tn967
	tp559,fpp3,fnp28,fn438,tn972
	tp538,fpp3,fnp33,fn459,tn967
	tp518,fpp6,fnp39,fn476,tn961
70,0.530,0.940,0.678,0.034,0.750
	tp505,fpp4,fnp25,fn491,tn975
	tp535,fpp3,fnp20,fn462,tn980
	tp496,fpp7,fnp27,fn497,tn973
	tp538,fpp3,fnp32,fn459,tn968
	tp545,fpp3,fnp34,fn452,tn966
	tp537,fpp3,fnp29,fn460,tn971
	tp534,fpp5,fnp33,fn461,tn967
	tp559,fpp3,fnp28,fn438,tn972
	tp538,fpp3,fnp33,fn459,tn967
	tp518,fpp6,fnp39,fn476,tn961
80,0.530,0.940,0.678,0.034,0.750
	tp505,fpp4,fnp25,fn491,tn975
	tp535,fpp3,fnp20,fn462,tn980
	tp496,fpp7,fnp27,fn497,tn973
	tp538,fpp3,fnp32,fn459,tn968
	tp545,fpp3,fnp34,fn452,tn966
	tp537,fpp3,fnp29,fn460,tn971
	tp534,fpp5,fnp33,fn461,tn967
	tp559,fpp3,fnp28,fn438,tn972
	tp538,fpp3,fnp33,fn459,tn967
	tp518,fpp6,fnp39,fn476,tn961
90,0.530,0.940,0.678,0.034,0.750
	tp505,fpp4,fnp25,fn491,tn975
	tp535,fpp3,fnp20,fn462,tn980
	tp496,fpp7,fnp27,fn497,tn973
	tp538,fpp3,fnp32,fn459,tn968
	tp545,fpp3,fnp34,fn452,tn966
	tp537,fpp3,fnp29,fn460,tn971
	tp534,fpp5,fnp33,fn461,tn967
	tp559,fpp3,fnp28,fn438,tn972
	tp538,fpp3,fnp33,fn459,tn967
	tp518,fpp6,fnp39,fn476,tn961
100,0.530,0.940,0.678,0.034,0.750
	tp505,fpp4,fnp25,fn491,tn975
	tp535,fpp3,fnp20,fn462,tn980
	tp496,fpp7,fnp27,fn497,tn973
	tp538,fpp3,fnp32,fn459,tn968
	tp545,fpp3,fnp34,fn452,tn966
	tp537,fpp3,fnp29,fn460,tn971
	tp534,fpp5,fnp33,fn461,tn967
	tp559,fpp3,fnp28,fn438,tn972
	tp538,fpp3,fnp33,fn459,tn967
	tp518,fpp6,fnp39,fn476,tn961

