wfdns run at 2016-07-19 20:35:12.200254771 +0200 CEST for 100x100+10000 at alexa10

k2-ctw attack
pct,recall,precision,f1score,fpr,accuracy
100,0.630,0.834,0.718,0.125,0.769
	tp621,fpp36,fnp79,fn343,tn921
	tp633,fpp37,fnp87,fn330,tn913
	tp626,fpp41,fnp83,fn333,tn917
	tp630,fpp36,fnp92,fn334,tn908
	tp633,fpp33,fnp83,fn334,tn917
	tp637,fpp37,fnp99,fn326,tn901
	tp634,fpp30,fnp107,fn336,tn893
	tp662,fpp23,fnp86,fn315,tn914
	tp621,fpp32,fnp100,fn347,tn900
	tp601,fpp29,fnp103,fn370,tn897

k2-hp attack
pct,recall,precision,f1score,fpr,accuracy
100,0.630,0.834,0.718,0.125,0.769
	tp621,fpp36,fnp79,fn343,tn921
	tp633,fpp37,fnp87,fn330,tn913
	tp626,fpp41,fnp83,fn333,tn917
	tp630,fpp36,fnp92,fn334,tn908
	tp633,fpp33,fnp83,fn334,tn917
	tp637,fpp37,fnp99,fn326,tn901
	tp634,fpp30,fnp107,fn336,tn893
	tp662,fpp23,fnp86,fn315,tn914
	tp621,fpp32,fnp100,fn347,tn900
	tp601,fpp29,fnp103,fn370,tn897

k2-wf attack
pct,recall,precision,f1score,fpr,accuracy
100,0.630,0.834,0.718,0.125,0.769
	tp621,fpp36,fnp79,fn343,tn921
	tp633,fpp37,fnp87,fn330,tn913
	tp626,fpp41,fnp83,fn333,tn917
	tp630,fpp36,fnp92,fn334,tn908
	tp633,fpp33,fnp83,fn334,tn917
	tp637,fpp37,fnp99,fn326,tn901
	tp634,fpp30,fnp107,fn336,tn893
	tp662,fpp23,fnp86,fn315,tn914
	tp621,fpp32,fnp100,fn347,tn900
	tp601,fpp29,fnp103,fn370,tn897

k4-ctw attack
pct,recall,precision,f1score,fpr,accuracy
100,0.531,0.939,0.679,0.034,0.751
	tp520,fpp4,fnp26,fn476,tn974
	tp534,fpp6,fnp24,fn460,tn976
	tp513,fpp4,fnp24,fn483,tn976
	tp536,fpp5,fnp33,fn459,tn967
	tp536,fpp7,fnp28,fn457,tn972
	tp528,fpp4,fnp31,fn468,tn969
	tp537,fpp4,fnp36,fn459,tn964
	tp567,fpp2,fnp28,fn431,tn972
	tp525,fpp3,fnp32,fn472,tn968
	tp517,fpp4,fnp39,fn479,tn961

k4-hp attack
pct,recall,precision,f1score,fpr,accuracy
100,0.531,0.939,0.679,0.034,0.751
	tp520,fpp4,fnp26,fn476,tn974
	tp534,fpp6,fnp24,fn460,tn976
	tp513,fpp4,fnp24,fn483,tn976
	tp536,fpp5,fnp33,fn459,tn967
	tp536,fpp7,fnp28,fn457,tn972
	tp528,fpp4,fnp31,fn468,tn969
	tp537,fpp4,fnp36,fn459,tn964
	tp567,fpp2,fnp28,fn431,tn972
	tp525,fpp3,fnp32,fn472,tn968
	tp517,fpp4,fnp39,fn479,tn961

k4-wf attack
pct,recall,precision,f1score,fpr,accuracy
100,0.531,0.939,0.679,0.034,0.751
	tp520,fpp4,fnp26,fn476,tn974
	tp534,fpp6,fnp24,fn460,tn976
	tp513,fpp4,fnp24,fn483,tn976
	tp536,fpp5,fnp33,fn459,tn967
	tp536,fpp7,fnp28,fn457,tn972
	tp528,fpp4,fnp31,fn468,tn969
	tp537,fpp4,fnp36,fn459,tn964
	tp567,fpp2,fnp28,fn431,tn972
	tp525,fpp3,fnp32,fn472,tn968
	tp517,fpp4,fnp39,fn479,tn961

