wfdns run at 2016-07-19 16:58:55.138105844 +0200 CEST for 10x100+1000 at alexa10

k2-ctw attack
pct,recall,precision,f1score,fpr,accuracy
100,0.701,0.830,0.760,0.144,0.791
	tp72,fpp1,fnp16,fn27,tn84
	tp73,fpp3,fnp13,fn24,tn87
	tp73,fpp3,fnp6,fn24,tn94
	tp75,fpp1,fnp12,fn24,tn88
	tp73,fpp2,fnp14,fn25,tn86
	tp69,fpp1,fnp14,fn30,tn86
	tp71,fpp6,fnp10,fn23,tn90
	tp68,fpp2,fnp9,fn30,tn91
	tp64,fpp2,fnp15,fn34,tn85
	tp63,fpp4,fnp10,fn33,tn90

k2-hp attack
pct,recall,precision,f1score,fpr,accuracy
100,0.701,0.830,0.760,0.144,0.791
	tp72,fpp1,fnp16,fn27,tn84
	tp73,fpp3,fnp13,fn24,tn87
	tp73,fpp3,fnp6,fn24,tn94
	tp75,fpp1,fnp12,fn24,tn88
	tp73,fpp2,fnp14,fn25,tn86
	tp69,fpp1,fnp14,fn30,tn86
	tp71,fpp6,fnp10,fn23,tn90
	tp68,fpp2,fnp9,fn30,tn91
	tp64,fpp2,fnp15,fn34,tn85
	tp63,fpp4,fnp10,fn33,tn90

k2-wf attack
pct,recall,precision,f1score,fpr,accuracy
100,0.701,0.830,0.760,0.144,0.791
	tp72,fpp1,fnp16,fn27,tn84
	tp73,fpp3,fnp13,fn24,tn87
	tp73,fpp3,fnp6,fn24,tn94
	tp75,fpp1,fnp12,fn24,tn88
	tp73,fpp2,fnp14,fn25,tn86
	tp69,fpp1,fnp14,fn30,tn86
	tp71,fpp6,fnp10,fn23,tn90
	tp68,fpp2,fnp9,fn30,tn91
	tp64,fpp2,fnp15,fn34,tn85
	tp63,fpp4,fnp10,fn33,tn90

k4-ctw attack
pct,recall,precision,f1score,fpr,accuracy
100,0.552,0.930,0.692,0.041,0.757
	tp53,fpp1,fnp6,fn46,tn94
	tp56,fpp1,fnp4,fn43,tn96
	tp61,fpp0,fnp2,fn39,tn98
	tp63,fpp0,fnp4,fn37,tn96
	tp60,fpp0,fnp4,fn40,tn96
	tp54,fpp1,fnp2,fn45,tn98
	tp55,fpp0,fnp3,fn45,tn97
	tp55,fpp0,fnp4,fn45,tn96
	tp46,fpp0,fnp6,fn54,tn94
	tp49,fpp0,fnp3,fn51,tn97

k4-hp attack
pct,recall,precision,f1score,fpr,accuracy
100,0.552,0.930,0.692,0.041,0.757
	tp53,fpp1,fnp6,fn46,tn94
	tp56,fpp1,fnp4,fn43,tn96
	tp61,fpp0,fnp2,fn39,tn98
	tp63,fpp0,fnp4,fn37,tn96
	tp60,fpp0,fnp4,fn40,tn96
	tp54,fpp1,fnp2,fn45,tn98
	tp55,fpp0,fnp3,fn45,tn97
	tp55,fpp0,fnp4,fn45,tn96
	tp46,fpp0,fnp6,fn54,tn94
	tp49,fpp0,fnp3,fn51,tn97

k4-wf attack
pct,recall,precision,f1score,fpr,accuracy
100,0.552,0.930,0.692,0.041,0.757
	tp53,fpp1,fnp6,fn46,tn94
	tp56,fpp1,fnp4,fn43,tn96
	tp61,fpp0,fnp2,fn39,tn98
	tp63,fpp0,fnp4,fn37,tn96
	tp60,fpp0,fnp4,fn40,tn96
	tp54,fpp1,fnp2,fn45,tn98
	tp55,fpp0,fnp3,fn45,tn97
	tp55,fpp0,fnp4,fn45,tn96
	tp46,fpp0,fnp6,fn54,tn94
	tp49,fpp0,fnp3,fn51,tn97

