wfdns run at 2016-07-19 17:00:08.876293893 +0200 CEST for 10x100+1000 at alexa100

k2-ctw attack
pct,recall,precision,f1score,fpr,accuracy
100,0.736,0.880,0.801,0.100,0.827
	tp74,fpp1,fnp12,fn25,tn88
	tp75,fpp1,fnp7,fn24,tn93
	tp79,fpp1,fnp4,fn20,tn96
	tp76,fpp1,fnp7,fn23,tn93
	tp74,fpp1,fnp8,fn25,tn92
	tp80,fpp3,fnp8,fn17,tn92
	tp70,fpp3,fnp11,fn27,tn89
	tp72,fpp1,fnp8,fn27,tn92
	tp71,fpp3,fnp10,fn26,tn90
	tp65,fpp2,fnp8,fn33,tn92

k2-hp attack
pct,recall,precision,f1score,fpr,accuracy
100,0.701,0.893,0.785,0.084,0.816
	tp71,fpp1,fnp9,fn28,tn91
	tp73,fpp1,fnp6,fn26,tn94
	tp75,fpp1,fnp4,fn24,tn96
	tp73,fpp0,fnp7,fn27,tn93
	tp72,fpp1,fnp8,fn27,tn92
	tp73,fpp3,fnp6,fn24,tn94
	tp65,fpp3,fnp8,fn32,tn92
	tp70,fpp1,fnp7,fn29,tn93
	tp66,fpp1,fnp10,fn33,tn90
	tp63,fpp2,fnp5,fn35,tn95

k2-wf attack
pct,recall,precision,f1score,fpr,accuracy
100,0.710,0.832,0.766,0.144,0.795
	tp71,fpp1,fnp15,fn28,tn85
	tp74,fpp3,fnp8,fn23,tn92
	tp76,fpp2,fnp7,fn22,tn93
	tp74,fpp0,fnp13,fn26,tn87
	tp72,fpp3,fnp14,fn25,tn86
	tp73,fpp3,fnp14,fn24,tn86
	tp67,fpp7,fnp10,fn26,tn90
	tp71,fpp2,fnp12,fn27,tn88
	tp68,fpp2,fnp16,fn30,tn84
	tp64,fpp2,fnp10,fn34,tn90

k4-ctw attack
pct,recall,precision,f1score,fpr,accuracy
100,0.593,0.939,0.726,0.039,0.779
	tp59,fpp1,fnp7,fn40,tn93
	tp59,fpp0,fnp4,fn41,tn96
	tp65,fpp1,fnp3,fn34,tn97
	tp66,fpp0,fnp3,fn34,tn97
	tp62,fpp0,fnp3,fn38,tn97
	tp58,fpp1,fnp2,fn41,tn98
	tp60,fpp0,fnp5,fn40,tn95
	tp61,fpp0,fnp3,fn39,tn97
	tp51,fpp1,fnp3,fn48,tn97
	tp52,fpp0,fnp2,fn48,tn98

k4-hp attack
pct,recall,precision,f1score,fpr,accuracy
100,0.555,0.946,0.698,0.032,0.763
	tp54,fpp1,fnp7,fn45,tn93
	tp57,fpp0,fnp3,fn43,tn97
	tp60,fpp1,fnp2,fn39,tn98
	tp62,fpp0,fnp3,fn38,tn97
	tp59,fpp0,fnp3,fn41,tn97
	tp54,fpp1,fnp1,fn45,tn99
	tp55,fpp0,fnp3,fn45,tn97
	tp58,fpp0,fnp3,fn42,tn97
	tp47,fpp0,fnp3,fn53,tn97
	tp49,fpp0,fnp1,fn51,tn99

k4-wf attack
pct,recall,precision,f1score,fpr,accuracy
100,0.561,0.926,0.698,0.045,0.760
	tp54,fpp1,fnp9,fn45,tn91
	tp57,fpp0,fnp4,fn43,tn96
	tp61,fpp1,fnp3,fn38,tn97
	tp63,fpp0,fnp3,fn37,tn97
	tp59,fpp0,fnp6,fn41,tn94
	tp54,fpp1,fnp2,fn45,tn98
	tp57,fpp0,fnp3,fn43,tn97
	tp59,fpp0,fnp4,fn41,tn96
	tp48,fpp0,fnp5,fn52,tn95
	tp49,fpp0,fnp3,fn51,tn97

