wfdns run at 2016-07-19 17:02:36.174580629 +0200 CEST for 10x100+1000 at alexa10000

k2-ctw attack
pct,recall,precision,f1score,fpr,accuracy
100,0.767,1.000,0.868,0.000,0.883
	tp77,fpp0,fnp0,fn23,tn100
	tp77,fpp0,fnp0,fn23,tn100
	tp80,fpp0,fnp0,fn20,tn100
	tp80,fpp0,fnp0,fn20,tn100
	tp80,fpp0,fnp0,fn20,tn100
	tp78,fpp0,fnp0,fn22,tn100
	tp75,fpp0,fnp0,fn25,tn100
	tp74,fpp0,fnp0,fn26,tn100
	tp75,fpp0,fnp0,fn25,tn100
	tp71,fpp0,fnp0,fn29,tn100

k2-hp attack
pct,recall,precision,f1score,fpr,accuracy
100,0.680,1.000,0.809,0.000,0.840
	tp68,fpp0,fnp0,fn32,tn100
	tp70,fpp0,fnp0,fn30,tn100
	tp72,fpp0,fnp0,fn28,tn100
	tp73,fpp0,fnp0,fn27,tn100
	tp72,fpp0,fnp0,fn28,tn100
	tp66,fpp0,fnp0,fn34,tn100
	tp67,fpp0,fnp0,fn33,tn100
	tp66,fpp0,fnp0,fn34,tn100
	tp65,fpp0,fnp0,fn35,tn100
	tp61,fpp0,fnp0,fn39,tn100

k2-wf attack
pct,recall,precision,f1score,fpr,accuracy
100,0.709,0.836,0.767,0.139,0.797
	tp73,fpp2,fnp11,fn25,tn89
	tp72,fpp3,fnp9,fn25,tn91
	tp76,fpp2,fnp7,fn22,tn93
	tp74,fpp0,fnp11,fn26,tn89
	tp73,fpp4,fnp14,fn23,tn86
	tp73,fpp3,fnp14,fn24,tn86
	tp69,fpp6,fnp11,fn25,tn89
	tp70,fpp1,fnp10,fn29,tn90
	tp66,fpp2,fnp14,fn32,tn86
	tp63,fpp2,fnp13,fn35,tn87

k4-ctw attack
pct,recall,precision,f1score,fpr,accuracy
100,0.648,1.000,0.786,0.000,0.824
	tp62,fpp0,fnp0,fn38,tn100
	tp67,fpp0,fnp0,fn33,tn100
	tp64,fpp0,fnp0,fn36,tn100
	tp69,fpp0,fnp0,fn31,tn100
	tp72,fpp0,fnp0,fn28,tn100
	tp64,fpp0,fnp0,fn36,tn100
	tp68,fpp0,fnp0,fn32,tn100
	tp65,fpp0,fnp0,fn35,tn100
	tp59,fpp0,fnp0,fn41,tn100
	tp58,fpp0,fnp0,fn42,tn100

k4-hp attack
pct,recall,precision,f1score,fpr,accuracy
100,0.542,1.000,0.702,0.000,0.771
	tp50,fpp0,fnp0,fn50,tn100
	tp57,fpp0,fnp0,fn43,tn100
	tp54,fpp0,fnp0,fn46,tn100
	tp61,fpp0,fnp0,fn39,tn100
	tp63,fpp0,fnp0,fn37,tn100
	tp51,fpp0,fnp0,fn49,tn100
	tp55,fpp0,fnp0,fn45,tn100
	tp55,fpp0,fnp0,fn45,tn100
	tp46,fpp0,fnp0,fn54,tn100
	tp50,fpp0,fnp0,fn50,tn100

k4-wf attack
pct,recall,precision,f1score,fpr,accuracy
100,0.565,0.923,0.700,0.047,0.763
	tp54,fpp1,fnp6,fn45,tn94
	tp59,fpp1,fnp3,fn40,tn97
	tp57,fpp1,fnp2,fn42,tn98
	tp62,fpp0,fnp2,fn38,tn98
	tp63,fpp2,fnp6,fn35,tn94
	tp58,fpp2,fnp2,fn40,tn98
	tp56,fpp0,fnp3,fn44,tn97
	tp58,fpp0,fnp4,fn42,tn96
	tp46,fpp0,fnp7,fn54,tn93
	tp52,fpp0,fnp5,fn48,tn95

