wfdns run at 2016-07-19 17:03:49.937311628 +0200 CEST for 10x100+1000 at alexa100000

k2-ctw attack
pct,recall,precision,f1score,fpr,accuracy
100,0.772,1.000,0.871,0.000,0.886
	tp84,fpp0,fnp0,fn16,tn100
	tp78,fpp0,fnp0,fn22,tn100
	tp77,fpp0,fnp0,fn23,tn100
	tp78,fpp0,fnp0,fn22,tn100
	tp78,fpp0,fnp0,fn22,tn100
	tp84,fpp0,fnp0,fn16,tn100
	tp76,fpp0,fnp0,fn24,tn100
	tp76,fpp0,fnp0,fn24,tn100
	tp73,fpp0,fnp0,fn27,tn100
	tp68,fpp0,fnp0,fn32,tn100

k2-hp attack
pct,recall,precision,f1score,fpr,accuracy
100,0.687,1.000,0.814,0.000,0.843
	tp71,fpp0,fnp0,fn29,tn100
	tp71,fpp0,fnp0,fn29,tn100
	tp71,fpp0,fnp0,fn29,tn100
	tp72,fpp0,fnp0,fn28,tn100
	tp70,fpp0,fnp0,fn30,tn100
	tp72,fpp0,fnp0,fn28,tn100
	tp70,fpp0,fnp0,fn30,tn100
	tp68,fpp0,fnp0,fn32,tn100
	tp60,fpp0,fnp0,fn40,tn100
	tp62,fpp0,fnp0,fn38,tn100

k2-wf attack
pct,recall,precision,f1score,fpr,accuracy
100,0.712,0.829,0.766,0.147,0.794
	tp71,fpp1,fnp16,fn28,tn84
	tp74,fpp2,fnp11,fn24,tn89
	tp75,fpp2,fnp8,fn23,tn92
	tp76,fpp1,fnp12,fn23,tn88
	tp72,fpp2,fnp14,fn26,tn86
	tp73,fpp1,fnp14,fn26,tn86
	tp70,fpp6,fnp11,fn24,tn89
	tp71,fpp3,fnp12,fn26,tn88
	tp65,fpp2,fnp16,fn33,tn84
	tp65,fpp2,fnp11,fn33,tn89

k4-ctw attack
pct,recall,precision,f1score,fpr,accuracy
100,0.642,1.000,0.781,0.000,0.821
	tp67,fpp0,fnp0,fn33,tn100
	tp66,fpp0,fnp0,fn34,tn100
	tp63,fpp0,fnp0,fn37,tn100
	tp68,fpp0,fnp0,fn32,tn100
	tp66,fpp0,fnp0,fn34,tn100
	tp70,fpp0,fnp0,fn30,tn100
	tp65,fpp0,fnp0,fn35,tn100
	tp65,fpp0,fnp0,fn35,tn100
	tp56,fpp0,fnp0,fn44,tn100
	tp56,fpp0,fnp0,fn44,tn100

k4-hp attack
pct,recall,precision,f1score,fpr,accuracy
100,0.538,1.000,0.698,0.000,0.769
	tp53,fpp0,fnp0,fn47,tn100
	tp54,fpp0,fnp0,fn46,tn100
	tp57,fpp0,fnp0,fn43,tn100
	tp59,fpp0,fnp0,fn41,tn100
	tp56,fpp0,fnp0,fn44,tn100
	tp55,fpp0,fnp0,fn45,tn100
	tp58,fpp0,fnp0,fn42,tn100
	tp56,fpp0,fnp0,fn44,tn100
	tp45,fpp0,fnp0,fn55,tn100
	tp45,fpp0,fnp0,fn55,tn100

k4-wf attack
pct,recall,precision,f1score,fpr,accuracy
100,0.557,0.916,0.692,0.051,0.757
	tp53,fpp1,fnp7,fn46,tn93
	tp57,fpp1,fnp4,fn42,tn96
	tp61,fpp1,fnp3,fn38,tn97
	tp62,fpp0,fnp5,fn38,tn95
	tp58,fpp2,fnp5,fn40,tn95
	tp56,fpp1,fnp4,fn43,tn96
	tp58,fpp0,fnp3,fn42,tn97
	tp58,fpp1,fnp5,fn41,tn95
	tp46,fpp0,fnp5,fn54,tn95
	tp48,fpp0,fnp3,fn52,tn97

