wfdns run at 2016-07-19 16:57:41.149443278 +0200 CEST for 10x100+1000 at alexa1

k2-ctw attack
pct,recall,precision,f1score,fpr,accuracy
100,0.717,0.828,0.768,0.150,0.796
	tp72,fpp2,fnp14,fn26,tn86
	tp74,fpp3,fnp9,fn23,tn91
	tp77,fpp2,fnp8,fn21,tn92
	tp77,fpp1,fnp13,fn22,tn87
	tp73,fpp3,fnp17,fn24,tn83
	tp72,fpp2,fnp17,fn26,tn83
	tp70,fpp6,fnp12,fn24,tn88
	tp71,fpp1,fnp9,fn28,tn91
	tp67,fpp2,fnp16,fn31,tn84
	tp64,fpp3,fnp10,fn33,tn90

k2-hp attack
pct,recall,precision,f1score,fpr,accuracy
100,0.717,0.828,0.768,0.150,0.796
	tp72,fpp2,fnp14,fn26,tn86
	tp74,fpp3,fnp9,fn23,tn91
	tp77,fpp2,fnp8,fn21,tn92
	tp77,fpp1,fnp13,fn22,tn87
	tp73,fpp3,fnp17,fn24,tn83
	tp72,fpp2,fnp17,fn26,tn83
	tp70,fpp6,fnp12,fn24,tn88
	tp71,fpp1,fnp9,fn28,tn91
	tp67,fpp2,fnp16,fn31,tn84
	tp64,fpp3,fnp10,fn33,tn90

k2-wf attack
pct,recall,precision,f1score,fpr,accuracy
100,0.717,0.828,0.768,0.150,0.796
	tp72,fpp2,fnp14,fn26,tn86
	tp74,fpp3,fnp9,fn23,tn91
	tp77,fpp2,fnp8,fn21,tn92
	tp77,fpp1,fnp13,fn22,tn87
	tp73,fpp3,fnp17,fn24,tn83
	tp72,fpp2,fnp17,fn26,tn83
	tp70,fpp6,fnp12,fn24,tn88
	tp71,fpp1,fnp9,fn28,tn91
	tp67,fpp2,fnp16,fn31,tn84
	tp64,fpp3,fnp10,fn33,tn90

k4-ctw attack
pct,recall,precision,f1score,fpr,accuracy
100,0.559,0.923,0.694,0.047,0.758
	tp53,fpp1,fnp6,fn46,tn94
	tp52,fpp0,fnp5,fn48,tn95
	tp61,fpp1,fnp4,fn38,tn96
	tp66,fpp0,fnp4,fn34,tn96
	tp62,fpp1,fnp7,fn37,tn93
	tp56,fpp1,fnp2,fn43,tn98
	tp54,fpp0,fnp2,fn46,tn98
	tp60,fpp0,fnp4,fn40,tn96
	tp46,fpp0,fnp6,fn54,tn94
	tp49,fpp0,fnp3,fn51,tn97

k4-hp attack
pct,recall,precision,f1score,fpr,accuracy
100,0.559,0.923,0.694,0.047,0.758
	tp53,fpp1,fnp6,fn46,tn94
	tp52,fpp0,fnp5,fn48,tn95
	tp61,fpp1,fnp4,fn38,tn96
	tp66,fpp0,fnp4,fn34,tn96
	tp62,fpp1,fnp7,fn37,tn93
	tp56,fpp1,fnp2,fn43,tn98
	tp54,fpp0,fnp2,fn46,tn98
	tp60,fpp0,fnp4,fn40,tn96
	tp46,fpp0,fnp6,fn54,tn94
	tp49,fpp0,fnp3,fn51,tn97

k4-wf attack
pct,recall,precision,f1score,fpr,accuracy
100,0.559,0.923,0.694,0.047,0.758
	tp53,fpp1,fnp6,fn46,tn94
	tp52,fpp0,fnp5,fn48,tn95
	tp61,fpp1,fnp4,fn38,tn96
	tp66,fpp0,fnp4,fn34,tn96
	tp62,fpp1,fnp7,fn37,tn93
	tp56,fpp1,fnp2,fn43,tn98
	tp54,fpp0,fnp2,fn46,tn98
	tp60,fpp0,fnp4,fn40,tn96
	tp46,fpp0,fnp6,fn54,tn94
	tp49,fpp0,fnp3,fn51,tn97

