2016-07-28 04:47:21.607904186 +0200 CEST: wfdns for 1000x100+100000 with a100000 w60 r2500 s1.00

k2-ctw attack
pct,recall,precision,f1score,fpr,accuracy
33,0.202,0.983,0.335,0.004,0.600
	tp2036,fpp4,fnp2,fn7960,tn9998
	tp2000,fpp12,fnp3,fn7988,tn9997
	tp2022,fpp5,fnp4,fn7973,tn9996
	tp2012,fpp3,fnp5,fn7985,tn9995
	tp1998,fpp8,fnp13,fn7994,tn9987
	tp1959,fpp84,fnp82,fn7957,tn9918
	tp2056,fpp5,fnp2,fn7939,tn9998
	tp2013,fpp49,fnp61,fn7938,tn9939
	tp2082,fpp9,fnp6,fn7909,tn9994
	tp2009,fpp8,fnp1,fn7983,tn9999

k2-hp attack
pct,recall,precision,f1score,fpr,accuracy
33,0.175,0.998,0.298,0.000,0.588
	tp1761,fpp0,fnp1,fn8239,tn9999
	tp1728,fpp0,fnp2,fn8272,tn9998
	tp1754,fpp1,fnp3,fn8245,tn9997
	tp1739,fpp0,fnp4,fn8261,tn9996
	tp1755,fpp0,fnp9,fn8245,tn9991
	tp1730,fpp2,fnp2,fn8268,tn9998
	tp1783,fpp1,fnp2,fn8216,tn9998
	tp1753,fpp1,fnp1,fn8246,tn9999
	tp1793,fpp1,fnp5,fn8206,tn9995
	tp1735,fpp0,fnp0,fn8265,tn10000

k2-wf attack
pct,recall,precision,f1score,fpr,accuracy
33,0.547,0.859,0.669,0.090,0.742
	tp5482,fpp263,fnp610,fn4255,tn9390
	tp5456,fpp237,fnp619,fn4307,tn9381
	tp5548,fpp252,fnp625,fn4200,tn9375
	tp5428,fpp324,fnp709,fn4248,tn9291
	tp5412,fpp272,fnp660,fn4316,tn9340
	tp5433,fpp271,fnp723,fn4296,tn9277
	tp5575,fpp256,fnp603,fn4169,tn9397
	tp5469,fpp234,fnp581,fn4297,tn9419
	tp5417,fpp255,fnp619,fn4328,tn9381
	tp5499,fpp255,fnp589,fn4246,tn9411

