2016-07-30 00:15:39.655027414 +0200 CEST: wfdns for 1000x100+100000 with a100000 w720 r2500 s1.00

k2-ctw attack
pct,recall,precision,f1score,fpr,accuracy
33,0.213,0.889,0.344,0.027,0.603
	tp2162,fpp215,fnp94,fn7623,tn9906
	tp2115,fpp150,fnp43,fn7735,tn9957
	tp2188,fpp248,fnp111,fn7564,tn9889
	tp2078,fpp163,fnp41,fn7759,tn9959
	tp2117,fpp277,fnp39,fn7606,tn9961
	tp2162,fpp191,fnp64,fn7647,tn9936
	tp2277,fpp116,fnp58,fn7607,tn9942
	tp2110,fpp217,fnp43,fn7673,tn9957
	tp2100,fpp251,fnp108,fn7649,tn9892
	tp2027,fpp222,fnp36,fn7751,tn9964

k2-hp attack
pct,recall,precision,f1score,fpr,accuracy
33,0.189,0.982,0.317,0.003,0.593
	tp1918,fpp14,fnp18,fn8068,tn9982
	tp1870,fpp6,fnp22,fn8124,tn9978
	tp1955,fpp11,fnp17,fn8034,tn9983
	tp1832,fpp13,fnp23,fn8155,tn9977
	tp1893,fpp10,fnp22,fn8097,tn9978
	tp1921,fpp12,fnp37,fn8067,tn9963
	tp2005,fpp11,fnp38,fn7984,tn9962
	tp1855,fpp6,fnp18,fn8139,tn9982
	tp1839,fpp6,fnp28,fn8155,tn9972
	tp1795,fpp8,fnp22,fn8197,tn9978

k2-wf attack
pct,recall,precision,f1score,fpr,accuracy
33,0.546,0.860,0.667,0.089,0.741
	tp5449,fpp257,fnp619,fn4294,tn9381
	tp5408,fpp244,fnp589,fn4348,tn9411
	tp5505,fpp260,fnp644,fn4235,tn9356
	tp5403,fpp330,fnp709,fn4267,tn9291
	tp5449,fpp259,fnp673,fn4292,tn9327
	tp5372,fpp261,fnp701,fn4367,tn9299
	tp5558,fpp247,fnp588,fn4195,tn9412
	tp5506,fpp230,fnp577,fn4264,tn9423
	tp5455,fpp254,fnp596,fn4291,tn9404
	tp5449,fpp255,fnp624,fn4296,tn9376

