2016-07-29 13:11:18.126519433 +0200 CEST: wfdns for 1000x100+100000 with a100000 w540 r2500 s1.00

k2-ctw attack
pct,recall,precision,f1score,fpr,accuracy
33,0.206,0.911,0.337,0.020,0.601
	tp2127,fpp98,fnp85,fn7775,tn9915
	tp2064,fpp130,fnp13,fn7806,tn9987
	tp2028,fpp193,fnp21,fn7779,tn9979
	tp2065,fpp198,fnp98,fn7737,tn9902
	tp2026,fpp165,fnp27,fn7809,tn9973
	tp2068,fpp158,fnp43,fn7774,tn9957
	tp2076,fpp198,fnp22,fn7726,tn9978
	tp2113,fpp144,fnp28,fn7743,tn9972
	tp2062,fpp222,fnp13,fn7716,tn9987
	tp2020,fpp139,fnp21,fn7841,tn9979

k2-hp attack
pct,recall,precision,f1score,fpr,accuracy
33,0.182,0.990,0.308,0.002,0.590
	tp1856,fpp4,fnp17,fn8140,tn9983
	tp1808,fpp5,fnp6,fn8187,tn9994
	tp1819,fpp6,fnp7,fn8175,tn9993
	tp1824,fpp3,fnp22,fn8173,tn9978
	tp1766,fpp3,fnp15,fn8231,tn9985
	tp1811,fpp6,fnp24,fn8183,tn9976
	tp1855,fpp7,fnp11,fn8138,tn9989
	tp1865,fpp7,fnp17,fn8128,tn9983
	tp1841,fpp8,fnp8,fn8151,tn9992
	tp1789,fpp1,fnp11,fn8210,tn9989

k2-wf attack
pct,recall,precision,f1score,fpr,accuracy
33,0.546,0.860,0.668,0.089,0.742
	tp5513,fpp273,fnp606,fn4214,tn9394
	tp5430,fpp235,fnp607,fn4335,tn9393
	tp5502,fpp260,fnp623,fn4238,tn9377
	tp5421,fpp325,fnp678,fn4254,tn9322
	tp5408,fpp246,fnp647,fn4346,tn9353
	tp5436,fpp263,fnp713,fn4301,tn9287
	tp5457,fpp281,fnp611,fn4262,tn9389
	tp5488,fpp227,fnp580,fn4285,tn9420
	tp5441,fpp258,fnp602,fn4301,tn9398
	tp5491,fpp232,fnp587,fn4277,tn9413

