2016-07-30 17:25:24.183154397 +0200 CEST: wfdns for 1000x100+100000 with a10000 w1080 r2500 s1.00

k2-ctw attack
pct,recall,precision,f1score,fpr,accuracy
33,0.375,0.810,0.512,0.088,0.666
	tp3617,fpp424,fnp388,fn5959,tn9612
	tp3737,fpp401,fnp402,fn5862,tn9598
	tp3785,fpp433,fnp379,fn5782,tn9621
	tp3796,fpp488,fnp492,fn5716,tn9508
	tp3628,fpp528,fnp508,fn5844,tn9492
	tp3772,fpp412,fnp434,fn5816,tn9566
	tp3918,fpp487,fnp476,fn5595,tn9524
	tp3653,fpp432,fnp462,fn5915,tn9538
	tp3815,fpp375,fnp402,fn5810,tn9598
	tp3743,fpp507,fnp390,fn5750,tn9610

k2-hp attack
pct,recall,precision,f1score,fpr,accuracy
33,0.361,0.887,0.513,0.046,0.664
	tp3470,fpp107,fnp299,fn6423,tn9701
	tp3632,fpp122,fnp328,fn6246,tn9672
	tp3633,fpp110,fnp300,fn6257,tn9700
	tp3682,fpp203,fnp405,fn6115,tn9595
	tp3506,fpp154,fnp350,fn6340,tn9650
	tp3632,fpp130,fnp345,fn6238,tn9655
	tp3780,fpp158,fnp360,fn6062,tn9640
	tp3513,fpp106,fnp301,fn6381,tn9699
	tp3701,fpp142,fnp323,fn6157,tn9677
	tp3595,fpp139,fnp252,fn6266,tn9748

k2-wf attack
pct,recall,precision,f1score,fpr,accuracy
33,0.546,0.859,0.667,0.090,0.741
	tp5466,fpp266,fnp614,fn4268,tn9386
	tp5469,fpp232,fnp632,fn4299,tn9368
	tp5459,fpp256,fnp629,fn4285,tn9371
	tp5467,fpp323,fnp707,fn4210,tn9293
	tp5433,fpp267,fnp646,fn4300,tn9354
	tp5388,fpp264,fnp681,fn4348,tn9319
	tp5517,fpp276,fnp632,fn4207,tn9368
	tp5430,fpp230,fnp599,fn4340,tn9401
	tp5444,fpp256,fnp624,fn4300,tn9376
	tp5483,fpp249,fnp586,fn4268,tn9414

