2016-07-31 21:33:20.700452273 +0200 CEST: wfdns for 1000x100+100000 with a100000 w1440 r2500 s1.00

k2-ctw attack
pct,recall,precision,f1score,fpr,accuracy
33,0.222,0.853,0.352,0.038,0.606
	tp2161,fpp264,fnp69,fn7575,tn9931
	tp2232,fpp321,fnp63,fn7447,tn9937
	tp2260,fpp265,fnp81,fn7475,tn9919
	tp2211,fpp413,fnp147,fn7376,tn9853
	tp2234,fpp310,fnp126,fn7456,tn9874
	tp2238,fpp313,fnp113,fn7449,tn9887
	tp2226,fpp265,fnp125,fn7509,tn9875
	tp2207,fpp246,fnp68,fn7547,tn9932
	tp2157,fpp294,fnp58,fn7549,tn9942
	tp2228,fpp228,fnp66,fn7544,tn9934

k2-hp attack
pct,recall,precision,f1score,fpr,accuracy
33,0.199,0.971,0.331,0.006,0.598
	tp1953,fpp16,fnp45,fn8031,tn9955
	tp2014,fpp20,fnp31,fn7966,tn9969
	tp2027,fpp19,fnp49,fn7954,tn9951
	tp1990,fpp26,fnp47,fn7984,tn9953
	tp2038,fpp10,fnp37,fn7952,tn9963
	tp2023,fpp30,fnp73,fn7947,tn9927
	tp1979,fpp14,fnp38,fn8007,tn9962
	tp1966,fpp12,fnp40,fn8022,tn9960
	tp1931,fpp11,fnp27,fn8058,tn9973
	tp2009,fpp17,fnp38,fn7974,tn9962

k2-wf attack
pct,recall,precision,f1score,fpr,accuracy
33,0.548,0.860,0.669,0.089,0.742
	tp5498,fpp263,fnp607,fn4239,tn9393
	tp5488,fpp246,fnp602,fn4266,tn9398
	tp5484,fpp242,fnp591,fn4274,tn9409
	tp5437,fpp328,fnp738,fn4235,tn9262
	tp5446,fpp249,fnp645,fn4305,tn9355
	tp5412,fpp273,fnp727,fn4315,tn9273
	tp5519,fpp267,fnp594,fn4214,tn9406
	tp5509,fpp228,fnp608,fn4263,tn9392
	tp5462,fpp264,fnp620,fn4274,tn9380
	tp5500,fpp241,fnp588,fn4259,tn9412

