2016-07-28 10:11:15.75622865 +0200 CEST: wfdns for 1000x100+100000 with a10000 w180 r2500 s1.00

k2-ctw attack
pct,recall,precision,f1score,fpr,accuracy
33,0.236,0.838,0.369,0.046,0.612
	tp2460,fpp303,fnp110,fn7237,tn9890
	tp2389,fpp315,fnp122,fn7296,tn9878
	tp2353,fpp297,fnp114,fn7350,tn9886
	tp2310,fpp361,fnp90,fn7329,tn9910
	tp2295,fpp327,fnp125,fn7378,tn9875
	tp2360,fpp327,fnp120,fn7313,tn9880
	tp2382,fpp376,fnp110,fn7242,tn9890
	tp2363,fpp388,fnp170,fn7249,tn9830
	tp2390,fpp313,fnp144,fn7297,tn9856
	tp2333,fpp351,fnp105,fn7316,tn9895

k2-hp attack
pct,recall,precision,f1score,fpr,accuracy
33,0.215,0.957,0.351,0.010,0.604
	tp2237,fpp33,fnp67,fn7730,tn9933
	tp2189,fpp26,fnp63,fn7785,tn9937
	tp2123,fpp23,fnp66,fn7854,tn9934
	tp2080,fpp20,fnp52,fn7900,tn9948
	tp2080,fpp34,fnp81,fn7886,tn9919
	tp2113,fpp24,fnp71,fn7863,tn9929
	tp2141,fpp22,fnp70,fn7837,tn9930
	tp2166,fpp22,fnp70,fn7812,tn9930
	tp2202,fpp35,fnp92,fn7763,tn9908
	tp2156,fpp31,fnp57,fn7813,tn9943

k2-wf attack
pct,recall,precision,f1score,fpr,accuracy
33,0.547,0.860,0.668,0.089,0.742
	tp5505,fpp260,fnp617,fn4235,tn9383
	tp5485,fpp233,fnp611,fn4282,tn9389
	tp5523,fpp256,fnp616,fn4221,tn9384
	tp5369,fpp312,fnp707,fn4319,tn9293
	tp5404,fpp263,fnp659,fn4333,tn9341
	tp5416,fpp257,fnp699,fn4327,tn9301
	tp5544,fpp269,fnp616,fn4187,tn9384
	tp5523,fpp214,fnp599,fn4263,tn9401
	tp5476,fpp254,fnp646,fn4270,tn9354
	tp5431,fpp242,fnp574,fn4327,tn9426

