2016-07-26 18:50:12.466868203 +0200 CEST: wfdns for 100x100+10000 with a100000 w360 r2500 s1.00

k2-ctw attack
pct,recall,precision,f1score,fpr,accuracy
33,0.259,0.947,0.406,0.015,0.628
	tp279,fpp0,fnp1,fn721,tn999
	tp242,fpp33,fnp3,fn725,tn997
	tp260,fpp8,fnp14,fn732,tn986
	tp235,fpp0,fnp0,fn765,tn1000
	tp240,fpp34,fnp1,fn726,tn999
	tp243,fpp1,fnp0,fn756,tn1000
	tp245,fpp35,fnp3,fn720,tn997
	tp282,fpp8,fnp0,fn710,tn1000
	tp290,fpp2,fnp2,fn708,tn998
	tp270,fpp3,fnp1,fn727,tn999

k2-hp attack
pct,recall,precision,f1score,fpr,accuracy
33,0.219,0.992,0.359,0.002,0.609
	tp234,fpp0,fnp1,fn766,tn999
	tp214,fpp1,fnp2,fn785,tn998
	tp217,fpp1,fnp2,fn782,tn998
	tp196,fpp0,fnp0,fn804,tn1000
	tp208,fpp1,fnp0,fn791,tn1000
	tp208,fpp0,fnp0,fn792,tn1000
	tp210,fpp3,fnp2,fn787,tn998
	tp243,fpp1,fnp0,fn756,tn1000
	tp244,fpp0,fnp2,fn756,tn998
	tp218,fpp1,fnp0,fn781,tn1000

k2-wf attack
pct,recall,precision,f1score,fpr,accuracy
33,0.644,0.826,0.724,0.136,0.773
	tp632,fpp37,fnp97,fn331,tn903
	tp649,fpp33,fnp101,fn318,tn899
	tp640,fpp36,fnp79,fn324,tn921
	tp647,fpp50,fnp113,fn303,tn887
	tp659,fpp33,fnp103,fn308,tn897
	tp642,fpp37,fnp75,fn321,tn925
	tp634,fpp49,fnp108,fn317,tn892
	tp665,fpp25,fnp97,fn310,tn903
	tp646,fpp42,fnp105,fn312,tn895
	tp626,fpp44,fnp98,fn330,tn902

