2016-07-26 20:45:13.942251651 +0200 CEST: wfdns for 100x100+10000 with a100000 w1800 r2500 s1.00

k2-ctw attack
pct,recall,precision,f1score,fpr,accuracy
33,0.269,0.828,0.405,0.056,0.628
	tp300,fpp54,fnp14,fn646,tn986
	tp308,fpp45,fnp26,fn647,tn974
	tp269,fpp26,fnp14,fn705,tn986
	tp214,fpp30,fnp5,fn756,tn995
	tp291,fpp44,fnp14,fn665,tn986
	tp241,fpp29,fnp11,fn730,tn989
	tp251,fpp48,fnp26,fn701,tn974
	tp291,fpp42,fnp11,fn667,tn989
	tp253,fpp52,fnp7,fn695,tn993
	tp269,fpp60,fnp5,fn671,tn995

k2-hp attack
pct,recall,precision,f1score,fpr,accuracy
33,0.236,0.968,0.379,0.008,0.616
	tp266,fpp6,fnp7,fn728,tn993
	tp272,fpp2,fnp13,fn726,tn987
	tp235,fpp2,fnp2,fn763,tn998
	tp193,fpp0,fnp2,fn807,tn998
	tp265,fpp1,fnp5,fn734,tn995
	tp205,fpp0,fnp2,fn795,tn998
	tp218,fpp9,fnp6,fn773,tn994
	tp256,fpp3,fnp7,fn741,tn993
	tp218,fpp1,fnp4,fn781,tn996
	tp231,fpp7,fnp1,fn762,tn999

k2-wf attack
pct,recall,precision,f1score,fpr,accuracy
33,0.644,0.829,0.725,0.134,0.775
	tp641,fpp40,fnp87,fn319,tn913
	tp658,fpp41,fnp95,fn301,tn905
	tp632,fpp39,fnp76,fn329,tn924
	tp645,fpp48,fnp116,fn307,tn884
	tp665,fpp36,fnp103,fn299,tn897
	tp639,fpp32,fnp76,fn329,tn924
	tp631,fpp53,fnp92,fn316,tn908
	tp661,fpp25,fnp99,fn314,tn901
	tp640,fpp46,fnp101,fn314,tn899
	tp630,fpp39,fnp91,fn331,tn909

