2016-07-26 19:11:36.655057361 +0200 CEST: wfdns for 100x100+10000 with a10000 w720 r2500 s1.00

k2-ctw attack
pct,recall,precision,f1score,fpr,accuracy
33,0.400,0.778,0.528,0.116,0.676
	tp446,fpp69,fnp48,fn485,tn952
	tp414,fpp60,fnp39,fn526,tn961
	tp390,fpp69,fnp35,fn541,tn965
	tp408,fpp57,fnp72,fn535,tn928
	tp396,fpp47,fnp35,fn557,tn965
	tp378,fpp50,fnp30,fn572,tn970
	tp408,fpp80,fnp78,fn512,tn922
	tp373,fpp82,fnp34,fn545,tn966
	tp352,fpp69,fnp39,fn579,tn961
	tp438,fpp90,fnp75,fn472,tn925

k2-hp attack
pct,recall,precision,f1score,fpr,accuracy
33,0.376,0.880,0.525,0.053,0.669
	tp409,fpp13,fnp40,fn578,tn960
	tp397,fpp21,fnp25,fn582,tn975
	tp359,fpp13,fnp25,fn628,tn975
	tp386,fpp13,fnp66,fn601,tn934
	tp380,fpp13,fnp27,fn607,tn973
	tp351,fpp5,fnp21,fn644,tn979
	tp387,fpp26,fnp70,fn587,tn930
	tp346,fpp9,fnp23,fn645,tn977
	tp336,fpp22,fnp23,fn642,tn977
	tp405,fpp20,fnp53,fn575,tn947

k2-wf attack
pct,recall,precision,f1score,fpr,accuracy
33,0.642,0.826,0.722,0.136,0.773
	tp629,fpp44,fnp99,fn327,tn901
	tp654,fpp41,fnp100,fn305,tn900
	tp630,fpp40,fnp74,fn330,tn926
	tp646,fpp46,fnp113,fn308,tn887
	tp655,fpp43,fnp107,fn302,tn893
	tp633,fpp30,fnp75,fn337,tn925
	tp634,fpp43,fnp102,fn323,tn898
	tp658,fpp23,fnp94,fn319,tn906
	tp643,fpp46,fnp105,fn311,tn895
	tp636,fpp40,fnp92,fn324,tn908

