2016-07-26 19:47:13.361553537 +0200 CEST: wfdns for 100x100+10000 with a100000 w1080 r2500 s1.00

k2-ctw attack
pct,recall,precision,f1score,fpr,accuracy
33,0.255,0.883,0.395,0.035,0.622
	tp223,fpp36,fnp2,fn741,tn998
	tp243,fpp10,fnp7,fn747,tn993
	tp275,fpp36,fnp34,fn689,tn966
	tp269,fpp41,fnp16,fn690,tn984
	tp256,fpp11,fnp13,fn733,tn987
	tp294,fpp10,fnp7,fn696,tn993
	tp231,fpp42,fnp2,fn727,tn998
	tp246,fpp22,fnp6,fn732,tn994
	tp267,fpp9,fnp7,fn724,tn993
	tp241,fpp30,fnp5,fn729,tn995

k2-hp attack
pct,recall,precision,f1score,fpr,accuracy
33,0.219,0.973,0.357,0.007,0.608
	tp190,fpp0,fnp1,fn810,tn999
	tp208,fpp0,fnp2,fn792,tn998
	tp243,fpp3,fnp10,fn754,tn990
	tp230,fpp15,fnp11,fn755,tn989
	tp216,fpp0,fnp2,fn784,tn998
	tp253,fpp0,fnp3,fn747,tn997
	tp207,fpp1,fnp0,fn792,tn1000
	tp210,fpp4,fnp1,fn786,tn999
	tp222,fpp2,fnp4,fn776,tn996
	tp211,fpp4,fnp3,fn785,tn997

k2-wf attack
pct,recall,precision,f1score,fpr,accuracy
33,0.643,0.829,0.724,0.133,0.775
	tp632,fpp43,fnp98,fn325,tn902
	tp658,fpp33,fnp93,fn309,tn907
	tp635,fpp33,fnp78,fn332,tn922
	tp648,fpp46,fnp114,fn306,tn886
	tp657,fpp45,fnp89,fn298,tn911
	tp635,fpp34,fnp78,fn331,tn922
	tp630,fpp50,fnp102,fn320,tn898
	tp660,fpp31,fnp84,fn309,tn916
	tp643,fpp44,fnp97,fn313,tn903
	tp633,fpp39,fnp94,fn328,tn906

