2016-07-26 20:16:06.70233433 +0200 CEST: wfdns for 100x100+10000 with a100000 w1440 r2500 s1.00

k2-ctw attack
pct,recall,precision,f1score,fpr,accuracy
33,0.279,0.843,0.419,0.053,0.631
	tp288,fpp28,fnp22,fn684,tn978
	tp269,fpp44,fnp13,fn687,tn987
	tp283,fpp8,fnp16,fn709,tn984
	tp274,fpp39,fnp10,fn687,tn990
	tp293,fpp17,fnp20,fn690,tn980
	tp309,fpp51,fnp11,fn640,tn989
	tp275,fpp12,fnp15,fn713,tn985
	tp264,fpp42,fnp46,fn694,tn954
	tp277,fpp44,fnp14,fn679,tn986
	tp259,fpp67,fnp10,fn674,tn990

k2-hp attack
pct,recall,precision,f1score,fpr,accuracy
33,0.244,0.956,0.389,0.011,0.617
	tp255,fpp2,fnp6,fn743,tn994
	tp234,fpp3,fnp8,fn763,tn992
	tp251,fpp0,fnp13,fn749,tn987
	tp238,fpp2,fnp5,fn760,tn995
	tp251,fpp1,fnp9,fn748,tn991
	tp277,fpp2,fnp5,fn721,tn995
	tp234,fpp0,fnp4,fn766,tn996
	tp231,fpp5,fnp38,fn764,tn962
	tp241,fpp2,fnp4,fn757,tn996
	tp231,fpp3,fnp2,fn766,tn998

k2-wf attack
pct,recall,precision,f1score,fpr,accuracy
33,0.643,0.829,0.724,0.133,0.774
	tp637,fpp40,fnp86,fn323,tn914
	tp649,fpp35,fnp92,fn316,tn908
	tp637,fpp37,fnp75,fn326,tn925
	tp645,fpp50,fnp117,fn305,tn883
	tp654,fpp41,fnp100,fn305,tn900
	tp636,fpp32,fnp81,fn332,tn919
	tp633,fpp44,fnp93,fn323,tn907
	tp660,fpp25,fnp95,fn315,tn905
	tp647,fpp43,fnp109,fn310,tn891
	tp631,fpp41,fnp93,fn328,tn907

