2016-07-26 20:01:37.830651242 +0200 CEST: wfdns for 100x100+10000 with a100000 w1260 r2500 s1.00

k2-ctw attack
pct,recall,precision,f1score,fpr,accuracy
33,0.260,0.868,0.399,0.041,0.626
	tp243,fpp29,fnp10,fn728,tn990
	tp245,fpp38,fnp9,fn717,tn991
	tp255,fpp7,fnp0,fn738,tn1000
	tp248,fpp48,fnp5,fn704,tn995
	tp273,fpp37,fnp12,fn690,tn988
	tp266,fpp54,fnp18,fn680,tn982
	tp256,fpp49,fnp16,fn695,tn984
	tp277,fpp29,fnp8,fn694,tn992
	tp279,fpp32,fnp4,fn689,tn996
	tp255,fpp4,fnp2,fn741,tn998

k2-hp attack
pct,recall,precision,f1score,fpr,accuracy
33,0.227,0.976,0.368,0.006,0.612
	tp207,fpp3,fnp5,fn790,tn995
	tp217,fpp3,fnp5,fn780,tn995
	tp225,fpp0,fnp0,fn775,tn1000
	tp220,fpp3,fnp1,fn777,tn999
	tp239,fpp2,fnp5,fn759,tn995
	tp226,fpp1,fnp5,fn773,tn995
	tp230,fpp3,fnp5,fn767,tn995
	tp251,fpp2,fnp7,fn747,tn993
	tp240,fpp3,fnp1,fn757,tn999
	tp214,fpp1,fnp2,fn785,tn998

k2-wf attack
pct,recall,precision,f1score,fpr,accuracy
33,0.643,0.831,0.725,0.132,0.775
	tp628,fpp30,fnp84,fn342,tn916
	tp646,fpp44,fnp93,fn310,tn907
	tp634,fpp35,fnp81,fn331,tn919
	tp644,fpp45,fnp101,fn311,tn899
	tp656,fpp38,fnp100,fn306,tn900
	tp636,fpp31,fnp84,fn333,tn916
	tp637,fpp42,fnp95,fn321,tn905
	tp655,fpp23,fnp86,fn322,tn914
	tp655,fpp48,fnp116,fn297,tn884
	tp641,fpp44,fnp96,fn315,tn904

