2016-07-26 20:30:38.505408216 +0200 CEST: wfdns for 100x100+10000 with a100000 w1620 r2500 s1.00

k2-ctw attack
pct,recall,precision,f1score,fpr,accuracy
33,0.281,0.825,0.419,0.063,0.632
	tp264,fpp33,fnp1,fn703,tn999
	tp301,fpp25,fnp9,fn674,tn991
	tp259,fpp53,fnp27,fn688,tn973
	tp330,fpp54,fnp17,fn616,tn983
	tp284,fpp86,fnp53,fn630,tn947
	tp284,fpp57,fnp21,fn659,tn979
	tp270,fpp38,fnp8,fn692,tn992
	tp252,fpp49,fnp4,fn699,tn996
	tp278,fpp6,fnp9,fn716,tn991
	tp292,fpp49,fnp27,fn659,tn973

k2-hp attack
pct,recall,precision,f1score,fpr,accuracy
33,0.245,0.951,0.389,0.013,0.618
	tp229,fpp3,fnp1,fn768,tn999
	tp256,fpp1,fnp3,fn743,tn997
	tp235,fpp4,fnp7,fn761,tn993
	tp288,fpp4,fnp11,fn708,tn989
	tp248,fpp9,fnp42,fn743,tn958
	tp248,fpp6,fnp5,fn746,tn995
	tp227,fpp1,fnp4,fn772,tn996
	tp220,fpp3,fnp4,fn777,tn996
	tp239,fpp1,fnp6,fn760,tn994
	tp259,fpp4,fnp15,fn737,tn985

k2-wf attack
pct,recall,precision,f1score,fpr,accuracy
33,0.643,0.823,0.722,0.139,0.772
	tp638,fpp44,fnp100,fn318,tn900
	tp652,fpp33,fnp93,fn315,tn907
	tp637,fpp37,fnp80,fn326,tn920
	tp645,fpp49,fnp111,fn306,tn889
	tp661,fpp39,fnp107,fn300,tn893
	tp636,fpp37,fnp93,fn327,tn907
	tp634,fpp51,fnp103,fn315,tn897
	tp654,fpp27,fnp101,fn319,tn899
	tp646,fpp41,fnp109,fn313,tn891
	tp626,fpp39,fnp94,fn335,tn906

