2016-07-26 19:04:20.985341456 +0200 CEST: wfdns for 100x100+10000 with a100000 w540 r2500 s1.00

k2-ctw attack
pct,recall,precision,f1score,fpr,accuracy
33,0.257,0.936,0.402,0.019,0.626
	tp263,fpp0,fnp0,fn737,tn1000
	tp271,fpp37,fnp7,fn692,tn993
	tp275,fpp33,fnp19,fn692,tn981
	tp240,fpp2,fnp2,fn758,tn998
	tp267,fpp5,fnp6,fn728,tn994
	tp242,fpp24,fnp3,fn734,tn997
	tp273,fpp15,fnp11,fn712,tn989
	tp251,fpp8,fnp7,fn741,tn993
	tp250,fpp9,fnp0,fn741,tn1000
	tp233,fpp2,fnp0,fn765,tn1000

k2-hp attack
pct,recall,precision,f1score,fpr,accuracy
33,0.220,0.988,0.360,0.003,0.609
	tp221,fpp0,fnp0,fn779,tn1000
	tp240,fpp4,fnp2,fn756,tn998
	tp236,fpp1,fnp6,fn763,tn994
	tp205,fpp0,fnp1,fn795,tn999
	tp228,fpp2,fnp5,fn770,tn995
	tp207,fpp0,fnp0,fn793,tn1000
	tp233,fpp0,fnp2,fn767,tn998
	tp220,fpp1,fnp3,fn779,tn997
	tp208,fpp1,fnp0,fn791,tn1000
	tp203,fpp0,fnp0,fn797,tn1000

k2-wf attack
pct,recall,precision,f1score,fpr,accuracy
33,0.645,0.832,0.726,0.131,0.775
	tp628,fpp32,fnp88,fn340,tn912
	tp656,fpp40,fnp95,fn304,tn905
	tp639,fpp31,fnp78,fn330,tn922
	tp649,fpp44,fnp107,fn307,tn893
	tp655,fpp37,fnp109,fn308,tn891
	tp633,fpp31,fnp88,fn336,tn912
	tp640,fpp41,fnp93,fn319,tn907
	tp665,fpp25,fnp91,fn310,tn909
	tp648,fpp45,fnp105,fn307,tn895
	tp635,fpp37,fnp91,fn328,tn909

