2016-07-26 18:36:09.733491041 +0200 CEST: wfdns for 100x100+10000 with a100000 w180 r2500 s1.00

k2-ctw attack
pct,recall,precision,f1score,fpr,accuracy
33,0.249,0.964,0.396,0.010,0.624
	tp262,fpp0,fnp0,fn738,tn1000
	tp256,fpp0,fnp0,fn744,tn1000
	tp238,fpp51,fnp2,fn711,tn998
	tp263,fpp12,fnp7,fn725,tn993
	tp253,fpp3,fnp2,fn744,tn998
	tp221,fpp0,fnp1,fn779,tn999
	tp247,fpp0,fnp0,fn753,tn1000
	tp249,fpp7,fnp2,fn744,tn998
	tp263,fpp0,fnp0,fn737,tn1000
	tp240,fpp7,fnp5,fn753,tn995

k2-hp attack
pct,recall,precision,f1score,fpr,accuracy
33,0.209,0.996,0.346,0.001,0.604
	tp213,fpp0,fnp0,fn787,tn1000
	tp212,fpp0,fnp0,fn788,tn1000
	tp201,fpp2,fnp0,fn797,tn1000
	tp219,fpp0,fnp2,fn781,tn998
	tp216,fpp0,fnp1,fn784,tn999
	tp185,fpp0,fnp1,fn815,tn999
	tp206,fpp0,fnp0,fn794,tn1000
	tp212,fpp0,fnp2,fn788,tn998
	tp225,fpp0,fnp0,fn775,tn1000
	tp203,fpp0,fnp0,fn797,tn1000

k2-wf attack
pct,recall,precision,f1score,fpr,accuracy
33,0.641,0.827,0.722,0.135,0.773
	tp629,fpp33,fnp91,fn338,tn909
	tp644,fpp35,fnp91,fn321,tn909
	tp639,fpp38,fnp75,fn323,tn925
	tp646,fpp48,fnp122,fn306,tn878
	tp658,fpp36,fnp100,fn306,tn900
	tp633,fpp37,fnp85,fn330,tn915
	tp633,fpp51,fnp99,fn316,tn901
	tp664,fpp26,fnp90,fn310,tn910
	tp646,fpp46,fnp106,fn308,tn894
	tp623,fpp43,fnp97,fn334,tn903

