2016-07-26 15:38:51.188726313 +0200 CEST: wfdns for 10x100+1000 with alexa10000 window60 r2500

k2-ctw attack
pct,recall,precision,f1score,fpr,accuracy
33,0.295,0.962,0.448,0.014,0.646
	tp30,fpp0,fnp0,fn70,tn100
	tp25,fpp0,fnp0,fn75,tn100
	tp41,fpp4,fnp1,fn55,tn99
	tp31,fpp1,fnp1,fn68,tn99
	tp34,fpp5,fnp0,fn61,tn100
	tp29,fpp0,fnp0,fn71,tn100
	tp31,fpp0,fnp0,fn69,tn100
	tp27,fpp1,fnp0,fn72,tn100
	tp25,fpp0,fnp0,fn75,tn100
	tp22,fpp1,fnp0,fn77,tn100

k2-hp attack
pct,recall,precision,f1score,fpr,accuracy
33,0.266,0.988,0.416,0.004,0.632
	tp27,fpp0,fnp0,fn73,tn100
	tp25,fpp0,fnp0,fn75,tn100
	tp39,fpp0,fnp1,fn61,tn99
	tp30,fpp0,fnp1,fn70,tn99
	tp30,fpp2,fnp0,fn68,tn100
	tp25,fpp0,fnp0,fn75,tn100
	tp26,fpp0,fnp0,fn74,tn100
	tp24,fpp0,fnp0,fn76,tn100
	tp19,fpp0,fnp0,fn81,tn100
	tp21,fpp0,fnp0,fn79,tn100

k2-wf attack
pct,recall,precision,f1score,fpr,accuracy
33,0.698,0.834,0.760,0.139,0.792
	tp72,fpp2,fnp12,fn26,tn88
	tp73,fpp2,fnp13,fn25,tn87
	tp75,fpp2,fnp8,fn23,tn92
	tp74,fpp0,fnp11,fn26,tn89
	tp68,fpp3,fnp11,fn29,tn89
	tp72,fpp3,fnp13,fn25,tn87
	tp67,fpp5,fnp11,fn28,tn89
	tp68,fpp3,fnp9,fn29,tn91
	tp64,fpp2,fnp15,fn34,tn85
	tp65,fpp3,fnp11,fn32,tn89

