2016-07-26 15:47:03.916223224 +0200 CEST: wfdns for 10x100+1000 with alexa10000 window1620 r2500

k2-ctw attack
pct,recall,precision,f1score,fpr,accuracy
33,0.568,0.803,0.664,0.140,0.738
	tp52,fpp6,fnp8,fn42,tn92
	tp50,fpp10,fnp12,fn40,tn88
	tp62,fpp3,fnp10,fn35,tn90
	tp52,fpp4,fnp9,fn44,tn91
	tp51,fpp7,fnp6,fn42,tn94
	tp63,fpp2,fnp13,fn35,tn87
	tp67,fpp6,fnp10,fn27,tn90
	tp59,fpp5,fnp8,fn36,tn92
	tp57,fpp3,fnp9,fn40,tn91
	tp55,fpp3,fnp6,fn42,tn94

k2-hp attack
pct,recall,precision,f1score,fpr,accuracy
33,0.556,0.850,0.670,0.099,0.740
	tp52,fpp3,fnp5,fn45,tn95
	tp48,fpp5,fnp7,fn47,tn93
	tp61,fpp2,fnp9,fn37,tn91
	tp50,fpp0,fnp9,fn50,tn91
	tp50,fpp2,fnp5,fn48,tn95
	tp63,fpp1,fnp11,fn36,tn89
	tp67,fpp6,fnp9,fn27,tn91
	tp59,fpp2,fnp7,fn39,tn93
	tp55,fpp1,fnp8,fn44,tn92
	tp51,fpp1,fnp6,fn48,tn94

k2-wf attack
pct,recall,precision,f1score,fpr,accuracy
33,0.707,0.830,0.763,0.145,0.795
	tp71,fpp4,fnp11,fn25,tn89
	tp73,fpp5,fnp9,fn22,tn91
	tp72,fpp2,fnp10,fn26,tn90
	tp74,fpp1,fnp13,fn25,tn87
	tp71,fpp3,fnp14,fn26,tn86
	tp73,fpp1,fnp12,fn26,tn88
	tp70,fpp6,fnp10,fn24,tn90
	tp70,fpp2,fnp10,fn28,tn90
	tp68,fpp1,fnp16,fn31,tn84
	tp65,fpp4,fnp11,fn31,tn89

