2016-07-26 15:40:38.9104688 +0200 CEST: wfdns for 10x100+1000 with alexa10000 window360 r2500

k2-ctw attack
pct,recall,precision,f1score,fpr,accuracy
33,0.329,0.862,0.471,0.056,0.648
	tp43,fpp4,fnp4,fn53,tn96
	tp28,fpp0,fnp0,fn72,tn100
	tp22,fpp4,fnp0,fn74,tn100
	tp26,fpp0,fnp2,fn74,tn98
	tp34,fpp2,fnp9,fn64,tn91
	tp42,fpp3,fnp2,fn55,tn98
	tp27,fpp3,fnp6,fn70,tn94
	tp28,fpp3,fnp1,fn69,tn99
	tp37,fpp4,fnp0,fn59,tn100
	tp42,fpp0,fnp9,fn58,tn91

k2-hp attack
pct,recall,precision,f1score,fpr,accuracy
33,0.303,0.926,0.452,0.027,0.640
	tp38,fpp0,fnp4,fn62,tn96
	tp28,fpp0,fnp0,fn72,tn100
	tp19,fpp1,fnp0,fn80,tn100
	tp26,fpp0,fnp1,fn74,tn99
	tp32,fpp1,fnp5,fn67,tn95
	tp36,fpp0,fnp0,fn64,tn100
	tp26,fpp1,fnp4,fn73,tn96
	tp25,fpp0,fnp1,fn75,tn99
	tp33,fpp1,fnp0,fn66,tn100
	tp40,fpp0,fnp8,fn60,tn92

k2-wf attack
pct,recall,precision,f1score,fpr,accuracy
33,0.699,0.826,0.757,0.148,0.789
	tp73,fpp3,fnp15,fn24,tn85
	tp70,fpp4,fnp9,fn26,tn91
	tp73,fpp2,fnp8,fn25,tn92
	tp74,fpp2,fnp12,fn24,tn88
	tp71,fpp2,fnp13,fn27,tn87
	tp71,fpp1,fnp17,fn28,tn83
	tp67,fpp6,fnp12,fn27,tn88
	tp70,fpp2,fnp9,fn28,tn91
	tp66,fpp2,fnp15,fn32,tn85
	tp64,fpp3,fnp11,fn33,tn89

