2016-07-26 15:42:27.720147232 +0200 CEST: wfdns for 10x100+1000 with alexa10000 window720 r2500

k2-ctw attack
pct,recall,precision,f1score,fpr,accuracy
33,0.479,0.803,0.592,0.124,0.706
	tp57,fpp10,fnp12,fn33,tn88
	tp59,fpp3,fnp11,fn38,tn89
	tp48,fpp4,fnp3,fn48,tn97
	tp44,fpp0,fnp2,fn56,tn98
	tp52,fpp6,fnp14,fn42,tn86
	tp63,fpp3,fnp6,fn34,tn94
	tp45,fpp11,fnp7,fn44,tn93
	tp27,fpp5,fnp0,fn68,tn100
	tp38,fpp11,fnp6,fn51,tn94
	tp46,fpp4,fnp6,fn50,tn94

k2-hp attack
pct,recall,precision,f1score,fpr,accuracy
33,0.442,0.886,0.580,0.063,0.695
	tp50,fpp2,fnp8,fn48,tn92
	tp58,fpp2,fnp8,fn40,tn92
	tp47,fpp2,fnp3,fn51,tn97
	tp40,fpp0,fnp1,fn60,tn99
	tp50,fpp1,fnp11,fn49,tn89
	tp55,fpp0,fnp6,fn45,tn94
	tp44,fpp4,fnp6,fn52,tn94
	tp25,fpp0,fnp0,fn75,tn100
	tp31,fpp1,fnp4,fn68,tn96
	tp42,fpp0,fnp4,fn58,tn96

k2-wf attack
pct,recall,precision,f1score,fpr,accuracy
33,0.711,0.837,0.768,0.139,0.798
	tp75,fpp3,fnp12,fn22,tn88
	tp73,fpp2,fnp10,fn25,tn90
	tp75,fpp2,fnp9,fn23,tn91
	tp77,fpp1,fnp12,fn22,tn88
	tp72,fpp3,fnp17,fn25,tn83
	tp75,fpp2,fnp12,fn23,tn88
	tp67,fpp5,fnp10,fn28,tn90
	tp69,fpp1,fnp8,fn30,tn92
	tp62,fpp2,fnp15,fn36,tn85
	tp66,fpp2,fnp11,fn32,tn89

