2016-07-26 15:40:11.795776078 +0200 CEST: wfdns for 10x100+1000 with alexa100000 window180 r2500

k2-ctw attack
pct,recall,precision,f1score,fpr,accuracy
33,0.252,0.973,0.398,0.011,0.625
	tp30,fpp8,fnp3,fn62,tn97
	tp22,fpp0,fnp0,fn78,tn100
	tp27,fpp0,fnp0,fn73,tn100
	tp21,fpp0,fnp0,fn79,tn100
	tp25,fpp0,fnp0,fn75,tn100
	tp30,fpp0,fnp0,fn70,tn100
	tp21,fpp0,fnp0,fn79,tn100
	tp23,fpp0,fnp0,fn77,tn100
	tp25,fpp0,fnp0,fn75,tn100
	tp28,fpp0,fnp0,fn72,tn100

k2-hp attack
pct,recall,precision,f1score,fpr,accuracy
33,0.227,1.000,0.369,0.000,0.614
	tp26,fpp0,fnp0,fn74,tn100
	tp20,fpp0,fnp0,fn80,tn100
	tp25,fpp0,fnp0,fn75,tn100
	tp21,fpp0,fnp0,fn79,tn100
	tp23,fpp0,fnp0,fn77,tn100
	tp27,fpp0,fnp0,fn73,tn100
	tp17,fpp0,fnp0,fn83,tn100
	tp21,fpp0,fnp0,fn79,tn100
	tp22,fpp0,fnp0,fn78,tn100
	tp25,fpp0,fnp0,fn75,tn100

k2-wf attack
pct,recall,precision,f1score,fpr,accuracy
33,0.709,0.822,0.761,0.154,0.791
	tp72,fpp2,fnp17,fn26,tn83
	tp71,fpp4,fnp15,fn25,tn85
	tp75,fpp2,fnp9,fn23,tn91
	tp75,fpp2,fnp9,fn23,tn91
	tp72,fpp3,fnp14,fn25,tn86
	tp73,fpp1,fnp14,fn26,tn86
	tp69,fpp5,fnp11,fn26,tn89
	tp70,fpp2,fnp10,fn28,tn90
	tp66,fpp3,fnp15,fn31,tn85
	tp66,fpp3,fnp13,fn31,tn87

