2016-07-26 15:42:54.940146732 +0200 CEST: wfdns for 10x100+1000 with alexa100000 window720 r2500

k2-ctw attack
pct,recall,precision,f1score,fpr,accuracy
33,0.273,0.979,0.424,0.008,0.634
	tp36,fpp0,fnp0,fn64,tn100
	tp25,fpp0,fnp0,fn75,tn100
	tp27,fpp0,fnp0,fn73,tn100
	tp21,fpp0,fnp0,fn79,tn100
	tp23,fpp0,fnp0,fn77,tn100
	tp22,fpp0,fnp0,fn78,tn100
	tp33,fpp4,fnp1,fn63,tn99
	tp33,fpp0,fnp3,fn67,tn97
	tp25,fpp0,fnp0,fn75,tn100
	tp28,fpp0,fnp0,fn72,tn100

k2-hp attack
pct,recall,precision,f1score,fpr,accuracy
33,0.244,0.997,0.389,0.001,0.622
	tp33,fpp0,fnp0,fn67,tn100
	tp23,fpp0,fnp0,fn77,tn100
	tp25,fpp0,fnp0,fn75,tn100
	tp16,fpp0,fnp0,fn84,tn100
	tp21,fpp0,fnp0,fn79,tn100
	tp20,fpp0,fnp0,fn80,tn100
	tp29,fpp0,fnp0,fn71,tn100
	tp30,fpp0,fnp1,fn70,tn99
	tp22,fpp0,fnp0,fn78,tn100
	tp25,fpp0,fnp0,fn75,tn100

k2-wf attack
pct,recall,precision,f1score,fpr,accuracy
33,0.705,0.833,0.763,0.142,0.794
	tp73,fpp3,fnp13,fn24,tn87
	tp72,fpp3,fnp10,fn25,tn90
	tp73,fpp2,fnp7,fn25,tn93
	tp76,fpp1,fnp12,fn23,tn88
	tp71,fpp3,fnp13,fn26,tn87
	tp73,fpp2,fnp14,fn25,tn86
	tp70,fpp5,fnp12,fn25,tn88
	tp68,fpp2,fnp11,fn30,tn89
	tp64,fpp2,fnp15,fn34,tn85
	tp65,fpp3,fnp9,fn32,tn91

