2016-07-26 15:43:22.517072176 +0200 CEST: wfdns for 10x100+1000 with alexa10000 window900 r2500

k2-ctw attack
pct,recall,precision,f1score,fpr,accuracy
33,0.469,0.804,0.587,0.116,0.704
	tp41,fpp2,fnp7,fn57,tn93
	tp58,fpp7,fnp9,fn35,tn91
	tp50,fpp3,fnp3,fn47,tn97
	tp52,fpp3,fnp8,fn45,tn92
	tp50,fpp9,fnp6,fn41,tn94
	tp52,fpp9,fnp9,fn39,tn91
	tp51,fpp6,fnp8,fn43,tn92
	tp35,fpp3,fnp4,fn62,tn96
	tp29,fpp6,fnp3,fn65,tn97
	tp51,fpp7,fnp4,fn42,tn96

k2-hp attack
pct,recall,precision,f1score,fpr,accuracy
33,0.433,0.889,0.576,0.054,0.695
	tp35,fpp1,fnp7,fn64,tn93
	tp56,fpp1,fnp5,fn43,tn95
	tp49,fpp0,fnp2,fn51,tn98
	tp50,fpp1,fnp5,fn49,tn95
	tp45,fpp0,fnp4,fn55,tn96
	tp49,fpp1,fnp6,fn50,tn94
	tp48,fpp3,fnp6,fn49,tn94
	tp31,fpp1,fnp2,fn68,tn98
	tp23,fpp1,fnp2,fn76,tn98
	tp47,fpp2,fnp4,fn51,tn96

k2-wf attack
pct,recall,precision,f1score,fpr,accuracy
33,0.714,0.828,0.766,0.149,0.795
	tp72,fpp3,fnp14,fn25,tn86
	tp74,fpp2,fnp13,fn24,tn87
	tp76,fpp2,fnp6,fn22,tn94
	tp74,fpp1,fnp10,fn25,tn90
	tp72,fpp3,fnp14,fn25,tn86
	tp73,fpp3,fnp17,fn24,tn83
	tp71,fpp6,fnp12,fn23,tn88
	tp72,fpp1,fnp13,fn27,tn87
	tp64,fpp2,fnp15,fn34,tn85
	tp66,fpp2,fnp10,fn32,tn90

