2016-07-26 15:44:17.461250333 +0200 CEST: wfdns for 10x100+1000 with alexa10000 window1080 r2500

k2-ctw attack
pct,recall,precision,f1score,fpr,accuracy
33,0.519,0.821,0.634,0.117,0.726
	tp52,fpp2,fnp11,fn46,tn89
	tp60,fpp5,fnp5,fn35,tn95
	tp47,fpp2,fnp3,fn51,tn97
	tp50,fpp4,fnp3,fn46,tn97
	tp51,fpp2,fnp5,fn47,tn95
	tp52,fpp5,fnp10,fn43,tn90
	tp49,fpp8,fnp11,fn43,tn89
	tp55,fpp5,fnp6,fn40,tn94
	tp51,fpp7,fnp3,fn42,tn97
	tp52,fpp9,fnp11,fn39,tn89

k2-hp attack
pct,recall,precision,f1score,fpr,accuracy
33,0.488,0.877,0.625,0.071,0.716
	tp50,fpp1,fnp10,fn49,tn90
	tp59,fpp2,fnp5,fn39,tn95
	tp45,fpp1,fnp2,fn54,tn98
	tp47,fpp1,fnp2,fn52,tn98
	tp48,fpp0,fnp5,fn52,tn95
	tp44,fpp0,fnp7,fn56,tn93
	tp47,fpp5,fnp9,fn48,tn91
	tp55,fpp2,fnp6,fn43,tn94
	tp43,fpp1,fnp2,fn56,tn98
	tp50,fpp1,fnp9,fn49,tn91

k2-wf attack
pct,recall,precision,f1score,fpr,accuracy
33,0.704,0.826,0.760,0.149,0.790
	tp71,fpp1,fnp15,fn28,tn85
	tp75,fpp2,fnp9,fn23,tn91
	tp76,fpp2,fnp8,fn22,tn92
	tp73,fpp2,fnp12,fn25,tn88
	tp71,fpp3,fnp17,fn26,tn83
	tp73,fpp3,fnp13,fn24,tn87
	tp69,fpp6,fnp14,fn25,tn86
	tp67,fpp2,fnp9,fn31,tn91
	tp66,fpp2,fnp15,fn32,tn85
	tp63,fpp2,fnp12,fn35,tn88

