2016-07-26 15:47:59.895426758 +0200 CEST: wfdns for 10x100+1000 with alexa10000 window1800 r2500

k2-ctw attack
pct,recall,precision,f1score,fpr,accuracy
33,0.572,0.809,0.668,0.136,0.739
	tp54,fpp7,fnp13,fn39,tn87
	tp71,fpp6,fnp13,fn23,tn87
	tp56,fpp3,fnp7,fn41,tn93
	tp57,fpp2,fnp8,fn41,tn92
	tp62,fpp4,fnp8,fn34,tn92
	tp68,fpp1,fnp13,fn31,tn87
	tp50,fpp4,fnp9,fn46,tn91
	tp48,fpp8,fnp7,fn44,tn93
	tp52,fpp6,fnp11,fn42,tn89
	tp54,fpp1,fnp5,fn45,tn95

k2-hp attack
pct,recall,precision,f1score,fpr,accuracy
33,0.553,0.853,0.668,0.097,0.735
	tp54,fpp2,fnp10,fn44,tn90
	tp69,fpp3,fnp12,fn28,tn88
	tp54,fpp2,fnp6,fn44,tn94
	tp57,fpp0,fnp8,fn43,tn92
	tp56,fpp0,fnp8,fn44,tn92
	tp65,fpp1,fnp12,fn34,tn88
	tp50,fpp4,fnp6,fn46,tn94
	tp45,fpp0,fnp6,fn55,tn94
	tp50,fpp1,fnp11,fn49,tn89
	tp53,fpp0,fnp5,fn47,tn95

k2-wf attack
pct,recall,precision,f1score,fpr,accuracy
33,0.702,0.824,0.758,0.150,0.790
	tp73,fpp2,fnp14,fn25,tn86
	tp73,fpp4,fnp12,fn23,tn88
	tp75,fpp2,fnp8,fn23,tn92
	tp75,fpp0,fnp10,fn25,tn90
	tp70,fpp3,fnp14,fn27,tn86
	tp72,fpp2,fnp16,fn26,tn84
	tp68,fpp7,fnp11,fn25,tn89
	tp68,fpp2,fnp9,fn30,tn91
	tp63,fpp2,fnp16,fn35,tn84
	tp65,fpp3,fnp13,fn32,tn87

