2016-09-16 06:24:38.562294356 +0200 CEST: wfdns for 1000x100+100000 with a1 w60 r2500 s1.00

k1-ctw attack
pct,recall,precision,f1score,fpr,accuracy
100,0.631,0.536,0.580,0.546,0.649
	tp6354,fpp2090,fnp3286,fn1556,tn6714
	tp6315,fpp2147,fnp3221,fn1538,tn6779
	tp6310,fpp2145,fnp3287,fn1545,tn6713
	tp6277,fpp2149,fnp3442,fn1574,tn6558
	tp6255,fpp2193,fnp3276,fn1552,tn6724
	tp6293,fpp2152,fnp3663,fn1555,tn6337
	tp6332,fpp2105,fnp3320,fn1563,tn6680
	tp6322,fpp2076,fnp3395,fn1602,tn6605
	tp6302,fpp2110,fnp3287,fn1588,tn6713
	tp6295,fpp2096,fnp3124,fn1609,tn6876

k1-hp attack
pct,recall,precision,f1score,fpr,accuracy
100,0.630,0.537,0.580,0.545,0.649
	tp6351,fpp2088,fnp3278,fn1561,tn6722
	tp6313,fpp2141,fnp3216,fn1546,tn6784
	tp6310,fpp2144,fnp3285,fn1546,tn6715
	tp6275,fpp2141,fnp3431,fn1584,tn6569
	tp6255,fpp2188,fnp3267,fn1557,tn6733
	tp6292,fpp2148,fnp3654,fn1560,tn6346
	tp6330,fpp2102,fnp3316,fn1568,tn6684
	tp6322,fpp2070,fnp3386,fn1608,tn6614
	tp6302,fpp2106,fnp3281,fn1592,tn6719
	tp6293,fpp2093,fnp3116,fn1614,tn6884

k1-wf attack
pct,recall,precision,f1score,fpr,accuracy
100,0.631,0.535,0.579,0.547,0.648
	tp6352,fpp2094,fnp3298,fn1554,tn6702
	tp6315,fpp2149,fnp3237,fn1536,tn6763
	tp6311,fpp2145,fnp3291,fn1544,tn6709
	tp6278,fpp2159,fnp3462,fn1563,tn6538
	tp6260,fpp2198,fnp3307,fn1542,tn6693
	tp6296,fpp2153,fnp3681,fn1551,tn6319
	tp6332,fpp2107,fnp3335,fn1561,tn6665
	tp6323,fpp2079,fnp3408,fn1598,tn6592
	tp6305,fpp2113,fnp3298,fn1582,tn6702
	tp6295,fpp2099,fnp3134,fn1606,tn6866

k2-ctw attack
pct,recall,precision,f1score,fpr,accuracy
100,0.546,0.861,0.668,0.088,0.742
	tp5486,fpp260,fnp612,fn4254,tn9388
	tp5463,fpp235,fnp606,fn4302,tn9394
	tp5486,fpp241,fnp583,fn4273,tn9417
	tp5400,fpp319,fnp702,fn4281,tn9298
	tp5440,fpp245,fnp644,fn4315,tn9356
	tp5418,fpp248,fnp699,fn4334,tn9301
	tp5522,fpp285,fnp618,fn4193,tn9382
	tp5478,fpp236,fnp577,fn4286,tn9423
	tp5451,fpp273,fnp637,fn4276,tn9363
	tp5478,fpp251,fnp578,fn4271,tn9422

k2-hp attack
pct,recall,precision,f1score,fpr,accuracy
100,0.546,0.861,0.668,0.088,0.742
	tp5480,fpp259,fnp607,fn4261,tn9393
	tp5462,fpp234,fnp606,fn4304,tn9394
	tp5485,fpp241,fnp582,fn4274,tn9418
	tp5397,fpp319,fnp701,fn4284,tn9299
	tp5438,fpp244,fnp640,fn4318,tn9360
	tp5417,fpp248,fnp698,fn4335,tn9302
	tp5522,fpp284,fnp617,fn4194,tn9383
	tp5477,fpp231,fnp575,fn4292,tn9425
	tp5450,fpp273,fnp636,fn4277,tn9364
	tp5474,fpp251,fnp578,fn4275,tn9422

k2-wf attack
pct,recall,precision,f1score,fpr,accuracy
100,0.546,0.860,0.668,0.089,0.742
	tp5480,fpp259,fnp607,fn4261,tn9393
	tp5464,fpp237,fnp613,fn4299,tn9387
	tp5485,fpp241,fnp583,fn4274,tn9417
	tp5399,fpp322,fnp705,fn4279,tn9295
	tp5443,fpp245,fnp648,fn4312,tn9352
	tp5419,fpp249,fnp703,fn4332,tn9297
	tp5524,fpp285,fnp622,fn4191,tn9378
	tp5478,fpp231,fnp578,fn4291,tn9422
	tp5453,fpp274,fnp639,fn4273,tn9361
	tp5475,fpp251,fnp580,fn4274,tn9420

