2016-09-18 12:25:42.660389733 +0200 CEST: wfdns for 1000x100+100000 with a10000 w60 r2500 s1.00

k1-ctw attack
pct,recall,precision,f1score,fpr,accuracy
100,0.647,0.768,0.702,0.197,0.771
	tp6513,fpp948,fnp914,fn2539,tn9086
	tp6528,fpp857,fnp1014,fn2615,tn8986
	tp6466,fpp938,fnp893,fn2596,tn9107
	tp6457,fpp818,fnp931,fn2725,tn9069
	tp6483,fpp844,fnp940,fn2673,tn9060
	tp6400,fpp1253,fnp1720,fn2347,tn8280
	tp6450,fpp868,fnp821,fn2682,tn9179
	tp6542,fpp770,fnp908,fn2688,tn9092
	tp6445,fpp1031,fnp1197,fn2524,tn8803
	tp6370,fpp983,fnp1035,fn2647,tn8965

k1-hp attack
pct,recall,precision,f1score,fpr,accuracy
100,0.604,0.847,0.705,0.110,0.768
	tp6122,fpp415,fnp554,fn3463,tn9446
	tp6018,fpp404,fnp556,fn3578,tn9444
	tp6069,fpp427,fnp618,fn3504,tn9382
	tp6027,fpp334,fnp546,fn3639,tn9454
	tp6010,fpp332,fnp615,fn3658,tn9385
	tp6012,fpp673,fnp1144,fn3315,tn8856
	tp6034,fpp366,fnp527,fn3600,tn9473
	tp6062,fpp346,fnp590,fn3592,tn9410
	tp6058,fpp543,fnp856,fn3399,tn9144
	tp5966,fpp442,fnp696,fn3592,tn9304

k1-wf attack
pct,recall,precision,f1score,fpr,accuracy
100,0.630,0.535,0.579,0.548,0.648
	tp6386,fpp2063,fnp3274,fn1551,tn6726
	tp6295,fpp2164,fnp3268,fn1541,tn6732
	tp6353,fpp2148,fnp3256,fn1499,tn6744
	tp6302,fpp2133,fnp3365,fn1565,tn6635
	tp6271,fpp2192,fnp3339,fn1537,tn6661
	tp6261,fpp2210,fnp3743,fn1529,tn6257
	tp6313,fpp2118,fnp3351,fn1569,tn6649
	tp6327,fpp2075,fnp3361,fn1598,tn6639
	tp6292,fpp2127,fnp3313,fn1581,tn6687
	tp6248,fpp2120,fnp3154,fn1632,tn6846

k2-ctw attack
pct,recall,precision,f1score,fpr,accuracy
100,0.564,0.934,0.703,0.040,0.771
	tp5696,fpp238,fnp257,fn4066,tn9743
	tp5707,fpp122,fnp178,fn4171,tn9822
	tp5678,fpp177,fnp183,fn4145,tn9817
	tp5636,fpp209,fnp279,fn4155,tn9721
	tp5633,fpp166,fnp197,fn4201,tn9803
	tp5555,fpp229,fnp288,fn4216,tn9712
	tp5705,fpp148,fnp172,fn4147,tn9828
	tp5668,fpp135,fnp181,fn4197,tn9819
	tp5602,fpp182,fnp207,fn4216,tn9793
	tp5550,fpp231,fnp229,fn4219,tn9771

k2-hp attack
pct,recall,precision,f1score,fpr,accuracy
100,0.523,0.968,0.679,0.018,0.755
	tp5293,fpp54,fnp125,fn4653,tn9875
	tp5210,fpp46,fnp111,fn4744,tn9889
	tp5276,fpp38,fnp125,fn4686,tn9875
	tp5211,fpp34,fnp145,fn4755,tn9855
	tp5200,fpp44,fnp124,fn4756,tn9876
	tp5178,fpp90,fnp161,fn4732,tn9839
	tp5284,fpp37,fnp107,fn4679,tn9893
	tp5214,fpp43,fnp121,fn4743,tn9879
	tp5264,fpp55,fnp136,fn4681,tn9864
	tp5171,fpp54,fnp107,fn4775,tn9893

k2-wf attack
pct,recall,precision,f1score,fpr,accuracy
100,0.546,0.859,0.668,0.090,0.741
	tp5524,fpp254,fnp632,fn4222,tn9368
	tp5451,fpp236,fnp622,fn4313,tn9378
	tp5525,fpp243,fnp631,fn4232,tn9369
	tp5441,fpp316,fnp712,fn4243,tn9288
	tp5427,fpp263,fnp679,fn4310,tn9321
	tp5400,fpp283,fnp707,fn4317,tn9293
	tp5532,fpp255,fnp606,fn4213,tn9394
	tp5446,fpp229,fnp587,fn4325,tn9413
	tp5466,fpp258,fnp646,fn4276,tn9354
	tp5406,fpp248,fnp565,fn4346,tn9435

