2016-09-16 20:40:42.232401681 +0200 CEST: wfdns for 1000x100+100000 with a10 w60 r2500 s1.00

k1-ctw attack
pct,recall,precision,f1score,fpr,accuracy
100,0.631,0.536,0.580,0.547,0.648
	tp6357,fpp2097,fnp3286,fn1546,tn6714
	tp6347,fpp2182,fnp3240,fn1471,tn6760
	tp6334,fpp2110,fnp3302,fn1556,tn6698
	tp6325,fpp2115,fnp3386,fn1560,tn6614
	tp6255,fpp2200,fnp3320,fn1545,tn6680
	tp6264,fpp2205,fnp3763,fn1531,tn6237
	tp6284,fpp2091,fnp3344,fn1625,tn6656
	tp6316,fpp2068,fnp3367,fn1616,tn6633
	tp6315,fpp2082,fnp3302,fn1603,tn6698
	tp6298,fpp2108,fnp3099,fn1594,tn6901

k1-hp attack
pct,recall,precision,f1score,fpr,accuracy
100,0.631,0.537,0.580,0.545,0.649
	tp6357,fpp2092,fnp3281,fn1551,tn6719
	tp6345,fpp2174,fnp3229,fn1481,tn6771
	tp6332,fpp2104,fnp3295,fn1564,tn6705
	tp6324,fpp2114,fnp3383,fn1562,tn6617
	tp6255,fpp2197,fnp3315,fn1548,tn6685
	tp6261,fpp2193,fnp3753,fn1546,tn6247
	tp6281,fpp2082,fnp3337,fn1637,tn6663
	tp6315,fpp2054,fnp3341,fn1631,tn6659
	tp6313,fpp2067,fnp3294,fn1620,tn6706
	tp6295,fpp2106,fnp3094,fn1599,tn6906

k1-wf attack
pct,recall,precision,f1score,fpr,accuracy
100,0.631,0.535,0.579,0.548,0.648
	tp6358,fpp2096,fnp3294,fn1546,tn6706
	tp6351,fpp2189,fnp3253,fn1460,tn6747
	tp6336,fpp2116,fnp3310,fn1548,tn6690
	tp6324,fpp2117,fnp3388,fn1559,tn6612
	tp6255,fpp2201,fnp3338,fn1544,tn6662
	tp6267,fpp2214,fnp3775,fn1519,tn6225
	tp6287,fpp2097,fnp3375,fn1616,tn6625
	tp6322,fpp2074,fnp3393,fn1604,tn6607
	tp6316,fpp2086,fnp3311,fn1598,tn6689
	tp6298,fpp2113,fnp3105,fn1589,tn6895

k2-ctw attack
pct,recall,precision,f1score,fpr,accuracy
100,0.546,0.861,0.669,0.088,0.742
	tp5463,fpp263,fnp585,fn4274,tn9415
	tp5514,fpp236,fnp606,fn4250,tn9394
	tp5515,fpp255,fnp601,fn4230,tn9399
	tp5451,fpp321,fnp703,fn4228,tn9297
	tp5438,fpp243,fnp628,fn4319,tn9372
	tp5386,fpp262,fnp693,fn4352,tn9307
	tp5468,fpp278,fnp604,fn4254,tn9396
	tp5450,fpp227,fnp597,fn4323,tn9403
	tp5474,fpp256,fnp606,fn4270,tn9394
	tp5482,fpp244,fnp607,fn4274,tn9393

k2-hp attack
pct,recall,precision,f1score,fpr,accuracy
100,0.546,0.862,0.669,0.088,0.742
	tp5462,fpp262,fnp584,fn4276,tn9416
	tp5512,fpp234,fnp604,fn4254,tn9396
	tp5514,fpp253,fnp600,fn4233,tn9400
	tp5450,fpp321,fnp703,fn4229,tn9297
	tp5438,fpp243,fnp627,fn4319,tn9373
	tp5382,fpp259,fnp692,fn4359,tn9308
	tp5467,fpp276,fnp600,fn4257,tn9400
	tp5448,fpp225,fnp596,fn4327,tn9404
	tp5469,fpp251,fnp605,fn4280,tn9395
	tp5476,fpp243,fnp606,fn4281,tn9394

k2-wf attack
pct,recall,precision,f1score,fpr,accuracy
100,0.547,0.861,0.668,0.089,0.742
	tp5462,fpp263,fnp590,fn4275,tn9410
	tp5518,fpp238,fnp609,fn4244,tn9391
	tp5518,fpp254,fnp603,fn4228,tn9397
	tp5450,fpp322,fnp707,fn4228,tn9293
	tp5438,fpp243,fnp632,fn4319,tn9368
	tp5387,fpp267,fnp697,fn4346,tn9303
	tp5473,fpp279,fnp606,fn4248,tn9394
	tp5455,fpp227,fnp606,fn4318,tn9394
	tp5472,fpp255,fnp609,fn4273,tn9391
	tp5479,fpp244,fnp609,fn4277,tn9391

