2016-08-15 07:05:47.813447303 +0200 CEST: wfdns for 1000x100+100000 with a100000 w60 r2500 s1.00

k1-ctw attack
pct,recall,precision,f1score,fpr,accuracy
100,0.685,0.965,0.802,0.025,0.836
	tp6923,fpp96,fnp144,fn2981,tn9856
	tp6859,fpp50,fnp98,fn3091,tn9902
	tp6940,fpp57,fnp105,fn3003,tn9895
	tp6852,fpp187,fnp126,fn2961,tn9874
	tp6786,fpp121,fnp137,fn3093,tn9863
	tp6860,fpp122,fnp160,fn3018,tn9840
	tp6835,fpp122,fnp144,fn3043,tn9856
	tp6854,fpp119,fnp144,fn3027,tn9856
	tp6827,fpp157,fnp123,fn3016,tn9877
	tp6802,fpp138,fnp107,fn3060,tn9893

k1-hp attack
pct,recall,precision,f1score,fpr,accuracy
100,0.609,0.990,0.754,0.006,0.803
	tp6150,fpp21,fnp56,fn3829,tn9944
	tp6066,fpp4,fnp27,fn3930,tn9973
	tp6154,fpp11,fnp16,fn3835,tn9984
	tp6090,fpp36,fnp34,fn3874,tn9966
	tp6022,fpp24,fnp47,fn3954,tn9953
	tp6061,fpp23,fnp36,fn3916,tn9964
	tp6104,fpp29,fnp52,fn3867,tn9948
	tp6132,fpp40,fnp44,fn3828,tn9956
	tp6077,fpp35,fnp29,fn3888,tn9971
	tp6079,fpp21,fnp31,fn3900,tn9969

k1-hp+ctw attack
pct,recall,precision,f1score,fpr,accuracy
100,0.685,0.965,0.802,0.025,0.836
	tp6923,fpp96,fnp144,fn2981,tn9856
	tp6859,fpp50,fnp98,fn3091,tn9902
	tp6940,fpp57,fnp105,fn3003,tn9895
	tp6852,fpp187,fnp126,fn2961,tn9874
	tp6786,fpp121,fnp137,fn3093,tn9863
	tp6860,fpp122,fnp160,fn3018,tn9840
	tp6835,fpp122,fnp144,fn3043,tn9856
	tp6854,fpp119,fnp144,fn3027,tn9856
	tp6827,fpp157,fnp123,fn3016,tn9877
	tp6802,fpp138,fnp107,fn3060,tn9893

k1-wf attack
pct,recall,precision,f1score,fpr,accuracy
100,0.631,0.536,0.580,0.546,0.649
	tp6360,fpp2106,fnp3313,fn1534,tn6687
	tp6296,fpp2161,fnp3287,fn1543,tn6713
	tp6340,fpp2130,fnp3295,fn1530,tn6705
	tp6313,fpp2130,fnp3421,fn1557,tn6579
	tp6234,fpp2189,fnp3265,fn1577,tn6735
	tp6274,fpp2166,fnp3716,fn1560,tn6284
	tp6329,fpp2110,fnp3298,fn1561,tn6702
	tp6367,fpp2077,fnp3383,fn1556,tn6617
	tp6304,fpp2080,fnp3238,fn1616,tn6762
	tp6319,fpp2108,fnp3100,fn1573,tn6900

k2-ctw attack
pct,recall,precision,f1score,fpr,accuracy
100,0.606,0.988,0.751,0.007,0.801
	tp6149,fpp6,fnp17,fn3845,tn9983
	tp6057,fpp2,fnp8,fn3941,tn9992
	tp6173,fpp41,fnp72,fn3786,tn9928
	tp6002,fpp41,fnp7,fn3957,tn9993
	tp5980,fpp67,fnp78,fn3953,tn9922
	tp6049,fpp5,fnp14,fn3946,tn9986
	tp6094,fpp17,fnp20,fn3889,tn9980
	tp6085,fpp67,fnp76,fn3848,tn9924
	tp6031,fpp86,fnp86,fn3883,tn9914
	tp6019,fpp27,fnp11,fn3954,tn9989

k2-hp attack
pct,recall,precision,f1score,fpr,accuracy
100,0.528,0.998,0.691,0.001,0.764
	tp5333,fpp3,fnp12,fn4664,tn9988
	tp5249,fpp0,fnp6,fn4751,tn9994
	tp5353,fpp5,fnp2,fn4642,tn9998
	tp5257,fpp2,fnp4,fn4741,tn9996
	tp5212,fpp5,fnp12,fn4783,tn9988
	tp5220,fpp1,fnp5,fn4779,tn9995
	tp5339,fpp6,fnp10,fn4655,tn9990
	tp5302,fpp6,fnp8,fn4692,tn9992
	tp5266,fpp3,fnp5,fn4731,tn9995
	tp5260,fpp2,fnp7,fn4738,tn9993

k2-hp+ctw attack
pct,recall,precision,f1score,fpr,accuracy
100,0.606,0.988,0.751,0.007,0.801
	tp6149,fpp6,fnp17,fn3845,tn9983
	tp6057,fpp2,fnp8,fn3941,tn9992
	tp6173,fpp41,fnp72,fn3786,tn9928
	tp6002,fpp41,fnp7,fn3957,tn9993
	tp5980,fpp67,fnp78,fn3953,tn9922
	tp6049,fpp5,fnp14,fn3946,tn9986
	tp6094,fpp17,fnp20,fn3889,tn9980
	tp6085,fpp67,fnp76,fn3848,tn9924
	tp6031,fpp86,fnp86,fn3883,tn9914
	tp6019,fpp27,fnp11,fn3954,tn9989

k2-wf attack
pct,recall,precision,f1score,fpr,accuracy
100,0.547,0.861,0.669,0.088,0.742
	tp5516,fpp253,fnp620,fn4231,tn9380
	tp5453,fpp228,fnp612,fn4319,tn9388
	tp5518,fpp252,fnp596,fn4230,tn9404
	tp5449,fpp320,fnp707,fn4231,tn9293
	tp5391,fpp241,fnp636,fn4368,tn9364
	tp5395,fpp257,fnp708,fn4348,tn9292
	tp5538,fpp263,fnp599,fn4199,tn9401
	tp5498,fpp237,fnp602,fn4265,tn9398
	tp5469,fpp257,fnp608,fn4274,tn9392
	tp5472,fpp256,fnp592,fn4272,tn9408

