2016-09-19 10:29:41.348184881 +0200 CEST: wfdns for 1000x100+100000 with a1000000 w60 r2500 s1.00

k1-ctw attack
pct,recall,precision,f1score,fpr,accuracy
100,0.675,0.991,0.803,0.006,0.836
	tp6747,fpp0,fnp0,fn3253,tn10000
	tp6767,fpp30,fnp62,fn3203,tn9938
	tp6799,fpp0,fnp7,fn3201,tn9993
	tp6804,fpp0,fnp0,fn3196,tn10000
	tp6723,fpp3,fnp5,fn3274,tn9995
	tp6714,fpp83,fnp83,fn3203,tn9917
	tp6699,fpp13,fnp20,fn3288,tn9980
	tp6767,fpp14,fnp18,fn3219,tn9982
	tp6764,fpp38,fnp74,fn3198,tn9926
	tp6672,fpp128,fnp10,fn3200,tn9990

k1-hp attack
pct,recall,precision,f1score,fpr,accuracy
100,0.597,0.999,0.747,0.001,0.798
	tp5971,fpp0,fnp0,fn4029,tn10000
	tp5970,fpp0,fnp1,fn4030,tn9999
	tp6027,fpp0,fnp6,fn3973,tn9994
	tp6000,fpp0,fnp0,fn4000,tn10000
	tp5930,fpp1,fnp3,fn4069,tn9997
	tp5937,fpp0,fnp4,fn4063,tn9996
	tp5924,fpp9,fnp12,fn4067,tn9988
	tp5992,fpp7,fnp13,fn4001,tn9987
	tp5972,fpp1,fnp5,fn4027,tn9995
	tp5971,fpp15,fnp4,fn4014,tn9996

k1-wf attack
pct,recall,precision,f1score,fpr,accuracy
100,0.631,0.535,0.579,0.548,0.648
	tp6327,fpp2101,fnp3322,fn1572,tn6678
	tp6302,fpp2167,fnp3246,fn1531,tn6754
	tp6363,fpp2123,fnp3298,fn1514,tn6702
	tp6337,fpp2098,fnp3368,fn1565,tn6632
	tp6281,fpp2182,fnp3332,fn1537,tn6668
	tp6252,fpp2212,fnp3829,fn1536,tn6171
	tp6272,fpp2128,fnp3397,fn1600,tn6603
	tp6346,fpp2058,fnp3375,fn1596,tn6625
	tp6324,fpp2095,fnp3283,fn1581,tn6717
	tp6285,fpp2118,fnp3082,fn1597,tn6918

k2-ctw attack
pct,recall,precision,f1score,fpr,accuracy
100,0.595,0.996,0.744,0.003,0.797
	tp5961,fpp0,fnp0,fn4039,tn10000
	tp5946,fpp30,fnp60,fn4024,tn9940
	tp5994,fpp0,fnp4,fn4006,tn9996
	tp5969,fpp0,fnp0,fn4031,tn10000
	tp5912,fpp1,fnp1,fn4087,tn9999
	tp5928,fpp1,fnp3,fn4071,tn9997
	tp5944,fpp0,fnp0,fn4056,tn10000
	tp5962,fpp1,fnp6,fn4037,tn9994
	tp5982,fpp35,fnp70,fn3983,tn9930
	tp5854,fpp54,fnp1,fn4092,tn9999

k2-hp attack
pct,recall,precision,f1score,fpr,accuracy
100,0.516,1.000,0.680,0.000,0.758
	tp5137,fpp0,fnp0,fn4863,tn10000
	tp5150,fpp0,fnp0,fn4850,tn10000
	tp5191,fpp0,fnp3,fn4809,tn9997
	tp5163,fpp0,fnp0,fn4837,tn10000
	tp5120,fpp0,fnp0,fn4880,tn10000
	tp5104,fpp0,fnp3,fn4896,tn9997
	tp5176,fpp0,fnp0,fn4824,tn10000
	tp5158,fpp0,fnp5,fn4842,tn9995
	tp5181,fpp0,fnp2,fn4819,tn9998
	tp5179,fpp3,fnp1,fn4818,tn9999

k2-wf attack
pct,recall,precision,f1score,fpr,accuracy
100,0.545,0.860,0.667,0.089,0.741
	tp5437,fpp252,fnp622,fn4311,tn9378
	tp5439,fpp252,fnp617,fn4309,tn9383
	tp5489,fpp261,fnp620,fn4250,tn9380
	tp5456,fpp320,fnp707,fn4224,tn9293
	tp5427,fpp255,fnp666,fn4318,tn9334
	tp5365,fpp258,fnp686,fn4377,tn9314
	tp5475,fpp256,fnp586,fn4269,tn9414
	tp5464,fpp232,fnp588,fn4304,tn9412
	tp5490,fpp249,fnp612,fn4261,tn9388
	tp5461,fpp258,fnp577,fn4281,tn9423

