2016-09-18 00:45:56.961557944 +0200 CEST: wfdns for 1000x100+100000 with a1000 w60 r2500 s1.00

k1-ctw attack
pct,recall,precision,f1score,fpr,accuracy
100,0.631,0.554,0.590,0.507,0.663
	tp6385,fpp1960,fnp2986,fn1655,tn7014
	tp6321,fpp2053,fnp2996,fn1626,tn7004
	tp6308,fpp2050,fnp3044,fn1642,tn6956
	tp6279,fpp2052,fnp3108,fn1669,tn6892
	tp6263,fpp2079,fnp3027,fn1658,tn6973
	tp6265,fpp2078,fnp3399,fn1657,tn6601
	tp6345,fpp1963,fnp3049,fn1692,tn6951
	tp6355,fpp1939,fnp3060,fn1706,tn6940
	tp6347,fpp1966,fnp3067,fn1687,tn6933
	tp6272,fpp2004,fnp2868,fn1724,tn7132

k1-hp attack
pct,recall,precision,f1score,fpr,accuracy
100,0.627,0.568,0.596,0.476,0.669
	tp6332,fpp1780,fnp2751,fn1888,tn7249
	tp6276,fpp1852,fnp2807,fn1872,tn7193
	tp6268,fpp1901,fnp2911,fn1831,tn7089
	tp6243,fpp1931,fnp2979,fn1826,tn7021
	tp6226,fpp1958,fnp2881,fn1816,tn7119
	tp6205,fpp1948,fnp3223,fn1847,tn6777
	tp6305,fpp1845,fnp2890,fn1850,tn7110
	tp6304,fpp1803,fnp2817,fn1893,tn7183
	tp6282,fpp1842,fnp2935,fn1876,tn7065
	tp6221,fpp1876,fnp2707,fn1903,tn7293

k1-wf attack
pct,recall,precision,f1score,fpr,accuracy
100,0.631,0.536,0.580,0.547,0.648
	tp6379,fpp2084,fnp3315,fn1537,tn6685
	tp6315,fpp2160,fnp3240,fn1525,tn6760
	tp6316,fpp2138,fnp3303,fn1546,tn6697
	tp6293,fpp2137,fnp3383,fn1570,tn6617
	tp6271,fpp2172,fnp3341,fn1557,tn6659
	tp6258,fpp2208,fnp3697,fn1534,tn6303
	tp6338,fpp2079,fnp3303,fn1583,tn6697
	tp6355,fpp2064,fnp3424,fn1581,tn6576
	tp6327,fpp2093,fnp3300,fn1580,tn6700
	tp6275,fpp2129,fnp3149,fn1596,tn6851

k2-ctw attack
pct,recall,precision,f1score,fpr,accuracy
100,0.548,0.865,0.671,0.086,0.744
	tp5545,fpp307,fnp617,fn4148,tn9383
	tp5462,fpp290,fnp620,fn4248,tn9380
	tp5488,fpp271,fnp588,fn4241,tn9412
	tp5430,fpp309,fnp664,fn4261,tn9336
	tp5407,fpp246,fnp597,fn4347,tn9403
	tp5402,fpp262,fnp632,fn4336,tn9368
	tp5585,fpp258,fnp568,fn4157,tn9432
	tp5529,fpp234,fnp573,fn4237,tn9427
	tp5509,fpp225,fnp575,fn4266,tn9425
	tp5454,fpp220,fnp517,fn4326,tn9483

k2-hp attack
pct,recall,precision,f1score,fpr,accuracy
100,0.543,0.874,0.670,0.078,0.744
	tp5487,fpp229,fnp516,fn4284,tn9484
	tp5415,fpp215,fnp533,fn4370,tn9467
	tp5451,fpp240,fnp557,fn4309,tn9443
	tp5390,fpp294,fnp634,fn4316,tn9366
	tp5376,fpp226,fnp562,fn4398,tn9438
	tp5338,fpp228,fnp603,fn4434,tn9397
	tp5537,fpp238,fnp539,fn4225,tn9461
	tp5477,fpp208,fnp540,fn4315,tn9460
	tp5450,fpp209,fnp550,fn4341,tn9450
	tp5395,fpp197,fnp486,fn4408,tn9514

k2-wf attack
pct,recall,precision,f1score,fpr,accuracy
100,0.547,0.859,0.669,0.090,0.742
	tp5528,fpp265,fnp618,fn4207,tn9382
	tp5451,fpp241,fnp599,fn4308,tn9401
	tp5493,fpp266,fnp636,fn4241,tn9364
	tp5437,fpp328,fnp721,fn4235,tn9279
	tp5418,fpp254,fnp668,fn4328,tn9332
	tp5383,fpp259,fnp690,fn4358,tn9310
	tp5566,fpp261,fnp608,fn4173,tn9392
	tp5520,fpp236,fnp619,fn4244,tn9381
	tp5487,fpp258,fnp626,fn4255,tn9374
	tp5441,fpp240,fnp578,fn4319,tn9422

