2016-09-17 10:55:42.321364069 +0200 CEST: wfdns for 1000x100+100000 with a100 w60 r2500 s1.00

k1-ctw attack
pct,recall,precision,f1score,fpr,accuracy
100,0.630,0.537,0.579,0.544,0.649
	tp6341,fpp2092,fnp3250,fn1567,tn6750
	tp6325,fpp2137,fnp3227,fn1538,tn6773
	tp6310,fpp2151,fnp3234,fn1539,tn6766
	tp6313,fpp2124,fnp3423,fn1563,tn6577
	tp6236,fpp2164,fnp3352,fn1600,tn6648
	tp6276,fpp2190,fnp3716,fn1534,tn6284
	tp6298,fpp2115,fnp3324,fn1587,tn6676
	tp6337,fpp2036,fnp3336,fn1627,tn6664
	tp6286,fpp2097,fnp3262,fn1617,tn6738
	tp6241,fpp2105,fnp3081,fn1654,tn6919

k1-hp attack
pct,recall,precision,f1score,fpr,accuracy
100,0.629,0.538,0.580,0.541,0.650
	tp6335,fpp2073,fnp3217,fn1592,tn6783
	tp6319,fpp2130,fnp3218,fn1551,tn6782
	tp6308,fpp2137,fnp3223,fn1555,tn6777
	tp6307,fpp2119,fnp3408,fn1574,tn6592
	tp6232,fpp2150,fnp3345,fn1618,tn6655
	tp6274,fpp2179,fnp3712,fn1547,tn6288
	tp6297,fpp2109,fnp3315,fn1594,tn6685
	tp6337,fpp2031,fnp3331,fn1632,tn6669
	tp6281,fpp2061,fnp3191,fn1658,tn6809
	tp6236,fpp2085,fnp3057,fn1679,tn6943

k1-wf attack
pct,recall,precision,f1score,fpr,accuracy
100,0.630,0.535,0.578,0.548,0.648
	tp6342,fpp2103,fnp3282,fn1555,tn6718
	tp6322,fpp2154,fnp3256,fn1524,tn6744
	tp6311,fpp2161,fnp3255,fn1528,tn6745
	tp6315,fpp2140,fnp3462,fn1545,tn6538
	tp6234,fpp2171,fnp3358,fn1595,tn6642
	tp6282,fpp2190,fnp3731,fn1528,tn6269
	tp6300,fpp2118,fnp3341,fn1582,tn6659
	tp6342,fpp2037,fnp3346,fn1621,tn6654
	tp6287,fpp2116,fnp3301,fn1597,tn6699
	tp6242,fpp2125,fnp3116,fn1633,tn6884

k2-ctw attack
pct,recall,precision,f1score,fpr,accuracy
100,0.544,0.860,0.667,0.089,0.741
	tp5473,fpp258,fnp605,fn4269,tn9395
	tp5471,fpp236,fnp592,fn4293,tn9408
	tp5459,fpp245,fnp603,fn4296,tn9397
	tp5439,fpp310,fnp688,fn4251,tn9312
	tp5359,fpp257,fnp678,fn4384,tn9322
	tp5413,fpp261,fnp717,fn4326,tn9283
	tp5482,fpp271,fnp591,fn4247,tn9409
	tp5470,fpp245,fnp597,fn4285,tn9403
	tp5461,fpp259,fnp621,fn4280,tn9379
	tp5418,fpp244,fnp600,fn4338,tn9400

k2-hp attack
pct,recall,precision,f1score,fpr,accuracy
100,0.544,0.860,0.666,0.088,0.741
	tp5465,fpp254,fnp601,fn4281,tn9399
	tp5465,fpp236,fnp592,fn4299,tn9408
	tp5457,fpp245,fnp601,fn4298,tn9399
	tp5427,fpp308,fnp684,fn4265,tn9316
	tp5354,fpp257,fnp675,fn4389,tn9325
	tp5408,fpp256,fnp715,fn4336,tn9285
	tp5476,fpp271,fnp590,fn4253,tn9410
	tp5470,fpp245,fnp596,fn4285,tn9404
	tp5454,fpp258,fnp618,fn4288,tn9382
	tp5415,fpp241,fnp598,fn4344,tn9402

k2-wf attack
pct,recall,precision,f1score,fpr,accuracy
100,0.544,0.859,0.666,0.089,0.741
	tp5472,fpp260,fnp612,fn4268,tn9388
	tp5468,fpp240,fnp599,fn4292,tn9401
	tp5459,fpp247,fnp605,fn4294,tn9395
	tp5435,fpp314,fnp695,fn4251,tn9305
	tp5356,fpp261,fnp678,fn4383,tn9322
	tp5416,fpp257,fnp723,fn4327,tn9277
	tp5479,fpp271,fnp591,fn4250,tn9409
	tp5474,fpp245,fnp599,fn4281,tn9401
	tp5459,fpp259,fnp630,fn4282,tn9370
	tp5420,fpp247,fnp606,fn4333,tn9394

