2016-09-19 21:29:22.621940945 +0200 CEST: wfdns for 1000x100+100000 with a10000000 w60 r2500 s1.00

k1-ctw attack
pct,recall,precision,f1score,fpr,accuracy
100,0.674,0.998,0.805,0.001,0.837
	tp6772,fpp6,fnp12,fn3222,tn9988
	tp6761,fpp23,fnp65,fn3216,tn9935
	tp6772,fpp0,fnp0,fn3228,tn10000
	tp6706,fpp0,fnp0,fn3294,tn10000
	tp6715,fpp0,fnp2,fn3285,tn9998
	tp6739,fpp0,fnp0,fn3261,tn10000
	tp6732,fpp0,fnp0,fn3268,tn10000
	tp6770,fpp0,fnp0,fn3230,tn10000
	tp6758,fpp0,fnp0,fn3242,tn10000
	tp6698,fpp0,fnp0,fn3302,tn10000

k1-hp attack
pct,recall,precision,f1score,fpr,accuracy
100,0.596,1.000,0.747,0.000,0.798
	tp5992,fpp2,fnp10,fn4006,tn9990
	tp5957,fpp0,fnp2,fn4043,tn9998
	tp5977,fpp0,fnp0,fn4023,tn10000
	tp5921,fpp0,fnp0,fn4079,tn10000
	tp5937,fpp0,fnp1,fn4063,tn9999
	tp5936,fpp0,fnp0,fn4064,tn10000
	tp5980,fpp0,fnp0,fn4020,tn10000
	tp5992,fpp0,fnp0,fn4008,tn10000
	tp5950,fpp0,fnp0,fn4050,tn10000
	tp5921,fpp0,fnp0,fn4079,tn10000

k1-wf attack
pct,recall,precision,f1score,fpr,accuracy
100,0.629,0.534,0.578,0.549,0.647
	tp6329,fpp2113,fnp3338,fn1558,tn6662
	tp6273,fpp2183,fnp3309,fn1544,tn6691
	tp6315,fpp2133,fnp3287,fn1552,tn6713
	tp6262,fpp2151,fnp3444,fn1587,tn6556
	tp6257,fpp2149,fnp3273,fn1594,tn6727
	tp6281,fpp2211,fnp3722,fn1508,tn6278
	tp6281,fpp2077,fnp3351,fn1642,tn6649
	tp6309,fpp2083,fnp3353,fn1608,tn6647
	tp6311,fpp2097,fnp3330,fn1592,tn6670
	tp6256,fpp2126,fnp3138,fn1618,tn6862

k2-ctw attack
pct,recall,precision,f1score,fpr,accuracy
100,0.595,0.999,0.746,0.001,0.797
	tp5969,fpp0,fnp5,fn4031,tn9995
	tp5963,fpp23,fnp60,fn4014,tn9940
	tp6000,fpp0,fnp0,fn4000,tn10000
	tp5880,fpp0,fnp0,fn4120,tn10000
	tp5901,fpp0,fnp0,fn4099,tn10000
	tp5920,fpp0,fnp0,fn4080,tn10000
	tp5996,fpp0,fnp0,fn4004,tn10000
	tp5943,fpp0,fnp0,fn4057,tn10000
	tp5997,fpp0,fnp0,fn4003,tn10000
	tp5911,fpp0,fnp0,fn4089,tn10000

k2-hp attack
pct,recall,precision,f1score,fpr,accuracy
100,0.514,1.000,0.679,0.000,0.757
	tp5172,fpp0,fnp5,fn4828,tn9995
	tp5153,fpp0,fnp0,fn4847,tn10000
	tp5183,fpp0,fnp0,fn4817,tn10000
	tp5074,fpp0,fnp0,fn4926,tn10000
	tp5098,fpp0,fnp0,fn4902,tn10000
	tp5085,fpp0,fnp0,fn4915,tn10000
	tp5231,fpp0,fnp0,fn4769,tn10000
	tp5158,fpp0,fnp0,fn4842,tn10000
	tp5177,fpp0,fnp0,fn4823,tn10000
	tp5109,fpp0,fnp0,fn4891,tn10000

k2-wf attack
pct,recall,precision,f1score,fpr,accuracy
100,0.543,0.858,0.665,0.090,0.740
	tp5454,fpp272,fnp622,fn4274,tn9378
	tp5421,fpp238,fnp621,fn4341,tn9379
	tp5490,fpp277,fnp625,fn4233,tn9375
	tp5367,fpp322,fnp704,fn4311,tn9296
	tp5373,fpp255,fnp646,fn4372,tn9354
	tp5393,fpp266,fnp700,fn4341,tn9300
	tp5496,fpp262,fnp613,fn4242,tn9387
	tp5423,fpp220,fnp573,fn4357,tn9427
	tp5492,fpp261,fnp637,fn4247,tn9363
	tp5405,fpp260,fnp602,fn4335,tn9398

