2016-08-04 16:09:41.402430637 +0200 CEST: wfdns for 1000x100+100000 with a1 w60 r2500 s1.00

k2-ctw attack
pct,recall,precision,f1score,fpr,accuracy
33,0.202,0.999,0.336,0.000,0.601
	tp2038,fpp1,fnp1,fn7961,tn9999
	tp2048,fpp0,fnp0,fn7952,tn10000
	tp1961,fpp0,fnp0,fn8039,tn10000
	tp2027,fpp0,fnp0,fn7973,tn10000
	tp2027,fpp0,fnp0,fn7973,tn10000
	tp2029,fpp0,fnp0,fn7971,tn10000
	tp2025,fpp0,fnp0,fn7975,tn10000
	tp1984,fpp0,fnp0,fn8016,tn10000
	tp2038,fpp0,fnp0,fn7962,tn10000
	tp2020,fpp18,fnp1,fn7962,tn9999

k2-hp attack
pct,recall,precision,f1score,fpr,accuracy
33,0.175,1.000,0.297,0.000,0.587
	tp1763,fpp0,fnp0,fn8237,tn10000
	tp1762,fpp0,fnp0,fn8238,tn10000
	tp1699,fpp0,fnp0,fn8301,tn10000
	tp1750,fpp0,fnp0,fn8250,tn10000
	tp1755,fpp0,fnp0,fn8245,tn10000
	tp1751,fpp0,fnp0,fn8249,tn10000
	tp1752,fpp0,fnp0,fn8248,tn10000
	tp1728,fpp0,fnp0,fn8272,tn10000
	tp1755,fpp0,fnp0,fn8245,tn10000
	tp1750,fpp0,fnp0,fn8250,tn10000

k2-wf attack
pct,recall,precision,f1score,fpr,accuracy
33,0.546,0.860,0.668,0.089,0.741
	tp5507,fpp265,fnp620,fn4228,tn9380
	tp5488,fpp226,fnp637,fn4286,tn9363
	tp5475,fpp259,fnp596,fn4266,tn9404
	tp5386,fpp316,fnp708,fn4298,tn9292
	tp5434,fpp246,fnp653,fn4320,tn9347
	tp5374,fpp257,fnp700,fn4369,tn9300
	tp5498,fpp269,fnp596,fn4233,tn9404
	tp5530,fpp230,fnp579,fn4240,tn9421
	tp5454,fpp260,fnp655,fn4286,tn9345
	tp5468,fpp252,fnp585,fn4280,tn9415

