2016-08-06 05:51:46.55210711 +0200 CEST: wfdns for 1000x100+100000 with a10000 w60 r2500 s1.00

k2-ctw attack
pct,recall,precision,f1score,fpr,accuracy
33,0.206,0.939,0.337,0.014,0.601
	tp2041,fpp80,fnp11,fn7879,tn9989
	tp2058,fpp76,fnp73,fn7866,tn9927
	tp2049,fpp90,fnp18,fn7861,tn9982
	tp2116,fpp29,fnp12,fn7855,tn9988
	tp2091,fpp121,fnp11,fn7788,tn9989
	tp2018,fpp109,fnp9,fn7873,tn9991
	tp2086,fpp127,fnp22,fn7787,tn9978
	tp2064,fpp112,fnp21,fn7824,tn9979
	tp1975,fpp214,fnp82,fn7811,tn9918
	tp2055,fpp70,fnp64,fn7875,tn9936

k2-hp attack
pct,recall,precision,f1score,fpr,accuracy
33,0.179,0.995,0.304,0.001,0.589
	tp1781,fpp1,fnp5,fn8218,tn9995
	tp1781,fpp2,fnp10,fn8217,tn9990
	tp1821,fpp3,fnp8,fn8176,tn9992
	tp1843,fpp5,fnp3,fn8152,tn9997
	tp1830,fpp3,fnp4,fn8167,tn9996
	tp1712,fpp2,fnp4,fn8286,tn9996
	tp1849,fpp3,fnp12,fn8148,tn9988
	tp1801,fpp7,fnp11,fn8192,tn9989
	tp1741,fpp5,fnp8,fn8254,tn9992
	tp1777,fpp0,fnp3,fn8223,tn9997

k2-wf attack
pct,recall,precision,f1score,fpr,accuracy
33,0.546,0.860,0.668,0.089,0.742
	tp5510,fpp264,fnp614,fn4226,tn9386
	tp5452,fpp249,fnp601,fn4299,tn9399
	tp5509,fpp253,fnp639,fn4238,tn9361
	tp5453,fpp311,fnp714,fn4236,tn9286
	tp5379,fpp261,fnp643,fn4360,tn9357
	tp5375,fpp265,fnp707,fn4360,tn9293
	tp5486,fpp276,fnp593,fn4238,tn9407
	tp5504,fpp233,fnp584,fn4263,tn9416
	tp5434,fpp259,fnp593,fn4307,tn9407
	tp5509,fpp248,fnp605,fn4243,tn9395

