2016-08-07 18:24:49.656561079 +0200 CEST: wfdns for 1000x100+100000 with a100000000 w60 r2500 s1.00

k2-ctw attack
pct,recall,precision,f1score,fpr,accuracy
33,0.201,1.000,0.334,0.000,0.600
	tp2002,fpp0,fnp0,fn7998,tn10000
	tp2031,fpp0,fnp0,fn7969,tn10000
	tp2003,fpp0,fnp0,fn7997,tn10000
	tp2018,fpp0,fnp0,fn7982,tn10000
	tp1937,fpp0,fnp0,fn8063,tn10000
	tp2017,fpp0,fnp0,fn7983,tn10000
	tp1994,fpp0,fnp0,fn8006,tn10000
	tp1958,fpp0,fnp0,fn8042,tn10000
	tp2062,fpp0,fnp0,fn7938,tn10000
	tp2034,fpp0,fnp0,fn7966,tn10000

k2-hp attack
pct,recall,precision,f1score,fpr,accuracy
33,0.173,1.000,0.295,0.000,0.587
	tp1739,fpp0,fnp0,fn8261,tn10000
	tp1753,fpp0,fnp0,fn8247,tn10000
	tp1715,fpp0,fnp0,fn8285,tn10000
	tp1747,fpp0,fnp0,fn8253,tn10000
	tp1685,fpp0,fnp0,fn8315,tn10000
	tp1715,fpp0,fnp0,fn8285,tn10000
	tp1738,fpp0,fnp0,fn8262,tn10000
	tp1694,fpp0,fnp0,fn8306,tn10000
	tp1766,fpp0,fnp0,fn8234,tn10000
	tp1765,fpp0,fnp0,fn8235,tn10000

k2-wf attack
pct,recall,precision,f1score,fpr,accuracy
33,0.544,0.859,0.666,0.090,0.740
	tp5450,fpp267,fnp624,fn4283,tn9376
	tp5473,fpp241,fnp608,fn4286,tn9392
	tp5491,fpp253,fnp636,fn4256,tn9364
	tp5398,fpp311,fnp738,fn4291,tn9262
	tp5374,fpp260,fnp655,fn4366,tn9345
	tp5417,fpp265,fnp693,fn4318,tn9307
	tp5506,fpp258,fnp592,fn4236,tn9408
	tp5417,fpp223,fnp595,fn4360,tn9405
	tp5414,fpp275,fnp625,fn4311,tn9375
	tp5494,fpp250,fnp587,fn4256,tn9413

