2016-08-03 23:22:48.959348692 +0000 UTC: wfdns for 1000x100+100000 with a10 w60 r2500 s1.00

k2-ctw attack
pct,recall,precision,f1score,fpr,accuracy
33,0.446,0.834,0.581,0.089,0.697
	tp4485,fpp401,fnp480,fn5114,tn9520
	tp4443,fpp340,fnp504,fn5217,tn9496
	tp4515,fpp372,fnp497,fn5113,tn9503
	tp4509,fpp441,fnp619,fn5050,tn9381
	tp4491,fpp364,fnp512,fn5145,tn9488
	tp4383,fpp381,fnp550,fn5236,tn9450
	tp4559,fpp382,fnp491,fn5059,tn9509
	tp4465,fpp346,fnp487,fn5189,tn9513
	tp4454,fpp368,fnp491,fn5178,tn9509
	tp4284,fpp397,fnp466,fn5319,tn9534

k2-hp attack
pct,recall,precision,f1score,fpr,accuracy
33,0.439,0.870,0.583,0.065,0.697
	tp4404,fpp195,fnp425,fn5401,tn9575
	tp4365,fpp178,fnp446,fn5457,tn9554
	tp4432,fpp185,fnp448,fn5383,tn9552
	tp4424,fpp260,fnp559,fn5316,tn9441
	tp4418,fpp201,fnp455,fn5381,tn9545
	tp4322,fpp221,fnp477,fn5457,tn9523
	tp4500,fpp203,fnp442,fn5297,tn9558
	tp4407,fpp190,fnp421,fn5403,tn9579
	tp4392,fpp201,fnp443,fn5407,tn9557
	tp4218,fpp182,fnp407,fn5600,tn9593

k2-wf attack
pct,recall,precision,f1score,fpr,accuracy
33,0.545,0.860,0.667,0.089,0.741
	tp5492,fpp245,fnp618,fn4263,tn9382
	tp5410,fpp256,fnp595,fn4334,tn9405
	tp5537,fpp245,fnp619,fn4218,tn9381
	tp5460,fpp334,fnp721,fn4206,tn9279
	tp5404,fpp246,fnp643,fn4350,tn9357
	tp5390,fpp266,fnp686,fn4344,tn9314
	tp5460,fpp258,fnp597,fn4282,tn9403
	tp5449,fpp240,fnp592,fn4311,tn9408
	tp5466,fpp262,fnp620,fn4272,tn9380
	tp5451,fpp256,fnp574,fn4293,tn9426

