2016-08-04 17:56:25.8279339 +0000 UTC: wfdns for 1000x100+100000 with a10 w60 r2500 s1.00

k2-ctw attack
pct,recall,precision,f1score,fpr,accuracy
33,0.202,1.000,0.336,0.000,0.601
	tp2008,fpp0,fnp0,fn7992,tn10000
	tp2058,fpp0,fnp0,fn7942,tn10000
	tp2096,fpp0,fnp0,fn7904,tn10000
	tp1945,fpp0,fnp0,fn8055,tn10000
	tp1987,fpp0,fnp0,fn8013,tn10000
	tp2040,fpp0,fnp0,fn7960,tn10000
	tp2043,fpp0,fnp0,fn7957,tn10000
	tp2057,fpp0,fnp0,fn7943,tn10000
	tp2001,fpp0,fnp0,fn7999,tn10000
	tp1939,fpp0,fnp0,fn8061,tn10000

k2-hp attack
pct,recall,precision,f1score,fpr,accuracy
33,0.174,1.000,0.297,0.000,0.587
	tp1741,fpp0,fnp0,fn8259,tn10000
	tp1780,fpp0,fnp0,fn8220,tn10000
	tp1812,fpp0,fnp0,fn8188,tn10000
	tp1691,fpp0,fnp0,fn8309,tn10000
	tp1722,fpp0,fnp0,fn8278,tn10000
	tp1716,fpp0,fnp0,fn8284,tn10000
	tp1771,fpp0,fnp0,fn8229,tn10000
	tp1778,fpp0,fnp0,fn8222,tn10000
	tp1723,fpp0,fnp0,fn8277,tn10000
	tp1686,fpp0,fnp0,fn8314,tn10000

k2-wf attack
pct,recall,precision,f1score,fpr,accuracy
33,0.546,0.861,0.668,0.088,0.741
	tp5483,fpp251,fnp608,fn4266,tn9392
	tp5468,fpp238,fnp598,fn4294,tn9402
	tp5513,fpp247,fnp616,fn4240,tn9384
	tp5427,fpp329,fnp723,fn4244,tn9277
	tp5451,fpp246,fnp636,fn4303,tn9364
	tp5370,fpp256,fnp689,fn4374,tn9311
	tp5501,fpp256,fnp597,fn4243,tn9403
	tp5431,fpp223,fnp590,fn4346,tn9410
	tp5451,fpp234,fnp626,fn4315,tn9374
	tp5480,fpp251,fnp597,fn4269,tn9403

