2016-08-07 15:55:55.837882712 +0000 UTC: wfdns for 1000x100+100000 with a10000000 w60 r2500 s1.00

k2-ctw attack
pct,recall,precision,f1score,fpr,accuracy
33,0.200,1.000,0.333,0.000,0.600
	tp2018,fpp0,fnp0,fn7982,tn10000
	tp1997,fpp0,fnp0,fn8003,tn10000
	tp1965,fpp0,fnp0,fn8035,tn10000
	tp1939,fpp0,fnp0,fn8061,tn10000
	tp2023,fpp0,fnp0,fn7977,tn10000
	tp2038,fpp0,fnp0,fn7962,tn10000
	tp1999,fpp0,fnp0,fn8001,tn10000
	tp2057,fpp0,fnp0,fn7943,tn10000
	tp1960,fpp0,fnp0,fn8040,tn10000
	tp2012,fpp0,fnp0,fn7988,tn10000

k2-hp attack
pct,recall,precision,f1score,fpr,accuracy
33,0.173,1.000,0.295,0.000,0.586
	tp1756,fpp0,fnp0,fn8244,tn10000
	tp1712,fpp0,fnp0,fn8288,tn10000
	tp1703,fpp0,fnp0,fn8297,tn10000
	tp1685,fpp0,fnp0,fn8315,tn10000
	tp1760,fpp0,fnp0,fn8240,tn10000
	tp1745,fpp0,fnp0,fn8255,tn10000
	tp1744,fpp0,fnp0,fn8256,tn10000
	tp1753,fpp0,fnp0,fn8247,tn10000
	tp1697,fpp0,fnp0,fn8303,tn10000
	tp1717,fpp0,fnp0,fn8283,tn10000

k2-wf attack
pct,recall,precision,f1score,fpr,accuracy
33,0.546,0.860,0.668,0.089,0.741
	tp5489,fpp238,fnp609,fn4273,tn9391
	tp5433,fpp235,fnp596,fn4332,tn9404
	tp5476,fpp265,fnp629,fn4259,tn9371
	tp5441,fpp318,fnp724,fn4241,tn9276
	tp5400,fpp273,fnp628,fn4327,tn9372
	tp5380,fpp261,fnp701,fn4359,tn9299
	tp5523,fpp253,fnp601,fn4224,tn9399
	tp5499,fpp235,fnp599,fn4266,tn9401
	tp5467,fpp252,fnp595,fn4281,tn9405
	tp5465,fpp250,fnp595,fn4285,tn9405

