2016-08-06 21:31:28.127714026 +0200 CEST: wfdns for 1000x100+100000 with a1000000 w60 r2500 s1.00

k2-ctw attack
pct,recall,precision,f1score,fpr,accuracy
33,0.201,1.000,0.335,0.000,0.601
	tp1990,fpp0,fnp0,fn8010,tn10000
	tp1947,fpp0,fnp0,fn8053,tn10000
	tp1995,fpp0,fnp0,fn8005,tn10000
	tp1986,fpp0,fnp0,fn8014,tn10000
	tp1965,fpp0,fnp0,fn8035,tn10000
	tp2035,fpp0,fnp0,fn7965,tn10000
	tp2033,fpp0,fnp0,fn7967,tn10000
	tp2039,fpp0,fnp0,fn7961,tn10000
	tp2024,fpp0,fnp0,fn7976,tn10000
	tp2109,fpp0,fnp0,fn7891,tn10000

k2-hp attack
pct,recall,precision,f1score,fpr,accuracy
33,0.174,1.000,0.296,0.000,0.587
	tp1720,fpp0,fnp0,fn8280,tn10000
	tp1667,fpp0,fnp0,fn8333,tn10000
	tp1747,fpp0,fnp0,fn8253,tn10000
	tp1723,fpp0,fnp0,fn8277,tn10000
	tp1706,fpp0,fnp0,fn8294,tn10000
	tp1730,fpp0,fnp0,fn8270,tn10000
	tp1778,fpp0,fnp0,fn8222,tn10000
	tp1768,fpp0,fnp0,fn8232,tn10000
	tp1748,fpp0,fnp0,fn8252,tn10000
	tp1818,fpp0,fnp0,fn8182,tn10000

k2-wf attack
pct,recall,precision,f1score,fpr,accuracy
33,0.545,0.860,0.667,0.089,0.741
	tp5453,fpp271,fnp608,fn4276,tn9392
	tp5462,fpp250,fnp645,fn4288,tn9355
	tp5504,fpp263,fnp610,fn4233,tn9390
	tp5474,fpp320,fnp703,fn4206,tn9297
	tp5401,fpp263,fnp636,fn4336,tn9364
	tp5333,fpp256,fnp690,fn4411,tn9310
	tp5507,fpp272,fnp594,fn4221,tn9406
	tp5482,fpp235,fnp593,fn4283,tn9407
	tp5386,fpp251,fnp568,fn4363,tn9432
	tp5511,fpp232,fnp617,fn4257,tn9383

