2016-08-05 06:42:33.074317568 +0000 UTC: wfdns for 1000x100+100000 with a1000 w60 r2500 s1.00

k2-ctw attack
pct,recall,precision,f1score,fpr,accuracy
33,0.201,0.972,0.333,0.006,0.600
	tp1972,fpp68,fnp65,fn7960,tn9935
	tp2025,fpp53,fnp60,fn7922,tn9940
	tp2023,fpp0,fnp1,fn7977,tn9999
	tp1980,fpp3,fnp2,fn8017,tn9998
	tp2002,fpp56,fnp1,fn7942,tn9999
	tp2029,fpp12,fnp2,fn7959,tn9998
	tp2061,fpp1,fnp3,fn7938,tn9997
	tp2033,fpp78,fnp2,fn7889,tn9998
	tp2051,fpp76,fnp3,fn7873,tn9997
	tp1943,fpp84,fnp9,fn7973,tn9991

k2-hp attack
pct,recall,precision,f1score,fpr,accuracy
33,0.174,0.999,0.297,0.000,0.587
	tp1714,fpp1,fnp5,fn8285,tn9995
	tp1733,fpp0,fnp0,fn8267,tn10000
	tp1767,fpp0,fnp0,fn8233,tn10000
	tp1726,fpp0,fnp2,fn8274,tn9998
	tp1741,fpp1,fnp1,fn8258,tn9999
	tp1730,fpp1,fnp0,fn8269,tn10000
	tp1805,fpp0,fnp0,fn8195,tn10000
	tp1756,fpp1,fnp0,fn8243,tn10000
	tp1770,fpp0,fnp2,fn8230,tn9998
	tp1707,fpp6,fnp0,fn8287,tn10000

k2-wf attack
pct,recall,precision,f1score,fpr,accuracy
33,0.546,0.860,0.668,0.089,0.742
	tp5482,fpp261,fnp629,fn4257,tn9371
	tp5506,fpp237,fnp621,fn4257,tn9379
	tp5513,fpp247,fnp619,fn4240,tn9381
	tp5426,fpp331,fnp719,fn4243,tn9281
	tp5401,fpp251,fnp648,fn4348,tn9352
	tp5381,fpp272,fnp704,fn4347,tn9296
	tp5479,fpp253,fnp584,fn4268,tn9416
	tp5516,fpp235,fnp587,fn4249,tn9413
	tp5461,fpp252,fnp631,fn4287,tn9369
	tp5475,fpp251,fnp591,fn4274,tn9409

