2016-08-06 00:37:08.702196243 +0200 CEST: wfdns for 1000x100+100000 with a10000 w60 r2500 s1.00

k2-ctw attack
pct,recall,precision,f1score,fpr,accuracy
33,0.200,1.000,0.334,0.000,0.600
	tp1991,fpp0,fnp0,fn8009,tn10000
	tp1998,fpp0,fnp0,fn8002,tn10000
	tp2083,fpp0,fnp0,fn7917,tn10000
	tp1973,fpp0,fnp0,fn8027,tn10000
	tp1949,fpp0,fnp0,fn8051,tn10000
	tp1929,fpp0,fnp0,fn8071,tn10000
	tp2010,fpp1,fnp1,fn7989,tn9999
	tp1992,fpp0,fnp0,fn8008,tn10000
	tp2070,fpp0,fnp0,fn7930,tn10000
	tp2044,fpp0,fnp0,fn7956,tn10000

k2-hp attack
pct,recall,precision,f1score,fpr,accuracy
33,0.172,1.000,0.294,0.000,0.586
	tp1720,fpp0,fnp0,fn8280,tn10000
	tp1700,fpp0,fnp0,fn8300,tn10000
	tp1786,fpp0,fnp0,fn8214,tn10000
	tp1666,fpp0,fnp0,fn8334,tn10000
	tp1682,fpp0,fnp0,fn8318,tn10000
	tp1646,fpp0,fnp0,fn8354,tn10000
	tp1754,fpp0,fnp1,fn8246,tn9999
	tp1719,fpp0,fnp0,fn8281,tn10000
	tp1790,fpp0,fnp0,fn8210,tn10000
	tp1781,fpp0,fnp0,fn8219,tn10000

k2-wf attack
pct,recall,precision,f1score,fpr,accuracy
33,0.546,0.859,0.668,0.089,0.741
	tp5508,fpp257,fnp630,fn4235,tn9370
	tp5437,fpp233,fnp620,fn4330,tn9380
	tp5520,fpp252,fnp601,fn4228,tn9399
	tp5411,fpp320,fnp711,fn4269,tn9289
	tp5450,fpp257,fnp680,fn4293,tn9320
	tp5401,fpp257,fnp686,fn4342,tn9314
	tp5473,fpp263,fnp601,fn4264,tn9399
	tp5463,fpp243,fnp621,fn4294,tn9379
	tp5476,fpp255,fnp636,fn4269,tn9364
	tp5470,fpp241,fnp583,fn4289,tn9417

