2016-09-17 09:39:41.300207664 +0200 CEST: wfdns for 1000x100+100000 with a10000 w60 r900 s1.00

k1-ctw attack
pct,recall,precision,f1score,fpr,accuracy
33,0.094,0.550,0.159,0.088,0.527
	tp880,fpp1018,fnp1085,fn8102,tn8915
	tp917,fpp925,fnp884,fn8158,tn9116
	tp712,fpp312,fnp165,fn8976,tn9835
	tp1053,fpp365,fnp243,fn8582,tn9757
	tp912,fpp384,fnp171,fn8704,tn9829
	tp1131,fpp477,fnp328,fn8392,tn9672
	tp803,fpp385,fnp260,fn8812,tn9740
	tp1002,fpp334,fnp230,fn8664,tn9770
	tp1004,fpp388,fnp302,fn8608,tn9698
	tp976,fpp315,fnp226,fn8709,tn9774

k1-hp attack
pct,recall,precision,f1score,fpr,accuracy
33,0.082,0.701,0.145,0.046,0.529
	tp774,fpp752,fnp904,fn8474,tn9096
	tp822,fpp492,fnp683,fn8686,tn9317
	tp630,fpp86,fnp52,fn9284,tn9948
	tp928,fpp105,fnp103,fn8967,tn9897
	tp807,fpp116,fnp54,fn9077,tn9946
	tp897,fpp100,fnp147,fn9003,tn9853
	tp690,fpp118,fnp108,fn9192,tn9892
	tp875,fpp133,fnp82,fn8992,tn9918
	tp872,fpp143,fnp131,fn8985,tn9869
	tp856,fpp172,fnp165,fn8972,tn9835

k1-wf attack
pct,recall,precision,f1score,fpr,accuracy
33,0.223,0.273,0.244,0.605,0.452
	tp2166,fpp2707,fnp3066,fn5127,tn6934
	tp2117,fpp2787,fnp3122,fn5096,tn6878
	tp1808,fpp2289,fnp2562,fn5903,tn7438
	tp2671,fpp2704,fnp3108,fn4625,tn6892
	tp2129,fpp2678,fnp2858,fn5193,tn7142
	tp2400,fpp4382,fnp5223,fn3218,tn4777
	tp1805,fpp2891,fnp3016,fn5304,tn6984
	tp2391,fpp2619,fnp3019,fn4990,tn6981
	tp2449,fpp2889,fnp3244,fn4662,tn6756
	tp2396,fpp2581,fnp2791,fn5023,tn7209

k2-ctw attack
pct,recall,precision,f1score,fpr,accuracy
33,0.064,0.829,0.119,0.014,0.529
	tp602,fpp184,fnp183,fn9214,tn9817
	tp588,fpp33,fnp15,fn9379,tn9985
	tp475,fpp129,fnp77,fn9396,tn9923
	tp736,fpp109,fnp83,fn9155,tn9917
	tp655,fpp53,fnp16,fn9292,tn9984
	tp811,fpp103,fnp24,fn9086,tn9976
	tp531,fpp49,fnp14,fn9420,tn9986
	tp685,fpp58,fnp19,fn9257,tn9981
	tp687,fpp144,fnp111,fn9169,tn9889
	tp661,fpp20,fnp9,fn9319,tn9991

k2-hp attack
pct,recall,precision,f1score,fpr,accuracy
33,0.054,0.945,0.103,0.003,0.526
	tp509,fpp81,fnp103,fn9410,tn9897
	tp527,fpp8,fnp8,fn9465,tn9992
	tp411,fpp17,fnp4,fn9572,tn9996
	tp618,fpp5,fnp7,fn9377,tn9993
	tp563,fpp13,fnp5,fn9424,tn9995
	tp632,fpp11,fnp12,fn9357,tn9988
	tp450,fpp6,fnp6,fn9544,tn9994
	tp575,fpp7,fnp6,fn9418,tn9994
	tp584,fpp19,fnp13,fn9397,tn9987
	tp570,fpp5,fnp6,fn9425,tn9994

k2-wf attack
pct,recall,precision,f1score,fpr,accuracy
33,0.149,0.711,0.246,0.061,0.559
	tp1434,fpp204,fnp208,fn8362,tn9792
	tp1316,fpp309,fnp341,fn8375,tn9659
	tp1205,fpp279,fnp320,fn8516,tn9680
	tp1796,fpp319,fnp348,fn7885,tn9652
	tp1469,fpp236,fnp232,fn8295,tn9768
	tp1643,fpp402,fnp462,fn7955,tn9538
	tp1163,fpp377,fnp346,fn8460,tn9654
	tp1581,fpp218,fnp242,fn8201,tn9758
	tp1703,fpp285,fnp326,fn8012,tn9674
	tp1614,fpp265,fnp346,fn8121,tn9654

