2016-07-30 08:31:59.134786701 +0000 UTC: wfdns for 1000x100+100000 with a10000 w60 r1800 s1.00

k2-ctw attack
pct,recall,precision,f1score,fpr,accuracy
33,0.197,0.909,0.324,0.020,0.596
	tp2009,fpp61,fnp41,fn7930,tn9959
	tp1938,fpp78,fnp36,fn7984,tn9964
	tp1950,fpp216,fnp101,fn7834,tn9899
	tp1862,fpp118,fnp40,fn8020,tn9960
	tp2004,fpp126,fnp100,fn7870,tn9900
	tp1945,fpp149,fnp32,fn7906,tn9968
	tp2046,fpp228,fnp95,fn7726,tn9905
	tp2020,fpp229,fnp91,fn7751,tn9909
	tp2041,fpp98,fnp36,fn7861,tn9964
	tp1924,fpp102,fnp37,fn7974,tn9963

k2-hp attack
pct,recall,precision,f1score,fpr,accuracy
33,0.177,0.984,0.299,0.003,0.587
	tp1775,fpp12,fnp24,fn8213,tn9976
	tp1754,fpp8,fnp21,fn8238,tn9979
	tp1764,fpp10,fnp17,fn8226,tn9983
	tp1673,fpp13,fnp18,fn8314,tn9982
	tp1787,fpp9,fnp21,fn8204,tn9979
	tp1711,fpp8,fnp13,fn8281,tn9987
	tp1868,fpp15,fnp15,fn8117,tn9985
	tp1822,fpp9,fnp21,fn8169,tn9979
	tp1812,fpp4,fnp24,fn8184,tn9976
	tp1700,fpp10,fnp24,fn8290,tn9976

k2-wf attack
pct,recall,precision,f1score,fpr,accuracy
33,0.511,0.868,0.643,0.078,0.728
	tp5133,fpp232,fnp528,fn4635,tn9472
	tp5059,fpp243,fnp491,fn4698,tn9509
	tp5149,fpp244,fnp545,fn4607,tn9455
	tp5107,fpp239,fnp549,fn4654,tn9451
	tp4997,fpp209,fnp542,fn4794,tn9458
	tp5092,fpp237,fnp590,fn4671,tn9410
	tp5153,fpp237,fnp533,fn4610,tn9467
	tp5191,fpp225,fnp571,fn4584,tn9429
	tp5140,fpp250,fnp580,fn4610,tn9420
	tp5051,fpp238,fnp516,fn4711,tn9484

