2016-07-29 03:15:36.290411151 +0000 UTC: wfdns for 1000x100+100000 with a10000 w60 r300 s1.00

k2-ctw attack
pct,recall,precision,f1score,fpr,accuracy
33,0.020,0.867,0.039,0.004,0.509
	tp197,fpp17,fnp6,fn9786,tn9994
	tp191,fpp17,fnp4,fn9792,tn9996
	tp187,fpp20,fnp11,fn9793,tn9989
	tp205,fpp11,fnp9,fn9784,tn9991
	tp179,fpp2,fnp3,fn9819,tn9997
	tp239,fpp11,fnp12,fn9750,tn9988
	tp197,fpp12,fnp9,fn9791,tn9991
	tp194,fpp9,fnp8,fn9797,tn9992
	tp203,fpp71,fnp76,fn9726,tn9924
	tp208,fpp34,fnp14,fn9758,tn9986

k2-hp attack
pct,recall,precision,f1score,fpr,accuracy
33,0.015,0.969,0.030,0.001,0.508
	tp146,fpp3,fnp1,fn9851,tn9999
	tp145,fpp5,fnp4,fn9850,tn9996
	tp147,fpp9,fnp5,fn9844,tn9995
	tp146,fpp2,fnp1,fn9852,tn9999
	tp143,fpp0,fnp0,fn9857,tn10000
	tp181,fpp4,fnp0,fn9815,tn10000
	tp147,fpp3,fnp0,fn9850,tn10000
	tp155,fpp2,fnp2,fn9843,tn9998
	tp159,fpp0,fnp2,fn9841,tn9998
	tp179,fpp4,fnp3,fn9817,tn9997

k2-wf attack
pct,recall,precision,f1score,fpr,accuracy
33,0.045,0.277,0.077,0.124,0.488
	tp444,fpp235,fnp323,fn9321,tn9677
	tp442,fpp567,fnp715,fn8991,tn9285
	tp462,fpp498,fnp504,fn9040,tn9496
	tp450,fpp575,fnp700,fn8975,tn9300
	tp407,fpp458,fnp484,fn9135,tn9516
	tp469,fpp836,fnp956,fn8695,tn9044
	tp413,fpp602,fnp731,fn8985,tn9269
	tp441,fpp606,fnp765,fn8953,tn9235
	tp443,fpp673,fnp852,fn8884,tn9148
	tp521,fpp545,fnp777,fn8934,tn9223

