2016-07-30 20:49:08.543306235 +0000 UTC: wfdns for 1000x100+100000 with a10000 w60 r2400 s1.00

k2-ctw attack
pct,recall,precision,f1score,fpr,accuracy
33,0.207,0.886,0.335,0.027,0.600
	tp2131,fpp198,fnp55,fn7671,tn9945
	tp2072,fpp206,fnp98,fn7722,tn9902
	tp2084,fpp154,fnp43,fn7762,tn9957
	tp2030,fpp263,fnp126,fn7707,tn9874
	tp2014,fpp193,fnp106,fn7793,tn9894
	tp2052,fpp205,fnp56,fn7743,tn9944
	tp2137,fpp270,fnp60,fn7593,tn9940
	tp2019,fpp171,fnp33,fn7810,tn9967
	tp2043,fpp209,fnp52,fn7748,tn9948
	tp2088,fpp141,fnp41,fn7771,tn9959

k2-hp attack
pct,recall,precision,f1score,fpr,accuracy
33,0.187,0.982,0.314,0.003,0.592
	tp1925,fpp3,fnp28,fn8072,tn9972
	tp1861,fpp11,fnp16,fn8128,tn9984
	tp1884,fpp6,fnp25,fn8110,tn9975
	tp1836,fpp15,fnp36,fn8149,tn9964
	tp1818,fpp7,fnp25,fn8175,tn9975
	tp1828,fpp6,fnp22,fn8166,tn9978
	tp1927,fpp21,fnp18,fn8052,tn9982
	tp1830,fpp18,fnp18,fn8152,tn9982
	tp1856,fpp14,fnp28,fn8130,tn9972
	tp1908,fpp11,fnp22,fn8081,tn9978

k2-wf attack
pct,recall,precision,f1score,fpr,accuracy
33,0.540,0.866,0.665,0.084,0.740
	tp5394,fpp236,fnp570,fn4370,tn9430
	tp5349,fpp234,fnp581,fn4417,tn9419
	tp5455,fpp229,fnp605,fn4316,tn9395
	tp5388,fpp243,fnp626,fn4369,tn9374
	tp5350,fpp222,fnp647,fn4428,tn9353
	tp5311,fpp231,fnp643,fn4458,tn9357
	tp5465,fpp232,fnp587,fn4303,tn9413
	tp5457,fpp217,fnp620,fn4326,tn9380
	tp5378,fpp256,fnp600,fn4366,tn9400
	tp5433,fpp233,fnp564,fn4334,tn9436

