2016-08-14 09:43:55.505031668 +0000 UTC: wfdns for 1000x100+100000 with a10000 w60 r0 s1.00

k1-ctw attack
pct,recall,precision,f1score,fpr,accuracy
33,0.027,0.439,0.051,0.035,0.505
	tp251,fpp177,fnp165,fn9572,tn9835
	tp288,fpp157,fnp146,fn9555,tn9854
	tp289,fpp251,fnp226,fn9460,tn9774
	tp276,fpp154,fnp150,fn9570,tn9850
	tp250,fpp165,fnp169,fn9585,tn9831
	tp309,fpp208,fnp232,fn9483,tn9768
	tp278,fpp127,fnp117,fn9595,tn9883
	tp258,fpp179,fnp157,fn9563,tn9843
	tp253,fpp194,fnp179,fn9553,tn9821
	tp280,fpp193,fnp201,fn9527,tn9799

k1-hp attack
pct,recall,precision,f1score,fpr,accuracy
33,0.022,0.647,0.043,0.013,0.508
	tp195,fpp60,fnp61,fn9745,tn9939
	tp233,fpp49,fnp47,fn9718,tn9953
	tp246,fpp142,fnp141,fn9612,tn9859
	tp213,fpp34,fnp38,fn9753,tn9962
	tp205,fpp47,fnp61,fn9748,tn9939
	tp257,fpp57,fnp92,fn9686,tn9908
	tp212,fpp35,fnp33,fn9753,tn9967
	tp216,fpp86,fnp55,fn9698,tn9945
	tp200,fpp44,fnp56,fn9756,tn9944
	tp238,fpp68,fnp83,fn9694,tn9917

k1-hp+ctw attack
pct,recall,precision,f1score,fpr,accuracy
33,0.027,0.439,0.051,0.035,0.505
	tp251,fpp177,fnp165,fn9572,tn9835
	tp288,fpp157,fnp146,fn9555,tn9854
	tp289,fpp251,fnp226,fn9460,tn9774
	tp276,fpp154,fnp150,fn9570,tn9850
	tp250,fpp165,fnp169,fn9585,tn9831
	tp309,fpp208,fnp232,fn9483,tn9768
	tp278,fpp127,fnp117,fn9595,tn9883
	tp258,fpp179,fnp157,fn9563,tn9843
	tp253,fpp194,fnp179,fn9553,tn9821
	tp280,fpp193,fnp201,fn9527,tn9799

k1-wf attack
pct,recall,precision,f1score,fpr,accuracy
33,0.061,0.085,0.071,0.665,0.359
	tp543,fpp2879,fnp3089,fn6578,tn6911
	tp651,fpp3300,fnp3580,fn6049,tn6420
	tp677,fpp2796,fnp3075,fn6527,tn6925
	tp637,fpp3334,fnp3533,fn6029,tn6467
	tp535,fpp3224,fnp3438,fn6241,tn6562
	tp657,fpp3952,fnp3964,fn5391,tn6036
	tp608,fpp3153,fnp3344,fn6239,tn6656
	tp595,fpp3307,fnp3459,fn6098,tn6541
	tp587,fpp3435,fnp3743,fn5978,tn6257
	tp652,fpp2722,fnp3138,fn6626,tn6862

k2-ctw attack
pct,recall,precision,f1score,fpr,accuracy
33,0.019,0.722,0.036,0.008,0.507
	tp174,fpp25,fnp8,fn9801,tn9992
	tp185,fpp75,fnp65,fn9740,tn9935
	tp189,fpp20,fnp18,fn9791,tn9982
	tp178,fpp93,fnp80,fn9729,tn9920
	tp165,fpp9,fnp4,fn9826,tn9996
	tp225,fpp8,fnp5,fn9767,tn9995
	tp196,fpp62,fnp67,fn9742,tn9933
	tp190,fpp51,fnp66,fn9759,tn9934
	tp170,fpp26,fnp12,fn9804,tn9988
	tp193,fpp80,fnp74,fn9727,tn9926

k2-hp attack
pct,recall,precision,f1score,fpr,accuracy
33,0.014,0.954,0.028,0.001,0.507
	tp129,fpp4,fnp2,fn9867,tn9998
	tp148,fpp6,fnp3,fn9846,tn9997
	tp156,fpp6,fnp5,fn9838,tn9995
	tp126,fpp1,fnp5,fn9873,tn9995
	tp128,fpp0,fnp2,fn9872,tn9998
	tp183,fpp3,fnp1,fn9814,tn9999
	tp142,fpp0,fnp6,fn9858,tn9994
	tp155,fpp1,fnp5,fn9844,tn9995
	tp123,fpp6,fnp3,fn9871,tn9997
	tp155,fpp4,fnp7,fn9841,tn9993

k2-hp+ctw attack
pct,recall,precision,f1score,fpr,accuracy
33,0.019,0.722,0.036,0.008,0.507
	tp174,fpp25,fnp8,fn9801,tn9992
	tp185,fpp75,fnp65,fn9740,tn9935
	tp189,fpp20,fnp18,fn9791,tn9982
	tp178,fpp93,fnp80,fn9729,tn9920
	tp165,fpp9,fnp4,fn9826,tn9996
	tp225,fpp8,fnp5,fn9767,tn9995
	tp196,fpp62,fnp67,fn9742,tn9933
	tp190,fpp51,fnp66,fn9759,tn9934
	tp170,fpp26,fnp12,fn9804,tn9988
	tp193,fpp80,fnp74,fn9727,tn9926

k2-wf attack
pct,recall,precision,f1score,fpr,accuracy
33,0.040,0.223,0.067,0.149,0.479
	tp362,fpp252,fnp350,fn9386,tn9650
	tp417,fpp711,fnp900,fn8872,tn9100
	tp438,fpp505,fnp532,fn9057,tn9468
	tp396,fpp740,fnp951,fn8864,tn9049
	tp351,fpp715,fnp742,fn8934,tn9258
	tp416,fpp897,fnp1027,fn8687,tn8973
	tp389,fpp742,fnp884,fn8869,tn9116
	tp419,fpp705,fnp819,fn8876,tn9181
	tp387,fpp746,fnp949,fn8867,tn9051
	tp431,fpp724,fnp1007,fn8845,tn8993

