2016-09-17 20:22:06.14273947 +0200 CEST: wfdns for 1000x100+100000 with a10000 w60 r1200 s1.00

k1-ctw attack
pct,recall,precision,f1score,fpr,accuracy
33,0.188,0.613,0.286,0.127,0.568
	tp1506,fpp1517,fnp1446,fn6977,tn8554
	tp1735,fpp600,fnp273,fn7665,tn9727
	tp1844,fpp877,fnp575,fn7279,tn9425
	tp2030,fpp570,fnp356,fn7400,tn9644
	tp1955,fpp793,fnp660,fn7252,tn9340
	tp2081,fpp898,fnp638,fn7021,tn9362
	tp1868,fpp516,fnp260,fn7616,tn9740
	tp2142,fpp630,fnp327,fn7228,tn9673
	tp1762,fpp629,fnp256,fn7609,tn9744
	tp1850,fpp596,fnp314,fn7554,tn9686

k1-hp attack
pct,recall,precision,f1score,fpr,accuracy
33,0.168,0.784,0.276,0.052,0.569
	tp1366,fpp683,fnp1127,fn7951,tn8873
	tp1574,fpp169,fnp115,fn8257,tn9885
	tp1682,fpp227,fnp349,fn8091,tn9651
	tp1838,fpp144,fnp175,fn8018,tn9825
	tp1725,fpp220,fnp436,fn8055,tn9564
	tp1814,fpp191,fnp369,fn7995,tn9631
	tp1673,fpp86,fnp126,fn8241,tn9874
	tp1923,fpp140,fnp144,fn7937,tn9856
	tp1573,fpp122,fnp93,fn8305,tn9907
	tp1680,fpp173,fnp148,fn8147,tn9852

k1-wf attack
pct,recall,precision,f1score,fpr,accuracy
33,0.470,0.446,0.457,0.585,0.567
	tp3803,fpp2635,fnp3254,fn3562,tn6746
	tp4493,fpp2516,fnp3243,fn2991,tn6757
	tp4656,fpp2375,fnp3085,fn2969,tn6915
	tp5144,fpp2380,fnp3394,fn2476,tn6606
	tp4821,fpp2509,fnp3302,fn2670,tn6698
	tp5096,fpp2798,fnp4450,fn2106,tn5550
	tp4596,fpp2446,fnp3115,fn2958,tn6885
	tp5320,fpp2339,fnp3408,fn2341,tn6592
	tp4415,fpp2535,fnp3298,fn3050,tn6702
	tp4695,fpp2359,fnp3073,fn2946,tn6927

k2-ctw attack
pct,recall,precision,f1score,fpr,accuracy
33,0.147,0.852,0.250,0.026,0.570
	tp1132,fpp175,fnp109,fn8693,tn9891
	tp1330,fpp165,fnp89,fn8505,tn9911
	tp1432,fpp223,fnp83,fn8345,tn9917
	tp1611,fpp126,fnp31,fn8263,tn9969
	tp1538,fpp179,fnp94,fn8283,tn9906
	tp1689,fpp312,fnp167,fn7999,tn9833
	tp1444,fpp115,fnp36,fn8441,tn9964
	tp1733,fpp162,fnp21,fn8105,tn9979
	tp1349,fpp140,fnp37,fn8511,tn9963
	tp1443,fpp214,fnp98,fn8343,tn9902

k2-hp attack
pct,recall,precision,f1score,fpr,accuracy
33,0.130,0.965,0.229,0.005,0.564
	tp1010,fpp52,fnp82,fn8938,tn9918
	tp1198,fpp8,fnp16,fn8794,tn9984
	tp1302,fpp19,fnp42,fn8679,tn9958
	tp1427,fpp10,fnp18,fn8563,tn9982
	tp1341,fpp13,fnp23,fn8646,tn9977
	tp1433,fpp19,fnp40,fn8548,tn9960
	tp1279,fpp6,fnp15,fn8715,tn9985
	tp1532,fpp10,fnp8,fn8458,tn9992
	tp1192,fpp12,fnp15,fn8796,tn9985
	tp1277,fpp24,fnp19,fn8699,tn9981

k2-wf attack
pct,recall,precision,f1score,fpr,accuracy
33,0.364,0.861,0.511,0.059,0.665
	tp2797,fpp217,fnp272,fn6986,tn9728
	tp3417,fpp220,fnp320,fn6363,tn9680
	tp3614,fpp239,fnp351,fn6147,tn9649
	tp4037,fpp296,fnp440,fn5667,tn9560
	tp3774,fpp208,fnp335,fn6018,tn9665
	tp4015,fpp259,fnp403,fn5726,tn9597
	tp3535,fpp240,fnp328,fn6225,tn9672
	tp4237,fpp228,fnp369,fn5535,tn9631
	tp3385,fpp242,fnp362,fn6373,tn9638
	tp3621,fpp214,fnp321,fn6165,tn9679

