2016-07-28 18:48:07.811605601 -0400 EDT: wfdns for 1000x100+100000 with a100000 w60 r2500 s1.00

k2-ctw attack
pct,recall,precision,f1score,fpr,accuracy
33,0.202,0.976,0.335,0.005,0.600
	tp2077,fpp55,fnp60,fn7868,tn9940
	tp2010,fpp4,fnp5,fn7986,tn9995
	tp1958,fpp16,fnp9,fn8026,tn9991
	tp1994,fpp154,fnp68,fn7852,tn9932
	tp2021,fpp0,fnp0,fn7979,tn10000
	tp2030,fpp3,fnp6,fn7967,tn9994
	tp2052,fpp2,fnp2,fn7946,tn9998
	tp2010,fpp52,fnp62,fn7938,tn9938
	tp2013,fpp8,fnp6,fn7979,tn9994
	tp2082,fpp6,fnp6,fn7912,tn9994

k2-hp attack
pct,recall,precision,f1score,fpr,accuracy
33,0.175,0.998,0.298,0.000,0.588
	tp1797,fpp0,fnp1,fn8203,tn9999
	tp1751,fpp2,fnp5,fn8247,tn9995
	tp1697,fpp3,fnp5,fn8300,tn9995
	tp1746,fpp3,fnp0,fn8251,tn10000
	tp1762,fpp0,fnp0,fn8238,tn10000
	tp1728,fpp0,fnp3,fn8272,tn9997
	tp1776,fpp1,fnp1,fn8223,tn9999
	tp1729,fpp1,fnp1,fn8270,tn9999
	tp1748,fpp2,fnp6,fn8250,tn9994
	tp1801,fpp3,fnp4,fn8196,tn9996

k2-wf attack
pct,recall,precision,f1score,fpr,accuracy
33,0.546,0.860,0.668,0.089,0.741
	tp5535,fpp249,fnp623,fn4216,tn9377
	tp5476,fpp249,fnp621,fn4275,tn9379
	tp5474,fpp255,fnp638,fn4271,tn9362
	tp5422,fpp328,fnp694,fn4250,tn9306
	tp5391,fpp257,fnp638,fn4352,tn9362
	tp5347,fpp268,fnp690,fn4385,tn9310
	tp5520,fpp274,fnp600,fn4206,tn9400
	tp5437,fpp226,fnp582,fn4337,tn9418
	tp5470,fpp255,fnp618,fn4275,tn9382
	tp5496,fpp251,fnp588,fn4253,tn9412

