2016-07-29 20:34:24.375802832 -0400 EDT: wfdns for 1000x100+100000 with a10000 w60 r2500 s6.00

k2-ctw attack
pct,recall,precision,f1score,fpr,accuracy
33,0.269,0.813,0.404,0.062,0.623
	tp2746,fpp473,fnp275,fn6781,tn9725
	tp2703,fpp358,fnp187,fn6939,tn9813
	tp2780,fpp466,fnp278,fn6754,tn9722
	tp2588,fpp358,fnp255,fn7054,tn9745
	tp2571,fpp382,fnp193,fn7047,tn9807
	tp2765,fpp369,fnp228,fn6866,tn9772
	tp2748,fpp459,fnp223,fn6793,tn9777
	tp2687,fpp362,fnp221,fn6951,tn9779
	tp2693,fpp389,fnp217,fn6918,tn9783
	tp2601,fpp356,fnp173,fn7043,tn9827

k2-hp attack
pct,recall,precision,f1score,fpr,accuracy
33,0.250,0.929,0.394,0.019,0.618
	tp2542,fpp65,fnp147,fn7393,tn9853
	tp2524,fpp67,fnp120,fn7409,tn9880
	tp2575,fpp49,fnp142,fn7376,tn9858
	tp2411,fpp40,fnp122,fn7549,tn9878
	tp2395,fpp63,fnp118,fn7542,tn9882
	tp2550,fpp50,fnp149,fn7400,tn9851
	tp2567,fpp68,fnp132,fn7365,tn9868
	tp2517,fpp60,fnp149,fn7423,tn9851
	tp2524,fpp60,fnp138,fn7416,tn9862
	tp2430,fpp59,fnp118,fn7511,tn9882

k2-wf attack
pct,recall,precision,f1score,fpr,accuracy
33,0.547,0.859,0.669,0.089,0.742
	tp5528,fpp263,fnp629,fn4209,tn9371
	tp5476,fpp260,fnp611,fn4264,tn9389
	tp5507,fpp248,fnp612,fn4245,tn9388
	tp5449,fpp317,fnp694,fn4234,tn9306
	tp5415,fpp250,fnp645,fn4335,tn9355
	tp5429,fpp252,fnp678,fn4319,tn9322
	tp5512,fpp274,fnp623,fn4214,tn9377
	tp5454,fpp237,fnp615,fn4309,tn9385
	tp5460,fpp260,fnp635,fn4280,tn9365
	tp5506,fpp244,fnp603,fn4250,tn9397

