2016-07-29 11:53:18.333257954 -0400 EDT: wfdns for 1000x100+100000 with a100000 w60 r2500 s4.00

k2-ctw attack
pct,recall,precision,f1score,fpr,accuracy
33,0.204,0.949,0.336,0.011,0.601
	tp2076,fpp116,fnp9,fn7808,tn9991
	tp2103,fpp36,fnp21,fn7861,tn9979
	tp2080,fpp88,fnp15,fn7832,tn9985
	tp1967,fpp99,fnp18,fn7934,tn9982
	tp2023,fpp96,fnp4,fn7881,tn9996
	tp2038,fpp17,fnp11,fn7945,tn9989
	tp2028,fpp32,fnp16,fn7940,tn9984
	tp2048,fpp150,fnp4,fn7802,tn9996
	tp2028,fpp151,fnp84,fn7821,tn9916
	tp2007,fpp123,fnp18,fn7870,tn9982

k2-hp attack
pct,recall,precision,f1score,fpr,accuracy
33,0.178,0.994,0.302,0.001,0.589
	tp1816,fpp0,fnp4,fn8184,tn9996
	tp1815,fpp3,fnp19,fn8182,tn9981
	tp1822,fpp3,fnp6,fn8175,tn9994
	tp1734,fpp2,fnp13,fn8264,tn9987
	tp1772,fpp1,fnp2,fn8227,tn9998
	tp1755,fpp1,fnp5,fn8244,tn9995
	tp1766,fpp2,fnp9,fn8232,tn9991
	tp1787,fpp4,fnp3,fn8209,tn9997
	tp1757,fpp0,fnp12,fn8243,tn9988
	tp1770,fpp3,fnp8,fn8227,tn9992

k2-wf attack
pct,recall,precision,f1score,fpr,accuracy
33,0.547,0.860,0.668,0.089,0.742
	tp5512,fpp266,fnp620,fn4222,tn9380
	tp5489,fpp249,fnp612,fn4262,tn9388
	tp5484,fpp250,fnp644,fn4266,tn9356
	tp5406,fpp326,fnp719,fn4268,tn9281
	tp5425,fpp242,fnp666,fn4333,tn9334
	tp5404,fpp258,fnp706,fn4338,tn9294
	tp5519,fpp255,fnp598,fn4226,tn9402
	tp5523,fpp226,fnp593,fn4251,tn9407
	tp5427,fpp257,fnp599,fn4316,tn9401
	tp5493,fpp247,fnp596,fn4260,tn9404

