2016-07-29 03:23:43.442522145 -0400 EDT: wfdns for 1000x100+100000 with a10000 w60 r2500 s3.00

k2-ctw attack
pct,recall,precision,f1score,fpr,accuracy
33,0.236,0.837,0.368,0.046,0.612
	tp2378,fpp396,fnp164,fn7226,tn9836
	tp2323,fpp274,fnp80,fn7403,tn9920
	tp2338,fpp378,fnp106,fn7284,tn9894
	tp2368,fpp369,fnp102,fn7263,tn9898
	tp2327,fpp365,fnp135,fn7308,tn9865
	tp2291,fpp380,fnp145,fn7329,tn9855
	tp2365,fpp258,fnp75,fn7377,tn9925
	tp2371,fpp323,fnp108,fn7306,tn9892
	tp2397,fpp304,fnp110,fn7299,tn9890
	tp2408,fpp365,fnp167,fn7227,tn9833

k2-hp attack
pct,recall,precision,f1score,fpr,accuracy
33,0.214,0.959,0.350,0.009,0.604
	tp2154,fpp30,fnp65,fn7816,tn9935
	tp2110,fpp17,fnp50,fn7873,tn9950
	tp2128,fpp43,fnp58,fn7829,tn9942
	tp2125,fpp22,fnp65,fn7853,tn9935
	tp2129,fpp24,fnp71,fn7847,tn9929
	tp2051,fpp32,fnp88,fn7917,tn9912
	tp2161,fpp20,fnp44,fn7819,tn9956
	tp2176,fpp34,fnp58,fn7790,tn9942
	tp2191,fpp46,fnp67,fn7763,tn9933
	tp2195,fpp13,fnp73,fn7792,tn9927

k2-wf attack
pct,recall,precision,f1score,fpr,accuracy
33,0.547,0.859,0.669,0.090,0.742
	tp5504,fpp252,fnp616,fn4244,tn9384
	tp5468,fpp242,fnp604,fn4290,tn9396
	tp5537,fpp250,fnp617,fn4213,tn9383
	tp5400,fpp316,fnp732,fn4284,tn9268
	tp5449,fpp251,fnp672,fn4300,tn9328
	tp5405,fpp269,fnp704,fn4326,tn9296
	tp5533,fpp276,fnp592,fn4191,tn9408
	tp5491,fpp230,fnp601,fn4279,tn9399
	tp5478,fpp265,fnp624,fn4257,tn9376
	tp5469,fpp235,fnp606,fn4296,tn9394

