2016-07-28 15:43:51.145489006 -0400 EDT: wfdns for 1000x100+100000 with a10000 w60 r2500 s1.00

k2-ctw attack
pct,recall,precision,f1score,fpr,accuracy
33,0.214,0.895,0.345,0.025,0.604
	tp2111,fpp199,fnp30,fn7690,tn9970
	tp2098,fpp328,fnp110,fn7574,tn9890
	tp2141,fpp211,fnp110,fn7648,tn9890
	tp2146,fpp92,fnp33,fn7762,tn9967
	tp2141,fpp232,fnp53,fn7627,tn9947
	tp2178,fpp76,fnp53,fn7746,tn9947
	tp2135,fpp164,fnp38,fn7701,tn9962
	tp2089,fpp275,fnp110,fn7636,tn9890
	tp2175,fpp184,fnp33,fn7641,tn9967
	tp2195,fpp156,fnp48,fn7649,tn9952

k2-hp attack
pct,recall,precision,f1score,fpr,accuracy
33,0.189,0.981,0.317,0.004,0.593
	tp1871,fpp13,fnp17,fn8116,tn9983
	tp1871,fpp17,fnp33,fn8112,tn9967
	tp1890,fpp7,fnp28,fn8103,tn9972
	tp1891,fpp4,fnp25,fn8105,tn9975
	tp1933,fpp6,fnp31,fn8061,tn9969
	tp1881,fpp13,fnp30,fn8106,tn9970
	tp1886,fpp15,fnp23,fn8099,tn9977
	tp1880,fpp12,fnp33,fn8108,tn9967
	tp1900,fpp6,fnp14,fn8094,tn9986
	tp1935,fpp12,fnp25,fn8053,tn9975

k2-wf attack
pct,recall,precision,f1score,fpr,accuracy
33,0.546,0.861,0.668,0.088,0.742
	tp5477,fpp259,fnp628,fn4264,tn9372
	tp5414,fpp231,fnp599,fn4355,tn9401
	tp5512,fpp250,fnp604,fn4238,tn9396
	tp5430,fpp320,fnp729,fn4250,tn9271
	tp5399,fpp253,fnp658,fn4348,tn9342
	tp5416,fpp246,fnp683,fn4338,tn9317
	tp5490,fpp262,fnp604,fn4248,tn9396
	tp5498,fpp225,fnp562,fn4277,tn9438
	tp5486,fpp269,fnp635,fn4245,tn9365
	tp5466,fpp247,fnp566,fn4287,tn9434

