2016-07-30 10:33:32.10763993 -0400 EDT: wfdns for 1000x100+100000 with a100000 w60 r2500 s8.00

k2-ctw attack
pct,recall,precision,f1score,fpr,accuracy
33,0.208,0.916,0.339,0.019,0.602
	tp2100,fpp123,fnp40,fn7777,tn9960
	tp2101,fpp133,fnp33,fn7766,tn9967
	tp2124,fpp125,fnp41,fn7751,tn9959
	tp2079,fpp260,fnp100,fn7661,tn9900
	tp2003,fpp219,fnp86,fn7778,tn9914
	tp2048,fpp30,fnp18,fn7922,tn9982
	tp2029,fpp114,fnp22,fn7857,tn9978
	tp2011,fpp255,fnp79,fn7734,tn9921
	tp2156,fpp95,fnp41,fn7749,tn9959
	tp2129,fpp99,fnp20,fn7772,tn9980

k2-hp attack
pct,recall,precision,f1score,fpr,accuracy
33,0.183,0.982,0.308,0.004,0.590
	tp1852,fpp8,fnp21,fn8140,tn9979
	tp1864,fpp4,fnp15,fn8132,tn9985
	tp1851,fpp8,fnp19,fn8141,tn9981
	tp1839,fpp76,fnp86,fn8085,tn9914
	tp1757,fpp9,fnp12,fn8234,tn9988
	tp1772,fpp5,fnp5,fn8223,tn9995
	tp1803,fpp16,fnp8,fn8181,tn9992
	tp1761,fpp4,fnp12,fn8235,tn9988
	tp1887,fpp7,fnp24,fn8106,tn9976
	tp1868,fpp4,fnp8,fn8128,tn9992

k2-wf attack
pct,recall,precision,f1score,fpr,accuracy
33,0.547,0.861,0.669,0.088,0.742
	tp5516,fpp258,fnp611,fn4226,tn9389
	tp5468,fpp244,fnp619,fn4288,tn9381
	tp5480,fpp239,fnp593,fn4281,tn9407
	tp5445,fpp314,fnp696,fn4241,tn9304
	tp5424,fpp263,fnp622,fn4313,tn9378
	tp5414,fpp240,fnp685,fn4346,tn9315
	tp5546,fpp280,fnp587,fn4174,tn9413
	tp5456,fpp228,fnp597,fn4316,tn9403
	tp5473,fpp262,fnp629,fn4265,tn9371
	tp5431,fpp249,fnp587,fn4320,tn9413

