2016-07-29 14:54:50.930575568 -0400 EDT: wfdns for 1000x100+100000 with a10000 w60 r2500 s5.00

k2-ctw attack
pct,recall,precision,f1score,fpr,accuracy
33,0.261,0.810,0.395,0.062,0.620
	tp2715,fpp365,fnp194,fn6920,tn9806
	tp2552,fpp373,fnp154,fn7075,tn9846
	tp2687,fpp449,fnp233,fn6864,tn9767
	tp2613,fpp389,fnp246,fn6998,tn9754
	tp2651,fpp426,fnp234,fn6923,tn9766
	tp2554,fpp359,fnp227,fn7087,tn9773
	tp2436,fpp395,fnp147,fn7169,tn9853
	tp2672,fpp385,fnp204,fn6943,tn9796
	tp2589,fpp466,fnp226,fn6945,tn9774
	tp2661,fpp426,fnp253,fn6913,tn9747

k2-hp attack
pct,recall,precision,f1score,fpr,accuracy
33,0.242,0.935,0.385,0.017,0.615
	tp2513,fpp35,fnp129,fn7452,tn9871
	tp2375,fpp33,fnp83,fn7592,tn9917
	tp2469,fpp49,fnp110,fn7482,tn9890
	tp2422,fpp121,fnp175,fn7457,tn9825
	tp2483,fpp40,fnp112,fn7477,tn9888
	tp2365,fpp46,fnp127,fn7589,tn9873
	tp2251,fpp44,fnp97,fn7705,tn9903
	tp2477,fpp39,fnp123,fn7484,tn9877
	tp2403,fpp52,fnp104,fn7545,tn9896
	tp2461,fpp42,fnp129,fn7497,tn9871

k2-wf attack
pct,recall,precision,f1score,fpr,accuracy
33,0.546,0.859,0.668,0.089,0.741
	tp5510,fpp266,fnp622,fn4224,tn9378
	tp5435,fpp231,fnp619,fn4334,tn9381
	tp5510,fpp244,fnp629,fn4246,tn9371
	tp5416,fpp320,fnp708,fn4264,tn9292
	tp5435,fpp254,fnp648,fn4311,tn9352
	tp5410,fpp264,fnp702,fn4326,tn9298
	tp5466,fpp248,fnp606,fn4286,tn9394
	tp5499,fpp234,fnp605,fn4267,tn9395
	tp5484,fpp263,fnp647,fn4253,tn9353
	tp5460,fpp235,fnp593,fn4305,tn9407

