2016-07-28 21:50:00.544208373 -0400 EDT: wfdns for 1000x100+100000 with a10000 w60 r2500 s2.00

k2-ctw attack
pct,recall,precision,f1score,fpr,accuracy
33,0.225,0.843,0.355,0.042,0.607
	tp2329,fpp247,fnp143,fn7424,tn9857
	tp2180,fpp276,fnp56,fn7544,tn9944
	tp2269,fpp351,fnp167,fn7380,tn9833
	tp2180,fpp340,fnp133,fn7480,tn9867
	tp2169,fpp276,fnp94,fn7555,tn9906
	tp2283,fpp377,fnp182,fn7340,tn9818
	tp2273,fpp329,fnp77,fn7398,tn9923
	tp2216,fpp343,fnp86,fn7441,tn9914
	tp2303,fpp259,fnp115,fn7438,tn9885
	tp2273,fpp270,fnp70,fn7457,tn9930

k2-hp attack
pct,recall,precision,f1score,fpr,accuracy
33,0.203,0.968,0.336,0.007,0.599
	tp2088,fpp18,fnp53,fn7894,tn9947
	tp1975,fpp16,fnp29,fn8009,tn9971
	tp2061,fpp26,fnp66,fn7913,tn9934
	tp1972,fpp19,fnp49,fn8009,tn9951
	tp1977,fpp13,fnp48,fn8010,tn9952
	tp2060,fpp16,fnp50,fn7924,tn9950
	tp2041,fpp17,fnp46,fn7942,tn9954
	tp2026,fpp20,fnp45,fn7954,tn9955
	tp2080,fpp18,fnp66,fn7902,tn9934
	tp2064,fpp19,fnp45,fn7917,tn9955

k2-wf attack
pct,recall,precision,f1score,fpr,accuracy
33,0.547,0.861,0.669,0.088,0.742
	tp5501,fpp256,fnp612,fn4243,tn9388
	tp5466,fpp231,fnp603,fn4303,tn9397
	tp5544,fpp252,fnp608,fn4204,tn9392
	tp5424,fpp310,fnp701,fn4266,tn9299
	tp5421,fpp253,fnp639,fn4326,tn9361
	tp5403,fpp261,fnp698,fn4336,tn9302
	tp5572,fpp253,fnp599,fn4175,tn9401
	tp5469,fpp234,fnp586,fn4297,tn9414
	tp5472,fpp265,fnp613,fn4263,tn9387
	tp5440,fpp250,fnp613,fn4310,tn9387

