2016-07-26 22:37:17.860243376 +0200 CEST: wfdns for 100x100+10000 with a100000 w60 r2500 s8.00

k2-ctw attack
pct,recall,precision,f1score,fpr,accuracy
33,0.249,0.903,0.390,0.030,0.622
	tp265,fpp56,fnp14,fn679,tn986
	tp241,fpp32,fnp6,fn727,tn994
	tp253,fpp7,fnp8,fn740,tn992
	tp266,fpp36,fnp9,fn698,tn991
	tp256,fpp42,fnp2,fn702,tn998
	tp228,fpp1,fnp1,fn771,tn999
	tp235,fpp0,fnp0,fn765,tn1000
	tp259,fpp0,fnp1,fn741,tn999
	tp227,fpp67,fnp9,fn706,tn991
	tp263,fpp1,fnp4,fn736,tn996

k2-hp attack
pct,recall,precision,f1score,fpr,accuracy
33,0.214,0.985,0.351,0.003,0.606
	tp232,fpp4,fnp3,fn764,tn997
	tp205,fpp1,fnp1,fn794,tn999
	tp220,fpp1,fnp3,fn779,tn997
	tp225,fpp3,fnp1,fn772,tn999
	tp221,fpp3,fnp0,fn776,tn1000
	tp193,fpp0,fnp0,fn807,tn1000
	tp196,fpp0,fnp0,fn804,tn1000
	tp222,fpp0,fnp1,fn778,tn999
	tp195,fpp7,fnp2,fn798,tn998
	tp226,fpp0,fnp3,fn774,tn997

k2-wf attack
pct,recall,precision,f1score,fpr,accuracy
33,0.643,0.827,0.723,0.135,0.773
	tp625,fpp40,fnp97,fn335,tn903
	tp651,fpp39,fnp97,fn310,tn903
	tp642,fpp41,fnp79,fn317,tn921
	tp642,fpp45,fnp119,fn313,tn881
	tp662,fpp38,fnp111,fn300,tn889
	tp637,fpp34,fnp71,fn329,tn929
	tp633,fpp42,fnp96,fn325,tn904
	tp665,fpp22,fnp95,fn313,tn905
	tp646,fpp44,fnp99,fn310,tn901
	tp627,fpp41,fnp99,fn332,tn901

