2016-07-26 20:59:06.347548524 +0200 CEST: wfdns for 100x100+10000 with a100000 w60 r2500 s1.00

k2-ctw attack
pct,recall,precision,f1score,fpr,accuracy
33,0.246,0.988,0.393,0.004,0.623
	tp235,fpp0,fnp0,fn765,tn1000
	tp267,fpp31,fnp5,fn702,tn995
	tp272,fpp0,fnp0,fn728,tn1000
	tp218,fpp0,fnp0,fn782,tn1000
	tp236,fpp0,fnp0,fn764,tn1000
	tp241,fpp0,fnp0,fn759,tn1000
	tp251,fpp0,fnp0,fn749,tn1000
	tp242,fpp0,fnp0,fn758,tn1000
	tp271,fpp0,fnp0,fn729,tn1000
	tp225,fpp0,fnp0,fn775,tn1000

k2-hp attack
pct,recall,precision,f1score,fpr,accuracy
33,0.207,0.999,0.343,0.000,0.604
	tp198,fpp0,fnp0,fn802,tn1000
	tp222,fpp2,fnp0,fn776,tn1000
	tp232,fpp0,fnp0,fn768,tn1000
	tp177,fpp0,fnp0,fn823,tn1000
	tp199,fpp0,fnp0,fn801,tn1000
	tp208,fpp0,fnp0,fn792,tn1000
	tp217,fpp0,fnp0,fn783,tn1000
	tp207,fpp0,fnp0,fn793,tn1000
	tp232,fpp0,fnp0,fn768,tn1000
	tp182,fpp0,fnp0,fn818,tn1000

k2-wf attack
pct,recall,precision,f1score,fpr,accuracy
33,0.646,0.830,0.727,0.133,0.776
	tp633,fpp33,fnp94,fn334,tn906
	tp654,fpp33,fnp102,fn313,tn898
	tp639,fpp40,fnp74,fn321,tn926
	tp644,fpp51,fnp105,fn305,tn895
	tp663,fpp36,fnp90,fn301,tn910
	tp644,fpp32,fnp74,fn324,tn926
	tp635,fpp48,fnp103,fn317,tn897
	tp662,fpp22,fnp94,fn316,tn906
	tp653,fpp42,fnp102,fn305,tn898
	tp635,fpp42,fnp108,fn323,tn892

