2016-07-26 22:51:25.505266795 +0200 CEST: wfdns for 100x100+10000 with a100000 w60 r2500 s9.00

k2-ctw attack
pct,recall,precision,f1score,fpr,accuracy
33,0.245,0.941,0.389,0.017,0.620
	tp243,fpp36,fnp12,fn721,tn988
	tp258,fpp13,fnp6,fn729,tn994
	tp246,fpp1,fnp0,fn753,tn1000
	tp234,fpp1,fnp1,fn765,tn999
	tp241,fpp4,fnp6,fn755,tn994
	tp229,fpp24,fnp1,fn747,tn999
	tp222,fpp0,fnp0,fn778,tn1000
	tp261,fpp0,fnp0,fn739,tn1000
	tp270,fpp15,fnp9,fn715,tn991
	tp250,fpp28,fnp9,fn722,tn991

k2-hp attack
pct,recall,precision,f1score,fpr,accuracy
33,0.209,0.990,0.344,0.002,0.603
	tp215,fpp0,fnp1,fn785,tn999
	tp220,fpp1,fnp2,fn779,tn998
	tp209,fpp0,fnp0,fn791,tn1000
	tp197,fpp0,fnp1,fn803,tn999
	tp207,fpp1,fnp4,fn792,tn996
	tp197,fpp0,fnp0,fn803,tn1000
	tp190,fpp0,fnp0,fn810,tn1000
	tp215,fpp0,fnp0,fn785,tn1000
	tp227,fpp4,fnp6,fn769,tn994
	tp208,fpp1,fnp2,fn791,tn998

k2-wf attack
pct,recall,precision,f1score,fpr,accuracy
33,0.641,0.831,0.724,0.130,0.774
	tp631,fpp43,fnp92,fn326,tn908
	tp650,fpp38,fnp81,fn312,tn919
	tp637,fpp32,fnp78,fn331,tn922
	tp640,fpp42,fnp109,fn318,tn891
	tp652,fpp41,fnp90,fn307,tn910
	tp629,fpp31,fnp86,fn340,tn914
	tp635,fpp53,fnp99,fn312,tn901
	tp662,fpp20,fnp97,fn318,tn903
	tp650,fpp46,fnp101,fn304,tn899
	tp622,fpp38,fnp85,fn340,tn915

