2016-07-26 21:41:00.254091524 +0200 CEST: wfdns for 100x100+10000 with a100000 w60 r2500 s4.00

k2-ctw attack
pct,recall,precision,f1score,fpr,accuracy
33,0.252,0.933,0.396,0.019,0.624
	tp234,fpp0,fnp0,fn766,tn1000
	tp238,fpp39,fnp0,fn723,tn1000
	tp271,fpp9,fnp23,fn720,tn977
	tp249,fpp1,fnp0,fn750,tn1000
	tp249,fpp44,fnp2,fn707,tn998
	tp252,fpp0,fnp0,fn748,tn1000
	tp225,fpp42,fnp1,fn733,tn999
	tp259,fpp4,fnp3,fn737,tn997
	tp308,fpp6,fnp2,fn686,tn998
	tp236,fpp9,fnp5,fn755,tn995

k2-hp attack
pct,recall,precision,f1score,fpr,accuracy
33,0.214,0.991,0.352,0.002,0.607
	tp192,fpp0,fnp0,fn808,tn1000
	tp206,fpp2,fnp0,fn792,tn1000
	tp239,fpp1,fnp4,fn760,tn996
	tp214,fpp0,fnp0,fn786,tn1000
	tp219,fpp1,fnp0,fn780,tn1000
	tp216,fpp0,fnp0,fn784,tn1000
	tp196,fpp4,fnp0,fn800,tn1000
	tp211,fpp1,fnp2,fn788,tn998
	tp258,fpp1,fnp1,fn741,tn999
	tp194,fpp0,fnp3,fn806,tn997

k2-wf attack
pct,recall,precision,f1score,fpr,accuracy
33,0.644,0.826,0.724,0.136,0.774
	tp633,fpp41,fnp94,fn326,tn906
	tp661,fpp36,fnp93,fn303,tn907
	tp635,fpp33,fnp76,fn332,tn924
	tp650,fpp47,fnp121,fn303,tn879
	tp659,fpp39,fnp96,fn302,tn904
	tp639,fpp29,fnp79,fn332,tn921
	tp634,fpp51,fnp102,fn315,tn898
	tp652,fpp28,fnp86,fn320,tn914
	tp648,fpp47,fnp115,fn305,tn885
	tp631,fpp42,fnp107,fn327,tn893

