2016-07-26 21:20:02.355642104 +0200 CEST: wfdns for 100x100+10000 with a10000 w60 r2500 s3.00

k2-ctw attack
pct,recall,precision,f1score,fpr,accuracy
33,0.285,0.822,0.423,0.064,0.633
	tp284,fpp56,fnp15,fn660,tn985
	tp283,fpp58,fnp46,fn659,tn954
	tp285,fpp30,fnp11,fn685,tn989
	tp291,fpp20,fnp8,fn689,tn992
	tp287,fpp39,fnp11,fn674,tn989
	tp268,fpp41,fnp11,fn691,tn989
	tp305,fpp55,fnp55,fn640,tn945
	tp264,fpp31,fnp8,fn705,tn992
	tp324,fpp45,fnp21,fn631,tn979
	tp264,fpp58,fnp17,fn678,tn983

k2-hp attack
pct,recall,precision,f1score,fpr,accuracy
33,0.249,0.938,0.394,0.018,0.618
	tp253,fpp3,fnp5,fn744,tn995
	tp246,fpp12,fnp32,fn742,tn968
	tp245,fpp1,fnp4,fn754,tn996
	tp255,fpp3,fnp5,fn742,tn995
	tp251,fpp0,fnp7,fn749,tn993
	tp223,fpp0,fnp8,fn777,tn992
	tp263,fpp11,fnp49,fn726,tn951
	tp239,fpp2,fnp4,fn759,tn996
	tp278,fpp6,fnp14,fn716,tn986
	tp242,fpp5,fnp8,fn753,tn992

k2-wf attack
pct,recall,precision,f1score,fpr,accuracy
33,0.641,0.829,0.723,0.133,0.774
	tp629,fpp44,fnp85,fn327,tn915
	tp646,fpp39,fnp96,fn315,tn904
	tp638,fpp34,fnp72,fn328,tn928
	tp646,fpp43,fnp103,fn311,tn897
	tp660,fpp39,fnp100,fn301,tn900
	tp628,fpp32,fnp78,fn340,tn922
	tp631,fpp45,fnp100,fn324,tn900
	tp659,fpp25,fnp89,fn316,tn911
	tp648,fpp50,fnp102,fn302,tn898
	tp627,fpp49,fnp101,fn324,tn899

