2016-07-26 23:05:35.255840437 +0200 CEST: wfdns for 100x100+10000 with a100000 w60 r2500 s10.00

k2-ctw attack
pct,recall,precision,f1score,fpr,accuracy
33,0.253,0.905,0.395,0.028,0.623
	tp244,fpp2,fnp2,fn754,tn998
	tp256,fpp14,fnp5,fn730,tn995
	tp272,fpp46,fnp27,fn682,tn973
	tp263,fpp18,fnp3,fn719,tn997
	tp247,fpp34,fnp10,fn719,tn990
	tp249,fpp15,fnp5,fn736,tn995
	tp240,fpp0,fnp1,fn760,tn999
	tp234,fpp31,fnp2,fn735,tn998
	tp265,fpp48,fnp6,fn687,tn994
	tp263,fpp12,fnp3,fn725,tn997

k2-hp attack
pct,recall,precision,f1score,fpr,accuracy
33,0.216,0.984,0.354,0.004,0.606
	tp198,fpp0,fnp2,fn802,tn998
	tp214,fpp0,fnp2,fn786,tn998
	tp232,fpp5,fnp7,fn763,tn993
	tp224,fpp0,fnp1,fn776,tn999
	tp218,fpp0,fnp4,fn782,tn996
	tp215,fpp1,fnp3,fn784,tn997
	tp199,fpp0,fnp1,fn801,tn999
	tp205,fpp0,fnp1,fn795,tn999
	tp241,fpp3,fnp5,fn756,tn995
	tp211,fpp0,fnp2,fn789,tn998

k2-wf attack
pct,recall,precision,f1score,fpr,accuracy
33,0.643,0.830,0.724,0.132,0.774
	tp627,fpp34,fnp95,fn339,tn905
	tp653,fpp32,fnp90,fn315,tn910
	tp633,fpp33,fnp81,fn334,tn919
	tp647,fpp45,fnp109,fn308,tn891
	tp657,fpp38,fnp98,fn305,tn902
	tp635,fpp31,fnp82,fn334,tn918
	tp634,fpp43,fnp97,fn323,tn903
	tp654,fpp20,fnp96,fn326,tn904
	tp648,fpp44,fnp106,fn308,tn894
	tp640,fpp45,fnp100,fn315,tn900

