2016-07-26 16:38:58.562565538 +0200 CEST: wfdns for 10x100+1000 with a100000 w60 r2500 s7.00

k2-ctw attack
pct,recall,precision,f1score,fpr,accuracy
33,0.261,0.958,0.403,0.017,0.623
	tp22,fpp0,fnp0,fn78,tn100
	tp34,fpp2,fnp4,fn64,tn96
	tp35,fpp0,fnp3,fn65,tn97
	tp35,fpp0,fnp0,fn65,tn100
	tp33,fpp1,fnp7,fn66,tn93
	tp20,fpp0,fnp0,fn80,tn100
	tp16,fpp0,fnp0,fn84,tn100
	tp20,fpp0,fnp0,fn80,tn100
	tp26,fpp0,fnp0,fn74,tn100
	tp20,fpp0,fnp0,fn80,tn100

k2-hp attack
pct,recall,precision,f1score,fpr,accuracy
33,0.231,0.974,0.367,0.009,0.611
	tp20,fpp0,fnp0,fn80,tn100
	tp32,fpp0,fnp2,fn68,tn98
	tp32,fpp0,fnp2,fn68,tn98
	tp31,fpp0,fnp0,fn69,tn100
	tp29,fpp1,fnp4,fn70,tn96
	tp17,fpp0,fnp0,fn83,tn100
	tp15,fpp0,fnp0,fn85,tn100
	tp17,fpp0,fnp0,fn83,tn100
	tp21,fpp0,fnp0,fn79,tn100
	tp17,fpp0,fnp0,fn83,tn100

k2-wf attack
pct,recall,precision,f1score,fpr,accuracy
33,0.705,0.834,0.764,0.141,0.794
	tp72,fpp3,fnp14,fn25,tn86
	tp71,fpp3,fnp9,fn26,tn91
	tp75,fpp2,fnp7,fn23,tn93
	tp75,fpp0,fnp11,fn25,tn89
	tp72,fpp3,fnp15,fn25,tn85
	tp72,fpp1,fnp17,fn27,tn83
	tp70,fpp6,fnp10,fn24,tn90
	tp67,fpp1,fnp10,fn32,tn90
	tp65,fpp3,fnp15,fn32,tn85
	tp66,fpp3,fnp8,fn31,tn92

