2016-07-26 16:37:10.316898619 +0200 CEST: wfdns for 10x100+1000 with a100000 w60 r2500 s5.00

k2-ctw attack
pct,recall,precision,f1score,fpr,accuracy
33,0.273,0.962,0.420,0.015,0.632
	tp24,fpp0,fnp0,fn76,tn100
	tp17,fpp0,fnp0,fn83,tn100
	tp26,fpp0,fnp0,fn74,tn100
	tp32,fpp3,fnp4,fn65,tn96
	tp35,fpp2,fnp0,fn63,tn100
	tp34,fpp1,fnp5,fn65,tn95
	tp25,fpp0,fnp0,fn75,tn100
	tp33,fpp0,fnp0,fn67,tn100
	tp27,fpp0,fnp0,fn73,tn100
	tp20,fpp0,fnp0,fn80,tn100

k2-hp attack
pct,recall,precision,f1score,fpr,accuracy
33,0.242,0.977,0.384,0.008,0.617
	tp19,fpp0,fnp0,fn81,tn100
	tp16,fpp0,fnp0,fn84,tn100
	tp24,fpp0,fnp0,fn76,tn100
	tp28,fpp0,fnp2,fn72,tn98
	tp33,fpp0,fnp0,fn67,tn100
	tp31,fpp1,fnp5,fn68,tn95
	tp23,fpp0,fnp0,fn77,tn100
	tp27,fpp0,fnp0,fn73,tn100
	tp23,fpp0,fnp0,fn77,tn100
	tp18,fpp0,fnp0,fn82,tn100

k2-wf attack
pct,recall,precision,f1score,fpr,accuracy
33,0.717,0.826,0.767,0.151,0.796
	tp73,fpp3,fnp14,fn24,tn86
	tp70,fpp3,fnp10,fn27,tn90
	tp76,fpp2,fnp7,fn22,tn93
	tp76,fpp0,fnp13,fn24,tn87
	tp74,fpp3,fnp14,fn23,tn86
	tp76,fpp2,fnp16,fn22,tn84
	tp71,fpp6,fnp13,fn23,tn87
	tp70,fpp2,fnp12,fn28,tn88
	tp66,fpp2,fnp15,fn32,tn85
	tp65,fpp3,fnp11,fn32,tn89

