2016-07-26 16:35:49.494832315 +0200 CEST: wfdns for 10x100+1000 with a10000 w60 r2500 s4.00

k2-ctw attack
pct,recall,precision,f1score,fpr,accuracy
33,0.299,0.908,0.439,0.042,0.638
	tp23,fpp0,fnp0,fn77,tn100
	tp25,fpp0,fnp0,fn75,tn100
	tp27,fpp6,fnp0,fn67,tn100
	tp30,fpp0,fnp0,fn70,tn100
	tp35,fpp1,fnp3,fn64,tn97
	tp46,fpp5,fnp8,fn49,tn92
	tp35,fpp3,fnp9,fn62,tn91
	tp38,fpp4,fnp3,fn58,tn97
	tp16,fpp0,fnp0,fn84,tn100
	tp24,fpp0,fnp0,fn76,tn100

k2-hp attack
pct,recall,precision,f1score,fpr,accuracy
33,0.270,0.955,0.414,0.017,0.628
	tp21,fpp0,fnp0,fn79,tn100
	tp22,fpp0,fnp0,fn78,tn100
	tp23,fpp1,fnp0,fn76,tn100
	tp27,fpp0,fnp0,fn73,tn100
	tp31,fpp0,fnp2,fn69,tn98
	tp39,fpp0,fnp6,fn61,tn94
	tp32,fpp1,fnp5,fn67,tn95
	tp36,fpp0,fnp2,fn64,tn98
	tp16,fpp0,fnp0,fn84,tn100
	tp23,fpp0,fnp0,fn77,tn100

k2-wf attack
pct,recall,precision,f1score,fpr,accuracy
33,0.711,0.832,0.766,0.144,0.794
	tp73,fpp2,fnp14,fn25,tn86
	tp73,fpp2,fnp11,fn25,tn89
	tp75,fpp2,fnp8,fn23,tn92
	tp73,fpp2,fnp13,fn25,tn87
	tp73,fpp2,fnp13,fn25,tn87
	tp71,fpp1,fnp14,fn28,tn86
	tp71,fpp6,fnp11,fn23,tn89
	tp68,fpp1,fnp12,fn31,tn88
	tp68,fpp2,fnp16,fn30,tn84
	tp66,fpp2,fnp10,fn32,tn90

