2016-07-26 16:34:28.571703413 +0200 CEST: wfdns for 10x100+1000 with a100000 w60 r2500 s2.00

k2-ctw attack
pct,recall,precision,f1score,fpr,accuracy
33,0.257,1.000,0.406,0.000,0.629
	tp26,fpp0,fnp0,fn74,tn100
	tp22,fpp0,fnp0,fn78,tn100
	tp23,fpp0,fnp0,fn77,tn100
	tp33,fpp0,fnp0,fn67,tn100
	tp25,fpp0,fnp0,fn75,tn100
	tp35,fpp0,fnp0,fn65,tn100
	tp25,fpp0,fnp0,fn75,tn100
	tp30,fpp0,fnp0,fn70,tn100
	tp22,fpp0,fnp0,fn78,tn100
	tp16,fpp0,fnp0,fn84,tn100

k2-hp attack
pct,recall,precision,f1score,fpr,accuracy
33,0.228,1.000,0.368,0.000,0.614
	tp23,fpp0,fnp0,fn77,tn100
	tp20,fpp0,fnp0,fn80,tn100
	tp22,fpp0,fnp0,fn78,tn100
	tp29,fpp0,fnp0,fn71,tn100
	tp21,fpp0,fnp0,fn79,tn100
	tp33,fpp0,fnp0,fn67,tn100
	tp23,fpp0,fnp0,fn77,tn100
	tp26,fpp0,fnp0,fn74,tn100
	tp17,fpp0,fnp0,fn83,tn100
	tp14,fpp0,fnp0,fn86,tn100

k2-wf attack
pct,recall,precision,f1score,fpr,accuracy
33,0.703,0.819,0.756,0.155,0.786
	tp73,fpp2,fnp16,fn25,tn84
	tp72,fpp3,fnp11,fn25,tn89
	tp75,fpp2,fnp10,fn23,tn90
	tp74,fpp1,fnp11,fn25,tn89
	tp70,fpp2,fnp15,fn28,tn85
	tp73,fpp2,fnp14,fn25,tn86
	tp70,fpp6,fnp12,fn24,tn88
	tp71,fpp3,fnp14,fn26,tn86
	tp62,fpp2,fnp17,fn36,tn83
	tp63,fpp2,fnp10,fn35,tn90

