2016-07-26 16:37:37.350599739 +0200 CEST: wfdns for 10x100+1000 with a10000 w60 r2500 s6.00

k2-ctw attack
pct,recall,precision,f1score,fpr,accuracy
33,0.328,0.866,0.465,0.068,0.644
	tp38,fpp12,fnp13,fn50,tn87
	tp31,fpp0,fnp4,fn69,tn96
	tp32,fpp2,fnp0,fn66,tn100
	tp31,fpp3,fnp5,fn66,tn95
	tp40,fpp4,fnp4,fn56,tn96
	tp50,fpp4,fnp12,fn46,tn88
	tp33,fpp2,fnp1,fn65,tn99
	tp24,fpp0,fnp0,fn76,tn100
	tp24,fpp0,fnp0,fn76,tn100
	tp25,fpp0,fnp2,fn75,tn98

k2-hp attack
pct,recall,precision,f1score,fpr,accuracy
33,0.304,0.937,0.451,0.027,0.640
	tp34,fpp0,fnp5,fn66,tn95
	tp30,fpp0,fnp2,fn70,tn98
	tp30,fpp0,fnp0,fn70,tn100
	tp26,fpp0,fnp2,fn74,tn98
	tp37,fpp1,fnp3,fn62,tn97
	tp48,fpp1,fnp11,fn51,tn89
	tp32,fpp1,fnp0,fn67,tn100
	tp23,fpp0,fnp0,fn77,tn100
	tp21,fpp0,fnp0,fn79,tn100
	tp23,fpp0,fnp1,fn77,tn99

k2-wf attack
pct,recall,precision,f1score,fpr,accuracy
33,0.702,0.837,0.763,0.137,0.792
	tp72,fpp1,fnp15,fn27,tn85
	tp74,fpp1,fnp10,fn25,tn90
	tp77,fpp2,fnp7,fn21,tn93
	tp71,fpp1,fnp12,fn28,tn88
	tp71,fpp2,fnp12,fn27,tn88
	tp71,fpp1,fnp16,fn28,tn84
	tp70,fpp6,fnp9,fn24,tn91
	tp70,fpp2,fnp11,fn28,tn89
	tp65,fpp2,fnp15,fn33,tn85
	tp61,fpp2,fnp10,fn37,tn90

