2016-07-26 16:35:22.489179793 +0200 CEST: wfdns for 10x100+1000 with a100000 w60 r2500 s3.00

k2-ctw attack
pct,recall,precision,f1score,fpr,accuracy
33,0.252,0.984,0.397,0.007,0.624
	tp24,fpp0,fnp0,fn76,tn100
	tp38,fpp3,fnp4,fn59,tn96
	tp29,fpp0,fnp0,fn71,tn100
	tp25,fpp0,fnp0,fn75,tn100
	tp26,fpp0,fnp0,fn74,tn100
	tp24,fpp0,fnp0,fn76,tn100
	tp27,fpp0,fnp0,fn73,tn100
	tp17,fpp0,fnp0,fn83,tn100
	tp24,fpp0,fnp0,fn76,tn100
	tp18,fpp0,fnp0,fn82,tn100

k2-hp attack
pct,recall,precision,f1score,fpr,accuracy
33,0.225,0.994,0.364,0.002,0.612
	tp20,fpp0,fnp0,fn80,tn100
	tp30,fpp0,fnp2,fn70,tn98
	tp28,fpp0,fnp0,fn72,tn100
	tp24,fpp0,fnp0,fn76,tn100
	tp23,fpp0,fnp0,fn77,tn100
	tp23,fpp0,fnp0,fn77,tn100
	tp26,fpp0,fnp0,fn74,tn100
	tp17,fpp0,fnp0,fn83,tn100
	tp21,fpp0,fnp0,fn79,tn100
	tp13,fpp0,fnp0,fn87,tn100

k2-wf attack
pct,recall,precision,f1score,fpr,accuracy
33,0.701,0.821,0.756,0.153,0.787
	tp69,fpp1,fnp14,fn30,tn86
	tp70,fpp3,fnp10,fn27,tn90
	tp76,fpp2,fnp8,fn22,tn92
	tp73,fpp1,fnp14,fn26,tn86
	tp73,fpp3,fnp17,fn24,tn83
	tp71,fpp2,fnp13,fn27,tn87
	tp70,fpp6,fnp11,fn24,tn89
	tp68,fpp2,fnp13,fn30,tn87
	tp67,fpp2,fnp15,fn31,tn85
	tp64,fpp4,fnp12,fn32,tn88

