2016-07-26 16:36:16.394605228 +0200 CEST: wfdns for 10x100+1000 with a100000 w60 r2500 s4.00

k2-ctw attack
pct,recall,precision,f1score,fpr,accuracy
33,0.246,1.000,0.392,0.000,0.623
	tp27,fpp0,fnp0,fn73,tn100
	tp30,fpp0,fnp0,fn70,tn100
	tp19,fpp0,fnp0,fn81,tn100
	tp35,fpp0,fnp0,fn65,tn100
	tp26,fpp0,fnp0,fn74,tn100
	tp19,fpp0,fnp0,fn81,tn100
	tp26,fpp0,fnp0,fn74,tn100
	tp23,fpp0,fnp0,fn77,tn100
	tp26,fpp0,fnp0,fn74,tn100
	tp15,fpp0,fnp0,fn85,tn100

k2-hp attack
pct,recall,precision,f1score,fpr,accuracy
33,0.223,1.000,0.362,0.000,0.612
	tp22,fpp0,fnp0,fn78,tn100
	tp26,fpp0,fnp0,fn74,tn100
	tp19,fpp0,fnp0,fn81,tn100
	tp32,fpp0,fnp0,fn68,tn100
	tp21,fpp0,fnp0,fn79,tn100
	tp18,fpp0,fnp0,fn82,tn100
	tp23,fpp0,fnp0,fn77,tn100
	tp22,fpp0,fnp0,fn78,tn100
	tp26,fpp0,fnp0,fn74,tn100
	tp14,fpp0,fnp0,fn86,tn100

k2-wf attack
pct,recall,precision,f1score,fpr,accuracy
33,0.709,0.828,0.763,0.148,0.793
	tp72,fpp3,fnp13,fn25,tn87
	tp75,fpp3,fnp11,fn22,tn89
	tp75,fpp2,fnp8,fn23,tn92
	tp74,fpp1,fnp13,fn25,tn87
	tp73,fpp2,fnp16,fn25,tn84
	tp72,fpp2,fnp14,fn26,tn86
	tp67,fpp6,fnp11,fn27,tn89
	tp68,fpp1,fnp10,fn31,tn90
	tp67,fpp2,fnp16,fn31,tn84
	tp66,fpp3,fnp11,fn31,tn89

