2016-07-26 16:41:41.458806501 +0200 CEST: wfdns for 10x100+1000 with a100000 w60 r2500 s10.00

k2-ctw attack
pct,recall,precision,f1score,fpr,accuracy
33,0.261,0.968,0.409,0.010,0.628
	tp32,fpp0,fnp0,fn68,tn100
	tp22,fpp0,fnp0,fn78,tn100
	tp26,fpp0,fnp0,fn74,tn100
	tp22,fpp0,fnp0,fn78,tn100
	tp32,fpp0,fnp0,fn68,tn100
	tp22,fpp0,fnp0,fn78,tn100
	tp31,fpp0,fnp0,fn69,tn100
	tp30,fpp4,fnp3,fn66,tn97
	tp24,fpp0,fnp0,fn76,tn100
	tp20,fpp2,fnp1,fn78,tn99

k2-hp attack
pct,recall,precision,f1score,fpr,accuracy
33,0.234,0.991,0.377,0.002,0.617
	tp31,fpp0,fnp0,fn69,tn100
	tp21,fpp0,fnp0,fn79,tn100
	tp26,fpp0,fnp0,fn74,tn100
	tp17,fpp0,fnp0,fn83,tn100
	tp26,fpp0,fnp0,fn74,tn100
	tp20,fpp0,fnp0,fn80,tn100
	tp27,fpp0,fnp0,fn73,tn100
	tp26,fpp1,fnp0,fn73,tn100
	tp22,fpp0,fnp0,fn78,tn100
	tp18,fpp0,fnp1,fn82,tn99

k2-wf attack
pct,recall,precision,f1score,fpr,accuracy
33,0.707,0.833,0.764,0.143,0.793
	tp73,fpp2,fnp15,fn25,tn85
	tp73,fpp3,fnp10,fn24,tn90
	tp76,fpp2,fnp7,fn22,tn93
	tp75,fpp1,fnp11,fn24,tn89
	tp70,fpp2,fnp17,fn28,tn83
	tp77,fpp2,fnp16,fn21,tn84
	tp68,fpp6,fnp11,fn26,tn89
	tp68,fpp1,fnp8,fn31,tn92
	tp64,fpp2,fnp14,fn34,tn86
	tp63,fpp2,fnp11,fn35,tn89

