2016-07-26 16:36:43.431110985 +0200 CEST: wfdns for 10x100+1000 with a10000 w60 r2500 s5.00

k2-ctw attack
pct,recall,precision,f1score,fpr,accuracy
33,0.359,0.886,0.504,0.052,0.668
	tp51,fpp2,fnp7,fn47,tn93
	tp36,fpp0,fnp0,fn64,tn100
	tp39,fpp0,fnp1,fn61,tn99
	tp39,fpp3,fnp4,fn58,tn96
	tp25,fpp0,fnp1,fn75,tn99
	tp44,fpp6,fnp1,fn50,tn99
	tp31,fpp8,fnp2,fn61,tn98
	tp26,fpp0,fnp0,fn74,tn100
	tp30,fpp6,fnp1,fn64,tn99
	tp38,fpp5,fnp5,fn57,tn95

k2-hp attack
pct,recall,precision,f1score,fpr,accuracy
33,0.320,0.957,0.473,0.016,0.653
	tp48,fpp0,fnp4,fn52,tn96
	tp34,fpp0,fnp0,fn66,tn100
	tp39,fpp0,fnp1,fn61,tn99
	tp34,fpp0,fnp3,fn66,tn97
	tp22,fpp0,fnp1,fn78,tn99
	tp36,fpp0,fnp1,fn64,tn99
	tp27,fpp3,fnp0,fn70,tn100
	tp20,fpp0,fnp0,fn80,tn100
	tp25,fpp0,fnp0,fn75,tn100
	tp35,fpp0,fnp3,fn65,tn97

k2-wf attack
pct,recall,precision,f1score,fpr,accuracy
33,0.705,0.841,0.767,0.134,0.798
	tp74,fpp1,fnp14,fn25,tn86
	tp74,fpp2,fnp9,fn24,tn91
	tp75,fpp2,fnp6,fn23,tn94
	tp71,fpp0,fnp8,fn29,tn92
	tp72,fpp3,fnp13,fn25,tn87
	tp72,fpp3,fnp14,fn25,tn86
	tp68,fpp7,fnp10,fn25,tn90
	tp69,fpp2,fnp12,fn29,tn88
	tp65,fpp3,fnp13,fn32,tn87
	tp65,fpp2,fnp10,fn33,tn90

