2016-07-26 16:39:52.675316089 +0200 CEST: wfdns for 10x100+1000 with a100000 w60 r2500 s8.00

k2-ctw attack
pct,recall,precision,f1score,fpr,accuracy
33,0.268,0.947,0.415,0.019,0.629
	tp27,fpp0,fnp0,fn73,tn100
	tp20,fpp0,fnp0,fn80,tn100
	tp30,fpp0,fnp0,fn70,tn100
	tp25,fpp6,fnp3,fn69,tn97
	tp26,fpp0,fnp0,fn74,tn100
	tp35,fpp0,fnp4,fn65,tn96
	tp30,fpp4,fnp2,fn66,tn98
	tp30,fpp0,fnp0,fn70,tn100
	tp23,fpp0,fnp0,fn77,tn100
	tp22,fpp0,fnp0,fn78,tn100

k2-hp attack
pct,recall,precision,f1score,fpr,accuracy
33,0.233,0.989,0.375,0.003,0.615
	tp23,fpp0,fnp0,fn77,tn100
	tp18,fpp0,fnp0,fn82,tn100
	tp29,fpp0,fnp0,fn71,tn100
	tp20,fpp0,fnp1,fn80,tn99
	tp21,fpp0,fnp0,fn79,tn100
	tp31,fpp0,fnp1,fn69,tn99
	tp28,fpp1,fnp0,fn71,tn100
	tp27,fpp0,fnp0,fn73,tn100
	tp17,fpp0,fnp0,fn83,tn100
	tp19,fpp0,fnp0,fn81,tn100

k2-wf attack
pct,recall,precision,f1score,fpr,accuracy
33,0.697,0.821,0.753,0.153,0.783
	tp72,fpp1,fnp15,fn27,tn85
	tp69,fpp3,fnp14,fn28,tn86
	tp75,fpp3,fnp9,fn22,tn91
	tp71,fpp1,fnp10,fn28,tn90
	tp71,fpp3,fnp14,fn26,tn86
	tp71,fpp2,fnp17,fn27,tn83
	tp68,fpp5,fnp12,fn27,tn88
	tp70,fpp1,fnp11,fn29,tn89
	tp66,fpp2,fnp17,fn32,tn83
	tp64,fpp2,fnp11,fn34,tn89

