2016-07-26 16:33:07.975234921 +0200 CEST: wfdns for 10x100+1000 with a10000 w60 r2500 s1.00

k2-ctw attack
pct,recall,precision,f1score,fpr,accuracy
33,0.294,0.972,0.449,0.010,0.645
	tp35,fpp3,fnp2,fn62,tn98
	tp30,fpp0,fnp0,fn70,tn100
	tp27,fpp0,fnp0,fn73,tn100
	tp32,fpp0,fnp0,fn68,tn100
	tp26,fpp0,fnp0,fn74,tn100
	tp37,fpp0,fnp0,fn63,tn100
	tp30,fpp0,fnp0,fn70,tn100
	tp20,fpp0,fnp0,fn80,tn100
	tp30,fpp2,fnp2,fn68,tn98
	tp27,fpp1,fnp0,fn72,tn100

k2-hp attack
pct,recall,precision,f1score,fpr,accuracy
33,0.268,0.993,0.420,0.002,0.633
	tp32,fpp0,fnp1,fn68,tn99
	tp27,fpp0,fnp0,fn73,tn100
	tp27,fpp0,fnp0,fn73,tn100
	tp30,fpp0,fnp0,fn70,tn100
	tp26,fpp0,fnp0,fn74,tn100
	tp34,fpp0,fnp0,fn66,tn100
	tp26,fpp0,fnp0,fn74,tn100
	tp18,fpp0,fnp0,fn82,tn100
	tp24,fpp0,fnp1,fn76,tn99
	tp24,fpp0,fnp0,fn76,tn100

k2-wf attack
pct,recall,precision,f1score,fpr,accuracy
33,0.718,0.824,0.767,0.154,0.797
	tp73,fpp4,fnp14,fn23,tn86
	tp73,fpp2,fnp11,fn25,tn89
	tp76,fpp2,fnp9,fn22,tn91
	tp76,fpp1,fnp12,fn23,tn88
	tp71,fpp3,fnp15,fn26,tn85
	tp75,fpp3,fnp14,fn22,tn86
	tp70,fpp7,fnp11,fn23,tn89
	tp71,fpp2,fnp13,fn27,tn87
	tp66,fpp3,fnp16,fn31,tn84
	tp67,fpp3,fnp9,fn30,tn91

