2016-07-26 16:38:31.516906954 +0200 CEST: wfdns for 10x100+1000 with a10000 w60 r2500 s7.00

k2-ctw attack
pct,recall,precision,f1score,fpr,accuracy
33,0.458,0.809,0.579,0.119,0.692
	tp48,fpp9,fnp7,fn43,tn93
	tp46,fpp6,fnp13,fn48,tn87
	tp43,fpp2,fnp3,fn55,tn97
	tp44,fpp5,fnp5,fn51,tn95
	tp51,fpp3,fnp12,fn46,tn88
	tp48,fpp7,fnp9,fn45,tn91
	tp53,fpp9,fnp10,fn38,tn90
	tp52,fpp4,fnp10,fn44,tn90
	tp37,fpp0,fnp3,fn63,tn97
	tp36,fpp0,fnp2,fn64,tn98

k2-hp attack
pct,recall,precision,f1score,fpr,accuracy
33,0.417,0.881,0.560,0.061,0.684
	tp41,fpp2,fnp3,fn57,tn97
	tp45,fpp2,fnp7,fn53,tn93
	tp39,fpp0,fnp2,fn61,tn98
	tp42,fpp1,fnp4,fn57,tn96
	tp49,fpp1,fnp9,fn50,tn91
	tp41,fpp1,fnp6,fn58,tn94
	tp51,fpp5,fnp8,fn44,tn92
	tp49,fpp0,fnp6,fn51,tn94
	tp28,fpp0,fnp3,fn72,tn97
	tp32,fpp0,fnp1,fn68,tn99

k2-wf attack
pct,recall,precision,f1score,fpr,accuracy
33,0.704,0.833,0.763,0.141,0.794
	tp73,fpp3,fnp12,fn24,tn88
	tp72,fpp3,fnp10,fn25,tn90
	tp75,fpp2,fnp7,fn23,tn93
	tp76,fpp1,fnp11,fn23,tn89
	tp71,fpp3,fnp15,fn26,tn85
	tp73,fpp2,fnp13,fn25,tn87
	tp68,fpp7,fnp10,fn25,tn90
	tp67,fpp2,fnp9,fn31,tn91
	tp65,fpp2,fnp16,fn33,tn84
	tp64,fpp1,fnp12,fn35,tn88

