2016-07-26 16:33:34.843532262 +0200 CEST: wfdns for 10x100+1000 with a100000 w60 r2500 s1.00

k2-ctw attack
pct,recall,precision,f1score,fpr,accuracy
33,0.251,1.000,0.401,0.000,0.625
	tp25,fpp0,fnp0,fn75,tn100
	tp25,fpp0,fnp0,fn75,tn100
	tp22,fpp0,fnp0,fn78,tn100
	tp24,fpp0,fnp0,fn76,tn100
	tp28,fpp0,fnp0,fn72,tn100
	tp30,fpp0,fnp0,fn70,tn100
	tp23,fpp0,fnp0,fn77,tn100
	tp26,fpp0,fnp0,fn74,tn100
	tp25,fpp0,fnp0,fn75,tn100
	tp23,fpp0,fnp0,fn77,tn100

k2-hp attack
pct,recall,precision,f1score,fpr,accuracy
33,0.220,1.000,0.360,0.000,0.610
	tp21,fpp0,fnp0,fn79,tn100
	tp23,fpp0,fnp0,fn77,tn100
	tp21,fpp0,fnp0,fn79,tn100
	tp20,fpp0,fnp0,fn80,tn100
	tp25,fpp0,fnp0,fn75,tn100
	tp25,fpp0,fnp0,fn75,tn100
	tp22,fpp0,fnp0,fn78,tn100
	tp22,fpp0,fnp0,fn78,tn100
	tp22,fpp0,fnp0,fn78,tn100
	tp19,fpp0,fnp0,fn81,tn100

k2-wf attack
pct,recall,precision,f1score,fpr,accuracy
33,0.709,0.834,0.766,0.142,0.796
	tp73,fpp2,fnp12,fn25,tn88
	tp74,fpp3,fnp10,fn23,tn90
	tp76,fpp2,fnp7,fn22,tn93
	tp73,fpp1,fnp12,fn26,tn88
	tp72,fpp2,fnp15,fn26,tn85
	tp75,fpp3,fnp16,fn22,tn84
	tp70,fpp6,fnp10,fn24,tn90
	tp66,fpp2,fnp9,fn32,tn91
	tp67,fpp2,fnp14,fn31,tn86
	tp63,fpp2,fnp12,fn35,tn88

