2016-07-26 16:41:14.419572096 +0200 CEST: wfdns for 10x100+1000 with a10000 w60 r2500 s10.00

k2-ctw attack
pct,recall,precision,f1score,fpr,accuracy
33,0.449,0.800,0.568,0.119,0.689
	tp47,fpp9,fnp9,fn44,tn91
	tp34,fpp0,fnp5,fn66,tn95
	tp49,fpp8,fnp10,fn43,tn90
	tp46,fpp6,fnp8,fn48,tn92
	tp57,fpp7,fnp12,fn36,tn88
	tp40,fpp5,fnp1,fn55,tn99
	tp59,fpp3,fnp10,fn38,tn90
	tp42,fpp2,fnp4,fn56,tn96
	tp32,fpp1,fnp5,fn67,tn95
	tp43,fpp7,fnp7,fn50,tn93

k2-hp attack
pct,recall,precision,f1score,fpr,accuracy
33,0.414,0.876,0.557,0.061,0.681
	tp41,fpp2,fnp6,fn57,tn94
	tp32,fpp0,fnp5,fn68,tn95
	tp49,fpp0,fnp4,fn51,tn96
	tp41,fpp0,fnp6,fn59,tn94
	tp52,fpp1,fnp9,fn47,tn91
	tp33,fpp1,fnp1,fn66,tn99
	tp54,fpp3,fnp8,fn43,tn92
	tp41,fpp0,fnp2,fn59,tn98
	tp30,fpp1,fnp4,fn69,tn96
	tp41,fpp1,fnp7,fn58,tn93

k2-wf attack
pct,recall,precision,f1score,fpr,accuracy
33,0.698,0.823,0.754,0.151,0.787
	tp71,fpp4,fnp14,fn25,tn86
	tp72,fpp3,fnp10,fn25,tn90
	tp77,fpp2,fnp11,fn21,tn89
	tp75,fpp1,fnp13,fn24,tn87
	tp71,fpp2,fnp15,fn27,tn85
	tp71,fpp2,fnp14,fn27,tn86
	tp69,fpp5,fnp12,fn26,tn88
	tp67,fpp2,fnp7,fn31,tn93
	tp64,fpp3,fnp17,fn33,tn83
	tp61,fpp2,fnp12,fn37,tn88

