2016-07-26 16:40:47.121582511 +0200 CEST: wfdns for 10x100+1000 with a100000 w60 r2500 s9.00

k2-ctw attack
pct,recall,precision,f1score,fpr,accuracy
33,0.252,0.990,0.398,0.004,0.624
	tp27,fpp0,fnp0,fn73,tn100
	tp26,fpp0,fnp0,fn74,tn100
	tp31,fpp0,fnp0,fn69,tn100
	tp19,fpp0,fnp0,fn81,tn100
	tp20,fpp0,fnp0,fn80,tn100
	tp36,fpp0,fnp4,fn64,tn96
	tp30,fpp0,fnp0,fn70,tn100
	tp23,fpp0,fnp0,fn77,tn100
	tp18,fpp0,fnp0,fn82,tn100
	tp22,fpp0,fnp0,fn78,tn100

k2-hp attack
pct,recall,precision,f1score,fpr,accuracy
33,0.230,0.997,0.370,0.001,0.615
	tp25,fpp0,fnp0,fn75,tn100
	tp22,fpp0,fnp0,fn78,tn100
	tp29,fpp0,fnp0,fn71,tn100
	tp16,fpp0,fnp0,fn84,tn100
	tp18,fpp0,fnp0,fn82,tn100
	tp33,fpp0,fnp1,fn67,tn99
	tp29,fpp0,fnp0,fn71,tn100
	tp21,fpp0,fnp0,fn79,tn100
	tp16,fpp0,fnp0,fn84,tn100
	tp21,fpp0,fnp0,fn79,tn100

k2-wf attack
pct,recall,precision,f1score,fpr,accuracy
33,0.696,0.828,0.756,0.145,0.786
	tp70,fpp1,fnp17,fn29,tn83
	tp70,fpp3,fnp10,fn27,tn90
	tp73,fpp2,fnp7,fn25,tn93
	tp73,fpp1,fnp11,fn26,tn89
	tp72,fpp3,fnp15,fn25,tn85
	tp73,fpp3,fnp12,fn24,tn88
	tp69,fpp6,fnp13,fn25,tn87
	tp69,fpp1,fnp13,fn30,tn87
	tp63,fpp1,fnp15,fn36,tn85
	tp64,fpp1,fnp10,fn35,tn90

