2016-07-26 16:34:55.566406146 +0200 CEST: wfdns for 10x100+1000 with a10000 w60 r2500 s3.00

k2-ctw attack
pct,recall,precision,f1score,fpr,accuracy
33,0.307,0.918,0.453,0.035,0.646
	tp24,fpp0,fnp0,fn76,tn100
	tp32,fpp2,fnp1,fn66,tn99
	tp35,fpp3,fnp0,fn62,tn100
	tp33,fpp3,fnp1,fn64,tn99
	tp36,fpp9,fnp5,fn55,tn95
	tp29,fpp0,fnp2,fn71,tn98
	tp18,fpp0,fnp0,fn82,tn100
	tp41,fpp4,fnp3,fn55,tn97
	tp27,fpp0,fnp0,fn73,tn100
	tp32,fpp0,fnp2,fn68,tn98

k2-hp attack
pct,recall,precision,f1score,fpr,accuracy
33,0.276,0.973,0.425,0.010,0.635
	tp20,fpp0,fnp0,fn80,tn100
	tp31,fpp0,fnp0,fn69,tn100
	tp31,fpp1,fnp0,fn68,tn100
	tp32,fpp0,fnp1,fn68,tn99
	tp32,fpp2,fnp4,fn66,tn96
	tp26,fpp0,fnp0,fn74,tn100
	tp16,fpp0,fnp0,fn84,tn100
	tp37,fpp1,fnp1,fn62,tn99
	tp22,fpp0,fnp0,fn78,tn100
	tp29,fpp0,fnp0,fn71,tn100

k2-wf attack
pct,recall,precision,f1score,fpr,accuracy
33,0.717,0.829,0.768,0.149,0.796
	tp74,fpp1,fnp15,fn25,tn85
	tp76,fpp2,fnp10,fn22,tn90
	tp74,fpp2,fnp7,fn24,tn93
	tp75,fpp1,fnp15,fn24,tn85
	tp72,fpp3,fnp16,fn25,tn84
	tp77,fpp1,fnp16,fn22,tn84
	tp71,fpp6,fnp12,fn23,tn88
	tp68,fpp1,fnp9,fn31,tn91
	tp65,fpp3,fnp15,fn32,tn85
	tp65,fpp4,fnp10,fn31,tn90

