2016-08-01 03:47:19.593447312 +0000 UTC: wfdns for 1000x100+100000 with a10000 w60 r900 s1.00

k2-ctw attack
pct,recall,precision,f1score,fpr,accuracy
33,0.043,0.883,0.082,0.006,0.520
	tp390,fpp29,fnp10,fn9581,tn9990
	tp304,fpp19,fnp8,fn9677,tn9992
	tp344,fpp25,fnp14,fn9631,tn9986
	tp539,fpp31,fnp8,fn9430,tn9992
	tp460,fpp18,fnp10,fn9522,tn9990
	tp519,fpp109,fnp90,fn9372,tn9910
	tp512,fpp18,fnp8,fn9470,tn9992
	tp522,fpp35,fnp19,fn9443,tn9981
	tp354,fpp5,fnp9,fn9641,tn9991
	tp353,fpp93,fnp66,fn9554,tn9934

k2-hp attack
pct,recall,precision,f1score,fpr,accuracy
33,0.035,0.973,0.068,0.001,0.517
	tp309,fpp7,fnp1,fn9684,tn9999
	tp235,fpp5,fnp4,fn9760,tn9996
	tp287,fpp5,fnp1,fn9708,tn9999
	tp456,fpp5,fnp1,fn9539,tn9999
	tp393,fpp5,fnp4,fn9602,tn9996
	tp360,fpp10,fnp3,fn9630,tn9997
	tp440,fpp0,fnp5,fn9560,tn9995
	tp434,fpp7,fnp10,fn9559,tn9990
	tp302,fpp1,fnp6,fn9697,tn9994
	tp316,fpp10,fnp5,fn9674,tn9995

k2-wf attack
pct,recall,precision,f1score,fpr,accuracy
33,0.102,0.632,0.175,0.058,0.536
	tp922,fpp192,fnp205,fn8886,tn9795
	tp643,fpp298,fnp329,fn9059,tn9671
	tp788,fpp263,fnp269,fn8949,tn9731
	tp1333,fpp265,fnp286,fn8402,tn9714
	tp1038,fpp244,fnp219,fn8718,tn9781
	tp1018,fpp416,fnp446,fn8566,tn9554
	tp1331,fpp306,fnp313,fn8363,tn9687
	tp1272,fpp216,fnp245,fn8512,tn9755
	tp911,fpp316,fnp380,fn8773,tn9620
	tp900,fpp268,fnp356,fn8832,tn9644

