2016-07-26 17:33:24.422495894 +0200 CEST: wfdns for 100x100+10000 with a10000 w60 r1500 s1.00

k2-ctw attack
pct,recall,precision,f1score,fpr,accuracy
33,0.248,0.904,0.389,0.027,0.620
	tp251,fpp28,fnp15,fn721,tn985
	tp258,fpp22,fnp7,fn720,tn993
	tp247,fpp30,fnp19,fn723,tn981
	tp259,fpp7,fnp8,fn734,tn992
	tp246,fpp27,fnp2,fn727,tn998
	tp250,fpp23,fnp9,fn727,tn991
	tp236,fpp4,fnp3,fn760,tn997
	tp254,fpp20,fnp2,fn726,tn998
	tp228,fpp29,fnp5,fn743,tn995
	tp254,fpp2,fnp8,fn744,tn992

k2-hp attack
pct,recall,precision,f1score,fpr,accuracy
33,0.212,0.984,0.349,0.004,0.605
	tp211,fpp2,fnp8,fn787,tn992
	tp222,fpp2,fnp0,fn776,tn1000
	tp207,fpp3,fnp2,fn790,tn998
	tp219,fpp0,fnp0,fn781,tn1000
	tp213,fpp2,fnp0,fn785,tn1000
	tp210,fpp1,fnp2,fn789,tn998
	tp208,fpp0,fnp1,fn792,tn999
	tp225,fpp1,fnp0,fn774,tn1000
	tp197,fpp2,fnp3,fn801,tn997
	tp212,fpp0,fnp6,fn788,tn994

k2-wf attack
pct,recall,precision,f1score,fpr,accuracy
33,0.598,0.825,0.693,0.127,0.752
	tp588,fpp37,fnp65,fn375,tn935
	tp588,fpp35,fnp86,fn377,tn914
	tp586,fpp39,fnp104,fn375,tn896
	tp605,fpp36,fnp103,fn359,tn897
	tp603,fpp36,fnp89,fn361,tn911
	tp596,fpp36,fnp109,fn368,tn891
	tp609,fpp31,fnp105,fn360,tn895
	tp631,fpp26,fnp82,fn343,tn918
	tp593,fpp38,fnp93,fn369,tn907
	tp582,fpp26,fnp96,fn392,tn904

