2016-07-26 17:52:46.925931265 +0200 CEST: wfdns for 100x100+10000 with a10000 w60 r2400 s1.00

k2-ctw attack
pct,recall,precision,f1score,fpr,accuracy
33,0.251,0.947,0.396,0.015,0.622
	tp243,fpp0,fnp2,fn757,tn998
	tp255,fpp9,fnp10,fn736,tn990
	tp258,fpp16,fnp5,fn726,tn995
	tp234,fpp11,fnp5,fn755,tn995
	tp258,fpp0,fnp0,fn742,tn1000
	tp273,fpp18,fnp4,fn709,tn996
	tp270,fpp6,fnp5,fn724,tn995
	tp248,fpp32,fnp24,fn720,tn976
	tp242,fpp0,fnp0,fn758,tn1000
	tp227,fpp1,fnp3,fn772,tn997

k2-hp attack
pct,recall,precision,f1score,fpr,accuracy
33,0.217,0.978,0.354,0.005,0.606
	tp213,fpp0,fnp2,fn787,tn998
	tp219,fpp1,fnp7,fn780,tn993
	tp233,fpp3,fnp2,fn764,tn998
	tp192,fpp1,fnp3,fn807,tn997
	tp224,fpp0,fnp0,fn776,tn1000
	tp240,fpp1,fnp3,fn759,tn997
	tp234,fpp0,fnp3,fn766,tn997
	tp220,fpp2,fnp20,fn778,tn980
	tp200,fpp0,fnp0,fn800,tn1000
	tp192,fpp0,fnp2,fn808,tn998

k2-wf attack
pct,recall,precision,f1score,fpr,accuracy
33,0.627,0.832,0.715,0.127,0.767
	tp611,fpp29,fnp77,fn360,tn923
	tp625,fpp35,fnp89,fn340,tn911
	tp614,fpp40,fnp94,fn346,tn906
	tp634,fpp36,fnp104,fn330,tn896
	tp633,fpp38,fnp78,fn329,tn922
	tp636,fpp38,fnp92,fn326,tn908
	tp638,fpp31,fnp113,fn331,tn887
	tp655,fpp27,fnp86,fn318,tn914
	tp630,fpp33,fnp99,fn337,tn901
	tp598,fpp31,fnp102,fn371,tn898

