2016-07-26 17:23:07.20776602 +0200 CEST: wfdns for 100x100+10000 with a10000 w60 r900 s1.00

k2-ctw attack
pct,recall,precision,f1score,fpr,accuracy
33,0.164,0.869,0.276,0.027,0.577
	tp173,fpp27,fnp6,fn800,tn994
	tp183,fpp25,fnp38,fn792,tn962
	tp154,fpp1,fnp0,fn845,tn1000
	tp188,fpp0,fnp3,fn812,tn997
	tp166,fpp0,fnp2,fn834,tn998
	tp167,fpp21,fnp31,fn812,tn969
	tp171,fpp10,fnp11,fn819,tn989
	tp135,fpp19,fnp3,fn846,tn997
	tp163,fpp26,fnp0,fn811,tn1000
	tp143,fpp31,fnp13,fn826,tn987

k2-hp attack
pct,recall,precision,f1score,fpr,accuracy
33,0.124,0.955,0.218,0.007,0.560
	tp133,fpp5,fnp1,fn862,tn999
	tp138,fpp3,fnp6,fn859,tn994
	tp116,fpp1,fnp0,fn883,tn1000
	tp147,fpp0,fnp0,fn853,tn1000
	tp126,fpp0,fnp0,fn874,tn1000
	tp132,fpp12,fnp23,fn856,tn977
	tp120,fpp1,fnp0,fn879,tn1000
	tp95,fpp0,fnp0,fn905,tn1000
	tp119,fpp4,fnp0,fn877,tn1000
	tp109,fpp3,fnp7,fn888,tn993

k2-wf attack
pct,recall,precision,f1score,fpr,accuracy
33,0.348,0.718,0.468,0.137,0.628
	tp366,fpp37,fnp47,fn597,tn953
	tp364,fpp55,fnp116,fn581,tn884
	tp338,fpp53,fnp100,fn609,tn900
	tp427,fpp46,fnp80,fn527,tn920
	tp341,fpp39,fnp89,fn620,tn911
	tp323,fpp47,fnp109,fn630,tn891
	tp371,fpp50,fnp112,fn579,tn888
	tp288,fpp50,fnp115,fn662,tn885
	tp351,fpp40,fnp99,fn609,tn901
	tp309,fpp28,fnp59,fn663,tn941

