2016-07-26 15:06:27.953989998 +0200 CEST: wfdns for 10x100+1000 with alexa10000 window60 r3000

k2-ctw attack
pct,recall,precision,f1score,fpr,accuracy
33,0.279,0.966,0.429,0.015,0.635
	tp25,fpp0,fnp0,fn75,tn100
	tp28,fpp0,fnp0,fn72,tn100
	tp25,fpp0,fnp0,fn75,tn100
	tp29,fpp0,fnp2,fn71,tn98
	tp29,fpp0,fnp0,fn71,tn100
	tp37,fpp5,fnp7,fn58,tn93
	tp21,fpp0,fnp0,fn79,tn100
	tp28,fpp0,fnp0,fn72,tn100
	tp34,fpp1,fnp0,fn65,tn100
	tp23,fpp0,fnp0,fn77,tn100

k2-hp attack
pct,recall,precision,f1score,fpr,accuracy
33,0.253,0.978,0.399,0.008,0.623
	tp22,fpp0,fnp0,fn78,tn100
	tp26,fpp0,fnp0,fn74,tn100
	tp24,fpp0,fnp0,fn76,tn100
	tp28,fpp0,fnp2,fn72,tn98
	tp27,fpp0,fnp0,fn73,tn100
	tp33,fpp1,fnp5,fn66,tn95
	tp19,fpp0,fnp0,fn81,tn100
	tp24,fpp0,fnp0,fn76,tn100
	tp30,fpp0,fnp0,fn70,tn100
	tp20,fpp0,fnp0,fn80,tn100

k2-wf attack
pct,recall,precision,f1score,fpr,accuracy
33,0.711,0.830,0.766,0.146,0.794
	tp70,fpp1,fnp15,fn29,tn85
	tp72,fpp2,fnp11,fn26,tn89
	tp74,fpp2,fnp7,fn24,tn93
	tp74,fpp2,fnp12,fn24,tn88
	tp72,fpp3,fnp15,fn25,tn85
	tp72,fpp1,fnp16,fn27,tn84
	tp72,fpp6,fnp8,fn22,tn92
	tp70,fpp2,fnp12,fn28,tn88
	tp68,fpp2,fnp15,fn30,tn85
	tp67,fpp2,fnp12,fn31,tn88

