2016-07-26 15:03:23.833910156 +0200 CEST: wfdns for 10x100+1000 with alexa10000 window60 r0

k2-ctw attack
pct,recall,precision,f1score,fpr,accuracy
33,0.081,0.835,0.134,0.079,0.516
	tp7,fpp0,fnp0,fn93,tn100
	tp6,fpp2,fnp4,fn92,tn96
	tp18,fpp26,fnp40,fn56,tn60
	tp6,fpp0,fnp0,fn94,tn100
	tp7,fpp0,fnp0,fn93,tn100
	tp12,fpp0,fnp0,fn88,tn100
	tp4,fpp0,fnp0,fn96,tn100
	tp4,fpp0,fnp0,fn96,tn100
	tp5,fpp0,fnp0,fn95,tn100
	tp12,fpp1,fnp6,fn87,tn94

k2-hp attack
pct,recall,precision,f1score,fpr,accuracy
33,0.060,0.889,0.104,0.042,0.516
	tp6,fpp0,fnp0,fn94,tn100
	tp5,fpp0,fnp2,fn95,tn98
	tp15,fpp14,fnp25,fn71,tn75
	tp3,fpp0,fnp0,fn97,tn100
	tp4,fpp0,fnp0,fn96,tn100
	tp8,fpp0,fnp0,fn92,tn100
	tp3,fpp0,fnp0,fn97,tn100
	tp3,fpp0,fnp0,fn97,tn100
	tp4,fpp0,fnp0,fn96,tn100
	tp9,fpp1,fnp0,fn90,tn100

k2-wf attack
pct,recall,precision,f1score,fpr,accuracy
33,0.159,0.286,0.202,0.410,0.441
	tp18,fpp12,fnp20,fn70,tn80
	tp8,fpp8,fnp36,fn84,tn64
	tp22,fpp19,fnp26,fn59,tn74
	tp12,fpp16,fnp26,fn72,tn74
	tp15,fpp15,fnp26,fn70,tn74
	tp22,fpp20,fnp43,fn58,tn57
	tp12,fpp15,fnp21,fn73,tn79
	tp17,fpp10,fnp26,fn73,tn74
	tp14,fpp11,fnp40,fn75,tn60
	tp19,fpp7,fnp13,fn74,tn87

