2016-07-26 15:05:56.266630087 +0200 CEST: wfdns for 10x100+1000 with alexa10000 window60 r2700

k2-ctw attack
pct,recall,precision,f1score,fpr,accuracy
33,0.269,0.945,0.416,0.017,0.630
	tp24,fpp2,fnp2,fn74,tn98
	tp28,fpp0,fnp0,fn72,tn100
	tp26,fpp0,fnp0,fn74,tn100
	tp36,fpp3,fnp2,fn61,tn98
	tp32,fpp0,fnp2,fn68,tn98
	tp30,fpp0,fnp0,fn70,tn100
	tp19,fpp0,fnp0,fn81,tn100
	tp26,fpp1,fnp0,fn73,tn100
	tp25,fpp2,fnp1,fn73,tn99
	tp23,fpp0,fnp2,fn77,tn98

k2-hp attack
pct,recall,precision,f1score,fpr,accuracy
33,0.246,0.978,0.390,0.006,0.621
	tp22,fpp0,fnp1,fn78,tn99
	tp25,fpp0,fnp0,fn75,tn100
	tp24,fpp0,fnp0,fn76,tn100
	tp34,fpp1,fnp1,fn65,tn99
	tp30,fpp0,fnp1,fn70,tn99
	tp28,fpp0,fnp0,fn72,tn100
	tp16,fpp0,fnp0,fn84,tn100
	tp25,fpp0,fnp0,fn75,tn100
	tp20,fpp0,fnp1,fn80,tn99
	tp22,fpp0,fnp1,fn78,tn99

k2-wf attack
pct,recall,precision,f1score,fpr,accuracy
33,0.708,0.840,0.768,0.135,0.799
	tp73,fpp5,fnp13,fn22,tn87
	tp73,fpp2,fnp9,fn25,tn91
	tp74,fpp2,fnp7,fn24,tn93
	tp74,fpp1,fnp10,fn25,tn90
	tp73,fpp2,fnp14,fn25,tn86
	tp73,fpp2,fnp13,fn25,tn87
	tp69,fpp6,fnp8,fn25,tn92
	tp69,fpp2,fnp10,fn29,tn90
	tp65,fpp2,fnp14,fn33,tn86
	tp65,fpp2,fnp11,fn33,tn89

