2016-07-26 15:04:01.924621215 +0200 CEST: wfdns for 10x100+1000 with alexa10000 window60 r1200

k2-ctw attack
pct,recall,precision,f1score,fpr,accuracy
33,0.251,0.914,0.385,0.030,0.616
	tp22,fpp2,fnp8,fn76,tn92
	tp35,fpp1,fnp2,fn64,tn98
	tp31,fpp0,fnp1,fn69,tn99
	tp16,fpp0,fnp0,fn84,tn100
	tp40,fpp6,fnp6,fn54,tn94
	tp31,fpp0,fnp0,fn69,tn100
	tp22,fpp0,fnp0,fn78,tn100
	tp15,fpp2,fnp2,fn83,tn98
	tp22,fpp0,fnp0,fn78,tn100
	tp17,fpp0,fnp0,fn83,tn100

k2-hp attack
pct,recall,precision,f1score,fpr,accuracy
33,0.208,0.957,0.335,0.013,0.599
	tp19,fpp0,fnp3,fn81,tn97
	tp29,fpp0,fnp1,fn71,tn99
	tp25,fpp0,fnp0,fn75,tn100
	tp14,fpp0,fnp0,fn86,tn100
	tp34,fpp2,fnp6,fn64,tn94
	tp26,fpp0,fnp0,fn74,tn100
	tp19,fpp0,fnp0,fn81,tn100
	tp14,fpp0,fnp1,fn86,tn99
	tp17,fpp0,fnp0,fn83,tn100
	tp11,fpp0,fnp0,fn89,tn100

k2-wf attack
pct,recall,precision,f1score,fpr,accuracy
33,0.595,0.663,0.626,0.306,0.669
	tp58,fpp8,fnp32,fn34,tn68
	tp65,fpp5,fnp29,fn30,tn71
	tp62,fpp3,fnp18,fn35,tn82
	tp66,fpp2,fnp21,fn32,tn79
	tp65,fpp5,fnp27,fn30,tn73
	tp63,fpp7,fnp32,fn30,tn68
	tp55,fpp5,fnp19,fn40,tn81
	tp55,fpp3,fnp21,fn42,tn79
	tp53,fpp4,fnp34,fn43,tn66
	tp53,fpp7,fnp24,fn40,tn76

