2016-07-26 15:05:27.436093715 +0200 CEST: wfdns for 10x100+1000 with alexa10000 window60 r2400

k2-ctw attack
pct,recall,precision,f1score,fpr,accuracy
33,0.283,0.946,0.430,0.021,0.636
	tp32,fpp2,fnp2,fn66,tn98
	tp43,fpp0,fnp1,fn57,tn99
	tp30,fpp0,fnp0,fn70,tn100
	tp22,fpp0,fnp0,fn78,tn100
	tp31,fpp2,fnp3,fn67,tn97
	tp32,fpp0,fnp0,fn68,tn100
	tp30,fpp5,fnp6,fn65,tn94
	tp20,fpp0,fnp0,fn80,tn100
	tp22,fpp0,fnp0,fn78,tn100
	tp21,fpp0,fnp0,fn79,tn100

k2-hp attack
pct,recall,precision,f1score,fpr,accuracy
33,0.252,0.971,0.395,0.009,0.622
	tp28,fpp0,fnp1,fn72,tn99
	tp41,fpp0,fnp0,fn59,tn100
	tp28,fpp0,fnp0,fn72,tn100
	tp21,fpp0,fnp0,fn79,tn100
	tp26,fpp0,fnp3,fn74,tn97
	tp26,fpp0,fnp0,fn74,tn100
	tp27,fpp1,fnp4,fn72,tn96
	tp18,fpp0,fnp0,fn82,tn100
	tp18,fpp0,fnp0,fn82,tn100
	tp19,fpp0,fnp0,fn81,tn100

k2-wf attack
pct,recall,precision,f1score,fpr,accuracy
33,0.704,0.831,0.762,0.144,0.794
	tp70,fpp3,fnp12,fn27,tn88
	tp71,fpp3,fnp10,fn26,tn90
	tp75,fpp2,fnp9,fn23,tn91
	tp74,fpp0,fnp9,fn26,tn91
	tp72,fpp3,fnp13,fn25,tn87
	tp72,fpp3,fnp16,fn25,tn84
	tp69,fpp6,fnp10,fn25,tn90
	tp72,fpp2,fnp14,fn26,tn86
	tp65,fpp2,fnp14,fn33,tn86
	tp64,fpp3,fnp10,fn33,tn90

