2016-08-05 08:53:34.135605978 +0200 CEST: wfdns for 1000x100+100000 with a100 w60 r2500 s1.00

k2-ctw attack
pct,recall,precision,f1score,fpr,accuracy
33,0.205,0.951,0.337,0.011,0.601
	tp2092,fpp69,fnp81,fn7839,tn9919
	tp2083,fpp27,fnp11,fn7890,tn9989
	tp2026,fpp95,fnp7,fn7879,tn9993
	tp2092,fpp94,fnp86,fn7814,tn9914
	tp2014,fpp126,fnp13,fn7860,tn9987
	tp2034,fpp4,fnp9,fn7962,tn9991
	tp2057,fpp12,fnp6,fn7931,tn9994
	tp2066,fpp101,fnp12,fn7833,tn9988
	tp2049,fpp69,fnp10,fn7882,tn9990
	tp2005,fpp188,fnp70,fn7807,tn9930

k2-hp attack
pct,recall,precision,f1score,fpr,accuracy
33,0.179,0.995,0.304,0.001,0.589
	tp1835,fpp0,fnp13,fn8165,tn9987
	tp1810,fpp5,fnp5,fn8185,tn9995
	tp1766,fpp2,fnp4,fn8232,tn9996
	tp1826,fpp6,fnp9,fn8168,tn9991
	tp1796,fpp2,fnp8,fn8202,tn9992
	tp1762,fpp1,fnp8,fn8237,tn9992
	tp1779,fpp0,fnp1,fn8221,tn9999
	tp1803,fpp1,fnp6,fn8196,tn9994
	tp1790,fpp5,fnp6,fn8205,tn9994
	tp1773,fpp1,fnp7,fn8226,tn9993

k2-wf attack
pct,recall,precision,f1score,fpr,accuracy
33,0.547,0.860,0.669,0.089,0.742
	tp5443,fpp268,fnp608,fn4289,tn9392
	tp5430,fpp241,fnp618,fn4329,tn9382
	tp5501,fpp253,fnp619,fn4246,tn9381
	tp5418,fpp312,fnp712,fn4270,tn9288
	tp5426,fpp246,fnp653,fn4328,tn9347
	tp5403,fpp247,fnp680,fn4350,tn9320
	tp5542,fpp275,fnp593,fn4183,tn9407
	tp5525,fpp222,fnp605,fn4253,tn9395
	tp5507,fpp269,fnp639,fn4224,tn9361
	tp5480,fpp245,fnp588,fn4275,tn9412

