2016-08-06 03:16:09.64991206 +0000 UTC: wfdns for 1000x100+100000 with a100000 w60 r2500 s1.00

k2-ctw attack
pct,recall,precision,f1score,fpr,accuracy
33,0.200,0.974,0.332,0.005,0.600
	tp2022,fpp55,fnp57,fn7923,tn9943
	tp1957,fpp0,fnp0,fn8043,tn10000
	tp2049,fpp4,fnp2,fn7947,tn9998
	tp1960,fpp119,fnp2,fn7921,tn9998
	tp1954,fpp143,fnp2,fn7903,tn9998
	tp1957,fpp132,fnp2,fn7911,tn9998
	tp2025,fpp11,fnp0,fn7964,tn10000
	tp2031,fpp6,fnp3,fn7963,tn9997
	tp2015,fpp2,fnp2,fn7983,tn9998
	tp2060,fpp2,fnp3,fn7938,tn9997

k2-hp attack
pct,recall,precision,f1score,fpr,accuracy
33,0.174,0.999,0.296,0.000,0.587
	tp1725,fpp0,fnp0,fn8275,tn10000
	tp1698,fpp0,fnp0,fn8302,tn10000
	tp1776,fpp1,fnp1,fn8223,tn9999
	tp1722,fpp0,fnp2,fn8278,tn9998
	tp1718,fpp0,fnp0,fn8282,tn10000
	tp1714,fpp1,fnp0,fn8285,tn10000
	tp1758,fpp3,fnp0,fn8239,tn10000
	tp1749,fpp3,fnp2,fn8248,tn9998
	tp1730,fpp0,fnp2,fn8270,tn9998
	tp1767,fpp0,fnp2,fn8233,tn9998

k2-wf attack
pct,recall,precision,f1score,fpr,accuracy
33,0.545,0.859,0.667,0.089,0.741
	tp5472,fpp268,fnp621,fn4260,tn9379
	tp5391,fpp260,fnp613,fn4349,tn9387
	tp5507,fpp257,fnp631,fn4236,tn9369
	tp5393,fpp320,fnp701,fn4287,tn9299
	tp5424,fpp245,fnp630,fn4331,tn9370
	tp5397,fpp258,fnp689,fn4345,tn9311
	tp5496,fpp274,fnp608,fn4230,tn9392
	tp5514,fpp226,fnp606,fn4260,tn9394
	tp5435,fpp255,fnp633,fn4310,tn9367
	tp5422,fpp246,fnp597,fn4332,tn9403

