2016-08-05 12:50:19.471221271 +0000 UTC: wfdns for 1000x100+100000 with a1000 w60 r2500 s1.00

k2-ctw attack
pct,recall,precision,f1score,fpr,accuracy
33,0.203,0.938,0.334,0.014,0.600
	tp1960,fpp227,fnp65,fn7813,tn9935
	tp2049,fpp20,fnp15,fn7931,tn9985
	tp2048,fpp35,fnp6,fn7917,tn9994
	tp1998,fpp12,fnp11,fn7990,tn9989
	tp2015,fpp125,fnp73,fn7860,tn9927
	tp2034,fpp85,fnp88,fn7881,tn9912
	tp2038,fpp179,fnp70,fn7783,tn9930
	tp2080,fpp182,fnp21,fn7738,tn9979
	tp2024,fpp111,fnp6,fn7865,tn9994
	tp2054,fpp38,fnp13,fn7908,tn9987

k2-hp attack
pct,recall,precision,f1score,fpr,accuracy
33,0.177,0.995,0.301,0.001,0.588
	tp1714,fpp2,fnp4,fn8284,tn9996
	tp1782,fpp1,fnp9,fn8217,tn9991
	tp1780,fpp3,fnp4,fn8217,tn9996
	tp1722,fpp3,fnp8,fn8275,tn9992
	tp1747,fpp1,fnp6,fn8252,tn9994
	tp1746,fpp3,fnp5,fn8251,tn9995
	tp1819,fpp4,fnp6,fn8177,tn9994
	tp1847,fpp4,fnp15,fn8149,tn9985
	tp1782,fpp3,fnp2,fn8215,tn9998
	tp1782,fpp0,fnp5,fn8218,tn9995

k2-wf attack
pct,recall,precision,f1score,fpr,accuracy
33,0.547,0.861,0.669,0.088,0.742
	tp5538,fpp247,fnp638,fn4215,tn9362
	tp5461,fpp258,fnp622,fn4281,tn9378
	tp5543,fpp261,fnp621,fn4196,tn9379
	tp5392,fpp306,fnp694,fn4302,tn9306
	tp5419,fpp255,fnp605,fn4326,tn9395
	tp5432,fpp241,fnp687,fn4327,tn9313
	tp5522,fpp264,fnp593,fn4214,tn9407
	tp5436,fpp231,fnp575,fn4333,tn9425
	tp5466,fpp264,fnp632,fn4270,tn9368
	tp5456,fpp250,fnp590,fn4294,tn9410

