2016-08-04 22:20:39.460640044 +0200 CEST: wfdns for 1000x100+100000 with a100 w60 r2500 s1.00

k2-ctw attack
pct,recall,precision,f1score,fpr,accuracy
33,0.423,0.832,0.561,0.086,0.688
	tp4166,fpp376,fnp453,fn5458,tn9547
	tp4180,fpp385,fnp459,fn5435,tn9541
	tp4322,fpp355,fnp489,fn5323,tn9511
	tp4259,fpp406,fnp562,fn5335,tn9438
	tp4223,fpp330,fnp530,fn5447,tn9470
	tp4286,fpp404,fnp498,fn5310,tn9502
	tp4145,fpp411,fnp467,fn5444,tn9533
	tp4195,fpp351,fnp436,fn5454,tn9564
	tp4325,fpp378,fnp494,fn5297,tn9506
	tp4212,fpp372,fnp422,fn5416,tn9578

k2-hp attack
pct,recall,precision,f1score,fpr,accuracy
33,0.414,0.875,0.562,0.059,0.686
	tp4079,fpp179,fnp385,fn5742,tn9615
	tp4067,fpp152,fnp398,fn5781,tn9602
	tp4242,fpp172,fnp440,fn5586,tn9560
	tp4174,fpp231,fnp500,fn5595,tn9500
	tp4142,fpp168,fnp451,fn5690,tn9549
	tp4203,fpp188,fnp431,fn5609,tn9569
	tp4060,fpp186,fnp383,fn5754,tn9617
	tp4103,fpp139,fnp378,fn5758,tn9622
	tp4232,fpp188,fnp428,fn5580,tn9572
	tp4148,fpp168,fnp376,fn5684,tn9624

k2-wf attack
pct,recall,precision,f1score,fpr,accuracy
33,0.545,0.859,0.667,0.090,0.740
	tp5460,fpp260,fnp605,fn4280,tn9395
	tp5410,fpp235,fnp617,fn4355,tn9383
	tp5468,fpp249,fnp634,fn4283,tn9366
	tp5390,fpp311,fnp716,fn4299,tn9284
	tp5435,fpp245,fnp695,fn4320,tn9305
	tp5380,fpp268,fnp674,fn4352,tn9326
	tp5512,fpp264,fnp626,fn4224,tn9374
	tp5457,fpp229,fnp590,fn4314,tn9410
	tp5477,fpp267,fnp619,fn4256,tn9381
	tp5480,fpp242,fnp612,fn4278,tn9388

