2016-08-05 19:23:39.538996447 +0200 CEST: wfdns for 1000x100+100000 with a10000 w60 r2500 s1.00

k2-ctw attack
pct,recall,precision,f1score,fpr,accuracy
33,0.211,0.884,0.341,0.028,0.603
	tp2018,fpp207,fnp35,fn7775,tn9965
	tp2053,fpp141,fnp30,fn7806,tn9970
	tp2208,fpp315,fnp112,fn7477,tn9888
	tp2051,fpp244,fnp27,fn7705,tn9973
	tp2087,fpp274,fnp45,fn7639,tn9955
	tp2127,fpp251,fnp46,fn7622,tn9954
	tp2120,fpp223,fnp53,fn7657,tn9947
	tp2153,fpp124,fnp30,fn7723,tn9970
	tp2112,fpp171,fnp45,fn7717,tn9955
	tp2194,fpp320,fnp119,fn7486,tn9881

k2-hp attack
pct,recall,precision,f1score,fpr,accuracy
33,0.188,0.984,0.315,0.003,0.593
	tp1801,fpp12,fnp16,fn8187,tn9984
	tp1800,fpp4,fnp16,fn8196,tn9984
	tp1942,fpp12,fnp14,fn8046,tn9986
	tp1845,fpp6,fnp15,fn8149,tn9985
	tp1865,fpp10,fnp22,fn8125,tn9978
	tp1897,fpp9,fnp20,fn8094,tn9980
	tp1908,fpp9,fnp31,fn8083,tn9969
	tp1883,fpp8,fnp17,fn8109,tn9983
	tp1877,fpp8,fnp23,fn8115,tn9977
	tp1963,fpp10,fnp38,fn8027,tn9962

k2-wf attack
pct,recall,precision,f1score,fpr,accuracy
33,0.546,0.861,0.668,0.088,0.741
	tp5415,fpp258,fnp573,fn4327,tn9427
	tp5531,fpp220,fnp605,fn4249,tn9395
	tp5566,fpp253,fnp612,fn4181,tn9388
	tp5387,fpp317,fnp715,fn4296,tn9285
	tp5400,fpp257,fnp664,fn4343,tn9336
	tp5385,fpp260,fnp689,fn4355,tn9311
	tp5503,fpp263,fnp601,fn4234,tn9399
	tp5472,fpp222,fnp621,fn4306,tn9379
	tp5467,fpp257,fnp621,fn4276,tn9379
	tp5460,fpp245,fnp595,fn4295,tn9405

