2016-08-06 11:04:37.863227569 +0200 CEST: wfdns for 1000x100+100000 with a10000 w60 r2500 s1.00

k2-ctw attack
pct,recall,precision,f1score,fpr,accuracy
33,0.201,0.999,0.335,0.000,0.601
	tp2038,fpp13,fnp2,fn7949,tn9998
	tp2052,fpp0,fnp0,fn7948,tn10000
	tp2014,fpp0,fnp0,fn7986,tn10000
	tp1970,fpp0,fnp0,fn8030,tn10000
	tp2021,fpp0,fnp0,fn7979,tn10000
	tp1969,fpp0,fnp0,fn8031,tn10000
	tp2062,fpp0,fnp0,fn7938,tn10000
	tp2001,fpp0,fnp0,fn7999,tn10000
	tp1976,fpp0,fnp0,fn8024,tn10000
	tp2030,fpp0,fnp0,fn7970,tn10000

k2-hp attack
pct,recall,precision,f1score,fpr,accuracy
33,0.174,1.000,0.297,0.000,0.587
	tp1769,fpp0,fnp1,fn8231,tn9999
	tp1775,fpp0,fnp0,fn8225,tn10000
	tp1746,fpp0,fnp0,fn8254,tn10000
	tp1702,fpp0,fnp0,fn8298,tn10000
	tp1747,fpp0,fnp0,fn8253,tn10000
	tp1693,fpp0,fnp0,fn8307,tn10000
	tp1790,fpp0,fnp0,fn8210,tn10000
	tp1754,fpp0,fnp0,fn8246,tn10000
	tp1718,fpp0,fnp0,fn8282,tn10000
	tp1741,fpp0,fnp0,fn8259,tn10000

k2-wf attack
pct,recall,precision,f1score,fpr,accuracy
33,0.547,0.860,0.669,0.089,0.742
	tp5459,fpp265,fnp616,fn4276,tn9384
	tp5476,fpp255,fnp603,fn4269,tn9397
	tp5529,fpp265,fnp646,fn4206,tn9354
	tp5425,fpp307,fnp698,fn4268,tn9302
	tp5459,fpp239,fnp629,fn4302,tn9371
	tp5379,fpp258,fnp683,fn4363,tn9317
	tp5545,fpp263,fnp581,fn4192,tn9419
	tp5539,fpp226,fnp615,fn4235,tn9385
	tp5438,fpp263,fnp620,fn4299,tn9380
	tp5472,fpp242,fnp610,fn4286,tn9390

