2016-08-06 21:36:41.222312969 +0000 UTC: wfdns for 1000x100+100000 with a100000 w60 r2500 s1.00

k2-ctw attack
pct,recall,precision,f1score,fpr,accuracy
33,0.200,0.998,0.334,0.000,0.600
	tp2010,fpp0,fnp0,fn7990,tn10000
	tp1951,fpp0,fnp0,fn8049,tn10000
	tp1927,fpp0,fnp0,fn8073,tn10000
	tp2037,fpp38,fnp1,fn7925,tn9999
	tp2007,fpp0,fnp0,fn7993,tn10000
	tp2017,fpp0,fnp0,fn7983,tn10000
	tp2039,fpp0,fnp0,fn7961,tn10000
	tp2027,fpp0,fnp0,fn7973,tn10000
	tp1991,fpp0,fnp0,fn8009,tn10000
	tp2017,fpp0,fnp0,fn7983,tn10000

k2-hp attack
pct,recall,precision,f1score,fpr,accuracy
33,0.173,1.000,0.295,0.000,0.587
	tp1747,fpp0,fnp0,fn8253,tn10000
	tp1686,fpp0,fnp0,fn8314,tn10000
	tp1674,fpp0,fnp0,fn8326,tn10000
	tp1750,fpp0,fnp0,fn8250,tn10000
	tp1756,fpp0,fnp0,fn8244,tn10000
	tp1730,fpp0,fnp0,fn8270,tn10000
	tp1762,fpp0,fnp0,fn8238,tn10000
	tp1758,fpp0,fnp0,fn8242,tn10000
	tp1706,fpp0,fnp0,fn8294,tn10000
	tp1759,fpp0,fnp0,fn8241,tn10000

k2-wf attack
pct,recall,precision,f1score,fpr,accuracy
33,0.546,0.859,0.668,0.090,0.741
	tp5490,fpp271,fnp608,fn4239,tn9392
	tp5431,fpp243,fnp622,fn4326,tn9378
	tp5535,fpp260,fnp619,fn4205,tn9381
	tp5392,fpp320,fnp705,fn4288,tn9295
	tp5402,fpp266,fnp667,fn4332,tn9333
	tp5447,fpp268,fnp727,fn4285,tn9273
	tp5519,fpp272,fnp598,fn4209,tn9402
	tp5457,fpp230,fnp584,fn4313,tn9416
	tp5453,fpp259,fnp624,fn4288,tn9376
	tp5469,fpp247,fnp589,fn4284,tn9411

