2016-08-07 13:11:19.226939361 +0200 CEST: wfdns for 1000x100+100000 with a100000000 w60 r2500 s1.00

k2-ctw attack
pct,recall,precision,f1score,fpr,accuracy
33,0.200,1.000,0.333,0.000,0.600
	tp2007,fpp0,fnp0,fn7993,tn10000
	tp1977,fpp0,fnp0,fn8023,tn10000
	tp2020,fpp0,fnp0,fn7980,tn10000
	tp1933,fpp0,fnp0,fn8067,tn10000
	tp1972,fpp0,fnp0,fn8028,tn10000
	tp2041,fpp0,fnp0,fn7959,tn10000
	tp2046,fpp0,fnp0,fn7954,tn10000
	tp2010,fpp0,fnp0,fn7990,tn10000
	tp2019,fpp0,fnp0,fn7981,tn10000
	tp1955,fpp0,fnp0,fn8045,tn10000

k2-hp attack
pct,recall,precision,f1score,fpr,accuracy
33,0.173,1.000,0.295,0.000,0.586
	tp1730,fpp0,fnp0,fn8270,tn10000
	tp1728,fpp0,fnp0,fn8272,tn10000
	tp1736,fpp0,fnp0,fn8264,tn10000
	tp1680,fpp0,fnp0,fn8320,tn10000
	tp1699,fpp0,fnp0,fn8301,tn10000
	tp1737,fpp0,fnp0,fn8263,tn10000
	tp1776,fpp0,fnp0,fn8224,tn10000
	tp1722,fpp0,fnp0,fn8278,tn10000
	tp1747,fpp0,fnp0,fn8253,tn10000
	tp1723,fpp0,fnp0,fn8277,tn10000

k2-wf attack
pct,recall,precision,f1score,fpr,accuracy
33,0.546,0.859,0.668,0.090,0.741
	tp5520,fpp263,fnp626,fn4217,tn9374
	tp5431,fpp241,fnp622,fn4328,tn9378
	tp5487,fpp262,fnp591,fn4251,tn9409
	tp5426,fpp317,fnp709,fn4257,tn9291
	tp5379,fpp258,fnp703,fn4363,tn9297
	tp5389,fpp269,fnp698,fn4342,tn9302
	tp5512,fpp270,fnp613,fn4218,tn9387
	tp5523,fpp227,fnp586,fn4250,tn9414
	tp5490,fpp257,fnp625,fn4253,tn9375
	tp5458,fpp243,fnp596,fn4299,tn9404

