2016-08-06 15:30:15.157473049 +0000 UTC: wfdns for 1000x100+100000 with a100000 w60 r2500 s1.00

k2-ctw attack
pct,recall,precision,f1score,fpr,accuracy
33,0.206,0.958,0.339,0.009,0.601
	tp2082,fpp77,fnp73,fn7841,tn9927
	tp2070,fpp29,fnp10,fn7901,tn9990
	tp2078,fpp99,fnp78,fn7823,tn9922
	tp2025,fpp26,fnp21,fn7949,tn9979
	tp2113,fpp15,fnp14,fn7872,tn9986
	tp2012,fpp20,fnp22,fn7968,tn9978
	tp2039,fpp131,fnp73,fn7830,tn9927
	tp2076,fpp13,fnp14,fn7911,tn9986
	tp2111,fpp44,fnp28,fn7845,tn9972
	tp2018,fpp69,fnp68,fn7913,tn9932

k2-hp attack
pct,recall,precision,f1score,fpr,accuracy
33,0.179,0.994,0.304,0.001,0.589
	tp1804,fpp2,fnp5,fn8194,tn9995
	tp1792,fpp0,fnp6,fn8208,tn9994
	tp1819,fpp6,fnp3,fn8175,tn9997
	tp1760,fpp2,fnp10,fn8238,tn9990
	tp1842,fpp3,fnp9,fn8155,tn9991
	tp1733,fpp3,fnp10,fn8264,tn9990
	tp1811,fpp5,fnp8,fn8184,tn9992
	tp1789,fpp1,fnp6,fn8210,tn9994
	tp1816,fpp2,fnp17,fn8182,tn9983
	tp1751,fpp2,fnp6,fn8247,tn9994

k2-wf attack
pct,recall,precision,f1score,fpr,accuracy
33,0.545,0.859,0.667,0.090,0.741
	tp5476,fpp254,fnp612,fn4270,tn9388
	tp5487,fpp237,fnp636,fn4276,tn9364
	tp5487,fpp282,fnp661,fn4231,tn9339
	tp5415,fpp323,fnp705,fn4262,tn9295
	tp5425,fpp243,fnp648,fn4332,tn9352
	tp5370,fpp274,fnp696,fn4356,tn9304
	tp5547,fpp272,fnp586,fn4181,tn9414
	tp5437,fpp248,fnp601,fn4315,tn9399
	tp5405,fpp254,fnp620,fn4341,tn9380
	tp5440,fpp247,fnp569,fn4313,tn9431

