2016-08-05 00:35:22.150899796 +0000 UTC: wfdns for 1000x100+100000 with a1000 w60 r2500 s1.00

k2-ctw attack
pct,recall,precision,f1score,fpr,accuracy
33,0.304,0.802,0.441,0.075,0.637
	tp3092,fpp410,fnp259,fn6498,tn9741
	tp2997,fpp450,fnp307,fn6553,tn9693
	tp3028,fpp433,fnp277,fn6539,tn9723
	tp3031,fpp509,fnp341,fn6460,tn9659
	tp2951,fpp457,fnp352,fn6592,tn9648
	tp3058,fpp438,fnp331,fn6504,tn9669
	tp2999,fpp413,fnp224,fn6588,tn9776
	tp3012,fpp442,fnp306,fn6546,tn9694
	tp3078,fpp500,fnp320,fn6422,tn9680
	tp3162,fpp438,fnp306,fn6400,tn9694

k2-hp attack
pct,recall,precision,f1score,fpr,accuracy
33,0.287,0.917,0.437,0.026,0.634
	tp2893,fpp56,fnp189,fn7051,tn9811
	tp2822,fpp73,fnp188,fn7105,tn9812
	tp2869,fpp82,fnp203,fn7049,tn9797
	tp2874,fpp68,fnp196,fn7058,tn9804
	tp2801,fpp72,fnp189,fn7127,tn9811
	tp2854,fpp78,fnp224,fn7068,tn9776
	tp2834,fpp70,fnp152,fn7096,tn9848
	tp2830,fpp60,fnp175,fn7110,tn9825
	tp2913,fpp60,fnp167,fn7027,tn9833
	tp3007,fpp82,fnp221,fn6911,tn9779

k2-wf attack
pct,recall,precision,f1score,fpr,accuracy
33,0.545,0.860,0.667,0.089,0.741
	tp5508,fpp255,fnp618,fn4237,tn9382
	tp5450,fpp247,fnp619,fn4303,tn9381
	tp5514,fpp256,fnp633,fn4230,tn9367
	tp5467,fpp315,fnp716,fn4218,tn9284
	tp5407,fpp248,fnp678,fn4345,tn9322
	tp5358,fpp256,fnp694,fn4386,tn9306
	tp5503,fpp274,fnp583,fn4223,tn9417
	tp5416,fpp221,fnp592,fn4363,tn9408
	tp5440,fpp251,fnp594,fn4309,tn9406
	tp5452,fpp236,fnp572,fn4312,tn9428

