2016-08-05 03:38:57.212573295 +0200 CEST: wfdns for 1000x100+100000 with a100 w60 r2500 s1.00

k2-ctw attack
pct,recall,precision,f1score,fpr,accuracy
33,0.214,0.859,0.342,0.036,0.603
	tp2175,fpp314,fnp122,fn7511,tn9878
	tp2083,fpp283,fnp114,fn7634,tn9886
	tp2144,fpp246,fnp52,fn7610,tn9948
	tp2201,fpp408,fnp126,fn7391,tn9874
	tp2188,fpp306,fnp78,fn7506,tn9922
	tp2137,fpp261,fnp64,fn7602,tn9936
	tp2087,fpp216,fnp53,fn7697,tn9947
	tp2112,fpp203,fnp40,fn7685,tn9960
	tp2115,fpp293,fnp57,fn7592,tn9943
	tp2142,fpp267,fnp48,fn7591,tn9952

k2-hp attack
pct,recall,precision,f1score,fpr,accuracy
33,0.193,0.977,0.322,0.004,0.595
	tp1962,fpp22,fnp34,fn8016,tn9966
	tp1907,fpp7,fnp31,fn8086,tn9969
	tp1966,fpp17,fnp22,fn8017,tn9978
	tp1964,fpp14,fnp33,fn8022,tn9967
	tp1974,fpp15,fnp50,fn8011,tn9950
	tp1874,fpp14,fnp35,fn8112,tn9965
	tp1904,fpp11,fnp29,fn8085,tn9971
	tp1894,fpp9,fnp23,fn8097,tn9977
	tp1884,fpp11,fnp30,fn8105,tn9970
	tp1961,fpp11,fnp30,fn8028,tn9970

k2-wf attack
pct,recall,precision,f1score,fpr,accuracy
33,0.545,0.861,0.667,0.088,0.741
	tp5470,fpp257,fnp600,fn4273,tn9400
	tp5409,fpp241,fnp593,fn4350,tn9407
	tp5524,fpp265,fnp629,fn4211,tn9371
	tp5410,fpp312,fnp706,fn4278,tn9294
	tp5455,fpp252,fnp641,fn4293,tn9359
	tp5391,fpp263,fnp688,fn4346,tn9312
	tp5482,fpp258,fnp596,fn4260,tn9404
	tp5435,fpp239,fnp592,fn4326,tn9408
	tp5392,fpp246,fnp600,fn4362,tn9400
	tp5484,fpp251,fnp591,fn4265,tn9409

