2016-08-08 04:51:23.760411304 +0200 CEST: wfdns for 1000x100+100000 with a100000000 w60 r2500 s1.00

k2-ctw attack
pct,recall,precision,f1score,fpr,accuracy
33,0.200,1.000,0.333,0.000,0.600
	tp1914,fpp0,fnp0,fn8086,tn10000
	tp1924,fpp0,fnp0,fn8076,tn10000
	tp1997,fpp0,fnp0,fn8003,tn10000
	tp2040,fpp0,fnp0,fn7960,tn10000
	tp1980,fpp0,fnp0,fn8020,tn10000
	tp2036,fpp0,fnp0,fn7964,tn10000
	tp2020,fpp0,fnp0,fn7980,tn10000
	tp2012,fpp0,fnp0,fn7988,tn10000
	tp2086,fpp0,fnp0,fn7914,tn10000
	tp1966,fpp0,fnp0,fn8034,tn10000

k2-hp attack
pct,recall,precision,f1score,fpr,accuracy
33,0.173,1.000,0.295,0.000,0.586
	tp1661,fpp0,fnp0,fn8339,tn10000
	tp1673,fpp0,fnp0,fn8327,tn10000
	tp1710,fpp0,fnp0,fn8290,tn10000
	tp1775,fpp0,fnp0,fn8225,tn10000
	tp1718,fpp0,fnp0,fn8282,tn10000
	tp1742,fpp0,fnp0,fn8258,tn10000
	tp1760,fpp0,fnp0,fn8240,tn10000
	tp1743,fpp0,fnp0,fn8257,tn10000
	tp1784,fpp0,fnp0,fn8216,tn10000
	tp1710,fpp0,fnp0,fn8290,tn10000

k2-wf attack
pct,recall,precision,f1score,fpr,accuracy
33,0.547,0.859,0.668,0.090,0.741
	tp5492,fpp269,fnp634,fn4239,tn9366
	tp5434,fpp257,fnp647,fn4309,tn9353
	tp5561,fpp250,fnp605,fn4189,tn9395
	tp5475,fpp324,fnp713,fn4201,tn9287
	tp5411,fpp245,fnp669,fn4344,tn9331
	tp5444,fpp265,fnp707,fn4291,tn9293
	tp5512,fpp261,fnp603,fn4227,tn9397
	tp5439,fpp229,fnp586,fn4332,tn9414
	tp5471,fpp255,fnp625,fn4274,tn9375
	tp5444,fpp240,fnp610,fn4316,tn9390

