2016-07-30 17:23:37.217574742 +0200 CEST: wfdns for 10x100+1000 with a100000 w60 r2500 s1.00

k2-ctw attack
pct,recall,precision,f1score,fpr,accuracy
33,0.247,1.000,0.395,0.000,0.624
	tp25,fpp0,fnp0,fn75,tn100
	tp25,fpp0,fnp0,fn75,tn100
	tp24,fpp0,fnp0,fn76,tn100
	tp25,fpp0,fnp0,fn75,tn100
	tp32,fpp0,fnp0,fn68,tn100
	tp26,fpp0,fnp0,fn74,tn100
	tp21,fpp0,fnp0,fn79,tn100
	tp25,fpp0,fnp0,fn75,tn100
	tp22,fpp0,fnp0,fn78,tn100
	tp22,fpp0,fnp0,fn78,tn100

k2-hp attack
pct,recall,precision,f1score,fpr,accuracy
33,0.235,1.000,0.380,0.000,0.618
	tp24,fpp0,fnp0,fn76,tn100
	tp21,fpp0,fnp0,fn79,tn100
	tp24,fpp0,fnp0,fn76,tn100
	tp24,fpp0,fnp0,fn76,tn100
	tp30,fpp0,fnp0,fn70,tn100
	tp25,fpp0,fnp0,fn75,tn100
	tp21,fpp0,fnp0,fn79,tn100
	tp24,fpp0,fnp0,fn76,tn100
	tp21,fpp0,fnp0,fn79,tn100
	tp21,fpp0,fnp0,fn79,tn100

k2-wf attack
pct,recall,precision,f1score,fpr,accuracy
33,0.771,0.862,0.813,0.125,0.835
	tp80,fpp1,fnp8,fn19,tn92
	tp79,fpp4,fnp8,fn17,tn92
	tp77,fpp2,fnp8,fn21,tn92
	tp76,fpp2,fnp11,fn22,tn89
	tp77,fpp4,fnp16,fn19,tn84
	tp80,fpp2,fnp12,fn18,tn88
	tp70,fpp1,fnp8,fn29,tn92
	tp76,fpp4,fnp6,fn20,tn94
	tp81,fpp3,fnp12,fn16,tn88
	tp75,fpp2,fnp11,fn23,tn89

