2016-07-30 17:28:08.608606333 +0200 CEST: wfdns for 10x100+1000 with a100000000 w60 r2500 s1.00

k2-ctw attack
pct,recall,precision,f1score,fpr,accuracy
33,0.242,1.000,0.388,0.000,0.621
	tp26,fpp0,fnp0,fn74,tn100
	tp26,fpp0,fnp0,fn74,tn100
	tp17,fpp0,fnp0,fn83,tn100
	tp24,fpp0,fnp0,fn76,tn100
	tp21,fpp0,fnp0,fn79,tn100
	tp23,fpp0,fnp0,fn77,tn100
	tp19,fpp0,fnp0,fn81,tn100
	tp23,fpp0,fnp0,fn77,tn100
	tp32,fpp0,fnp0,fn68,tn100
	tp31,fpp0,fnp0,fn69,tn100

k2-hp attack
pct,recall,precision,f1score,fpr,accuracy
33,0.233,1.000,0.376,0.000,0.617
	tp24,fpp0,fnp0,fn76,tn100
	tp25,fpp0,fnp0,fn75,tn100
	tp16,fpp0,fnp0,fn84,tn100
	tp24,fpp0,fnp0,fn76,tn100
	tp18,fpp0,fnp0,fn82,tn100
	tp23,fpp0,fnp0,fn77,tn100
	tp19,fpp0,fnp0,fn81,tn100
	tp22,fpp0,fnp0,fn78,tn100
	tp31,fpp0,fnp0,fn69,tn100
	tp31,fpp0,fnp0,fn69,tn100

k2-wf attack
pct,recall,precision,f1score,fpr,accuracy
33,0.774,0.865,0.816,0.123,0.836
	tp81,fpp2,fnp9,fn17,tn91
	tp78,fpp3,fnp8,fn19,tn92
	tp76,fpp2,fnp8,fn22,tn92
	tp75,fpp0,fnp10,fn25,tn90
	tp79,fpp4,fnp16,fn17,tn84
	tp81,fpp2,fnp13,fn17,tn87
	tp70,fpp2,fnp9,fn28,tn91
	tp78,fpp2,fnp4,fn20,tn96
	tp82,fpp4,fnp14,fn14,tn86
	tp74,fpp1,fnp10,fn25,tn90

