2016-07-30 17:20:48.912374388 +0200 CEST: wfdns for 10x100+1000 with a10000 w60 r2500 s1.00

k2-ctw attack
pct,recall,precision,f1score,fpr,accuracy
33,0.295,0.977,0.451,0.008,0.645
	tp35,fpp0,fnp1,fn65,tn99
	tp24,fpp0,fnp0,fn76,tn100
	tp28,fpp0,fnp0,fn72,tn100
	tp32,fpp0,fnp1,fn68,tn99
	tp27,fpp0,fnp1,fn73,tn99
	tp32,fpp0,fnp0,fn68,tn100
	tp31,fpp0,fnp1,fn69,tn99
	tp21,fpp0,fnp0,fn79,tn100
	tp36,fpp2,fnp2,fn62,tn98
	tp29,fpp0,fnp0,fn71,tn100

k2-hp attack
pct,recall,precision,f1score,fpr,accuracy
33,0.286,0.981,0.441,0.006,0.640
	tp35,fpp0,fnp1,fn65,tn99
	tp24,fpp0,fnp0,fn76,tn100
	tp28,fpp0,fnp0,fn72,tn100
	tp31,fpp0,fnp1,fn69,tn99
	tp26,fpp0,fnp1,fn74,tn99
	tp31,fpp0,fnp0,fn69,tn100
	tp29,fpp0,fnp1,fn71,tn99
	tp20,fpp0,fnp0,fn80,tn100
	tp33,fpp1,fnp1,fn66,tn99
	tp29,fpp0,fnp0,fn71,tn100

k2-wf attack
pct,recall,precision,f1score,fpr,accuracy
33,0.771,0.873,0.818,0.113,0.839
	tp80,fpp1,fnp9,fn19,tn91
	tp77,fpp3,fnp8,fn20,tn92
	tp76,fpp2,fnp7,fn22,tn93
	tp76,fpp0,fnp11,fn24,tn89
	tp78,fpp4,fnp13,fn18,tn87
	tp80,fpp2,fnp9,fn18,tn91
	tp72,fpp1,fnp9,fn27,tn91
	tp77,fpp4,fnp3,fn19,tn97
	tp80,fpp1,fnp13,fn19,tn87
	tp75,fpp1,fnp12,fn24,tn88

