2016-07-30 17:13:50.934537906 +0200 CEST: wfdns for 10x100+1000 with a1 w60 r2500 s1.00

k2-ctw attack
pct,recall,precision,f1score,fpr,accuracy
33,0.774,0.872,0.819,0.115,0.840
	tp79,fpp1,fnp8,fn20,tn92
	tp79,fpp2,fnp8,fn19,tn92
	tp75,fpp1,fnp6,fn24,tn94
	tp75,fpp2,fnp12,fn23,tn88
	tp79,fpp4,fnp12,fn17,tn88
	tp81,fpp3,fnp10,fn16,tn90
	tp72,fpp1,fnp7,fn27,tn93
	tp78,fpp3,fnp5,fn19,tn95
	tp80,fpp3,fnp14,fn17,tn86
	tp76,fpp1,fnp12,fn23,tn88

k2-hp attack
pct,recall,precision,f1score,fpr,accuracy
33,0.774,0.872,0.819,0.115,0.840
	tp79,fpp1,fnp8,fn20,tn92
	tp79,fpp2,fnp8,fn19,tn92
	tp75,fpp1,fnp6,fn24,tn94
	tp75,fpp2,fnp12,fn23,tn88
	tp79,fpp4,fnp12,fn17,tn88
	tp81,fpp3,fnp10,fn16,tn90
	tp72,fpp1,fnp7,fn27,tn93
	tp78,fpp3,fnp5,fn19,tn95
	tp80,fpp3,fnp14,fn17,tn86
	tp76,fpp1,fnp12,fn23,tn88

k2-wf attack
pct,recall,precision,f1score,fpr,accuracy
33,0.774,0.872,0.819,0.115,0.840
	tp79,fpp1,fnp8,fn20,tn92
	tp79,fpp2,fnp8,fn19,tn92
	tp75,fpp1,fnp6,fn24,tn94
	tp75,fpp2,fnp12,fn23,tn88
	tp79,fpp4,fnp12,fn17,tn88
	tp81,fpp3,fnp10,fn16,tn90
	tp72,fpp1,fnp7,fn27,tn93
	tp78,fpp3,fnp5,fn19,tn95
	tp80,fpp3,fnp14,fn17,tn86
	tp76,fpp1,fnp12,fn23,tn88

