2016-07-30 17:21:43.592207365 +0200 CEST: wfdns for 10x100+1000 with a10000 w60 r2500 s1.00

k2-ctw attack
pct,recall,precision,f1score,fpr,accuracy
33,0.249,1.000,0.397,0.000,0.625
	tp21,fpp0,fnp0,fn79,tn100
	tp29,fpp0,fnp0,fn71,tn100
	tp23,fpp0,fnp0,fn77,tn100
	tp25,fpp0,fnp0,fn75,tn100
	tp20,fpp0,fnp0,fn80,tn100
	tp29,fpp0,fnp0,fn71,tn100
	tp32,fpp0,fnp0,fn68,tn100
	tp22,fpp0,fnp0,fn78,tn100
	tp27,fpp0,fnp0,fn73,tn100
	tp21,fpp0,fnp0,fn79,tn100

k2-hp attack
pct,recall,precision,f1score,fpr,accuracy
33,0.241,1.000,0.387,0.000,0.620
	tp20,fpp0,fnp0,fn80,tn100
	tp29,fpp0,fnp0,fn71,tn100
	tp23,fpp0,fnp0,fn77,tn100
	tp24,fpp0,fnp0,fn76,tn100
	tp19,fpp0,fnp0,fn81,tn100
	tp28,fpp0,fnp0,fn72,tn100
	tp31,fpp0,fnp0,fn69,tn100
	tp21,fpp0,fnp0,fn79,tn100
	tp26,fpp0,fnp0,fn74,tn100
	tp20,fpp0,fnp0,fn80,tn100

k2-wf attack
pct,recall,precision,f1score,fpr,accuracy
33,0.772,0.865,0.815,0.121,0.837
	tp81,fpp2,fnp8,fn17,tn92
	tp80,fpp3,fnp9,fn17,tn91
	tp76,fpp2,fnp10,fn22,tn90
	tp75,fpp1,fnp11,fn24,tn89
	tp78,fpp3,fnp11,fn19,tn89
	tp81,fpp2,fnp12,fn17,tn88
	tp69,fpp2,fnp10,fn29,tn90
	tp77,fpp4,fnp5,fn19,tn95
	tp79,fpp2,fnp11,fn19,tn89
	tp76,fpp1,fnp12,fn23,tn88

