2016-07-30 17:16:12.087505408 +0200 CEST: wfdns for 10x100+1000 with a10 w60 r2500 s1.00

k2-ctw attack
pct,recall,precision,f1score,fpr,accuracy
33,0.257,1.000,0.408,0.000,0.629
	tp30,fpp0,fnp0,fn70,tn100
	tp32,fpp0,fnp0,fn68,tn100
	tp25,fpp0,fnp0,fn75,tn100
	tp22,fpp0,fnp0,fn78,tn100
	tp24,fpp0,fnp0,fn76,tn100
	tp30,fpp0,fnp0,fn70,tn100
	tp20,fpp0,fnp0,fn80,tn100
	tp25,fpp0,fnp0,fn75,tn100
	tp24,fpp0,fnp0,fn76,tn100
	tp25,fpp0,fnp0,fn75,tn100

k2-hp attack
pct,recall,precision,f1score,fpr,accuracy
33,0.241,1.000,0.387,0.000,0.621
	tp28,fpp0,fnp0,fn72,tn100
	tp29,fpp0,fnp0,fn71,tn100
	tp24,fpp0,fnp0,fn76,tn100
	tp22,fpp0,fnp0,fn78,tn100
	tp21,fpp0,fnp0,fn79,tn100
	tp28,fpp0,fnp0,fn72,tn100
	tp20,fpp0,fnp0,fn80,tn100
	tp22,fpp0,fnp0,fn78,tn100
	tp24,fpp0,fnp0,fn76,tn100
	tp23,fpp0,fnp0,fn77,tn100

k2-wf attack
pct,recall,precision,f1score,fpr,accuracy
33,0.774,0.864,0.816,0.123,0.835
	tp80,fpp1,fnp10,fn19,tn90
	tp80,fpp2,fnp10,fn18,tn90
	tp77,fpp1,fnp9,fn22,tn91
	tp75,fpp0,fnp11,fn25,tn89
	tp77,fpp4,fnp11,fn19,tn89
	tp81,fpp3,fnp13,fn16,tn87
	tp71,fpp1,fnp8,fn28,tn92
	tp78,fpp3,fnp5,fn19,tn95
	tp81,fpp3,fnp14,fn16,tn86
	tp74,fpp1,fnp13,fn25,tn87

