2016-07-30 17:25:26.360358971 +0200 CEST: wfdns for 10x100+1000 with a1000000 w60 r2500 s1.00

k2-ctw attack
pct,recall,precision,f1score,fpr,accuracy
33,0.234,1.000,0.377,0.000,0.617
	tp25,fpp0,fnp0,fn75,tn100
	tp27,fpp0,fnp0,fn73,tn100
	tp27,fpp0,fnp0,fn73,tn100
	tp24,fpp0,fnp0,fn76,tn100
	tp21,fpp0,fnp0,fn79,tn100
	tp33,fpp0,fnp0,fn67,tn100
	tp18,fpp0,fnp0,fn82,tn100
	tp22,fpp0,fnp0,fn78,tn100
	tp16,fpp0,fnp0,fn84,tn100
	tp21,fpp0,fnp0,fn79,tn100

k2-hp attack
pct,recall,precision,f1score,fpr,accuracy
33,0.223,1.000,0.363,0.000,0.612
	tp23,fpp0,fnp0,fn77,tn100
	tp24,fpp0,fnp0,fn76,tn100
	tp26,fpp0,fnp0,fn74,tn100
	tp22,fpp0,fnp0,fn78,tn100
	tp21,fpp0,fnp0,fn79,tn100
	tp32,fpp0,fnp0,fn68,tn100
	tp17,fpp0,fnp0,fn83,tn100
	tp21,fpp0,fnp0,fn79,tn100
	tp16,fpp0,fnp0,fn84,tn100
	tp21,fpp0,fnp0,fn79,tn100

k2-wf attack
pct,recall,precision,f1score,fpr,accuracy
33,0.773,0.871,0.819,0.115,0.838
	tp80,fpp1,fnp9,fn19,tn91
	tp79,fpp1,fnp10,fn20,tn90
	tp76,fpp1,fnp8,fn23,tn92
	tp76,fpp1,fnp12,fn23,tn88
	tp79,fpp4,fnp14,fn17,tn86
	tp82,fpp1,fnp10,fn17,tn90
	tp71,fpp2,fnp8,fn27,tn92
	tp76,fpp4,fnp4,fn20,tn96
	tp78,fpp1,fnp13,fn21,tn87
	tp76,fpp1,fnp10,fn23,tn90

