2016-07-30 17:21:16.102702777 +0200 CEST: wfdns for 10x100+1000 with a10000 w60 r2500 s1.00

k2-ctw attack
pct,recall,precision,f1score,fpr,accuracy
33,0.286,1.000,0.443,0.000,0.643
	tp30,fpp0,fnp0,fn70,tn100
	tp27,fpp0,fnp0,fn73,tn100
	tp21,fpp0,fnp0,fn79,tn100
	tp31,fpp0,fnp0,fn69,tn100
	tp30,fpp0,fnp0,fn70,tn100
	tp32,fpp0,fnp0,fn68,tn100
	tp23,fpp0,fnp0,fn77,tn100
	tp31,fpp0,fnp0,fn69,tn100
	tp36,fpp0,fnp0,fn64,tn100
	tp25,fpp0,fnp0,fn75,tn100

k2-hp attack
pct,recall,precision,f1score,fpr,accuracy
33,0.276,1.000,0.431,0.000,0.638
	tp30,fpp0,fnp0,fn70,tn100
	tp25,fpp0,fnp0,fn75,tn100
	tp21,fpp0,fnp0,fn79,tn100
	tp30,fpp0,fnp0,fn70,tn100
	tp29,fpp0,fnp0,fn71,tn100
	tp30,fpp0,fnp0,fn70,tn100
	tp23,fpp0,fnp0,fn77,tn100
	tp28,fpp0,fnp0,fn72,tn100
	tp35,fpp0,fnp0,fn65,tn100
	tp25,fpp0,fnp0,fn75,tn100

k2-wf attack
pct,recall,precision,f1score,fpr,accuracy
33,0.773,0.865,0.816,0.122,0.837
	tp81,fpp1,fnp9,fn18,tn91
	tp78,fpp4,fnp10,fn18,tn90
	tp77,fpp2,fnp9,fn21,tn91
	tp74,fpp2,fnp12,fn24,tn88
	tp79,fpp4,fnp14,fn17,tn86
	tp81,fpp2,fnp11,fn17,tn89
	tp71,fpp1,fnp7,fn28,tn93
	tp76,fpp4,fnp4,fn20,tn96
	tp79,fpp1,fnp13,fn20,tn87
	tp77,fpp1,fnp11,fn22,tn89

