2016-07-30 17:27:41.381399374 +0200 CEST: wfdns for 10x100+1000 with a10000000 w60 r2500 s1.00

k2-ctw attack
pct,recall,precision,f1score,fpr,accuracy
33,0.252,1.000,0.402,0.000,0.626
	tp27,fpp0,fnp0,fn73,tn100
	tp25,fpp0,fnp0,fn75,tn100
	tp29,fpp0,fnp0,fn71,tn100
	tp21,fpp0,fnp0,fn79,tn100
	tp23,fpp0,fnp0,fn77,tn100
	tp26,fpp0,fnp0,fn74,tn100
	tp22,fpp0,fnp0,fn78,tn100
	tp30,fpp0,fnp0,fn70,tn100
	tp24,fpp0,fnp0,fn76,tn100
	tp25,fpp0,fnp0,fn75,tn100

k2-hp attack
pct,recall,precision,f1score,fpr,accuracy
33,0.244,1.000,0.392,0.000,0.622
	tp26,fpp0,fnp0,fn74,tn100
	tp24,fpp0,fnp0,fn76,tn100
	tp28,fpp0,fnp0,fn72,tn100
	tp21,fpp0,fnp0,fn79,tn100
	tp22,fpp0,fnp0,fn78,tn100
	tp26,fpp0,fnp0,fn74,tn100
	tp22,fpp0,fnp0,fn78,tn100
	tp28,fpp0,fnp0,fn72,tn100
	tp23,fpp0,fnp0,fn77,tn100
	tp24,fpp0,fnp0,fn76,tn100

k2-wf attack
pct,recall,precision,f1score,fpr,accuracy
33,0.771,0.869,0.817,0.117,0.837
	tp81,fpp0,fnp8,fn19,tn92
	tp79,fpp1,fnp9,fn20,tn91
	tp77,fpp3,fnp8,fn20,tn92
	tp73,fpp1,fnp12,fn26,tn88
	tp78,fpp3,fnp13,fn19,tn87
	tp79,fpp3,fnp11,fn18,tn89
	tp72,fpp2,fnp8,fn26,tn92
	tp77,fpp2,fnp5,fn21,tn95
	tp81,fpp3,fnp14,fn16,tn86
	tp74,fpp1,fnp10,fn25,tn90

