2016-07-30 17:24:04.665699203 +0200 CEST: wfdns for 10x100+1000 with a100000 w60 r2500 s1.00

k2-ctw attack
pct,recall,precision,f1score,fpr,accuracy
33,0.220,1.000,0.359,0.000,0.610
	tp27,fpp0,fnp0,fn73,tn100
	tp17,fpp0,fnp0,fn83,tn100
	tp19,fpp0,fnp0,fn81,tn100
	tp22,fpp0,fnp0,fn78,tn100
	tp29,fpp0,fnp0,fn71,tn100
	tp23,fpp0,fnp0,fn77,tn100
	tp20,fpp0,fnp0,fn80,tn100
	tp17,fpp0,fnp0,fn83,tn100
	tp26,fpp0,fnp0,fn74,tn100
	tp20,fpp0,fnp0,fn80,tn100

k2-hp attack
pct,recall,precision,f1score,fpr,accuracy
33,0.210,1.000,0.345,0.000,0.605
	tp25,fpp0,fnp0,fn75,tn100
	tp16,fpp0,fnp0,fn84,tn100
	tp18,fpp0,fnp0,fn82,tn100
	tp22,fpp0,fnp0,fn78,tn100
	tp28,fpp0,fnp0,fn72,tn100
	tp21,fpp0,fnp0,fn79,tn100
	tp19,fpp0,fnp0,fn81,tn100
	tp15,fpp0,fnp0,fn85,tn100
	tp26,fpp0,fnp0,fn74,tn100
	tp20,fpp0,fnp0,fn80,tn100

k2-wf attack
pct,recall,precision,f1score,fpr,accuracy
33,0.771,0.864,0.814,0.122,0.836
	tp81,fpp2,fnp8,fn17,tn92
	tp78,fpp2,fnp9,fn20,tn91
	tp75,fpp1,fnp10,fn24,tn90
	tp75,fpp1,fnp10,fn24,tn90
	tp79,fpp4,fnp12,fn17,tn88
	tp79,fpp3,fnp11,fn18,tn89
	tp70,fpp2,fnp10,fn28,tn90
	tp77,fpp4,fnp5,fn19,tn95
	tp80,fpp2,fnp14,fn18,tn86
	tp77,fpp1,fnp11,fn22,tn89

