2016-07-30 17:19:55.090507254 +0200 CEST: wfdns for 10x100+1000 with a1000 w60 r2500 s1.00

k2-ctw attack
pct,recall,precision,f1score,fpr,accuracy
33,0.247,0.969,0.392,0.009,0.621
	tp17,fpp0,fnp0,fn83,tn100
	tp25,fpp0,fnp0,fn75,tn100
	tp24,fpp1,fnp3,fn75,tn97
	tp21,fpp0,fnp0,fn79,tn100
	tp29,fpp0,fnp0,fn71,tn100
	tp31,fpp0,fnp0,fn69,tn100
	tp22,fpp0,fnp0,fn78,tn100
	tp25,fpp0,fnp0,fn75,tn100
	tp25,fpp2,fnp3,fn73,tn97
	tp28,fpp0,fnp0,fn72,tn100

k2-hp attack
pct,recall,precision,f1score,fpr,accuracy
33,0.237,0.974,0.380,0.007,0.616
	tp17,fpp0,fnp0,fn83,tn100
	tp24,fpp0,fnp0,fn76,tn100
	tp23,fpp1,fnp2,fn76,tn98
	tp21,fpp0,fnp0,fn79,tn100
	tp26,fpp0,fnp0,fn74,tn100
	tp29,fpp0,fnp0,fn71,tn100
	tp22,fpp0,fnp0,fn78,tn100
	tp23,fpp0,fnp0,fn77,tn100
	tp24,fpp1,fnp3,fn75,tn97
	tp28,fpp0,fnp0,fn72,tn100

k2-wf attack
pct,recall,precision,f1score,fpr,accuracy
33,0.772,0.872,0.818,0.115,0.839
	tp79,fpp2,fnp7,fn19,tn93
	tp78,fpp2,fnp9,fn20,tn91
	tp76,fpp1,fnp6,fn23,tn94
	tp75,fpp2,fnp11,fn23,tn89
	tp78,fpp4,fnp13,fn18,tn87
	tp81,fpp2,fnp13,fn17,tn87
	tp71,fpp1,fnp8,fn28,tn92
	tp78,fpp4,fnp4,fn18,tn96
	tp81,fpp2,fnp13,fn17,tn87
	tp75,fpp1,fnp10,fn24,tn90

