2016-07-30 17:18:31.875062361 +0200 CEST: wfdns for 10x100+1000 with a100 w60 r2500 s1.00

k2-ctw attack
pct,recall,precision,f1score,fpr,accuracy
33,0.278,1.000,0.433,0.000,0.639
	tp29,fpp0,fnp0,fn71,tn100
	tp29,fpp0,fnp0,fn71,tn100
	tp23,fpp0,fnp0,fn77,tn100
	tp22,fpp0,fnp0,fn78,tn100
	tp37,fpp0,fnp0,fn63,tn100
	tp25,fpp0,fnp0,fn75,tn100
	tp21,fpp0,fnp0,fn79,tn100
	tp31,fpp0,fnp0,fn69,tn100
	tp34,fpp0,fnp0,fn66,tn100
	tp27,fpp0,fnp0,fn73,tn100

k2-hp attack
pct,recall,precision,f1score,fpr,accuracy
33,0.264,1.000,0.415,0.000,0.632
	tp28,fpp0,fnp0,fn72,tn100
	tp28,fpp0,fnp0,fn72,tn100
	tp21,fpp0,fnp0,fn79,tn100
	tp21,fpp0,fnp0,fn79,tn100
	tp35,fpp0,fnp0,fn65,tn100
	tp24,fpp0,fnp0,fn76,tn100
	tp19,fpp0,fnp0,fn81,tn100
	tp28,fpp0,fnp0,fn72,tn100
	tp34,fpp0,fnp0,fn66,tn100
	tp26,fpp0,fnp0,fn74,tn100

k2-wf attack
pct,recall,precision,f1score,fpr,accuracy
33,0.778,0.869,0.820,0.119,0.841
	tp81,fpp1,fnp9,fn18,tn91
	tp79,fpp3,fnp9,fn18,tn91
	tp76,fpp1,fnp9,fn23,tn91
	tp74,fpp1,fnp10,fn25,tn90
	tp80,fpp5,fnp11,fn15,tn89
	tp82,fpp3,fnp11,fn15,tn89
	tp72,fpp2,fnp8,fn26,tn92
	tp78,fpp3,fnp5,fn19,tn95
	tp81,fpp3,fnp15,fn16,tn85
	tp75,fpp1,fnp9,fn24,tn91

