2016-07-30 17:26:48.212006039 +0200 CEST: wfdns for 10x100+1000 with a10000000 w60 r2500 s1.00

k2-ctw attack
pct,recall,precision,f1score,fpr,accuracy
33,0.259,1.000,0.410,0.000,0.629
	tp34,fpp0,fnp0,fn66,tn100
	tp31,fpp0,fnp0,fn69,tn100
	tp23,fpp0,fnp0,fn77,tn100
	tp28,fpp0,fnp0,fn72,tn100
	tp21,fpp0,fnp0,fn79,tn100
	tp29,fpp0,fnp0,fn71,tn100
	tp22,fpp0,fnp0,fn78,tn100
	tp25,fpp0,fnp0,fn75,tn100
	tp26,fpp0,fnp0,fn74,tn100
	tp20,fpp0,fnp0,fn80,tn100

k2-hp attack
pct,recall,precision,f1score,fpr,accuracy
33,0.250,1.000,0.398,0.000,0.625
	tp34,fpp0,fnp0,fn66,tn100
	tp30,fpp0,fnp0,fn70,tn100
	tp22,fpp0,fnp0,fn78,tn100
	tp27,fpp0,fnp0,fn73,tn100
	tp21,fpp0,fnp0,fn79,tn100
	tp29,fpp0,fnp0,fn71,tn100
	tp20,fpp0,fnp0,fn80,tn100
	tp23,fpp0,fnp0,fn77,tn100
	tp24,fpp0,fnp0,fn76,tn100
	tp20,fpp0,fnp0,fn80,tn100

k2-wf attack
pct,recall,precision,f1score,fpr,accuracy
33,0.769,0.870,0.816,0.116,0.835
	tp79,fpp0,fnp8,fn21,tn92
	tp78,fpp1,fnp9,fn21,tn91
	tp76,fpp1,fnp8,fn23,tn92
	tp76,fpp1,fnp11,fn23,tn89
	tp78,fpp3,fnp13,fn19,tn87
	tp81,fpp2,fnp11,fn17,tn89
	tp70,fpp1,fnp10,fn29,tn90
	tp78,fpp4,fnp5,fn18,tn95
	tp81,fpp2,fnp14,fn17,tn86
	tp72,fpp1,fnp11,fn27,tn89

