2016-07-30 17:24:31.817016852 +0200 CEST: wfdns for 10x100+1000 with a1000000 w60 r2500 s1.00

k2-ctw attack
pct,recall,precision,f1score,fpr,accuracy
33,0.260,1.000,0.412,0.000,0.630
	tp21,fpp0,fnp0,fn79,tn100
	tp31,fpp0,fnp0,fn69,tn100
	tp25,fpp0,fnp0,fn75,tn100
	tp21,fpp0,fnp0,fn79,tn100
	tp29,fpp0,fnp0,fn71,tn100
	tp24,fpp0,fnp0,fn76,tn100
	tp27,fpp0,fnp0,fn73,tn100
	tp26,fpp0,fnp0,fn74,tn100
	tp25,fpp0,fnp0,fn75,tn100
	tp31,fpp0,fnp0,fn69,tn100

k2-hp attack
pct,recall,precision,f1score,fpr,accuracy
33,0.250,1.000,0.399,0.000,0.625
	tp20,fpp0,fnp0,fn80,tn100
	tp30,fpp0,fnp0,fn70,tn100
	tp23,fpp0,fnp0,fn77,tn100
	tp21,fpp0,fnp0,fn79,tn100
	tp28,fpp0,fnp0,fn72,tn100
	tp23,fpp0,fnp0,fn77,tn100
	tp27,fpp0,fnp0,fn73,tn100
	tp25,fpp0,fnp0,fn75,tn100
	tp23,fpp0,fnp0,fn77,tn100
	tp30,fpp0,fnp0,fn70,tn100

k2-wf attack
pct,recall,precision,f1score,fpr,accuracy
33,0.770,0.872,0.817,0.114,0.839
	tp79,fpp1,fnp7,fn20,tn93
	tp79,fpp3,fnp9,fn18,tn91
	tp75,fpp1,fnp9,fn24,tn91
	tp75,fpp2,fnp12,fn23,tn88
	tp78,fpp4,fnp13,fn18,tn87
	tp81,fpp3,fnp10,fn16,tn90
	tp70,fpp2,fnp6,fn28,tn94
	tp78,fpp3,fnp4,fn19,tn96
	tp79,fpp2,fnp11,fn19,tn89
	tp76,fpp1,fnp11,fn23,tn89

