2016-07-30 17:24:59.504104013 +0200 CEST: wfdns for 10x100+1000 with a1000000 w60 r2500 s1.00

k2-ctw attack
pct,recall,precision,f1score,fpr,accuracy
33,0.256,1.000,0.407,0.000,0.628
	tp28,fpp0,fnp0,fn72,tn100
	tp24,fpp0,fnp0,fn76,tn100
	tp25,fpp0,fnp0,fn75,tn100
	tp27,fpp0,fnp0,fn73,tn100
	tp26,fpp0,fnp0,fn74,tn100
	tp27,fpp0,fnp0,fn73,tn100
	tp29,fpp0,fnp0,fn71,tn100
	tp23,fpp0,fnp0,fn77,tn100
	tp22,fpp0,fnp0,fn78,tn100
	tp25,fpp0,fnp0,fn75,tn100

k2-hp attack
pct,recall,precision,f1score,fpr,accuracy
33,0.239,1.000,0.385,0.000,0.619
	tp27,fpp0,fnp0,fn73,tn100
	tp23,fpp0,fnp0,fn77,tn100
	tp23,fpp0,fnp0,fn77,tn100
	tp25,fpp0,fnp0,fn75,tn100
	tp24,fpp0,fnp0,fn76,tn100
	tp25,fpp0,fnp0,fn75,tn100
	tp28,fpp0,fnp0,fn72,tn100
	tp19,fpp0,fnp0,fn81,tn100
	tp21,fpp0,fnp0,fn79,tn100
	tp24,fpp0,fnp0,fn76,tn100

k2-wf attack
pct,recall,precision,f1score,fpr,accuracy
33,0.772,0.870,0.818,0.116,0.838
	tp79,fpp1,fnp9,fn20,tn91
	tp78,fpp3,fnp10,fn19,tn90
	tp76,fpp1,fnp7,fn23,tn93
	tp75,fpp1,fnp11,fn24,tn89
	tp77,fpp4,fnp12,fn19,tn88
	tp82,fpp1,fnp10,fn17,tn90
	tp70,fpp1,fnp9,fn29,tn91
	tp78,fpp4,fnp4,fn18,tn96
	tp80,fpp2,fnp15,fn18,tn85
	tp77,fpp1,fnp10,fn22,tn90

