2016-07-30 17:23:09.104773722 +0200 CEST: wfdns for 10x100+1000 with a100000 w60 r2500 s1.00

k2-ctw attack
pct,recall,precision,f1score,fpr,accuracy
33,0.248,1.000,0.396,0.000,0.624
	tp29,fpp0,fnp0,fn71,tn100
	tp25,fpp0,fnp0,fn75,tn100
	tp32,fpp0,fnp0,fn68,tn100
	tp24,fpp0,fnp0,fn76,tn100
	tp22,fpp0,fnp0,fn78,tn100
	tp26,fpp0,fnp0,fn74,tn100
	tp17,fpp0,fnp0,fn83,tn100
	tp19,fpp0,fnp0,fn81,tn100
	tp28,fpp0,fnp0,fn72,tn100
	tp26,fpp0,fnp0,fn74,tn100

k2-hp attack
pct,recall,precision,f1score,fpr,accuracy
33,0.238,1.000,0.382,0.000,0.619
	tp28,fpp0,fnp0,fn72,tn100
	tp25,fpp0,fnp0,fn75,tn100
	tp31,fpp0,fnp0,fn69,tn100
	tp24,fpp0,fnp0,fn76,tn100
	tp21,fpp0,fnp0,fn79,tn100
	tp26,fpp0,fnp0,fn74,tn100
	tp16,fpp0,fnp0,fn84,tn100
	tp15,fpp0,fnp0,fn85,tn100
	tp27,fpp0,fnp0,fn73,tn100
	tp25,fpp0,fnp0,fn75,tn100

k2-wf attack
pct,recall,precision,f1score,fpr,accuracy
33,0.767,0.872,0.815,0.114,0.837
	tp80,fpp0,fnp9,fn20,tn91
	tp78,fpp2,fnp8,fn20,tn92
	tp77,fpp3,fnp8,fn20,tn92
	tp75,fpp1,fnp11,fn24,tn89
	tp76,fpp4,fnp14,fn20,tn86
	tp82,fpp2,fnp9,fn16,tn91
	tp71,fpp3,fnp8,fn26,tn92
	tp74,fpp2,fnp3,fn24,tn97
	tp81,fpp2,fnp13,fn17,tn87
	tp73,fpp1,fnp11,fn26,tn89

