2016-07-30 17:27:14.774453353 +0200 CEST: wfdns for 10x100+1000 with a10000000 w60 r2500 s1.00

k2-ctw attack
pct,recall,precision,f1score,fpr,accuracy
33,0.241,1.000,0.388,0.000,0.621
	tp24,fpp0,fnp0,fn76,tn100
	tp29,fpp0,fnp0,fn71,tn100
	tp22,fpp0,fnp0,fn78,tn100
	tp18,fpp0,fnp0,fn82,tn100
	tp23,fpp0,fnp0,fn77,tn100
	tp25,fpp0,fnp0,fn75,tn100
	tp25,fpp0,fnp0,fn75,tn100
	tp24,fpp0,fnp0,fn76,tn100
	tp23,fpp0,fnp0,fn77,tn100
	tp28,fpp0,fnp0,fn72,tn100

k2-hp attack
pct,recall,precision,f1score,fpr,accuracy
33,0.236,1.000,0.381,0.000,0.618
	tp24,fpp0,fnp0,fn76,tn100
	tp27,fpp0,fnp0,fn73,tn100
	tp22,fpp0,fnp0,fn78,tn100
	tp18,fpp0,fnp0,fn82,tn100
	tp23,fpp0,fnp0,fn77,tn100
	tp23,fpp0,fnp0,fn77,tn100
	tp24,fpp0,fnp0,fn76,tn100
	tp24,fpp0,fnp0,fn76,tn100
	tp23,fpp0,fnp0,fn77,tn100
	tp28,fpp0,fnp0,fn72,tn100

k2-wf attack
pct,recall,precision,f1score,fpr,accuracy
33,0.771,0.858,0.811,0.129,0.833
	tp80,fpp1,fnp11,fn19,tn89
	tp78,fpp3,fnp10,fn19,tn90
	tp77,fpp3,fnp10,fn20,tn90
	tp76,fpp1,fnp11,fn23,tn89
	tp79,fpp4,fnp15,fn17,tn85
	tp79,fpp3,fnp11,fn18,tn89
	tp70,fpp1,fnp10,fn29,tn90
	tp76,fpp4,fnp4,fn20,tn96
	tp81,fpp2,fnp13,fn17,tn87
	tp75,fpp2,fnp10,fn23,tn90

