2016-07-30 17:22:40.735100619 +0200 CEST: wfdns for 10x100+1000 with a100000 w60 r2500 s1.00

k2-ctw attack
pct,recall,precision,f1score,fpr,accuracy
33,0.239,1.000,0.383,0.000,0.620
	tp25,fpp0,fnp0,fn75,tn100
	tp19,fpp0,fnp0,fn81,tn100
	tp28,fpp0,fnp0,fn72,tn100
	tp24,fpp0,fnp0,fn76,tn100
	tp24,fpp0,fnp0,fn76,tn100
	tp23,fpp0,fnp0,fn77,tn100
	tp24,fpp0,fnp0,fn76,tn100
	tp28,fpp0,fnp0,fn72,tn100
	tp31,fpp0,fnp0,fn69,tn100
	tp13,fpp0,fnp0,fn87,tn100

k2-hp attack
pct,recall,precision,f1score,fpr,accuracy
33,0.232,1.000,0.374,0.000,0.616
	tp24,fpp0,fnp0,fn76,tn100
	tp19,fpp0,fnp0,fn81,tn100
	tp28,fpp0,fnp0,fn72,tn100
	tp23,fpp0,fnp0,fn77,tn100
	tp24,fpp0,fnp0,fn76,tn100
	tp21,fpp0,fnp0,fn79,tn100
	tp22,fpp0,fnp0,fn78,tn100
	tp27,fpp0,fnp0,fn73,tn100
	tp31,fpp0,fnp0,fn69,tn100
	tp13,fpp0,fnp0,fn87,tn100

k2-wf attack
pct,recall,precision,f1score,fpr,accuracy
33,0.770,0.873,0.818,0.113,0.839
	tp78,fpp1,fnp8,fn21,tn92
	tp79,fpp2,fnp9,fn19,tn91
	tp76,fpp1,fnp6,fn23,tn94
	tp74,fpp0,fnp11,fn26,tn89
	tp78,fpp4,fnp13,fn18,tn87
	tp80,fpp3,fnp10,fn17,tn90
	tp72,fpp2,fnp8,fn26,tn92
	tp76,fpp4,fnp6,fn20,tn94
	tp82,fpp2,fnp11,fn16,tn89
	tp75,fpp2,fnp10,fn23,tn90

