2016-07-30 17:17:09.183821649 +0200 CEST: wfdns for 10x100+1000 with a100 w60 r2500 s1.00

k2-ctw attack
pct,recall,precision,f1score,fpr,accuracy
33,0.773,0.868,0.817,0.118,0.837
	tp79,fpp2,fnp10,fn19,tn90
	tp79,fpp2,fnp10,fn19,tn90
	tp76,fpp1,fnp9,fn23,tn91
	tp75,fpp0,fnp11,fn25,tn89
	tp78,fpp3,fnp11,fn19,tn89
	tp81,fpp2,fnp11,fn17,tn89
	tp72,fpp2,fnp7,fn26,tn93
	tp77,fpp2,fnp5,fn21,tn95
	tp80,fpp3,fnp13,fn17,tn87
	tp76,fpp2,fnp12,fn22,tn88

k2-hp attack
pct,recall,precision,f1score,fpr,accuracy
33,0.773,0.868,0.817,0.118,0.837
	tp79,fpp2,fnp10,fn19,tn90
	tp79,fpp2,fnp10,fn19,tn90
	tp76,fpp1,fnp9,fn23,tn91
	tp75,fpp0,fnp11,fn25,tn89
	tp78,fpp3,fnp11,fn19,tn89
	tp81,fpp2,fnp11,fn17,tn89
	tp72,fpp2,fnp7,fn26,tn93
	tp77,fpp2,fnp5,fn21,tn95
	tp80,fpp3,fnp13,fn17,tn87
	tp76,fpp2,fnp12,fn22,tn88

k2-wf attack
pct,recall,precision,f1score,fpr,accuracy
33,0.773,0.868,0.817,0.118,0.837
	tp79,fpp2,fnp10,fn19,tn90
	tp79,fpp2,fnp10,fn19,tn90
	tp76,fpp1,fnp9,fn23,tn91
	tp75,fpp0,fnp11,fn25,tn89
	tp78,fpp3,fnp11,fn19,tn89
	tp81,fpp2,fnp11,fn17,tn89
	tp72,fpp2,fnp7,fn26,tn93
	tp77,fpp2,fnp5,fn21,tn95
	tp80,fpp3,fnp13,fn17,tn87
	tp76,fpp2,fnp12,fn22,tn88

