2016-07-30 17:25:54.114701976 +0200 CEST: wfdns for 10x100+1000 with a1000000 w60 r2500 s1.00

k2-ctw attack
pct,recall,precision,f1score,fpr,accuracy
33,0.258,1.000,0.409,0.000,0.629
	tp26,fpp0,fnp0,fn74,tn100
	tp23,fpp0,fnp0,fn77,tn100
	tp25,fpp0,fnp0,fn75,tn100
	tp29,fpp0,fnp0,fn71,tn100
	tp28,fpp0,fnp0,fn72,tn100
	tp22,fpp0,fnp0,fn78,tn100
	tp20,fpp0,fnp0,fn80,tn100
	tp28,fpp0,fnp0,fn72,tn100
	tp28,fpp0,fnp0,fn72,tn100
	tp29,fpp0,fnp0,fn71,tn100

k2-hp attack
pct,recall,precision,f1score,fpr,accuracy
33,0.246,1.000,0.394,0.000,0.623
	tp24,fpp0,fnp0,fn76,tn100
	tp23,fpp0,fnp0,fn77,tn100
	tp24,fpp0,fnp0,fn76,tn100
	tp28,fpp0,fnp0,fn72,tn100
	tp25,fpp0,fnp0,fn75,tn100
	tp22,fpp0,fnp0,fn78,tn100
	tp20,fpp0,fnp0,fn80,tn100
	tp24,fpp0,fnp0,fn76,tn100
	tp28,fpp0,fnp0,fn72,tn100
	tp28,fpp0,fnp0,fn72,tn100

k2-wf attack
pct,recall,precision,f1score,fpr,accuracy
33,0.770,0.861,0.813,0.125,0.832
	tp80,fpp0,fnp8,fn20,tn92
	tp77,fpp2,fnp8,fn21,tn92
	tp77,fpp1,fnp9,fn22,tn91
	tp74,fpp2,fnp11,fn24,tn89
	tp76,fpp4,fnp15,fn20,tn85
	tp81,fpp2,fnp13,fn17,tn87
	tp73,fpp1,fnp11,fn26,tn89
	tp77,fpp3,fnp6,fn20,tn94
	tp80,fpp2,fnp14,fn18,tn86
	tp75,fpp2,fnp11,fn23,tn89

