2016-07-30 17:15:15.79490637 +0200 CEST: wfdns for 10x100+1000 with a10 w60 r2500 s1.00

k2-ctw attack
pct,recall,precision,f1score,fpr,accuracy
33,0.773,0.864,0.815,0.123,0.835
	tp81,fpp1,fnp9,fn18,tn91
	tp77,fpp2,fnp11,fn21,tn89
	tp76,fpp1,fnp9,fn23,tn91
	tp75,fpp2,fnp9,fn23,tn91
	tp78,fpp4,fnp15,fn18,tn85
	tp80,fpp3,fnp11,fn17,tn89
	tp71,fpp1,fnp9,fn28,tn91
	tp76,fpp4,fnp6,fn20,tn94
	tp82,fpp2,fnp12,fn16,tn88
	tp77,fpp1,fnp11,fn22,tn89

k2-hp attack
pct,recall,precision,f1score,fpr,accuracy
33,0.773,0.864,0.815,0.123,0.835
	tp81,fpp1,fnp9,fn18,tn91
	tp77,fpp2,fnp11,fn21,tn89
	tp76,fpp1,fnp9,fn23,tn91
	tp75,fpp2,fnp9,fn23,tn91
	tp78,fpp4,fnp15,fn18,tn85
	tp80,fpp3,fnp11,fn17,tn89
	tp71,fpp1,fnp9,fn28,tn91
	tp76,fpp4,fnp6,fn20,tn94
	tp82,fpp2,fnp12,fn16,tn88
	tp77,fpp1,fnp11,fn22,tn89

k2-wf attack
pct,recall,precision,f1score,fpr,accuracy
33,0.773,0.864,0.815,0.123,0.835
	tp81,fpp1,fnp9,fn18,tn91
	tp77,fpp2,fnp11,fn21,tn89
	tp76,fpp1,fnp9,fn23,tn91
	tp75,fpp2,fnp9,fn23,tn91
	tp78,fpp4,fnp15,fn18,tn85
	tp80,fpp3,fnp11,fn17,tn89
	tp71,fpp1,fnp9,fn28,tn91
	tp76,fpp4,fnp6,fn20,tn94
	tp82,fpp2,fnp12,fn16,tn88
	tp77,fpp1,fnp11,fn22,tn89

