2016-07-30 17:29:01.951162598 +0200 CEST: wfdns for 10x100+1000 with a100000000 w60 r2500 s1.00

k2-ctw attack
pct,recall,precision,f1score,fpr,accuracy
33,0.256,1.000,0.406,0.000,0.628
	tp29,fpp0,fnp0,fn71,tn100
	tp21,fpp0,fnp0,fn79,tn100
	tp23,fpp0,fnp0,fn77,tn100
	tp28,fpp0,fnp0,fn72,tn100
	tp21,fpp0,fnp0,fn79,tn100
	tp35,fpp0,fnp0,fn65,tn100
	tp24,fpp0,fnp0,fn76,tn100
	tp27,fpp0,fnp0,fn73,tn100
	tp23,fpp0,fnp0,fn77,tn100
	tp25,fpp0,fnp0,fn75,tn100

k2-hp attack
pct,recall,precision,f1score,fpr,accuracy
33,0.240,1.000,0.386,0.000,0.620
	tp27,fpp0,fnp0,fn73,tn100
	tp21,fpp0,fnp0,fn79,tn100
	tp23,fpp0,fnp0,fn77,tn100
	tp28,fpp0,fnp0,fn72,tn100
	tp20,fpp0,fnp0,fn80,tn100
	tp32,fpp0,fnp0,fn68,tn100
	tp23,fpp0,fnp0,fn77,tn100
	tp23,fpp0,fnp0,fn77,tn100
	tp22,fpp0,fnp0,fn78,tn100
	tp21,fpp0,fnp0,fn79,tn100

k2-wf attack
pct,recall,precision,f1score,fpr,accuracy
33,0.769,0.865,0.813,0.121,0.835
	tp79,fpp2,fnp9,fn19,tn91
	tp78,fpp3,fnp9,fn19,tn91
	tp76,fpp1,fnp8,fn23,tn92
	tp75,fpp2,fnp11,fn23,tn89
	tp79,fpp4,fnp12,fn17,tn88
	tp81,fpp1,fnp11,fn18,tn89
	tp70,fpp2,fnp8,fn28,tn92
	tp75,fpp4,fnp5,fn21,tn95
	tp81,fpp3,fnp11,fn16,tn89
	tp75,fpp1,fnp14,fn24,tn86

