2016-07-30 17:18:04.489935415 +0200 CEST: wfdns for 10x100+1000 with a100 w60 r2500 s1.00

k2-ctw attack
pct,recall,precision,f1score,fpr,accuracy
33,0.262,0.995,0.413,0.002,0.630
	tp25,fpp0,fnp0,fn75,tn100
	tp23,fpp0,fnp0,fn77,tn100
	tp26,fpp0,fnp0,fn74,tn100
	tp35,fpp0,fnp2,fn65,tn98
	tp27,fpp0,fnp0,fn73,tn100
	tp22,fpp0,fnp0,fn78,tn100
	tp23,fpp0,fnp0,fn77,tn100
	tp31,fpp0,fnp0,fn69,tn100
	tp27,fpp0,fnp0,fn73,tn100
	tp23,fpp0,fnp0,fn77,tn100

k2-hp attack
pct,recall,precision,f1score,fpr,accuracy
33,0.249,0.995,0.396,0.002,0.624
	tp24,fpp0,fnp0,fn76,tn100
	tp21,fpp0,fnp0,fn79,tn100
	tp24,fpp0,fnp0,fn76,tn100
	tp35,fpp0,fnp2,fn65,tn98
	tp24,fpp0,fnp0,fn76,tn100
	tp21,fpp0,fnp0,fn79,tn100
	tp23,fpp0,fnp0,fn77,tn100
	tp27,fpp0,fnp0,fn73,tn100
	tp27,fpp0,fnp0,fn73,tn100
	tp23,fpp0,fnp0,fn77,tn100

k2-wf attack
pct,recall,precision,f1score,fpr,accuracy
33,0.771,0.870,0.817,0.116,0.838
	tp80,fpp1,fnp9,fn19,tn91
	tp78,fpp2,fnp9,fn20,tn91
	tp76,fpp2,fnp8,fn22,tn92
	tp74,fpp1,fnp11,fn25,tn89
	tp79,fpp4,fnp13,fn17,tn87
	tp81,fpp3,fnp10,fn16,tn90
	tp70,fpp2,fnp8,fn28,tn92
	tp77,fpp2,fnp5,fn21,tn95
	tp81,fpp2,fnp12,fn17,tn88
	tp75,fpp2,fnp10,fn23,tn90

