2016-07-30 17:22:11.524823199 +0200 CEST: wfdns for 10x100+1000 with a10000 w60 r2500 s1.00

k2-ctw attack
pct,recall,precision,f1score,fpr,accuracy
33,0.271,1.000,0.425,0.000,0.636
	tp31,fpp0,fnp0,fn69,tn100
	tp23,fpp0,fnp0,fn77,tn100
	tp24,fpp0,fnp0,fn76,tn100
	tp30,fpp0,fnp0,fn70,tn100
	tp28,fpp0,fnp0,fn72,tn100
	tp24,fpp0,fnp0,fn76,tn100
	tp28,fpp0,fnp0,fn72,tn100
	tp32,fpp0,fnp0,fn68,tn100
	tp29,fpp0,fnp0,fn71,tn100
	tp22,fpp0,fnp0,fn78,tn100

k2-hp attack
pct,recall,precision,f1score,fpr,accuracy
33,0.263,1.000,0.415,0.000,0.632
	tp31,fpp0,fnp0,fn69,tn100
	tp22,fpp0,fnp0,fn78,tn100
	tp23,fpp0,fnp0,fn77,tn100
	tp29,fpp0,fnp0,fn71,tn100
	tp27,fpp0,fnp0,fn73,tn100
	tp22,fpp0,fnp0,fn78,tn100
	tp27,fpp0,fnp0,fn73,tn100
	tp31,fpp0,fnp0,fn69,tn100
	tp29,fpp0,fnp0,fn71,tn100
	tp22,fpp0,fnp0,fn78,tn100

k2-wf attack
pct,recall,precision,f1score,fpr,accuracy
33,0.769,0.861,0.812,0.125,0.832
	tp80,fpp2,fnp9,fn18,tn91
	tp79,fpp2,fnp9,fn19,tn91
	tp76,fpp1,fnp8,fn23,tn92
	tp76,fpp2,fnp12,fn22,tn88
	tp77,fpp3,fnp17,fn20,tn83
	tp79,fpp4,fnp10,fn17,tn90
	tp72,fpp1,fnp9,fn27,tn91
	tp76,fpp4,fnp4,fn20,tn96
	tp79,fpp1,fnp13,fn20,tn87
	tp75,fpp1,fnp13,fn24,tn87

