2016-07-30 17:29:28.49713679 +0200 CEST: wfdns for 10x100+1000 with a100000000 w60 r2500 s1.00

k2-ctw attack
pct,recall,precision,f1score,fpr,accuracy
33,0.239,1.000,0.384,0.000,0.620
	tp24,fpp0,fnp0,fn76,tn100
	tp23,fpp0,fnp0,fn77,tn100
	tp24,fpp0,fnp0,fn76,tn100
	tp24,fpp0,fnp0,fn76,tn100
	tp28,fpp0,fnp0,fn72,tn100
	tp27,fpp0,fnp0,fn73,tn100
	tp26,fpp0,fnp0,fn74,tn100
	tp29,fpp0,fnp0,fn71,tn100
	tp17,fpp0,fnp0,fn83,tn100
	tp17,fpp0,fnp0,fn83,tn100

k2-hp attack
pct,recall,precision,f1score,fpr,accuracy
33,0.231,1.000,0.373,0.000,0.615
	tp22,fpp0,fnp0,fn78,tn100
	tp21,fpp0,fnp0,fn79,tn100
	tp24,fpp0,fnp0,fn76,tn100
	tp24,fpp0,fnp0,fn76,tn100
	tp27,fpp0,fnp0,fn73,tn100
	tp27,fpp0,fnp0,fn73,tn100
	tp26,fpp0,fnp0,fn74,tn100
	tp28,fpp0,fnp0,fn72,tn100
	tp16,fpp0,fnp0,fn84,tn100
	tp16,fpp0,fnp0,fn84,tn100

k2-wf attack
pct,recall,precision,f1score,fpr,accuracy
33,0.771,0.871,0.817,0.115,0.838
	tp79,fpp2,fnp10,fn19,tn90
	tp77,fpp1,fnp10,fn22,tn90
	tp77,fpp1,fnp10,fn22,tn90
	tp75,fpp1,fnp11,fn24,tn89
	tp79,fpp4,fnp9,fn17,tn91
	tp81,fpp3,fnp11,fn16,tn89
	tp71,fpp1,fnp7,fn28,tn93
	tp77,fpp3,fnp5,fn20,tn95
	tp79,fpp2,fnp12,fn19,tn88
	tp76,fpp2,fnp10,fn22,tn90

