2016-07-30 17:15:44.203888549 +0200 CEST: wfdns for 10x100+1000 with a10 w60 r2500 s1.00

k2-ctw attack
pct,recall,precision,f1score,fpr,accuracy
33,0.773,0.868,0.817,0.118,0.838
	tp81,fpp2,fnp8,fn17,tn92
	tp78,fpp3,fnp9,fn19,tn91
	tp75,fpp1,fnp9,fn24,tn91
	tp76,fpp1,fnp11,fn23,tn89
	tp79,fpp4,fnp12,fn17,tn88
	tp81,fpp3,fnp12,fn16,tn88
	tp71,fpp1,fnp7,fn28,tn93
	tp79,fpp4,fnp6,fn17,tn94
	tp80,fpp1,fnp12,fn19,tn88
	tp73,fpp1,fnp11,fn26,tn89

k2-hp attack
pct,recall,precision,f1score,fpr,accuracy
33,0.773,0.868,0.817,0.118,0.838
	tp81,fpp2,fnp8,fn17,tn92
	tp78,fpp3,fnp9,fn19,tn91
	tp75,fpp1,fnp9,fn24,tn91
	tp76,fpp1,fnp11,fn23,tn89
	tp79,fpp4,fnp12,fn17,tn88
	tp81,fpp3,fnp12,fn16,tn88
	tp71,fpp1,fnp7,fn28,tn93
	tp79,fpp4,fnp6,fn17,tn94
	tp80,fpp1,fnp12,fn19,tn88
	tp73,fpp1,fnp11,fn26,tn89

k2-wf attack
pct,recall,precision,f1score,fpr,accuracy
33,0.773,0.868,0.817,0.118,0.838
	tp81,fpp2,fnp8,fn17,tn92
	tp78,fpp3,fnp9,fn19,tn91
	tp75,fpp1,fnp9,fn24,tn91
	tp76,fpp1,fnp11,fn23,tn89
	tp79,fpp4,fnp12,fn17,tn88
	tp81,fpp3,fnp12,fn16,tn88
	tp71,fpp1,fnp7,fn28,tn93
	tp79,fpp4,fnp6,fn17,tn94
	tp80,fpp1,fnp12,fn19,tn88
	tp73,fpp1,fnp11,fn26,tn89

