2016-07-30 17:20:22.211609255 +0200 CEST: wfdns for 10x100+1000 with a1000 w60 r2500 s1.00

k2-ctw attack
pct,recall,precision,f1score,fpr,accuracy
33,0.259,1.000,0.410,0.000,0.630
	tp26,fpp0,fnp0,fn74,tn100
	tp22,fpp0,fnp0,fn78,tn100
	tp30,fpp0,fnp0,fn70,tn100
	tp29,fpp0,fnp0,fn71,tn100
	tp26,fpp0,fnp0,fn74,tn100
	tp20,fpp0,fnp0,fn80,tn100
	tp18,fpp0,fnp0,fn82,tn100
	tp28,fpp0,fnp0,fn72,tn100
	tp29,fpp0,fnp0,fn71,tn100
	tp31,fpp0,fnp0,fn69,tn100

k2-hp attack
pct,recall,precision,f1score,fpr,accuracy
33,0.248,1.000,0.396,0.000,0.624
	tp26,fpp0,fnp0,fn74,tn100
	tp21,fpp0,fnp0,fn79,tn100
	tp29,fpp0,fnp0,fn71,tn100
	tp28,fpp0,fnp0,fn72,tn100
	tp24,fpp0,fnp0,fn76,tn100
	tp20,fpp0,fnp0,fn80,tn100
	tp18,fpp0,fnp0,fn82,tn100
	tp25,fpp0,fnp0,fn75,tn100
	tp27,fpp0,fnp0,fn73,tn100
	tp30,fpp0,fnp0,fn70,tn100

k2-wf attack
pct,recall,precision,f1score,fpr,accuracy
33,0.776,0.867,0.818,0.121,0.837
	tp80,fpp1,fnp8,fn19,tn92
	tp80,fpp2,fnp10,fn18,tn90
	tp76,fpp1,fnp7,fn23,tn93
	tp75,fpp0,fnp12,fn25,tn88
	tp80,fpp4,fnp15,fn16,tn85
	tp81,fpp2,fnp11,fn17,tn89
	tp72,fpp2,fnp6,fn26,tn94
	tp76,fpp4,fnp6,fn20,tn94
	tp80,fpp3,fnp14,fn17,tn86
	tp76,fpp1,fnp12,fn23,tn88

