2016-07-30 17:14:18.674009909 +0200 CEST: wfdns for 10x100+1000 with a1 w60 r2500 s1.00

k2-ctw attack
pct,recall,precision,f1score,fpr,accuracy
33,0.263,1.000,0.414,0.000,0.631
	tp26,fpp0,fnp0,fn74,tn100
	tp16,fpp0,fnp0,fn84,tn100
	tp32,fpp0,fnp0,fn68,tn100
	tp26,fpp0,fnp0,fn74,tn100
	tp31,fpp0,fnp0,fn69,tn100
	tp25,fpp0,fnp0,fn75,tn100
	tp22,fpp0,fnp0,fn78,tn100
	tp29,fpp0,fnp0,fn71,tn100
	tp27,fpp0,fnp0,fn73,tn100
	tp29,fpp0,fnp0,fn71,tn100

k2-hp attack
pct,recall,precision,f1score,fpr,accuracy
33,0.255,1.000,0.404,0.000,0.628
	tp25,fpp0,fnp0,fn75,tn100
	tp15,fpp0,fnp0,fn85,tn100
	tp32,fpp0,fnp0,fn68,tn100
	tp25,fpp0,fnp0,fn75,tn100
	tp29,fpp0,fnp0,fn71,tn100
	tp25,fpp0,fnp0,fn75,tn100
	tp22,fpp0,fnp0,fn78,tn100
	tp27,fpp0,fnp0,fn73,tn100
	tp26,fpp0,fnp0,fn74,tn100
	tp29,fpp0,fnp0,fn71,tn100

k2-wf attack
pct,recall,precision,f1score,fpr,accuracy
33,0.776,0.866,0.818,0.120,0.839
	tp82,fpp2,fnp9,fn16,tn91
	tp78,fpp4,fnp10,fn18,tn90
	tp76,fpp2,fnp11,fn22,tn89
	tp75,fpp0,fnp11,fn25,tn89
	tp79,fpp4,fnp11,fn17,tn89
	tp81,fpp3,fnp8,fn16,tn92
	tp70,fpp2,fnp9,fn28,tn91
	tp77,fpp3,fnp5,fn20,tn95
	tp81,fpp2,fnp12,fn17,tn88
	tp77,fpp1,fnp11,fn22,tn89

