2016-07-30 17:19:00.007083782 +0200 CEST: wfdns for 10x100+1000 with a1000 w60 r2500 s1.00

k2-ctw attack
pct,recall,precision,f1score,fpr,accuracy
33,0.502,0.870,0.633,0.077,0.728
	tp46,fpp4,fnp4,fn50,tn96
	tp53,fpp1,fnp7,fn46,tn93
	tp48,fpp0,fnp5,fn52,tn95
	tp38,fpp3,fnp4,fn59,tn96
	tp46,fpp1,fnp2,fn53,tn98
	tp66,fpp6,fnp7,fn28,tn93
	tp51,fpp3,fnp3,fn46,tn97
	tp51,fpp4,fnp2,fn45,tn98
	tp49,fpp4,fnp5,fn47,tn95
	tp54,fpp4,fnp8,fn42,tn92

k2-hp attack
pct,recall,precision,f1score,fpr,accuracy
33,0.487,0.913,0.632,0.048,0.725
	tp46,fpp2,fnp3,fn52,tn97
	tp51,fpp1,fnp6,fn48,tn94
	tp47,fpp0,fnp3,fn53,tn97
	tp38,fpp0,fnp3,fn62,tn97
	tp43,fpp0,fnp2,fn57,tn98
	tp64,fpp2,fnp5,fn34,tn95
	tp50,fpp1,fnp2,fn49,tn98
	tp49,fpp3,fnp2,fn48,tn98
	tp47,fpp1,fnp4,fn52,tn96
	tp52,fpp1,fnp7,fn47,tn93

k2-wf attack
pct,recall,precision,f1score,fpr,accuracy
33,0.770,0.861,0.812,0.126,0.834
	tp80,fpp2,fnp9,fn18,tn91
	tp77,fpp2,fnp8,fn21,tn92
	tp77,fpp2,fnp10,fn21,tn90
	tp74,fpp2,fnp10,fn24,tn90
	tp77,fpp4,fnp16,fn19,tn84
	tp81,fpp3,fnp9,fn16,tn91
	tp72,fpp2,fnp9,fn26,tn91
	tp77,fpp3,fnp5,fn20,tn95
	tp82,fpp3,fnp15,fn15,tn85
	tp73,fpp1,fnp11,fn26,tn89

