2016-07-30 17:26:21.000758466 +0200 CEST: wfdns for 10x100+1000 with a10000000 w60 r2500 s1.00

k2-ctw attack
pct,recall,precision,f1score,fpr,accuracy
33,0.285,1.000,0.442,0.000,0.643
	tp28,fpp0,fnp0,fn72,tn100
	tp26,fpp0,fnp0,fn74,tn100
	tp20,fpp0,fnp0,fn80,tn100
	tp29,fpp0,fnp0,fn71,tn100
	tp25,fpp0,fnp0,fn75,tn100
	tp37,fpp0,fnp0,fn63,tn100
	tp30,fpp0,fnp0,fn70,tn100
	tp30,fpp0,fnp0,fn70,tn100
	tp32,fpp0,fnp0,fn68,tn100
	tp28,fpp0,fnp0,fn72,tn100

k2-hp attack
pct,recall,precision,f1score,fpr,accuracy
33,0.276,1.000,0.431,0.000,0.638
	tp26,fpp0,fnp0,fn74,tn100
	tp25,fpp0,fnp0,fn75,tn100
	tp19,fpp0,fnp0,fn81,tn100
	tp28,fpp0,fnp0,fn72,tn100
	tp25,fpp0,fnp0,fn75,tn100
	tp36,fpp0,fnp0,fn64,tn100
	tp29,fpp0,fnp0,fn71,tn100
	tp30,fpp0,fnp0,fn70,tn100
	tp32,fpp0,fnp0,fn68,tn100
	tp26,fpp0,fnp0,fn74,tn100

k2-wf attack
pct,recall,precision,f1score,fpr,accuracy
33,0.765,0.868,0.813,0.117,0.835
	tp81,fpp1,fnp10,fn18,tn90
	tp78,fpp3,fnp9,fn19,tn91
	tp76,fpp2,fnp7,fn22,tn93
	tp74,fpp0,fnp11,fn26,tn89
	tp76,fpp4,fnp11,fn20,tn89
	tp80,fpp2,fnp9,fn18,tn91
	tp72,fpp2,fnp9,fn26,tn91
	tp76,fpp3,fnp4,fn21,tn96
	tp79,fpp3,fnp13,fn18,tn87
	tp73,fpp2,fnp12,fn25,tn88

