2016-07-30 06:08:28.588052788 +0200 CEST: wfdns for 1000x100+100000 with a10000 w900 r2500 s1.00

k2-ctw attack
pct,recall,precision,f1score,fpr,accuracy
33,0.356,0.806,0.493,0.086,0.658
	tp3603,fpp395,fnp387,fn6002,tn9613
	tp3520,fpp498,fnp438,fn5982,tn9562
	tp3676,fpp479,fnp400,fn5845,tn9600
	tp3535,fpp522,fnp438,fn5943,tn9562
	tp3417,fpp402,fnp395,fn6181,tn9605
	tp3475,fpp451,fnp384,fn6074,tn9616
	tp3682,fpp468,fnp420,fn5850,tn9580
	tp3509,fpp426,fnp330,fn6065,tn9670
	tp3619,fpp450,fnp376,fn5931,tn9624
	tp3521,fpp502,fnp413,fn5977,tn9587

k2-hp attack
pct,recall,precision,f1score,fpr,accuracy
33,0.341,0.897,0.494,0.039,0.656
	tp3436,fpp105,fnp293,fn6459,tn9707
	tp3372,fpp97,fnp285,fn6531,tn9715
	tp3512,fpp104,fnp256,fn6384,tn9744
	tp3403,fpp131,fnp293,fn6466,tn9707
	tp3266,fpp104,fnp295,fn6630,tn9705
	tp3324,fpp120,fnp282,fn6556,tn9718
	tp3564,fpp112,fnp278,fn6324,tn9722
	tp3350,fpp112,fnp250,fn6538,tn9750
	tp3455,fpp111,fnp287,fn6434,tn9713
	tp3379,fpp123,fnp276,fn6498,tn9724

k2-wf attack
pct,recall,precision,f1score,fpr,accuracy
33,0.546,0.860,0.668,0.089,0.741
	tp5504,fpp257,fnp623,fn4239,tn9377
	tp5467,fpp243,fnp618,fn4290,tn9382
	tp5521,fpp251,fnp639,fn4228,tn9361
	tp5388,fpp316,fnp718,fn4296,tn9282
	tp5380,fpp258,fnp665,fn4362,tn9335
	tp5399,fpp262,fnp672,fn4339,tn9328
	tp5525,fpp249,fnp582,fn4226,tn9418
	tp5500,fpp238,fnp574,fn4262,tn9426
	tp5437,fpp252,fnp630,fn4311,tn9370
	tp5467,fpp248,fnp615,fn4285,tn9385

