2016-08-14 22:46:33.316462793 +0000 UTC: wfdns for 1000x100+100000 with a10000 w180 r2500 s1.00

k1-ctw attack
pct,recall,precision,f1score,fpr,accuracy
33,0.293,0.558,0.384,0.233,0.599
	tp2911,fpp1380,fnp966,fn5709,tn9034
	tp3026,fpp1482,fnp1052,fn5492,tn8948
	tp2922,fpp1291,fnp816,fn5787,tn9184
	tp2857,fpp1485,fnp1115,fn5658,tn8885
	tp2977,fpp1366,fnp893,fn5657,tn9107
	tp2927,fpp1567,fnp1187,fn5506,tn8813
	tp2924,fpp1402,fnp1025,fn5674,tn8975
	tp2854,fpp1198,fnp715,fn5948,tn9285
	tp2968,fpp1365,fnp902,fn5667,tn9098
	tp2978,fpp1259,fnp854,fn5763,tn9146

k1-hp attack
pct,recall,precision,f1score,fpr,accuracy
33,0.273,0.747,0.399,0.093,0.607
	tp2706,fpp346,fnp592,fn6948,tn9408
	tp2815,fpp343,fnp705,fn6842,tn9295
	tp2720,fpp292,fnp496,fn6988,tn9504
	tp2671,fpp478,fnp740,fn6851,tn9260
	tp2756,fpp372,fnp561,fn6872,tn9439
	tp2705,fpp337,fnp648,fn6958,tn9352
	tp2728,fpp374,fnp578,fn6898,tn9422
	tp2664,fpp305,fnp426,fn7031,tn9574
	tp2752,fpp334,fnp531,fn6914,tn9469
	tp2763,fpp318,fnp526,fn6919,tn9474

k1-hp+ctw attack
pct,recall,precision,f1score,fpr,accuracy
33,0.293,0.558,0.384,0.233,0.599
	tp2911,fpp1380,fnp966,fn5709,tn9034
	tp3026,fpp1482,fnp1052,fn5492,tn8948
	tp2922,fpp1291,fnp816,fn5787,tn9184
	tp2857,fpp1485,fnp1115,fn5658,tn8885
	tp2977,fpp1366,fnp893,fn5657,tn9107
	tp2927,fpp1567,fnp1187,fn5506,tn8813
	tp2924,fpp1402,fnp1025,fn5674,tn8975
	tp2854,fpp1198,fnp715,fn5948,tn9285
	tp2968,fpp1365,fnp902,fn5667,tn9098
	tp2978,fpp1259,fnp854,fn5763,tn9146

k1-wf attack
pct,recall,precision,f1score,fpr,accuracy
33,0.631,0.536,0.580,0.547,0.649
	tp6334,fpp2097,fnp3313,fn1569,tn6687
	tp6326,fpp2151,fnp3271,fn1523,tn6729
	tp6329,fpp2125,fnp3304,fn1546,tn6696
	tp6309,fpp2139,fnp3380,fn1552,tn6620
	tp6256,fpp2202,fnp3355,fn1542,tn6645
	tp6288,fpp2164,fnp3694,fn1548,tn6306
	tp6320,fpp2125,fnp3319,fn1555,tn6681
	tp6358,fpp2068,fnp3370,fn1574,tn6630
	tp6324,fpp2075,fnp3272,fn1601,tn6728
	tp6287,fpp2115,fnp3113,fn1598,tn6887

k2-ctw attack
pct,recall,precision,f1score,fpr,accuracy
33,0.256,0.822,0.390,0.055,0.619
	tp2526,fpp323,fnp137,fn7151,tn9863
	tp2626,fpp461,fnp223,fn6913,tn9777
	tp2542,fpp393,fnp181,fn7065,tn9819
	tp2468,fpp361,fnp127,fn7171,tn9873
	tp2616,fpp498,fnp158,fn6886,tn9842
	tp2528,fpp356,fnp207,fn7116,tn9793
	tp2583,fpp394,fnp198,fn7023,tn9802
	tp2493,fpp341,fnp128,fn7166,tn9872
	tp2571,fpp354,fnp165,fn7075,tn9835
	tp2612,fpp363,fnp181,fn7025,tn9819

k2-hp attack
pct,recall,precision,f1score,fpr,accuracy
33,0.236,0.942,0.378,0.015,0.613
	tp2323,fpp45,fnp89,fn7632,tn9911
	tp2427,fpp40,fnp104,fn7533,tn9896
	tp2359,fpp38,fnp122,fn7603,tn9878
	tp2299,fpp60,fnp79,fn7641,tn9921
	tp2397,fpp48,fnp96,fn7555,tn9904
	tp2336,fpp30,fnp136,fn7634,tn9864
	tp2398,fpp42,fnp94,fn7560,tn9906
	tp2302,fpp32,fnp78,fn7666,tn9922
	tp2376,fpp49,fnp105,fn7575,tn9895
	tp2411,fpp50,fnp122,fn7539,tn9878

k2-hp+ctw attack
pct,recall,precision,f1score,fpr,accuracy
33,0.256,0.822,0.390,0.055,0.619
	tp2526,fpp323,fnp137,fn7151,tn9863
	tp2626,fpp461,fnp223,fn6913,tn9777
	tp2542,fpp393,fnp181,fn7065,tn9819
	tp2468,fpp361,fnp127,fn7171,tn9873
	tp2616,fpp498,fnp158,fn6886,tn9842
	tp2528,fpp356,fnp207,fn7116,tn9793
	tp2583,fpp394,fnp198,fn7023,tn9802
	tp2493,fpp341,fnp128,fn7166,tn9872
	tp2571,fpp354,fnp165,fn7075,tn9835
	tp2612,fpp363,fnp181,fn7025,tn9819

k2-wf attack
pct,recall,precision,f1score,fpr,accuracy
33,0.547,0.859,0.668,0.090,0.742
	tp5451,fpp256,fnp635,fn4293,tn9365
	tp5476,fpp250,fnp623,fn4274,tn9377
	tp5479,fpp268,fnp642,fn4253,tn9358
	tp5466,fpp336,fnp703,fn4198,tn9297
	tp5427,fpp246,fnp637,fn4327,tn9363
	tp5412,fpp270,fnp713,fn4318,tn9287
	tp5547,fpp265,fnp605,fn4188,tn9395
	tp5506,fpp233,fnp613,fn4261,tn9387
	tp5483,fpp256,fnp617,fn4261,tn9383
	tp5475,fpp238,fnp595,fn4287,tn9405

