2016-07-27 23:33:17.974551746 +0200 CEST: wfdns for 1000x100+100000 with a10000 w60 r2500 s1.00

k2-ctw attack
pct,recall,precision,f1score,fpr,accuracy
33,0.211,0.891,0.341,0.026,0.603
	tp2118,fpp272,fnp59,fn7610,tn9941
	tp2106,fpp154,fnp42,fn7740,tn9958
	tp2159,fpp145,fnp60,fn7696,tn9940
	tp2139,fpp198,fnp50,fn7663,tn9950
	tp2018,fpp231,fnp51,fn7751,tn9949
	tp2068,fpp264,fnp37,fn7668,tn9963
	tp2156,fpp307,fnp107,fn7537,tn9893
	tp2149,fpp148,fnp42,fn7703,tn9958
	tp2086,fpp151,fnp36,fn7763,tn9964
	tp2114,fpp172,fnp83,fn7714,tn9917

k2-hp attack
pct,recall,precision,f1score,fpr,accuracy
33,0.187,0.981,0.314,0.004,0.592
	tp1883,fpp10,fnp32,fn8107,tn9968
	tp1864,fpp13,fnp29,fn8123,tn9971
	tp1885,fpp10,fnp35,fn8105,tn9965
	tp1901,fpp17,fnp31,fn8082,tn9969
	tp1825,fpp17,fnp25,fn8158,tn9975
	tp1811,fpp8,fnp15,fn8181,tn9985
	tp1933,fpp17,fnp24,fn8050,tn9976
	tp1891,fpp4,fnp31,fn8105,tn9969
	tp1844,fpp8,fnp21,fn8148,tn9979
	tp1861,fpp6,fnp13,fn8133,tn9987

k2-wf attack
pct,recall,precision,f1score,fpr,accuracy
33,0.546,0.859,0.667,0.090,0.741
	tp5543,fpp254,fnp624,fn4203,tn9376
	tp5444,fpp254,fnp607,fn4302,tn9393
	tp5494,fpp257,fnp607,fn4249,tn9393
	tp5405,fpp324,fnp733,fn4271,tn9267
	tp5408,fpp243,fnp673,fn4349,tn9327
	tp5381,fpp271,fnp724,fn4348,tn9276
	tp5475,fpp272,fnp596,fn4253,tn9404
	tp5490,fpp222,fnp581,fn4288,tn9419
	tp5415,fpp269,fnp611,fn4316,tn9389
	tp5505,fpp248,fnp601,fn4247,tn9399

