2016-07-31 16:13:29.209882898 +0200 CEST: wfdns for 1000x100+100000 with a10000 w1440 r2500 s1.00

k2-ctw attack
pct,recall,precision,f1score,fpr,accuracy
33,0.409,0.814,0.545,0.093,0.680
	tp4142,fpp492,fnp499,fn5366,tn9501
	tp4016,fpp487,fnp500,fn5497,tn9500
	tp4141,fpp404,fnp477,fn5455,tn9523
	tp4080,fpp467,fnp516,fn5453,tn9484
	tp4016,fpp433,fnp461,fn5551,tn9539
	tp4108,fpp450,fnp533,fn5442,tn9467
	tp4089,fpp498,fnp466,fn5413,tn9534
	tp4093,fpp467,fnp507,fn5440,tn9493
	tp4161,fpp388,fnp465,fn5451,tn9535
	tp4080,fpp410,fnp415,fn5510,tn9585

k2-hp attack
pct,recall,precision,f1score,fpr,accuracy
33,0.397,0.882,0.548,0.053,0.680
	tp4010,fpp146,fnp359,fn5844,tn9641
	tp3894,fpp153,fnp360,fn5953,tn9640
	tp4015,fpp173,fnp415,fn5812,tn9585
	tp3953,fpp138,fnp388,fn5909,tn9612
	tp3901,fpp161,fnp373,fn5938,tn9627
	tp3995,fpp167,fnp448,fn5838,tn9552
	tp3971,fpp146,fnp334,fn5883,tn9666
	tp3976,fpp153,fnp364,fn5871,tn9636
	tp4063,fpp158,fnp396,fn5779,tn9604
	tp3964,fpp139,fnp341,fn5897,tn9659

k2-wf attack
pct,recall,precision,f1score,fpr,accuracy
33,0.545,0.859,0.667,0.089,0.741
	tp5452,fpp263,fnp620,fn4285,tn9380
	tp5440,fpp238,fnp624,fn4322,tn9376
	tp5446,fpp280,fnp612,fn4274,tn9388
	tp5468,fpp324,fnp706,fn4208,tn9294
	tp5397,fpp257,fnp644,fn4346,tn9356
	tp5346,fpp267,fnp700,fn4387,tn9300
	tp5529,fpp264,fnp577,fn4207,tn9423
	tp5491,fpp250,fnp599,fn4259,tn9401
	tp5417,fpp270,fnp599,fn4313,tn9401
	tp5468,fpp244,fnp588,fn4288,tn9412

