2016-08-14 23:55:57.696734199 +0000 UTC: wfdns for 1000x100+100000 with a10000 w1200 r2500 s1.00

k1-ctw attack
pct,recall,precision,f1score,fpr,accuracy
33,0.502,0.505,0.504,0.492,0.619
	tp5178,fpp2232,fnp2636,fn2590,tn7364
	tp5000,fpp2294,fnp2609,fn2706,tn7391
	tp4982,fpp2279,fnp2604,fn2739,tn7396
	tp5122,fpp2253,fnp2757,fn2625,tn7243
	tp4954,fpp2298,fnp2552,fn2748,tn7448
	tp5031,fpp2365,fnp3001,fn2604,tn6999
	tp4963,fpp2282,fnp2583,fn2755,tn7417
	tp5055,fpp2288,fnp2700,fn2657,tn7300
	tp5050,fpp2246,fnp2615,fn2704,tn7385
	tp4909,fpp2259,fnp2350,fn2832,tn7650

k1-hp attack
pct,recall,precision,f1score,fpr,accuracy
33,0.493,0.569,0.528,0.374,0.632
	tp5082,fpp1531,fnp2375,fn3387,tn7625
	tp4916,fpp1502,fnp2326,fn3582,tn7674
	tp4899,fpp1504,fnp2281,fn3597,tn7719
	tp5035,fpp1452,fnp2370,fn3513,tn7630
	tp4856,fpp1431,fnp2230,fn3713,tn7770
	tp4933,fpp1396,fnp2402,fn3671,tn7598
	tp4880,fpp1419,fnp2155,fn3701,tn7845
	tp4972,fpp1432,fnp2380,fn3596,tn7620
	tp4940,fpp1400,fnp2300,fn3660,tn7700
	tp4831,fpp1472,fnp2080,fn3697,tn7920

k1-hp+ctw attack
pct,recall,precision,f1score,fpr,accuracy
33,0.502,0.505,0.504,0.492,0.619
	tp5178,fpp2232,fnp2636,fn2590,tn7364
	tp5000,fpp2294,fnp2609,fn2706,tn7391
	tp4982,fpp2279,fnp2604,fn2739,tn7396
	tp5122,fpp2253,fnp2757,fn2625,tn7243
	tp4954,fpp2298,fnp2552,fn2748,tn7448
	tp5031,fpp2365,fnp3001,fn2604,tn6999
	tp4963,fpp2282,fnp2583,fn2755,tn7417
	tp5055,fpp2288,fnp2700,fn2657,tn7300
	tp5050,fpp2246,fnp2615,fn2704,tn7385
	tp4909,fpp2259,fnp2350,fn2832,tn7650

k1-wf attack
pct,recall,precision,f1score,fpr,accuracy
33,0.631,0.536,0.579,0.547,0.649
	tp6355,fpp2094,fnp3277,fn1551,tn6723
	tp6317,fpp2169,fnp3267,fn1514,tn6733
	tp6332,fpp2136,fnp3267,fn1532,tn6733
	tp6279,fpp2153,fnp3428,fn1568,tn6572
	tp6284,fpp2181,fnp3290,fn1535,tn6710
	tp6278,fpp2182,fnp3714,fn1540,tn6286
	tp6278,fpp2127,fnp3380,fn1595,tn6620
	tp6354,fpp2071,fnp3332,fn1575,tn6668
	tp6299,fpp2090,fnp3282,fn1611,tn6718
	tp6286,fpp2126,fnp3120,fn1588,tn6880

k2-ctw attack
pct,recall,precision,f1score,fpr,accuracy
33,0.436,0.827,0.571,0.091,0.693
	tp4472,fpp393,fnp487,fn5135,tn9513
	tp4325,fpp395,fnp462,fn5280,tn9538
	tp4323,fpp383,fnp503,fn5294,tn9497
	tp4446,fpp427,fnp565,fn5127,tn9435
	tp4328,fpp472,fnp593,fn5200,tn9407
	tp4313,fpp415,fnp564,fn5272,tn9436
	tp4353,fpp412,fnp461,fn5235,tn9539
	tp4385,fpp394,fnp484,fn5221,tn9516
	tp4377,fpp389,fnp478,fn5234,tn9522
	tp4289,fpp397,fnp432,fn5314,tn9568

k2-hp attack
pct,recall,precision,f1score,fpr,accuracy
33,0.427,0.877,0.574,0.060,0.692
	tp4375,fpp195,fnp422,fn5430,tn9578
	tp4250,fpp169,fnp407,fn5581,tn9593
	tp4245,fpp176,fnp443,fn5579,tn9557
	tp4335,fpp148,fnp439,fn5517,tn9561
	tp4235,fpp162,fnp457,fn5603,tn9543
	tp4218,fpp180,fnp470,fn5602,tn9530
	tp4263,fpp180,fnp398,fn5557,tn9602
	tp4294,fpp151,fnp427,fn5555,tn9573
	tp4284,fpp178,fnp422,fn5538,tn9578
	tp4199,fpp169,fnp371,fn5632,tn9629

k2-hp+ctw attack
pct,recall,precision,f1score,fpr,accuracy
33,0.436,0.827,0.571,0.091,0.693
	tp4472,fpp393,fnp487,fn5135,tn9513
	tp4325,fpp395,fnp462,fn5280,tn9538
	tp4323,fpp383,fnp503,fn5294,tn9497
	tp4446,fpp427,fnp565,fn5127,tn9435
	tp4328,fpp472,fnp593,fn5200,tn9407
	tp4313,fpp415,fnp564,fn5272,tn9436
	tp4353,fpp412,fnp461,fn5235,tn9539
	tp4385,fpp394,fnp484,fn5221,tn9516
	tp4377,fpp389,fnp478,fn5234,tn9522
	tp4289,fpp397,fnp432,fn5314,tn9568

k2-wf attack
pct,recall,precision,f1score,fpr,accuracy
33,0.546,0.861,0.668,0.089,0.742
	tp5463,fpp259,fnp595,fn4278,tn9405
	tp5466,fpp236,fnp597,fn4298,tn9403
	tp5500,fpp257,fnp631,fn4243,tn9369
	tp5402,fpp312,fnp707,fn4286,tn9293
	tp5459,fpp247,fnp660,fn4294,tn9340
	tp5400,fpp255,fnp693,fn4345,tn9307
	tp5487,fpp269,fnp595,fn4244,tn9405
	tp5504,fpp226,fnp600,fn4270,tn9400
	tp5457,fpp267,fnp618,fn4276,tn9382
	tp5463,fpp251,fnp578,fn4286,tn9422

