2016-08-15 04:00:05.1036807 +0000 UTC: wfdns for 1000x100+100000 with a10000 w1500 r2500 s1.00

k1-ctw attack
pct,recall,precision,f1score,fpr,accuracy
33,0.535,0.514,0.524,0.507,0.627
	tp5459,fpp2214,fnp2721,fn2327,tn7279
	tp5344,fpp2255,fnp2713,fn2401,tn7287
	tp5260,fpp2274,fnp2733,fn2466,tn7267
	tp5442,fpp2181,fnp2832,fn2377,tn7168
	tp5340,fpp2342,fnp2849,fn2318,tn7151
	tp5244,fpp2377,fnp3206,fn2379,tn6794
	tp5447,fpp2104,fnp2664,fn2449,tn7336
	tp5417,fpp2224,fnp2890,fn2359,tn7110
	tp5225,fpp2279,fnp2884,fn2496,tn7116
	tp5325,fpp2241,fnp2695,fn2434,tn7305

k1-hp attack
pct,recall,precision,f1score,fpr,accuracy
33,0.528,0.560,0.543,0.416,0.637
	tp5392,fpp1558,fnp2398,fn3050,tn7602
	tp5270,fpp1637,fnp2460,fn3093,tn7540
	tp5198,fpp1606,fnp2468,fn3196,tn7532
	tp5375,fpp1574,fnp2528,fn3051,tn7472
	tp5262,fpp1760,fnp2548,fn2978,tn7452
	tp5153,fpp1696,fnp2930,fn3151,tn7070
	tp5356,fpp1492,fnp2320,fn3152,tn7680
	tp5351,fpp1700,fnp2700,fn2949,tn7300
	tp5151,fpp1518,fnp2627,fn3331,tn7373
	tp5247,fpp1589,fnp2468,fn3164,tn7532

k1-hp+ctw attack
pct,recall,precision,f1score,fpr,accuracy
33,0.535,0.514,0.524,0.507,0.627
	tp5459,fpp2214,fnp2721,fn2327,tn7279
	tp5344,fpp2255,fnp2713,fn2401,tn7287
	tp5260,fpp2274,fnp2733,fn2466,tn7267
	tp5442,fpp2181,fnp2832,fn2377,tn7168
	tp5340,fpp2342,fnp2849,fn2318,tn7151
	tp5244,fpp2377,fnp3206,fn2379,tn6794
	tp5447,fpp2104,fnp2664,fn2449,tn7336
	tp5417,fpp2224,fnp2890,fn2359,tn7110
	tp5225,fpp2279,fnp2884,fn2496,tn7116
	tp5325,fpp2241,fnp2695,fn2434,tn7305

k1-wf attack
pct,recall,precision,f1score,fpr,accuracy
33,0.631,0.535,0.579,0.548,0.648
	tp6390,fpp2082,fnp3243,fn1528,tn6757
	tp6308,fpp2145,fnp3242,fn1547,tn6758
	tp6324,fpp2146,fnp3318,fn1530,tn6682
	tp6348,fpp2115,fnp3389,fn1537,tn6611
	tp6259,fpp2191,fnp3377,fn1550,tn6623
	tp6258,fpp2209,fnp3771,fn1533,tn6229
	tp6345,fpp2095,fnp3323,fn1560,tn6677
	tp6367,fpp2070,fnp3384,fn1563,tn6616
	tp6276,fpp2092,fnp3346,fn1632,tn6654
	tp6251,fpp2128,fnp3153,fn1621,tn6847

k2-ctw attack
pct,recall,precision,f1score,fpr,accuracy
33,0.464,0.836,0.596,0.091,0.705
	tp4738,fpp419,fnp593,fn4843,tn9407
	tp4605,fpp342,fnp502,fn5053,tn9498
	tp4563,fpp346,fnp518,fn5091,tn9482
	tp4685,fpp407,fnp614,fn4908,tn9386
	tp4632,fpp356,fnp583,fn5012,tn9417
	tp4505,fpp336,fnp561,fn5159,tn9439
	tp4776,fpp387,fnp528,fn4837,tn9472
	tp4716,fpp358,fnp474,fn4926,tn9526
	tp4538,fpp404,fnp538,fn5058,tn9462
	tp4604,fpp354,fnp486,fn5042,tn9514

k2-hp attack
pct,recall,precision,f1score,fpr,accuracy
33,0.457,0.871,0.599,0.068,0.704
	tp4669,fpp199,fnp484,fn5132,tn9516
	tp4524,fpp197,fnp443,fn5279,tn9557
	tp4512,fpp198,fnp457,fn5290,tn9543
	tp4629,fpp262,fnp574,fn5109,tn9426
	tp4555,fpp187,fnp529,fn5258,tn9471
	tp4419,fpp179,fnp498,fn5402,tn9502
	tp4702,fpp204,fnp463,fn5094,tn9537
	tp4643,fpp190,fnp425,fn5167,tn9575
	tp4462,fpp187,fnp489,fn5351,tn9511
	tp4547,fpp175,fnp437,fn5278,tn9563

k2-hp+ctw attack
pct,recall,precision,f1score,fpr,accuracy
33,0.464,0.836,0.596,0.091,0.705
	tp4738,fpp419,fnp593,fn4843,tn9407
	tp4605,fpp342,fnp502,fn5053,tn9498
	tp4563,fpp346,fnp518,fn5091,tn9482
	tp4685,fpp407,fnp614,fn4908,tn9386
	tp4632,fpp356,fnp583,fn5012,tn9417
	tp4505,fpp336,fnp561,fn5159,tn9439
	tp4776,fpp387,fnp528,fn4837,tn9472
	tp4716,fpp358,fnp474,fn4926,tn9526
	tp4538,fpp404,fnp538,fn5058,tn9462
	tp4604,fpp354,fnp486,fn5042,tn9514

k2-wf attack
pct,recall,precision,f1score,fpr,accuracy
33,0.546,0.859,0.668,0.090,0.741
	tp5528,fpp259,fnp631,fn4213,tn9369
	tp5401,fpp246,fnp601,fn4353,tn9399
	tp5489,fpp265,fnp638,fn4246,tn9362
	tp5463,fpp325,fnp717,fn4212,tn9283
	tp5445,fpp242,fnp660,fn4313,tn9340
	tp5366,fpp257,fnp690,fn4377,tn9310
	tp5558,fpp272,fnp604,fn4170,tn9396
	tp5520,fpp232,fnp599,fn4248,tn9401
	tp5437,fpp260,fnp637,fn4303,tn9363
	tp5430,fpp243,fnp581,fn4327,tn9419

