2016-07-29 18:58:02.273768384 +0200 CEST: wfdns for 1000x100+100000 with a10000 w720 r2500 s1.00

k2-ctw attack
pct,recall,precision,f1score,fpr,accuracy
33,0.330,0.807,0.468,0.079,0.648
	tp3325,fpp409,fnp297,fn6266,tn9703
	tp3240,fpp491,fnp346,fn6269,tn9654
	tp3284,fpp417,fnp315,fn6299,tn9685
	tp3333,fpp428,fnp331,fn6239,tn9669
	tp3182,fpp446,fnp318,fn6372,tn9682
	tp3310,fpp502,fnp387,fn6188,tn9613
	tp3338,fpp443,fnp363,fn6219,tn9637
	tp3286,fpp453,fnp300,fn6261,tn9700
	tp3356,fpp436,fnp332,fn6208,tn9668
	tp3354,fpp513,fnp381,fn6133,tn9619

k2-hp attack
pct,recall,precision,f1score,fpr,accuracy
33,0.315,0.905,0.467,0.033,0.646
	tp3179,fpp86,fnp210,fn6735,tn9790
	tp3078,fpp101,fnp212,fn6821,tn9788
	tp3140,fpp103,fnp237,fn6757,tn9763
	tp3179,fpp106,fnp256,fn6715,tn9744
	tp3020,fpp93,fnp228,fn6887,tn9772
	tp3128,fpp96,fnp257,fn6776,tn9743
	tp3188,fpp96,fnp245,fn6716,tn9755
	tp3124,fpp78,fnp221,fn6798,tn9779
	tp3218,fpp101,fnp245,fn6681,tn9755
	tp3224,fpp89,fnp230,fn6687,tn9770

k2-wf attack
pct,recall,precision,f1score,fpr,accuracy
33,0.547,0.861,0.669,0.088,0.742
	tp5502,fpp268,fnp601,fn4230,tn9399
	tp5475,fpp234,fnp604,fn4291,tn9396
	tp5493,fpp260,fnp601,fn4247,tn9399
	tp5449,fpp313,fnp737,fn4238,tn9263
	tp5437,fpp243,fnp617,fn4320,tn9383
	tp5388,fpp264,fnp721,fn4348,tn9279
	tp5539,fpp266,fnp597,fn4195,tn9403
	tp5427,fpp232,fnp573,fn4341,tn9427
	tp5469,fpp256,fnp626,fn4275,tn9374
	tp5490,fpp240,fnp580,fn4270,tn9420

