2016-07-29 02:14:42.791469652 +0200 CEST: wfdns for 1000x100+100000 with a100000 w360 r2500 s1.00

k2-ctw attack
pct,recall,precision,f1score,fpr,accuracy
33,0.207,0.931,0.339,0.015,0.602
	tp2059,fpp48,fnp29,fn7893,tn9971
	tp2104,fpp85,fnp83,fn7811,tn9917
	tp2117,fpp94,fnp23,fn7789,tn9977
	tp2063,fpp164,fnp32,fn7773,tn9968
	tp2062,fpp167,fnp74,fn7771,tn9926
	tp2077,fpp160,fnp27,fn7763,tn9973
	tp2070,fpp16,fnp18,fn7914,tn9982
	tp2045,fpp160,fnp9,fn7795,tn9991
	tp2092,fpp88,fnp93,fn7820,tn9907
	tp2051,fpp155,fnp24,fn7794,tn9976

k2-hp attack
pct,recall,precision,f1score,fpr,accuracy
33,0.183,0.992,0.308,0.002,0.591
	tp1800,fpp1,fnp15,fn8199,tn9985
	tp1856,fpp2,fnp14,fn8142,tn9986
	tp1874,fpp6,fnp11,fn8120,tn9989
	tp1818,fpp3,fnp20,fn8179,tn9980
	tp1800,fpp0,fnp8,fn8200,tn9992
	tp1824,fpp4,fnp12,fn8172,tn9988
	tp1828,fpp2,fnp9,fn8170,tn9991
	tp1821,fpp8,fnp6,fn8171,tn9994
	tp1802,fpp2,fnp15,fn8196,tn9985
	tp1829,fpp7,fnp9,fn8164,tn9991

k2-wf attack
pct,recall,precision,f1score,fpr,accuracy
33,0.546,0.859,0.668,0.090,0.741
	tp5495,fpp262,fnp628,fn4243,tn9372
	tp5467,fpp244,fnp639,fn4289,tn9361
	tp5519,fpp266,fnp649,fn4215,tn9351
	tp5385,fpp313,fnp694,fn4302,tn9306
	tp5387,fpp241,fnp654,fn4372,tn9346
	tp5418,fpp271,fnp689,fn4311,tn9311
	tp5544,fpp255,fnp585,fn4201,tn9415
	tp5461,fpp227,fnp613,fn4312,tn9387
	tp5461,fpp255,fnp613,fn4284,tn9387
	tp5512,fpp243,fnp630,fn4245,tn9370

