2016-07-30 22:44:44.380060822 +0200 CEST: wfdns for 1000x100+100000 with a100000 w1080 r2500 s1.00

k2-ctw attack
pct,recall,precision,f1score,fpr,accuracy
33,0.217,0.871,0.348,0.032,0.604
	tp2199,fpp231,fnp114,fn7570,tn9886
	tp2149,fpp183,fnp61,fn7668,tn9939
	tp2223,fpp237,fnp136,fn7540,tn9864
	tp2174,fpp185,fnp80,fn7641,tn9920
	tp2153,fpp266,fnp46,fn7581,tn9954
	tp2178,fpp250,fnp85,fn7572,tn9915
	tp2148,fpp247,fnp59,fn7605,tn9941
	tp2186,fpp252,fnp55,fn7562,tn9945
	tp2183,fpp219,fnp68,fn7598,tn9932
	tp2115,fpp332,fnp118,fn7553,tn9882

k2-hp attack
pct,recall,precision,f1score,fpr,accuracy
33,0.194,0.975,0.324,0.005,0.595
	tp1951,fpp12,fnp33,fn8037,tn9967
	tp1899,fpp9,fnp39,fn8092,tn9961
	tp1967,fpp14,fnp48,fn8019,tn9952
	tp1933,fpp17,fnp45,fn8050,tn9955
	tp1918,fpp11,fnp21,fn8071,tn9979
	tp1944,fpp12,fnp52,fn8044,tn9948
	tp1941,fpp17,fnp26,fn8042,tn9974
	tp1980,fpp7,fnp34,fn8013,tn9966
	tp1964,fpp23,fnp40,fn8013,tn9960
	tp1919,fpp15,fnp30,fn8066,tn9970

k2-wf attack
pct,recall,precision,f1score,fpr,accuracy
33,0.547,0.860,0.668,0.089,0.742
	tp5469,fpp269,fnp603,fn4262,tn9397
	tp5444,fpp234,fnp602,fn4322,tn9398
	tp5495,fpp258,fnp628,fn4247,tn9372
	tp5463,fpp303,fnp706,fn4234,tn9294
	tp5463,fpp250,fnp664,fn4287,tn9336
	tp5393,fpp264,fnp712,fn4343,tn9288
	tp5540,fpp276,fnp605,fn4184,tn9395
	tp5482,fpp234,fnp611,fn4284,tn9389
	tp5443,fpp252,fnp597,fn4305,tn9403
	tp5483,fpp242,fnp605,fn4275,tn9395

