2016-08-01 20:42:43.601394641 +0200 CEST: wfdns for 1000x100+100000 with a100000 w1800 r2500 s1.00

k2-ctw attack
pct,recall,precision,f1score,fpr,accuracy
33,0.227,0.850,0.358,0.040,0.609
	tp2262,fpp195,fnp69,fn7543,tn9931
	tp2167,fpp335,fnp121,fn7498,tn9879
	tp2213,fpp324,fnp75,fn7463,tn9925
	tp2238,fpp277,fnp73,fn7485,tn9927
	tp2329,fpp286,fnp105,fn7385,tn9895
	tp2260,fpp401,fnp160,fn7339,tn9840
	tp2306,fpp303,fnp94,fn7391,tn9906
	tp2304,fpp276,fnp104,fn7420,tn9896
	tp2332,fpp310,fnp107,fn7358,tn9893
	tp2301,fpp310,fnp93,fn7389,tn9907

k2-hp attack
pct,recall,precision,f1score,fpr,accuracy
33,0.205,0.967,0.339,0.007,0.600
	tp2023,fpp19,fnp33,fn7958,tn9967
	tp1957,fpp21,fnp33,fn8022,tn9967
	tp2001,fpp16,fnp44,fn7983,tn9956
	tp1999,fpp13,fnp49,fn7988,tn9951
	tp2128,fpp22,fnp73,fn7850,tn9927
	tp2010,fpp17,fnp44,fn7973,tn9956
	tp2098,fpp22,fnp50,fn7880,tn9950
	tp2086,fpp31,fnp64,fn7883,tn9936
	tp2139,fpp27,fnp62,fn7834,tn9938
	tp2083,fpp25,fnp48,fn7892,tn9952

k2-wf attack
pct,recall,precision,f1score,fpr,accuracy
33,0.546,0.860,0.668,0.089,0.741
	tp5478,fpp259,fnp618,fn4263,tn9382
	tp5462,fpp224,fnp620,fn4314,tn9380
	tp5477,fpp243,fnp612,fn4280,tn9388
	tp5459,fpp323,fnp688,fn4218,tn9312
	tp5418,fpp250,fnp682,fn4332,tn9318
	tp5347,fpp270,fnp687,fn4383,tn9313
	tp5555,fpp262,fnp594,fn4183,tn9406
	tp5458,fpp229,fnp592,fn4313,tn9408
	tp5449,fpp255,fnp622,fn4296,tn9378
	tp5475,fpp255,fnp598,fn4270,tn9402

