2016-08-01 15:20:39.881123665 +0200 CEST: wfdns for 1000x100+100000 with a10000 w1800 r2500 s1.00

k2-ctw attack
pct,recall,precision,f1score,fpr,accuracy
33,0.443,0.827,0.576,0.093,0.695
	tp4427,fpp361,fnp495,fn5212,tn9505
	tp4410,fpp404,fnp503,fn5186,tn9497
	tp4659,fpp453,fnp563,fn4888,tn9437
	tp4329,fpp430,fnp567,fn5241,tn9433
	tp4438,fpp404,fnp515,fn5158,tn9485
	tp4365,fpp391,fnp531,fn5244,tn9469
	tp4449,fpp403,fnp491,fn5148,tn9509
	tp4360,fpp431,fnp503,fn5209,tn9497
	tp4370,fpp399,fnp460,fn5231,tn9540
	tp4445,fpp414,fnp554,fn5141,tn9446

k2-hp attack
pct,recall,precision,f1score,fpr,accuracy
33,0.433,0.875,0.579,0.062,0.695
	tp4335,fpp185,fnp419,fn5480,tn9581
	tp4312,fpp162,fnp437,fn5526,tn9563
	tp4558,fpp193,fnp447,fn5249,tn9553
	tp4223,fpp241,fnp513,fn5536,tn9487
	tp4328,fpp162,fnp431,fn5510,tn9569
	tp4278,fpp184,fnp462,fn5538,tn9538
	tp4357,fpp206,fnp427,fn5437,tn9573
	tp4267,fpp159,fnp382,fn5574,tn9618
	tp4267,fpp171,fnp389,fn5562,tn9611
	tp4373,fpp174,fnp441,fn5453,tn9559

k2-wf attack
pct,recall,precision,f1score,fpr,accuracy
33,0.545,0.859,0.667,0.089,0.741
	tp5517,fpp260,fnp623,fn4223,tn9377
	tp5436,fpp239,fnp623,fn4325,tn9377
	tp5532,fpp265,fnp625,fn4203,tn9375
	tp5412,fpp327,fnp717,fn4261,tn9283
	tp5413,fpp246,fnp642,fn4341,tn9358
	tp5356,fpp263,fnp683,fn4381,tn9317
	tp5535,fpp269,fnp618,fn4196,tn9382
	tp5405,fpp221,fnp568,fn4374,tn9432
	tp5463,fpp267,fnp616,fn4270,tn9384
	tp5413,fpp242,fnp604,fn4345,tn9396

