2016-08-15 02:29:54.345559598 +0000 UTC: wfdns for 1000x100+100000 with a100000 w1200 r2500 s1.00

k1-ctw attack
pct,recall,precision,f1score,fpr,accuracy
33,0.262,0.646,0.372,0.145,0.605
	tp2638,fpp898,fnp459,fn6464,tn9541
	tp2602,fpp809,fnp445,fn6589,tn9555
	tp2594,fpp918,fnp486,fn6488,tn9514
	tp2653,fpp1185,fnp864,fn6162,tn9136
	tp2529,fpp961,fnp407,fn6510,tn9593
	tp2666,fpp1012,fnp588,fn6322,tn9412
	tp2549,fpp967,fnp599,fn6484,tn9401
	tp2644,fpp757,fnp421,fn6599,tn9579
	tp2654,fpp781,fnp444,fn6565,tn9556
	tp2665,fpp1000,fnp512,fn6335,tn9488

k1-hp attack
pct,recall,precision,f1score,fpr,accuracy
33,0.240,0.840,0.373,0.046,0.606
	tp2427,fpp133,fnp251,fn7440,tn9749
	tp2363,fpp152,fnp256,fn7485,tn9744
	tp2378,fpp163,fnp259,fn7459,tn9741
	tp2442,fpp249,fnp547,fn7309,tn9453
	tp2313,fpp210,fnp194,fn7477,tn9806
	tp2450,fpp183,fnp295,fn7367,tn9705
	tp2336,fpp169,fnp287,fn7495,tn9713
	tp2427,fpp168,fnp235,fn7405,tn9765
	tp2406,fpp134,fnp235,fn7460,tn9765
	tp2454,fpp218,fnp281,fn7328,tn9719

k1-hp+ctw attack
pct,recall,precision,f1score,fpr,accuracy
33,0.262,0.646,0.372,0.145,0.605
	tp2638,fpp898,fnp459,fn6464,tn9541
	tp2602,fpp809,fnp445,fn6589,tn9555
	tp2594,fpp918,fnp486,fn6488,tn9514
	tp2653,fpp1185,fnp864,fn6162,tn9136
	tp2529,fpp961,fnp407,fn6510,tn9593
	tp2666,fpp1012,fnp588,fn6322,tn9412
	tp2549,fpp967,fnp599,fn6484,tn9401
	tp2644,fpp757,fnp421,fn6599,tn9579
	tp2654,fpp781,fnp444,fn6565,tn9556
	tp2665,fpp1000,fnp512,fn6335,tn9488

k1-wf attack
pct,recall,precision,f1score,fpr,accuracy
33,0.630,0.535,0.579,0.547,0.648
	tp6348,fpp2091,fnp3265,fn1561,tn6735
	tp6294,fpp2191,fnp3289,fn1515,tn6711
	tp6359,fpp2118,fnp3256,fn1523,tn6744
	tp6266,fpp2155,fnp3404,fn1579,tn6596
	tp6221,fpp2217,fnp3331,fn1562,tn6669
	tp6271,fpp2193,fnp3680,fn1536,tn6320
	tp6323,fpp2110,fnp3341,fn1567,tn6659
	tp6376,fpp2054,fnp3394,fn1570,tn6606
	tp6296,fpp2105,fnp3297,fn1599,tn6703
	tp6250,fpp2116,fnp3136,fn1634,tn6864

k2-ctw attack
pct,recall,precision,f1score,fpr,accuracy
33,0.230,0.833,0.361,0.046,0.609
	tp2316,fpp312,fnp86,fn7372,tn9914
	tp2278,fpp304,fnp96,fn7418,tn9904
	tp2283,fpp422,fnp149,fn7295,tn9851
	tp2330,fpp404,fnp178,fn7266,tn9822
	tp2215,fpp400,fnp148,fn7385,tn9852
	tp2345,fpp339,fnp119,fn7316,tn9881
	tp2253,fpp303,fnp104,fn7444,tn9896
	tp2359,fpp234,fnp77,fn7407,tn9923
	tp2315,fpp390,fnp168,fn7295,tn9832
	tp2340,fpp302,fnp100,fn7358,tn9900

k2-hp attack
pct,recall,precision,f1score,fpr,accuracy
33,0.208,0.964,0.343,0.008,0.601
	tp2122,fpp11,fnp63,fn7867,tn9937
	tp2055,fpp14,fnp62,fn7931,tn9938
	tp2042,fpp24,fnp49,fn7934,tn9951
	tp2131,fpp25,fnp71,fn7844,tn9929
	tp2001,fpp21,fnp37,fn7978,tn9963
	tp2102,fpp27,fnp72,fn7871,tn9928
	tp2043,fpp17,fnp59,fn7940,tn9941
	tp2121,fpp17,fnp47,fn7862,tn9953
	tp2082,fpp16,fnp61,fn7902,tn9939
	tp2128,fpp22,fnp54,fn7850,tn9946

k2-hp+ctw attack
pct,recall,precision,f1score,fpr,accuracy
33,0.230,0.833,0.361,0.046,0.609
	tp2316,fpp312,fnp86,fn7372,tn9914
	tp2278,fpp304,fnp96,fn7418,tn9904
	tp2283,fpp422,fnp149,fn7295,tn9851
	tp2330,fpp404,fnp178,fn7266,tn9822
	tp2215,fpp400,fnp148,fn7385,tn9852
	tp2345,fpp339,fnp119,fn7316,tn9881
	tp2253,fpp303,fnp104,fn7444,tn9896
	tp2359,fpp234,fnp77,fn7407,tn9923
	tp2315,fpp390,fnp168,fn7295,tn9832
	tp2340,fpp302,fnp100,fn7358,tn9900

k2-wf attack
pct,recall,precision,f1score,fpr,accuracy
33,0.545,0.859,0.667,0.089,0.741
	tp5478,fpp260,fnp634,fn4262,tn9366
	tp5451,fpp238,fnp624,fn4311,tn9376
	tp5487,fpp248,fnp599,fn4265,tn9401
	tp5411,fpp331,fnp716,fn4258,tn9284
	tp5363,fpp247,fnp664,fn4390,tn9336
	tp5408,fpp262,fnp697,fn4330,tn9303
	tp5528,fpp268,fnp609,fn4204,tn9391
	tp5536,fpp234,fnp602,fn4230,tn9398
	tp5456,fpp260,fnp612,fn4284,tn9388
	tp5422,fpp251,fnp579,fn4327,tn9421

